../mnist_nets/mnist_relu_4_1024.txt ../mnist_images/img6.txt
try epsilon of  0.017499999999999998
time 10:05:20.403944
the number of processes used is 12
add affine layer to problem 0 strategy LP
time 10:05:20.421021
add relu layer to problem 1 strategy LP
time 10:05:20.773893
¦========================================================================¦
¦========================================================================¦
add affine layer to problem 2 strategy LP
time 10:06:25.864418
add relu layer to problem 3 strategy LP
time 10:06:26.358736
¦========================================================================¦
¦========================================================================¦
add affine layer to problem 4 strategy LP
time 10:24:26.118585
add relu layer to problem 5 strategy LP
time 10:24:26.616092
¦========================================================================¦
¦====================================================