../mnist_nets/mnist_relu_4_1024.txt ../mnist_images/img49.txt
try epsilon of  0.017499999999999998
time 22:01:59.370901
the number of processes used is 12
add affine layer to problem 0 strategy LP
time 22:01:59.386113
add relu layer to problem 1 strategy LP
time 22:01:59.763285
¦========================================================================¦
¦========================================================================¦
add affine layer to problem 2 strategy LP
time 22:03:51.415313
add relu layer to problem 3 strategy LP
time 22:03:51.945940
¦========================================================================¦
¦========================================================================¦
add affine layer to problem 4 strategy LP
time 22:36:52.298986
add relu layer to problem 5 strategy LP
time 22:36:53.439542
¦========================================================================¦
¦============