../mnist_nets/mnist_relu_4_1024.txt ../mnist_images/img66.txt
try epsilon of  0.017499999999999998
time 17:36:38.162720
the number of processes used is 12
add affine layer to problem 0 strategy LP
time 17:36:38.179639
add relu layer to problem 1 strategy LP
time 17:36:38.542556
¦========================================================================¦
¦========================================================================¦
add affine layer to problem 2 strategy LP
time 17:37:44.999708
add relu layer to problem 3 strategy LP
time 17:37:45.494473
¦========================================================================¦
¦========================================================================¦
add affine layer to problem 4 strategy LP
time 17:54:46.418371
add relu layer to problem 5 strategy LP
time 17:54:46.915234
¦========================================================================¦
¦============