../mnist_nets/mnist_relu_4_1024.txt ../mnist_images/img3.txt
try epsilon of  0.017499999999999998
time 10:13:19.548611
the number of processes used is 8
add affine layer to problem 0 strategy LP
time 10:13:19.566959
add relu layer to problem 1 strategy LP
time 10:13:20.015487
¦========================================================================¦
¦========================================================================¦
add affine layer to problem 2 strategy LP
time 10:14:34.039994
add relu layer to problem 3 strategy LP
time 10:14:34.618023
¦========================================================================¦
¦========================================================================¦
add affine layer to problem 4 strategy LP
time 10:29:44.713683
add relu layer to problem 5 strategy LP
time 10:29:45.281761
¦========================================================================¦
¦========================================================================¦
add affine layer to problem 6 strategy LP
time 18:21:55.549476
time 18:21:55.555711
logit 1 - label logit (0) <= 3.6320011359895954
can not be verified
analysis time:  29334.104956150055  seconds
epsilon is in:
[0.005, 0.017499999999999998]
try epsilon of  0.01125
time 18:22:25.493139
the number of processes used is 8
add affine layer to problem 0 strategy LP
time 18:22:25.495935
add relu layer to problem 1 strategy LP
time 18:22:25.913551
¦========================================================================¦
¦========================================================================¦
add affine layer to problem 2 strategy LP
time 18:23:38.442161
add relu layer to problem 3 strategy LP
time 18:23:39.017826
¦========================================================================¦
¦========================================================================¦
add affine layer to problem 4 strategy LP
time 18:36:05.029997
add relu layer to problem 5 strategy LP
time 18:36:05.617713
¦========================================================================¦
¦========================================================================¦
add affine layer to problem 6 strategy LP
time 21:38:35.171769
time 21:38:35.178156
logit 1 is strictly smaller than the label logit (0)
logit 2 is strictly smaller than the label logit (0)
logit 3 is strictly smaller than the label logit (0)
logit 4 is strictly smaller than the label logit (0)
logit 5 is strictly smaller than the label logit (0)
logit 6 is strictly smaller than the label logit (0)
logit 7 is strictly smaller than the label logit (0)
logit 8 is strictly smaller than the label logit (0)
logit 9 is strictly smaller than the label logit (0)
verified
analysis time:  11783.30837059021  seconds
epsilon is in:
[0.01125, 0.017499999999999998]
try epsilon of  0.014374999999999999
time 21:39:00.128036
the number of processes used is 8
add affine layer to problem 0 strategy LP
time 21:39:00.131044
add relu layer to problem 1 strategy LP
time 21:39:00.552028
¦========================================================================¦
¦========================================================================¦
add affine layer to problem 2 strategy LP
time 21:40:13.155497
add relu layer to problem 3 strategy LP
time 21:40:13.737093
¦========================================================================¦
¦========================================================================¦
add affine layer to problem 4 strategy LP
time 21:53:52.321608
add relu layer to problem 5 strategy LP
time 21:53:52.890759
¦========================================================================¦
¦========================================================================¦
add affine layer to problem 6 strategy LP
time 02:44:30.358875
time 02:44:30.365165
logit 1 is strictly smaller than the label logit (0)
logit 2 is strictly smaller than the label logit (0)
logit 3 is strictly smaller than the label logit (0)
logit 4 is strictly smaller than the label logit (0)
logit 5 is strictly smaller than the label logit (0)
logit 6 is strictly smaller than the label logit (0)
logit 7 is strictly smaller than the label logit (0)
logit 8 is strictly smaller than the label logit (0)
logit 9 is strictly smaller than the label logit (0)
verified
analysis time:  18365.97090792656  seconds
epsilon is in:
[0.014374999999999999, 0.017499999999999998]
try epsilon of  0.0159375
time 02:45:17.368035
the number of processes used is 8
add affine layer to problem 0 strategy LP
time 02:45:17.370748
add relu layer to problem 1 strategy LP
time 02:45:17.788011
¦========================================================================¦
¦========================================================================¦
add affine layer to problem 2 strategy LP
time 02:46:30.494866
add relu layer to problem 3 strategy LP
time 02:46:31.075726
¦========================================================================¦
¦========================================================================¦
add affine layer to problem 4 strategy LP
time 03:00:44.244927
add relu layer to problem 5 strategy LP
time 03:00:44.816748
¦========================================================================¦
¦========================================================================¦
add affine layer to problem 6 strategy LP
time 09:06:36.282781
time 09:06:36.289015
logit 1 is strictly smaller than the label logit (0)
logit 2 is strictly smaller than the label logit (0)
logit 3 - label logit (0) <= 4.090784016971957
can not be verified
analysis time:  22912.912782669067  seconds
epsilon is in:
[0.014374999999999999, 0.0159375]
try epsilon of  0.01515625
time 09:07:21.621429
the number of processes used is 8
add affine layer to problem 0 strategy LP
time 09:07:21.624292
add relu layer to problem 1 strategy LP
time 09:07:22.041458
¦========================================================================¦
¦========================================================================¦
add affine layer to problem 2 strategy LP
time 09:08:33.909745
add relu layer to problem 3 strategy LP
time 09:08:34.511982
¦========================================================================¦
¦========================================================================¦
add affine layer to problem 4 strategy LP
time 09:22:30.104111
add relu layer to problem 5 strategy LP
time 09:22:30.678004
¦========================================================================¦
¦========================================================================¦
add affine layer to problem 6 strategy LP
time 14:37:40.519101
time 14:37:40.525317
logit 1 is strictly smaller than the label logit (0)
logit 2 is strictly smaller than the label logit (0)
logit 3 - label logit (0) <= 1.3664131296183086
can not be verified
analysis time:  19847.55599474907  seconds
epsilon is in:
[0.014374999999999999, 0.01515625]
