Sender: LSF System <lsfadmin@eu-c7-070-01>
Subject: Job 81106776: <python -u meta_noelina_analyzer.py ../mnist_nets/mnist_relu_4_1024.txt ../mnist_images/img88.txt> in cluster <euler> Done

Job <python -u meta_noelina_analyzer.py ../mnist_nets/mnist_relu_4_1024.txt ../mnist_images/img88.txt> was submitted from host <eu-login-16-ng> by user <boewingf> in cluster <euler> at Tue Dec 18 10:13:38 2018
Job was executed on host(s) <12*eu-c7-070-01>, in queue <normal.24h>, as user <boewingf> in cluster <euler> at Tue Dec 18 10:13:59 2018
                            <12*eu-c7-067-09>
                            <12*eu-c7-078-10>
                            <12*eu-c7-077-08>
</cluster/home/boewingf> was used as the home directory.
</cluster/home/boewingf/analyzer> was used as the working directory.
Started at Tue Dec 18 10:13:59 2018
Terminated at Tue Dec 18 16:13:22 2018
Results reported at Tue Dec 18 16:13:22 2018

Your job looked like:

------------------------------------------------------------
# LSBATCH: User input
python -u meta_noelina_analyzer.py ../mnist_nets/mnist_relu_4_1024.txt ../mnist_images/img88.txt
------------------------------------------------------------

Successfully completed.

Resource usage summary:

    CPU time :                                   469380.09 sec.
    Max Memory :                                 32424 MB
    Average Memory :                             12186.50 MB
    Total Requested Memory :                     120000.00 MB
    Delta Memory :                               87576.00 MB
    Max Swap :                                   -
    Max Processes :                              51
    Max Threads :                                729
    Run time :                                   21580 sec.
    Turnaround time :                            21584 sec.

The output (if any) follows:

time 10:14:23.576108
the number of processes used is 48
add affine layer to problem 0 strategy LP
time 10:14:23.601654
add relu layer to problem 1 strategy LP
time 10:14:24.199752
¦========================================================================¦
¦================================================================================================¦
add affine layer to problem 2 strategy LP
time 10:14:38.118679
add relu layer to problem 3 strategy LP
time 10:14:38.967576
¦========================================================================¦
¦================================================================================================¦
add affine layer to problem 4 strategy LP
time 10:17:30.051587
add relu layer to problem 5 strategy LP
time 10:17:30.948599
¦========================================================================¦
¦================================================================================================¦
add affine layer to problem 6 strategy LP
time 11:49:57.567848
time 11:49:57.580937
logit 0 - label logit (6) <= 11.018383752247168
can not be verified
analysis time:  5743.393694639206  seconds
epsilon is in:
[0.005, 0.017499999999999998]
time 11:50:27.875140
the number of processes used is 48
add affine layer to problem 0 strategy LP
time 11:50:27.879250
add relu layer to problem 1 strategy LP
time 11:50:28.464023
¦========================================================================¦
¦================================================================================================¦
add affine layer to problem 2 strategy LP
time 11:50:43.783752
add relu layer to problem 3 strategy LP
time 11:50:44.582968
¦========================================================================¦
¦================================================================================================¦
add affine layer to problem 4 strategy LP
time 11:53:05.048008
add relu layer to problem 5 strategy LP
time 11:53:06.033354
¦========================================================================¦
¦================================================================================================¦
add affine layer to problem 6 strategy LP
time 12:33:21.000989
time 12:33:21.016705
logit 0 is strictly smaller than the label logit (6)
logit 1 is strictly smaller than the label logit (6)
logit 2 is strictly smaller than the label logit (6)
logit 3 is strictly smaller than the label logit (6)
logit 4 is strictly smaller than the label logit (6)
logit 5 is strictly smaller than the label logit (6)
logit 7 is strictly smaller than the label logit (6)
logit 8 is strictly smaller than the label logit (6)
logit 9 is strictly smaller than the label logit (6)
verified
analysis time:  2589.1158361434937  seconds
epsilon is in:
[0.01125, 0.017499999999999998]
time 12:33:58.263296
the number of processes used is 48
add affine layer to problem 0 strategy LP
time 12:33:58.273713
add relu layer to problem 1 strategy LP
time 12:33:58.863469
¦========================================================================¦
¦================================================================================================¦
add affine layer to problem 2 strategy LP
time 12:34:14.510434
add relu layer to problem 3 strategy LP
time 12:34:15.405070
¦========================================================================¦
¦================================================================================================¦
add affine layer to problem 4 strategy LP
time 12:36:50.656801
add relu layer to problem 5 strategy LP
time 12:36:51.631109
¦========================================================================¦
¦================================================================================================¦
add affine layer to problem 6 strategy LP
time 13:35:11.218156
time 13:35:11.232668
logit 0 is strictly smaller than the label logit (6)
logit 1 is strictly smaller than the label logit (6)
logit 2 is strictly smaller than the label logit (6)
logit 3 is strictly smaller than the label logit (6)
logit 4 is strictly smaller than the label logit (6)
logit 5 is strictly smaller than the label logit (6)
logit 7 is strictly smaller than the label logit (6)
logit 8 is strictly smaller than the label logit (6)
logit 9 is strictly smaller than the label logit (6)
verified
analysis time:  3708.546384334564  seconds
epsilon is in:
[0.014374999999999999, 0.017499999999999998]
time 13:36:06.174822
the number of processes used is 48
add affine layer to problem 0 strategy LP
time 13:36:06.178847
add relu layer to problem 1 strategy LP
time 13:36:06.730934
¦========================================================================¦
¦================================================================================================¦
add affine layer to problem 2 strategy LP
time 13:36:21.335834
add relu layer to problem 3 strategy LP
time 13:36:22.138716
¦========================================================================¦
¦================================================================================================¦
add affine layer to problem 4 strategy LP
time 13:39:05.327040
add relu layer to problem 5 strategy LP
time 13:39:06.373660
¦========================================================================¦
¦================================================================================================¦
add affine layer to problem 6 strategy LP
time 14:57:31.450832
time 14:57:31.465201
logit 0 - label logit (6) <= 3.166631174888469
can not be verified
analysis time:  4895.0814435482025  seconds
epsilon is in:
[0.014374999999999999, 0.0159375]
time 14:58:02.664931
the number of processes used is 48
add affine layer to problem 0 strategy LP
time 14:58:02.668803
add relu layer to problem 1 strategy LP
time 14:58:03.260472
¦========================================================================¦
¦================================================================================================¦
add affine layer to problem 2 strategy LP
time 14:58:19.091553
add relu layer to problem 3 strategy LP
time 14:58:20.058764
¦========================================================================¦
¦================================================================================================¦
add affine layer to problem 4 strategy LP
time 15:01:04.190068
add relu layer to problem 5 strategy LP
time 15:01:05.260321
¦========================================================================¦
¦================================================================================================¦
add affine layer to problem 6 strategy LP
time 16:12:57.237732
time 16:12:57.253347
logit 0 is strictly smaller than the label logit (6)
logit 1 is strictly smaller than the label logit (6)
logit 2 is strictly smaller than the label logit (6)
logit 3 is strictly smaller than the label logit (6)
logit 4 - label logit (6) <= 0.5253962026396781
can not be verified
analysis time:  4519.456031084061  seconds
epsilon is in:
[0.014374999999999999, 0.01515625]
Freed default Gurobi environment
