../mnist_nets/mnist_relu_4_1024.txt ../mnist_images/img84.txt
try epsilon of  0.017499999999999998
time 14:35:54.825134
the number of processes used is 12
add affine layer to problem 0 strategy LP
time 14:35:54.841860
add relu layer to problem 1 strategy LP
time 14:35:55.231552
¦========================================================================¦
¦========================================================================¦
add affine layer to problem 2 strategy LP
time 14:37:07.265131
add relu layer to problem 3 strategy LP
time 14:37:07.795643
¦========================================================================¦
¦========================================================================¦
add affine layer to problem 4 strategy LP
time 15:05:43.479293
add relu layer to problem 5 strategy LP
time 15:05:44.016743
¦========================================================================¦
¦==================================