../mnist_nets/mnist_relu_4_1024.txt ../mnist_images/img94.txt
try epsilon of  0.017499999999999998
time 18:44:55.131409
the number of processes used is 12
add affine layer to problem 0 strategy LP
time 18:44:55.148863
add relu layer to problem 1 strategy LP
time 18:44:55.551093
¦========================================================================¦
¦========================================================================¦
add affine layer to problem 2 strategy LP
time 18:46:07.968431
add relu layer to problem 3 strategy LP
time 18:46:08.527565
¦========================================================================¦
¦========================================================================¦
add affine layer to problem 4 strategy LP
time 19:01:23.743715
add relu layer to problem 5 strategy LP
time 19:01:24.253030
¦========================================================================¦
¦========================================================================¦
add affine layer to problem 6 strategy LP
time 03:18:52.510310
time 03:18:52.515303
logit 0 is strictly smaller than the label logit (1)
logit 2 is strictly smaller than the label logit (1)
logit 3 - label logit (1) <= 2.2607458236272517
can not be verified
analysis time:  30897.398698091507  seconds
epsilon is in:
[0.005, 0.017499999999999998]
try epsilon of  0.01125
time 03:20:02.296072
the number of processes used is 12
add affine layer to problem 0 strategy LP
time 03:20:02.298635
add relu layer to problem 1 strategy LP
time 03:20:02.649731
¦========================================================================¦
¦========================================================================¦
add affine layer to problem 2 strategy LP
time 03:21:08.169895
add relu layer to problem 3 strategy LP
time 03:21:08.655959
¦========================================================================¦
¦========================================================================¦
add affine layer to problem 4 strategy LP
time 03:32:55.230500
add relu layer to problem 5 strategy LP
time 03:32:55.870965
¦========================================================================¦
¦========================================================================¦
add affine layer to problem 6 strategy LP
time 07:04:34.129895
time 07:04:34.134962
logit 0 is strictly smaller than the label logit (1)
logit 2 is strictly smaller than the label logit (1)
logit 3 is strictly smaller than the label logit (1)
logit 4 is strictly smaller than the label logit (1)
logit 5 is strictly smaller than the label logit (1)
logit 6 is strictly smaller than the label logit (1)
logit 7 is strictly smaller than the label logit (1)
logit 8 is strictly smaller than the label logit (1)
logit 9 is strictly smaller than the label logit (1)
verified
analysis time:  13489.425657510757  seconds
epsilon is in:
[0.01125, 0.017499999999999998]
try epsilon of  0.014374999999999999
time 07:05:01.567158
the number of processes used is 12
add affine layer to problem 0 strategy LP
time 07:05:01.572647
add relu layer to problem 1 strategy LP
time 07:05:01.923128
¦========================================================================¦
¦========================================================================¦
add affine layer to problem 2 strategy LP
time 07:06:06.804159
add relu layer to problem 3 strategy LP
time 07:06:07.289884
¦========================================================================¦
¦========================================================================¦
add affine layer to problem 4 strategy LP
time 07:18:54.741441
add relu layer to problem 5 strategy LP
time 07:18:55.224767
¦========================================================================¦
¦========================