../mnist_nets/mnist_relu_4_1024.txt ../mnist_images/img23.txt
try epsilon of  0.017499999999999998
time 10:13:20.615369
the number of processes used is 8
add affine layer to problem 0 strategy LP
time 10:13:20.635742
add relu layer to problem 1 strategy LP
time 10:13:21.071027
¦========================================================================¦
¦========================================================================¦
add affine layer to problem 2 strategy LP
time 10:14:36.221424
add relu layer to problem 3 strategy LP
time 10:14:36.814869
¦========================================================================¦
¦========================================================================¦
add affine layer to problem 4 strategy LP
time 10:37:20.448007
add relu layer to problem 5 strategy LP
time 10:37:21.042487
¦========================================================================¦
¦========================================================================¦
add affine layer to problem 6 strategy LP
time 00:01:49.493808
time 00:01:49.499951
logit 0 - label logit (5) <= 1.5380209764124775
can not be verified
analysis time:  49741.420614004135  seconds
epsilon is in:
[0.005, 0.017499999999999998]
try epsilon of  0.01125
time 00:02:34.073002
the number of processes used is 8
add affine layer to problem 0 strategy LP
time 00:02:34.075896
add relu layer to problem 1 strategy LP
time 00:02:34.500257
¦========================================================================¦
¦========================================================================¦
add affine layer to problem 2 strategy LP
time 00:03:46.899281
add relu layer to problem 3 strategy LP
time 00:03:47.482903
¦========================================================================¦
¦========================================================================¦
add affine layer to problem 4 strategy LP
time 00:17:28.925788
add relu layer to problem 5 strategy LP
time 00:17:29.517151
¦========================================================================¦
¦========================================================================¦
add affine layer to problem 6 strategy LP
time 05:13:13.191148
time 05:13:13.197255
logit 0 is strictly smaller than the label logit (5)
logit 1 is strictly smaller than the label logit (5)
logit 2 is strictly smaller than the label logit (5)
logit 3 is strictly smaller than the label logit (5)
logit 4 is strictly smaller than the label logit (5)
logit 6 is strictly smaller than the label logit (5)
logit 7 is strictly smaller than the label logit (5)
logit 8 is strictly smaller than the label logit (5)
logit 9 is strictly smaller than the label logit (5)
verified
analysis time:  18656.255655527115  seconds
epsilon is in:
[0.01125, 0.017499999999999998]
try epsilon of  0.014374999999999999
time 05:13:42.295857
the number of processes used is 8
add affine layer to problem 0 strategy LP
time 05:13:42.302241
add relu layer to problem 1 strategy LP
time 05:13:42.728846
¦========================================================================¦
¦========================================================================¦
add affine layer to problem 2 strategy LP
time 05:14:57.568325
add relu layer to problem 3 strategy LP
time 05:14:58.165908
¦========================================================================¦
¦========================================================================¦
add affine layer to problem 4 strategy LP
time 05:32:08.339213
add relu layer to problem 5 strategy LP
time 05:32:08.929211
¦========================================================================¦
¦========================================================================¦
add affine layer to problem 6 strategy LP
time 13:18:29.760603
time 13:18:29.766730
logit 0 is strictly smaller than the label logit (5)
logit 1 is strictly smaller than the label logit (5)
logit 2 is strictly smaller than the label logit (5)
logit 3 - label logit (5) <= 0.5946309167602273
can not be verified
analysis time:  29122.28908753395  seconds
epsilon is in:
[0.01125, 0.014374999999999999]
try epsilon of  0.0128125
time 13:19:16.483711
the number of processes used is 8
add affine layer to problem 0 strategy LP
time 13:19:16.486532
add relu layer to problem 1 strategy LP
time 13:19:16.908676
¦========================================================================¦
¦========================================================================¦
add affine layer to problem 2 strategy LP
time 13:20:29.918787
add relu layer to problem 3 strategy LP
time 13:20:30.502538
¦========================================================================¦
¦========================================================================¦
add affine layer to problem 4 strategy LP
time 13:35:58.430233
add relu layer to problem 5 strategy LP
time 13:35:59.017880
¦========================================================================¦
¦======================================