../mnist_nets/mnist_relu_4_1024.txt ../mnist_images/img81.txt
try epsilon of  0.017499999999999998
time 10:15:22.074020
the number of processes used is 8
add affine layer to problem 0 strategy LP
time 10:15:22.093203
add relu layer to problem 1 strategy LP
time 10:15:22.533527
¦========================================================================¦
¦========================================================================¦
add affine layer to problem 2 strategy LP
time 10:16:37.229861
add relu layer to problem 3 strategy LP
time 10:16:37.878347
¦========================================================================¦
¦========================================================================¦
add affine layer to problem 4 strategy LP
time 10:39:53.301022
add relu layer to problem 5 strategy LP
time 10:39:53.909946
¦========================================================================¦
¦========================================================================¦
add affine layer to problem 6 strategy LP
time 21:26:38.736677
time 21:26:38.743042
logit 0 - label logit (6) <= 21.843719254241208
can not be verified
analysis time:  40305.09278845787  seconds
epsilon is in:
[0.005, 0.017499999999999998]
try epsilon of  0.01125
time 21:27:18.413132
the number of processes used is 8
add affine layer to problem 0 strategy LP
time 21:27:18.415936
add relu layer to problem 1 strategy LP
time 21:27:18.839697
¦========================================================================¦
¦========================================================================¦
add affine layer to problem 2 strategy LP
time 21:28:31.921117
add relu layer to problem 3 strategy LP
time 21:28:32.510984
¦========================================================================¦
¦========================================================================¦
add affine layer to problem 4 strategy LP
time 21:43:29.717272
add relu layer to problem 5 strategy LP
time 21:43:30.292369
¦========================================================================¦
¦========================================================================¦
add affine layer to problem 6 strategy LP
time 02:40:28.507798
time 02:40:28.514374
logit 0 is strictly smaller than the label logit (6)
logit 1 is strictly smaller than the label logit (6)
logit 2 is strictly smaller than the label logit (6)
logit 3 is strictly smaller than the label logit (6)
logit 4 is strictly smaller than the label logit (6)
logit 5 is strictly smaller than the label logit (6)
logit 7 is strictly smaller than the label logit (6)
logit 8 is strictly smaller than the label logit (6)
logit 9 is strictly smaller than the label logit (6)
verified
analysis time:  18838.287906885147  seconds
epsilon is in:
[0.01125, 0.017499999999999998]
try epsilon of  0.014374999999999999
time 02:41:28.556180
the number of processes used is 8
add affine layer to problem 0 strategy LP
time 02:41:28.559074
add relu layer to problem 1 strategy LP
time 02:41:28.995511
¦========================================================================¦
¦========================================================================¦
add affine layer to problem 2 strategy LP
time 02:42:45.732973
add relu layer to problem 3 strategy LP
time 02:42:46.341607
¦========================================================================¦
¦========================================================================¦
add affine layer to problem 4 strategy LP
time 02:59:52.305099
add relu layer to problem 5 strategy LP
time 02:59:52.877983
¦========================================================================¦
¦========================================================================¦
add affine layer to problem 6 strategy LP
time 10:40:34.864402
time 10:40:34.870993
logit 0 - label logit (6) <= 6.515964337482611
can not be verified
analysis time:  28765.879323244095  seconds
epsilon is in:
[0.01125, 0.014374999999999999]
try epsilon of  0.0128125
time 10:41:06.303358
the number of processes used is 8
add affine layer to problem 0 strategy LP
time 10:41:06.306105
add relu layer to problem 1 strategy LP
time 10:41:06.742947
¦========================================================================¦
¦========================================================================¦
add affine layer to problem 2 strategy LP
time 10:42:22.074424
add relu layer to problem 3 strategy LP
time 10:42:22.692933
¦========================================================================¦
¦========================================================================¦
add affine layer to problem 4 strategy LP
time 10:58:59.564993
add relu layer to problem 5 strategy LP
time 10:59:00.150065
¦========================================================================¦
¦========================================================================