../mnist_nets/mnist_relu_4_1024.txt ../mnist_images/img79.txt
try epsilon of  0.017499999999999998
time 09:57:51.446662
the number of processes used is 12
add affine layer to problem 0 strategy LP
time 09:57:51.484494
add relu layer to problem 1 strategy LP
time 09:57:51.849230
¦========================================================================¦
¦========================================================================¦
add affine layer to problem 2 strategy LP
time 09:58:59.595106
add relu layer to problem 3 strategy LP
time 09:59:00.101655
¦========================================================================¦
¦========================================================================¦
add affine layer to problem 4 strategy LP
time 10:12:02.241958
add relu layer to problem 5 strategy LP
time 10:12:02.723264
¦========================================================================¦
¦========================================================================¦
add affine layer to problem 6 strategy LP
time 14:38:24.238267
time 14:38:24.243293
logit 0 is strictly smaller than the label logit (7)
logit 1 is strictly smaller than the label logit (7)
logit 2 is strictly smaller than the label logit (7)
logit 3 - label logit (7) <= 3.355825448750277
can not be verified
analysis time:  16871.82816195488  seconds
epsilon is in:
[0.005, 0.017499999999999998]
try epsilon of  0.01125
time 14:39:13.528347
the number of processes used is 12
add affine layer to problem 0 strategy LP
time 14:39:13.530999
add relu layer to problem 1 strategy LP
time 14:39:13.885439
¦========================================================================¦
¦========================================================================¦
add affine layer to problem 2 strategy LP
time 14:40:20.516265
add relu layer to problem 3 strategy LP
time 14:40:21.008021
¦========================================================================¦
¦========================================================================¦
add affine layer to problem 4 strategy LP
time 14:51:48.230112
add relu layer to problem 5 strategy LP
time 14:51:48.711233
¦========================================================================¦
¦========================================================================¦
add affine layer to problem 6 strategy LP
time 16:57:32.028249
time 16:57:32.033350
logit 0 is strictly smaller than the label logit (7)
logit 1 is strictly smaller than the label logit (7)
logit 2 is strictly smaller than the label logit (7)
logit 3 is strictly smaller than the label logit (7)
logit 4 is strictly smaller than the label logit (7)
logit 5 is strictly smaller than the label logit (7)
logit 6 is strictly smaller than the label logit (7)
logit 8 is strictly smaller than the label logit (7)
logit 9 is strictly smaller than the label logit (7)
verified
analysis time:  8314.623801469803  seconds
epsilon is in:
[0.01125, 0.017499999999999998]
try epsilon of  0.014374999999999999
time 16:57:57.849898
the number of processes used is 12
add affine layer to problem 0 strategy LP
time 16:57:57.852596
add relu layer to problem 1 strategy LP
time 16:57:58.209056
¦========================================================================¦
¦========================================================================¦
add affine layer to problem 2 strategy LP
time 16:59:04.618382
add relu layer to problem 3 strategy LP
time 16:59:05.109276
¦========================================================================¦
¦========================================================================¦
add affine layer to problem 4 strategy LP
time 17:11:05.127448
add relu layer to problem 5 strategy LP
time 17:11:05.606973
¦========================================================================¦
¦========================================================================¦
add affine layer to problem 6 strategy LP
time 20:38:48.296086
time 20:38:48.301439
logit 0 is strictly smaller than the label logit (7)
logit 1 is strictly smaller than the label logit (7)
logit 2 is strictly smaller than the label logit (7)
logit 3 is strictly smaller than the label logit (7)
logit 4 is strictly smaller than the label logit (7)
logit 5 is strictly smaller than the label logit (7)
logit 6 is strictly smaller than the label logit (7)
logit 8 is strictly smaller than the label logit (7)
logit 9 is strictly smaller than the label logit (7)
verified
analysis time:  13276.69683098793  seconds
epsilon is in:
[0.014374999999999999, 0.017499999999999998]
try epsilon of  0.0159375
time 20:39:24.556187
the number of processes used is 12
add affine layer to problem 0 strategy LP
time 20:39:24.558928
add relu layer to problem 1 strategy LP
time 20:39:24.924687
¦========================================================================¦
¦========================================================================¦
add affine layer to problem 2 strategy LP
time 20:40:34.373331
add relu layer to problem 3 strategy LP
time 20:40:34.881793
¦========================================================================¦
¦========================================================================¦
add affine layer to problem 4 strategy LP
time 20:54:47.823575
add relu layer to problem 5 strategy LP
time 20:54:48.305390
¦========================================================================¦
¦========================================================================¦
add affine layer to problem 6 strategy LP
time 00:51:52.394163
time 00:51:52.401064
logit 0 is strictly smaller than the label logit (7)
logit 1 is strictly smaller than the label logit (7)
logit 2 is strictly smaller than the label logit (7)
logit 3 is strictly smaller than the label logit (7)
logit 4 is strictly smaller than the label logit (7)
logit 5 is strictly smaller than the label logit (7)
logit 6 is strictly smaller than the label logit (7)
logit 8 is strictly smaller than the label logit (7)
logit 9 is strictly smaller than the label logit (7)
verified
analysis time:  15190.116081953049  seconds
epsilon is in:
[0.0159375, 0.017499999999999998]
try epsilon of  0.016718749999999998
time 00:52:44.765121
the number of processes used is 12
add affine layer to problem 0 strategy LP
time 00:52:44.767642
add relu layer to problem 1 strategy LP
time 00:52:45.133883
¦========================================================================¦
¦========================================================================¦
add affine layer to problem 2 strategy LP
time 00:53:54.959961
add relu layer to problem 3 strategy LP
time 00:53:55.465178
¦========================================================================¦
¦========================================================================¦
add affine layer to problem 4 strategy LP
time 01:06:46.075544
add relu layer to problem 5 strategy LP
time 01:06:46.553972
¦========================================================================¦
¦========================================================================¦
add affine layer to problem 6 strategy LP
time 05:30:34.135753
time 05:30:34.140837
logit 0 is strictly smaller than the label logit (7)
logit 1 is strictly smaller than the label logit (7)
logit 2 is strictly smaller than the label logit (7)
logit 3 - label logit (7) <= 0.9573067138011737
can not be verified
analysis time:  16702.240505695343  seconds
epsilon is in:
[0.0159375, 0.016718749999999998]
