../mnist_nets/mnist_relu_4_1024.txt ../mnist_images/img12.txt
try epsilon of  0.017499999999999998
time 10:13:19.453275
the number of processes used is 8
add affine layer to problem 0 strategy LP
time 10:13:19.472563
add relu layer to problem 1 strategy LP
time 10:13:19.908608
¦========================================================================¦
¦========================================================================¦
add affine layer to problem 2 strategy LP
time 10:14:35.084806
add relu layer to problem 3 strategy LP
time 10:14:35.682578
¦========================================================================¦
¦========================================================================¦
add affine layer to problem 4 strategy LP
time 10:34:32.774367
add relu layer to problem 5 strategy LP
time 10:34:33.354379
¦========================================================================¦
¦========================================================================¦
add affine layer to problem 6 strategy LP
time 21:29:32.947324
time 21:29:32.953511
logit 0 - label logit (9) <= 4.254276177569826
can not be verified
analysis time:  40600.30541920662  seconds
epsilon is in:
[0.005, 0.017499999999999998]
try epsilon of  0.01125
time 21:30:12.204985
the number of processes used is 8
add affine layer to problem 0 strategy LP
time 21:30:12.207984
add relu layer to problem 1 strategy LP
time 21:30:12.633746
¦========================================================================¦
¦========================================================================¦
add affine layer to problem 2 strategy LP
time 21:31:25.501903
add relu layer to problem 3 strategy LP
time 21:31:26.089249
¦========================================================================¦
¦========================================================================¦
add affine layer to problem 4 strategy LP
time 21:44:59.964107
add relu layer to problem 5 strategy LP
time 21:45:00.546255
¦========================================================================¦
¦========================================================================¦
add affine layer to problem 6 strategy LP
time 01:38:32.369358
time 01:38:32.375794
logit 0 is strictly smaller than the label logit (9)
logit 1 is strictly smaller than the label logit (9)
logit 2 is strictly smaller than the label logit (9)
logit 3 is strictly smaller than the label logit (9)
logit 4 is strictly smaller than the label logit (9)
logit 5 is strictly smaller than the label logit (9)
logit 6 is strictly smaller than the label logit (9)
logit 7 is strictly smaller than the label logit (9)
logit 8 is strictly smaller than the label logit (9)
verified
analysis time:  14920.68660402298  seconds
epsilon is in:
[0.01125, 0.017499999999999998]
try epsilon of  0.014374999999999999
time 01:39:04.740697
the number of processes used is 8
add affine layer to problem 0 strategy LP
time 01:39:04.747316
add relu layer to problem 1 strategy LP
time 01:39:05.176689
¦========================================================================¦
¦========================================================================¦
add affine layer to problem 2 strategy LP
time 01:40:20.268653
add relu layer to problem 3 strategy LP
time 01:40:20.867526
¦========================================================================¦
¦========================================================================¦
add affine layer to problem 4 strategy LP
time 01:56:47.316427
add relu layer to problem 5 strategy LP
time 01:56:47.905018
¦========================================================================¦
¦========================================================================¦
add affine layer to problem 6 strategy LP
time 08:49:12.555546
time 08:49:12.561808
logit 0 is strictly smaller than the label logit (9)
logit 1 is strictly smaller than the label logit (9)
logit 2 is strictly smaller than the label logit (9)
logit 3 - label logit (9) <= 0.6408482478881279
can not be verified
analysis time:  25847.881054639816  seconds
epsilon is in:
[0.01125, 0.014374999999999999]
try epsilon of  0.0128125
time 08:50:05.036921
the number of processes used is 8
add affine layer to problem 0 strategy LP
time 08:50:05.039878
add relu layer to problem 1 strategy LP
time 08:50:05.464009
¦========================================================================¦
¦========================================================================¦
add affine layer to problem 2 strategy LP
time 08:51:58.599334
add relu layer to problem 3 strategy LP
time 08:51:59.188725
¦========================================================================¦
¦========================================================================¦
add affine layer to problem 4 strategy LP
time 09:05:50.971468
add relu layer to problem 5 strategy LP
time 09:05:51.557788
¦========================================================================¦
¦========================================================================¦
add affine layer to problem 6 strategy LP
time 14:06:05.866936
time 14:06:05.873346
logit 0 is strictly smaller than the label logit (9)
logit 1 is strictly smaller than the label logit (9)
logit 2 is strictly smaller than the label logit (9)
logit 3 is strictly smaller than the label logit (9)
logit 4 is strictly smaller than the label logit (9)
logit 5 is strictly smaller than the label logit (9)
logit 6 is strictly smaller than the label logit (9)
logit 7 - label logit (9) <= 1.0871253205320137
can not be verified
analysis time:  18995.98713183403  seconds
epsilon is in:
[0.01125, 0.0128125]
try epsilon of  0.01203125
time 14:06:53.317493
the number of processes used is 8
add affine layer to problem 0 strategy LP
time 14:06:53.320163
add relu layer to problem 1 strategy LP
time 14:06:53.756651
¦========================================================================¦
¦========================================================================¦
add affine layer to problem 2 strategy LP
time 14:08:11.536864
add relu layer to problem 3 strategy LP
time 14:08:12.134661
¦========================================================================¦
¦========================================================================¦
add affine layer to problem 4 strategy LP
time 14:23:15.575975
add relu layer to problem 5 strategy LP
time 14:23:16.160979
¦========================================================================¦
¦========================================