Sender: LSF System <lsfadmin@eu-c7-067-02>
Subject: Job 80941547: <python -u meta_noelina_analyzer.py ../mnist_nets/mnist_relu_4_1024.txt ../mnist_images/img86.txt> in cluster <euler> Done

Job <python -u meta_noelina_analyzer.py ../mnist_nets/mnist_relu_4_1024.txt ../mnist_images/img86.txt> was submitted from host <eu-login-03-ng> by user <boewingf> in cluster <euler> at Sun Dec 16 11:24:15 2018
Job was executed on host(s) <12*eu-c7-067-02>, in queue <normal.24h>, as user <boewingf> in cluster <euler> at Mon Dec 17 04:51:44 2018
                            <12*eu-c7-067-13>
                            <12*eu-c7-066-11>
                            <12*eu-c7-067-10>
</cluster/home/boewingf> was used as the home directory.
</cluster/home/boewingf/analyzer> was used as the working directory.
Started at Mon Dec 17 04:51:44 2018
Terminated at Mon Dec 17 10:59:35 2018
Results reported at Mon Dec 17 10:59:35 2018

Your job looked like:

------------------------------------------------------------
# LSBATCH: User input
python -u meta_noelina_analyzer.py ../mnist_nets/mnist_relu_4_1024.txt ../mnist_images/img86.txt
------------------------------------------------------------

Successfully completed.

Resource usage summary:

    CPU time :                                   515559.78 sec.
    Max Memory :                                 32844 MB
    Average Memory :                             14304.15 MB
    Total Requested Memory :                     124800.00 MB
    Delta Memory :                               91956.00 MB
    Max Swap :                                   -
    Max Processes :                              51
    Max Threads :                                858
    Run time :                                   22078 sec.
    Turnaround time :                            84920 sec.

The output (if any) follows:

time 04:52:07.728206
the number of processes used is 48
add affine layer to problem 0 strategy LP
time 04:52:07.778809
add relu layer to problem 1 strategy LP
time 04:52:08.524113
¦========================================================================¦
¦================================================================================================¦
add affine layer to problem 2 strategy LP
time 04:52:21.961700
add relu layer to problem 3 strategy LP
time 04:52:22.737518
¦========================================================================¦
¦================================================================================================¦
add affine layer to problem 4 strategy LP
time 04:55:28.381185
add relu layer to problem 5 strategy LP
time 04:55:29.304217
¦========================================================================¦
¦================================================================================================¦
add affine layer to problem 6 strategy LP
time 06:20:30.169437
time 06:20:30.183815
logit 0 is strictly smaller than the label logit (7)
logit 1 - label logit (7) <= 4.015285818403779
can not be verified
analysis time:  5312.7572700977325  seconds
epsilon is in:
[0.005, 0.017499999999999998]
time 06:21:00.382985
the number of processes used is 48
add affine layer to problem 0 strategy LP
time 06:21:00.387180
add relu layer to problem 1 strategy LP
time 06:21:00.942772
¦========================================================================¦
¦================================================================================================¦
add affine layer to problem 2 strategy LP
time 06:21:14.606470
add relu layer to problem 3 strategy LP
time 06:21:15.363214
¦========================================================================¦
¦================================================================================================¦
add affine layer to problem 4 strategy LP
time 06:23:34.568602
add relu layer to problem 5 strategy LP
time 06:23:35.329120
¦========================================================================¦
¦================================================================================================¦
add affine layer to problem 6 strategy LP
time 07:02:57.095722
time 07:02:57.111346
logit 0 is strictly smaller than the label logit (7)
logit 1 is strictly smaller than the label logit (7)
logit 2 is strictly smaller than the label logit (7)
logit 3 is strictly smaller than the label logit (7)
logit 4 is strictly smaller than the label logit (7)
logit 5 is strictly smaller than the label logit (7)
logit 6 is strictly smaller than the label logit (7)
logit 8 is strictly smaller than the label logit (7)
logit 9 is strictly smaller than the label logit (7)
verified
analysis time:  2528.1763622760773  seconds
epsilon is in:
[0.01125, 0.017499999999999998]
time 07:03:28.455970
the number of processes used is 48
add affine layer to problem 0 strategy LP
time 07:03:28.459835
add relu layer to problem 1 strategy LP
time 07:03:29.016717
¦========================================================================¦
¦================================================================================================¦
add affine layer to problem 2 strategy LP
time 07:03:42.625438
add relu layer to problem 3 strategy LP
time 07:03:43.461937
¦========================================================================¦
¦================================================================================================¦
add affine layer to problem 4 strategy LP
time 07:06:25.166656
add relu layer to problem 5 strategy LP
time 07:06:26.038480
¦========================================================================¦
¦================================================================================================¦
add affine layer to problem 6 strategy LP
time 08:09:17.584537
time 08:09:17.600394
logit 0 is strictly smaller than the label logit (7)
logit 1 is strictly smaller than the label logit (7)
logit 2 is strictly smaller than the label logit (7)
logit 3 is strictly smaller than the label logit (7)
logit 4 is strictly smaller than the label logit (7)
logit 5 is strictly smaller than the label logit (7)
logit 6 is strictly smaller than the label logit (7)
logit 8 is strictly smaller than the label logit (7)
logit 9 is strictly smaller than the label logit (7)
verified
analysis time:  3966.809134244919  seconds
epsilon is in:
[0.014374999999999999, 0.017499999999999998]
time 08:09:55.158300
the number of processes used is 48
add affine layer to problem 0 strategy LP
time 08:09:55.162186
add relu layer to problem 1 strategy LP
time 08:09:55.718432
¦========================================================================¦
¦================================================================================================¦
add affine layer to problem 2 strategy LP
time 08:10:09.793071
add relu layer to problem 3 strategy LP
time 08:10:10.617916
¦========================================================================¦
¦================================================================================================¦
add affine layer to problem 4 strategy LP
time 08:13:06.925610
add relu layer to problem 5 strategy LP
time 08:13:07.699568
¦========================================================================¦
¦================================================================================================¦
add affine layer to problem 6 strategy LP
time 09:31:58.912772
time 09:31:58.928322
logit 0 is strictly smaller than the label logit (7)
logit 1 is strictly smaller than the label logit (7)
logit 2 is strictly smaller than the label logit (7)
logit 3 is strictly smaller than the label logit (7)
logit 4 is strictly smaller than the label logit (7)
logit 5 is strictly smaller than the label logit (7)
logit 6 is strictly smaller than the label logit (7)
logit 8 is strictly smaller than the label logit (7)
logit 9 is strictly smaller than the label logit (7)
verified
analysis time:  4950.5797691345215  seconds
epsilon is in:
[0.0159375, 0.017499999999999998]
time 09:32:45.587436
the number of processes used is 48
add affine layer to problem 0 strategy LP
time 09:32:45.591471
add relu layer to problem 1 strategy LP
time 09:32:46.151616
¦========================================================================¦
¦================================================================================================¦
add affine layer to problem 2 strategy LP
time 09:33:00.422187
add relu layer to problem 3 strategy LP
time 09:33:01.184856
¦========================================================================¦
¦================================================================================================¦
add affine layer to problem 4 strategy LP
time 09:36:09.750671
add relu layer to problem 5 strategy LP
time 09:36:10.518102
¦========================================================================¦
¦================================================================================================¦
add affine layer to problem 6 strategy LP
time 10:59:24.690823
time 10:59:24.705711
logit 0 is strictly smaller than the label logit (7)
logit 1 - label logit (7) <= 0.9650819277909761
can not be verified
analysis time:  5208.7604768276215  seconds
epsilon is in:
[0.0159375, 0.016718749999999998]
Freed default Gurobi environment
