../mnist_nets/mnist_relu_4_1024.txt ../mnist_images/img48.txt
try epsilon of  0.017499999999999998
time 02:34:05.226389
the number of processes used is 12
add affine layer to problem 0 strategy LP
time 02:34:05.242841
add relu layer to problem 1 strategy LP
time 02:34:05.621792
¦========================================================================¦
¦========================================================================¦
add affine layer to problem 2 strategy LP
time 02:35:18.114554
add relu layer to problem 3 strategy LP
time 02:35:18.644609
¦========================================================================¦
¦========================================================================¦
add affine layer to problem 4 strategy LP
time 02:56:31.560574
add relu layer to problem 5 strategy LP
time 02:56:32.074462
¦========================================================================¦
¦========================================================================¦
add affine layer to problem 6 strategy LP
time 10:52:09.838431
time 10:52:09.843711
logit 0 is strictly smaller than the label logit (4)
logit 1 is strictly smaller than the label logit (4)
logit 2 is strictly smaller than the label logit (4)
logit 3 - label logit (4) <= 1.0438001567126367
can not be verified
analysis time:  29933.115513563156  seconds
epsilon is in:
[0.005, 0.017499999999999998]
try epsilon of  0.01125
time 10:53:08.371173
the number of processes used is 12
add affine layer to problem 0 strategy LP
time 10:53:08.373755
add relu layer to problem 1 strategy LP
time 10:53:08.735120
¦========================================================================¦
¦========================================================================¦
add affine layer to problem 2 strategy LP
time 10:54:15.990716
add relu layer to problem 3 strategy LP
time 10:54:16.491760
¦========================================================================¦
¦========================================================================¦
add affine layer to problem 4 strategy LP
time 11:05:19.216435
add relu layer to problem 5 strategy LP
time 11:05:19.724029
¦========================================================================¦
¦========================================================================¦
add affine layer to problem 6 strategy LP
time 13:37:46.721465
time 13:37:46.726695
logit 0 is strictly smaller than the label logit (4)
logit 1 is strictly smaller than the label logit (4)
logit 2 is strictly smaller than the label logit (4)
logit 3 is strictly smaller than the label logit (4)
logit 5 is strictly smaller than the label logit (4)
logit 6 is strictly smaller than the label logit (4)
logit 7 is strictly smaller than the label logit (4)
logit 8 is strictly smaller than the label logit (4)
logit 9 is strictly smaller than the label logit (4)
verified
analysis time:  9897.42884516716  seconds
epsilon is in:
[0.01125, 0.017499999999999998]
try epsilon of  0.014374999999999999
time 13:38:15.825828
the number of processes used is 12
add affine layer to problem 0 strategy LP
time 13:38:15.828344
add relu layer to problem 1 strategy LP
time 13:38:16.192926
¦========================================================================¦
¦========================================================================¦
add affine layer to problem 2 strategy LP
time 13:39:29.536821
add relu layer to problem 3 strategy LP
time 13:39:30.060315
¦========================================================================¦
¦========================================================================¦
add affine layer to problem 4 strategy LP
time 13:52:20.978737
add relu layer to problem 5 strategy LP
time 13:52:21.484305
¦========================================================================¦
¦========================================================================¦
add affine layer to problem 6 strategy LP
time 17:45:12.373168
time 17:45:12.378607
logit 0 is strictly smaller than the label logit (4)
logit 1 is strictly smaller than the label logit (4)
logit 2 is strictly smaller than the label logit (4)
logit 3 is strictly smaller than the label logit (4)
logit 5 is strictly smaller than the label logit (4)
logit 6 is strictly smaller than the label logit (4)
logit 7 is strictly smaller than the label logit (4)
logit 8 is strictly smaller than the label logit (4)
logit 9 - label logit (4) <= 5.037505625871159
can not be verified
analysis time:  14864.62313914299  seconds
epsilon is in:
[0.01125, 0.014374999999999999]
try epsilon of  0.0128125
time 17:46:11.226328
the number of processes used is 12
add affine layer to problem 0 strategy LP
time 17:46:11.228780
add relu layer to problem 1 strategy LP
time 17:46:11.598943
¦========================================================================¦
¦========================================================================¦
add affine layer to problem 2 strategy LP
time 17:48:34.061064
add relu layer to problem 3 strategy LP
time 17:48:34.561126
¦========================================================================¦
¦========================