../mnist_nets/mnist_relu_4_1024.txt ../mnist_images/img77.txt
try epsilon of  0.017499999999999998
time 17:40:57.778119
the number of processes used is 12
add affine layer to problem 0 strategy LP
time 17:40:57.793058
add relu layer to problem 1 strategy LP
time 17:40:58.165713
¦========================================================================¦
¦========================================================================¦
add affine layer to problem 2 strategy LP
time 17:42:02.249542
add relu layer to problem 3 strategy LP
time 17:42:02.770160
¦========================================================================¦
¦========================================================================¦
add affine layer to problem 4 strategy LP
time 18:04:07.609935
add relu layer to problem 5 strategy LP
time 18:04:08.089032
¦========================================================================¦
¦========================================================================¦
add affine layer to problem 6 strategy LP
time 06:40:24.394625
time 06:40:24.399795
logit 0 - label logit (2) <= 33.27485983543023
can not be verified
analysis time:  46804.17085838318  seconds
epsilon is in:
[0.005, 0.017499999999999998]
try epsilon of  0.01125
time 06:41:11.694783
the number of processes used is 12
add affine layer to problem 0 strategy LP
time 06:41:11.697472
add relu layer to problem 1 strategy LP
time 06:41:12.052844
¦========================================================================¦
¦========================================================================¦
add affine layer to problem 2 strategy LP
time 06:42:17.170450
add relu layer to problem 3 strategy LP
time 06:42:17.658178
¦========================================================================¦
¦========================================================================¦
add affine layer to problem 4 strategy LP
time 06:54:42.843060
add relu layer to problem 5 strategy LP
time 06:54:43.319851
¦========================================================================¦
¦========================================================================¦
add affine layer to problem 6 strategy LP
time 11:56:01.268498
time 11:56:01.273583
logit 0 is strictly smaller than the label logit (2)
logit 1 - label logit (2) <= 0.4611224361467574
can not be verified
analysis time:  18919.44839811325  seconds
epsilon is in:
[0.005, 0.01125]
try epsilon of  0.008125
time 11:56:41.182699
the number of processes used is 12
add affine layer to problem 0 strategy LP
time 11:56:41.185641
add relu layer to problem 1 strategy LP
time 11:56:41.540986
¦========================================================================¦
¦========================================================================¦
add affine layer to problem 2 strategy LP
time 11:57:46.967418
add relu layer to problem 3 strategy LP
time 11:57:47.451647
¦========================================================================¦
¦========================================================================¦
add affine layer to problem 4 strategy LP
time 12:08:06.178537
add relu layer to problem 5 strategy LP
time 12:08:06.680090
¦========================================================================¦
¦========================================================================¦
add affine layer to problem 6 strategy LP
time 15:14:17.097495
time 15:14:17.102928
logit 0 is strictly smaller than the label logit (2)
logit 1 is strictly smaller than the label logit (2)
logit 3 is strictly smaller than the label logit (2)
logit 4 is strictly smaller than the label logit (2)
logit 5 is strictly smaller than the label logit (2)
logit 6 is strictly smaller than the label logit (2)
logit 7 is strictly smaller than the label logit (2)
logit 8 is strictly smaller than the label logit (2)
logit 9 is strictly smaller than the label logit (2)
verified
analysis time:  11876.410907268524  seconds
epsilon is in:
[0.008125, 0.01125]
try epsilon of  0.0096875
time 15:14:47.647933
the number of processes used is 12
add affine layer to problem 0 strategy LP
time 15:14:47.650439
add relu layer to problem 1 strategy LP
time 15:14:48.016964
¦========================================================================¦
¦========================================================================¦
add affine layer to problem 2 strategy LP
time 15:15:55.898739
add relu layer to problem 3 strategy LP
time 15:15:56.401303
¦========================================================================¦
¦========================================================================¦
add affine layer to problem 4 strategy LP
time 15:28:27.743386
add relu layer to problem 5 strategy LP
time 15:28:28.231766
¦========================================================================¦
¦================================================