../mnist_nets/mnist_relu_4_1024.txt ../mnist_images/img83.txt
try epsilon of  0.017499999999999998
time 09:57:54.015798
the number of processes used is 12
add affine layer to problem 0 strategy LP
time 09:57:54.049597
add relu layer to problem 1 strategy LP
time 09:57:54.431107
¦========================================================================¦
¦========================================================================¦
add affine layer to problem 2 strategy LP
time 09:59:19.147252
add relu layer to problem 3 strategy LP
time 09:59:19.697607
¦========================================================================¦
¦========================================================================¦
add affine layer to problem 4 strategy LP
time 10:18:12.207862
add relu layer to problem 5 strategy LP
time 10:18:13.004470
¦========================================================================¦
¦========================================================================¦
add affine layer to problem 6 strategy LP
time 20:24:16.350811
time 20:24:16.359104
logit 0 - label logit (7) <= 6.886554829940516
can not be verified
analysis time:  37616.92826271057  seconds
epsilon is in:
[0.005, 0.017499999999999998]
try epsilon of  0.01125
time 20:25:01.362564
the number of processes used is 12
add affine layer to problem 0 strategy LP
time 20:25:01.368439
add relu layer to problem 1 strategy LP
time 20:25:01.742594
¦========================================================================¦
¦========================================================================¦
add affine layer to problem 2 strategy LP
time 20:27:10.742428
add relu layer to problem 3 strategy LP
time 20:27:11.226933
¦========================================================================¦
¦========================================================================¦
add affine layer to problem 4 strategy LP
time 20:38:57.520405
add relu layer to problem 5 strategy LP
time 20:38:57.997373
¦========================================================================¦
¦========================================================================¦
add affine layer to problem 6 strategy LP
time 00:22:20.816726
time 00:22:20.822115
logit 0 is strictly smaller than the label logit (7)
logit 1 is strictly smaller than the label logit (7)
logit 2 is strictly smaller than the label logit (7)
logit 3 is strictly smaller than the label logit (7)
logit 4 is strictly smaller than the label logit (7)
logit 5 is strictly smaller than the label logit (7)
logit 6 is strictly smaller than the label logit (7)
logit 8 is strictly smaller than the label logit (7)
logit 9 is strictly smaller than the label logit (7)
verified
analysis time:  14264.992026090622  seconds
epsilon is in:
[0.01125, 0.017499999999999998]
try epsilon of  0.014374999999999999
time 00:22:56.754309
the number of processes used is 12
add affine layer to problem 0 strategy LP
time 00:22:56.978446
add relu layer to problem 1 strategy LP
time 00:22:57.348307
¦========================================================================¦
¦========================================================================¦
add affine layer to problem 2 strategy LP
time 00:24:08.354266
add relu layer to problem 3 strategy LP
time 00:24:08.859628
¦========================================================================¦
¦========================================================================¦
add affine layer to problem 4 strategy LP
time 00:38:13.488502
add relu layer to problem 5 strategy LP
time 00:38:14.102319
¦========================================================================¦
¦========================================================================¦
add affine layer to problem 6 strategy LP
time 07:30:44.682344
time 07:30:44.687727
logit 0 is strictly smaller than the label logit (7)
logit 1 is strictly smaller than the label logit (7)
logit 2 is strictly smaller than the label logit (7)
logit 3 is strictly smaller than the label logit (7)
logit 4 is strictly smaller than the label logit (7)
logit 5 is strictly smaller than the label logit (7)
logit 6 is strictly smaller than the label logit (7)
logit 8 is strictly smaller than the label logit (7)
logit 9 - label logit (7) <= 7.412191031750002
can not be verified
analysis time:  25850.586244106293  seconds
epsilon is in:
[0.01125, 0.014374999999999999]
try epsilon of  0.0128125
time 07:33:57.622649
the number of processes used is 12
add affine layer to problem 0 strategy LP
time 07:33:57.625081
add relu layer to problem 1 strategy LP
time 07:33:57.990530
¦========================================================================¦
¦========================================================================¦
add affine layer to problem 2 strategy LP
time 07:35:09.311891
add relu layer to problem 3 strategy LP
time 07:35:09.814382
¦========================================================================¦
¦========================================================================¦
add affine layer to problem 4 strategy LP
time 07:48:15.176565
add relu layer to problem 5 strategy LP
time 07:48:15.656095
¦========================================================================¦
¦========================================================================¦
add affine layer to problem 6 strategy LP
time 13:03:50.200336
time 13:03:50.205641
logit 0 is strictly smaller than the label logit (7)
logit 1 is strictly smaller than the label logit (7)
logit 2 is strictly smaller than the label logit (7)
logit 3 is strictly smaller than the label logit (7)
logit 4 is strictly smaller than the label logit (7)
logit 5 is strictly smaller than the label logit (7)
logit 6 is strictly smaller than the label logit (7)
logit 8 is strictly smaller than the label logit (7)
logit 9 - label logit (7) <= 0.614998831221989
can not be verified
analysis time:  19838.013604402542  seconds
epsilon is in:
[0.01125, 0.0128125]
try epsilon of  0.01203125
time 13:05:55.831688
the number of processes used is 12
add affine layer to problem 0 strategy LP
time 13:05:55.835055
add relu layer to problem 1 strategy LP
time 13:05:56.188976
¦========================================================================¦
¦========================================================================¦
add affine layer to problem 2 strategy LP
time 13:07:03.778978
add relu layer to problem 3 strategy LP
time 13:07:04.264794
¦========================================================================¦
¦========================================================================¦
add affine layer to problem 4 strategy LP
time 13:18:49.596961
add relu layer to problem 5 strategy LP
time 13:18:50.076205
¦========================================================================¦
¦========================================================================¦
add affine layer to problem 6 strategy LP
time 17:36:45.222332
time 17:36:45.227698
logit 0 is strictly smaller than the label logit (7)
logit 1 is strictly smaller than the label logit (7)
logit 2 is strictly smaller than the label logit (7)
logit 3 is strictly smaller than the label logit (7)
logit 4 is strictly smaller than the label logit (7)
logit 5 is strictly smaller than the label logit (7)
logit 6 is strictly smaller than the label logit (7)
logit 8 is strictly smaller than the label logit (7)
logit 9 is strictly smaller than the label logit (7)
verified
analysis time:  16280.130935192108  seconds
epsilon is in:
[0.01203125, 0.0128125]
