../mnist_nets/mnist_relu_4_1024.txt ../mnist_images/img31.txt
try epsilon of  0.017499999999999998
time 10:18:48.311563
the number of processes used is 12
add affine layer to problem 0 strategy LP
time 10:18:48.330624
add relu layer to problem 1 strategy LP
time 10:18:48.717356
¦========================================================================¦
¦========================================================================¦
add affine layer to problem 2 strategy LP
time 10:20:05.358117
add relu layer to problem 3 strategy LP
time 10:20:06.022528
¦========================================================================¦
¦========================================================================¦
add affine layer to problem 4 strategy LP
time 10:59:19.088605
add relu layer to problem 5 strategy LP
time 10:59:19.624303
¦========================================================================¦
¦============