../mnist_nets/mnist_relu_4_1024.txt ../mnist_images/img26.txt
try epsilon of  0.017499999999999998
time 20:01:59.719519
the number of processes used is 12
add affine layer to problem 0 strategy LP
time 20:01:59.735673
add relu layer to problem 1 strategy LP
time 20:02:00.111963
¦========================================================================¦
¦========================================================================¦
add affine layer to problem 2 strategy LP
time 20:03:12.054499
add relu layer to problem 3 strategy LP
time 20:03:12.591116
¦========================================================================¦
¦========================================================================¦
add affine layer to problem 4 strategy LP
time 20:38:13.024503
add relu layer to problem 5 strategy LP
time 20:38:13.553198
¦========================================================================¦
¦============