../mnist_nets/mnist_relu_4_1024.txt ../mnist_images/img63.txt
try epsilon of  0.017499999999999998
time 07:41:12.483929
the number of processes used is 12
add affine layer to problem 0 strategy LP
time 07:41:12.499547
add relu layer to problem 1 strategy LP
time 07:41:12.876374
¦========================================================================¦
¦========================================================================¦
add affine layer to problem 2 strategy LP
time 07:42:24.026243
add relu layer to problem 3 strategy LP
time 07:42:24.549153
¦========================================================================¦
¦========================================================================¦
add affine layer to problem 4 strategy LP
time 08:10:32.926804
add relu layer to problem 5 strategy LP
time 08:10:33.441253
¦========================================================================¦
¦========================================================================¦
add affine layer to problem 6 strategy LP
time 17:41:02.994348
time 17:41:02.999440
logit 0 - label logit (3) <= 8.393505955471209
can not be verified
analysis time:  36023.26054048538  seconds
epsilon is in:
[0.005, 0.017499999999999998]
try epsilon of  0.01125
time 17:41:46.315919
the number of processes used is 12
add affine layer to problem 0 strategy LP
time 17:41:46.318355
add relu layer to problem 1 strategy LP
time 17:41:46.677655
¦========================================================================¦
¦========================================================================¦
add affine layer to problem 2 strategy LP
time 17:42:52.003827
add relu layer to problem 3 strategy LP
time 17:42:52.500455
¦========================================================================¦
¦============================================================