../mnist_nets/mnist_relu_6_200.txt ../mnist_images/img95.txt
try epsilon of  0.017499999999999998
time 12:28:05.519562
the number of processes used is 4
add affine layer to problem 0 strategy LP
time 12:28:05.533626
add relu layer to problem 1 strategy LP
time 12:28:05.654471
¦========================================================================¦
¦========================================================================¦
add affine layer to problem 2 strategy LP
time 12:28:08.686289
add relu layer to problem 3 strategy LP
time 12:28:08.721808
¦========================================================================¦
¦========================================================================¦
add affine layer to problem 4 strategy LP
time 12:28:14.744629
add relu layer to problem 5 strategy LP
time 12:28:14.783435
¦========================================================================¦
¦========================================================================¦
add affine layer to problem 6 strategy LP
time 12:28:26.458784
add relu layer to problem 7 strategy LP
time 12:28:26.496219
¦========================================================================¦
¦========================================================================¦
add affine layer to problem 8 strategy LP
time 12:28:58.400992
add relu layer to problem 9 strategy LP
time 12:28:58.438202
¦========================================================================¦
¦========================================================================¦
add affine layer to problem 10 strategy LP
time 12:30:29.801723
add relu layer to problem 11 strategy LP
time 12:30:29.804037
¦========================================================================¦
¦========================================================================¦
time 12:30:41.763080
logit 0 - label logit (4) <= 2.3823902978794638
can not be verified
analysis time:  157.01688313484192  seconds
epsilon is in:
[0.005, 0.017499999999999998]
try epsilon of  0.01125
time 12:30:44.601185
the number of processes used is 4
add affine layer to problem 0 strategy LP
time 12:30:44.605468
add relu layer to problem 1 strategy LP
time 12:30:44.752380
¦========================================================================¦
¦========================================================================¦
add affine layer to problem 2 strategy LP
time 12:30:47.657645
add relu layer to problem 3 strategy LP
time 12:30:47.694913
¦========================================================================¦
¦========================================================================¦
add affine layer to problem 4 strategy LP
time 12:30:52.814602
add relu layer to problem 5 strategy LP
time 12:30:52.852700
¦========================================================================¦
¦========================================================================¦
add affine layer to problem 6 strategy LP
time 12:31:02.103778
add relu layer to problem 7 strategy LP
time 12:31:02.142911
¦========================================================================¦
¦========================================================================¦
add affine layer to problem 8 strategy LP
time 12:31:19.280443
add relu layer to problem 9 strategy LP
time 12:31:19.319562
¦========================================================================¦
¦========================================================================¦
add affine layer to problem 10 strategy LP
time 12:31:47.156328
add relu layer to problem 11 strategy LP
time 12:31:47.158704
¦========================================================================¦
¦========================================================================¦
time 12:31:49.646964
logit 0 is strictly smaller than the label logit (4)
logit 1 is strictly smaller than the label logit (4)
logit 2 is strictly smaller than the label logit (4)
logit 3 is strictly smaller than the label logit (4)
logit 5 is strictly smaller than the label logit (4)
logit 6 is strictly smaller than the label logit (4)
logit 7 is strictly smaller than the label logit (4)
logit 8 is strictly smaller than the label logit (4)
logit 9 is strictly smaller than the label logit (4)
verified
analysis time:  66.03572249412537  seconds
epsilon is in:
[0.01125, 0.017499999999999998]
try epsilon of  0.014374999999999999
time 12:31:52.722834
the number of processes used is 4
add affine layer to problem 0 strategy LP
time 12:31:52.727651
add relu layer to problem 1 strategy LP
time 12:31:52.877957
¦========================================================================¦
¦========================================================================¦
add affine layer to problem 2 strategy LP
time 12:31:55.888947
add relu layer to problem 3 strategy LP
time 12:31:55.927559
¦========================================================================¦
¦========================================================================¦
add affine layer to problem 4 strategy LP
time 12:32:01.349265
add relu layer to problem 5 strategy LP
time 12:32:01.386867
¦========================================================================¦
¦========================================================================¦
add affine layer to problem 6 strategy LP
time 12:32:11.621124
add relu layer to problem 7 strategy LP
time 12:32:11.659988
¦========================================================================¦
¦========================================================================¦
add affine layer to problem 8 strategy LP
time 12:32:33.198215
add relu layer to problem 9 strategy LP
time 12:32:33.236279
¦========================================================================¦
¦========================================================================¦
add affine layer to problem 10 strategy LP
time 12:33:22.129472
add relu layer to problem 11 strategy LP
time 12:33:22.131889
¦========================================================================¦
¦========================================================================¦
time 12:33:27.005989
logit 0 is strictly smaller than the label logit (4)
logit 1 is strictly smaller than the label logit (4)
logit 2 is strictly smaller than the label logit (4)
logit 3 is strictly smaller than the label logit (4)
logit 5 is strictly smaller than the label logit (4)
logit 6 is strictly smaller than the label logit (4)
logit 7 is strictly smaller than the label logit (4)
logit 8 is strictly smaller than the label logit (4)
logit 9 is strictly smaller than the label logit (4)
verified
analysis time:  95.63907814025879  seconds
epsilon is in:
[0.014374999999999999, 0.017499999999999998]
try epsilon of  0.0159375
time 12:33:30.435347
the number of processes used is 4
add affine layer to problem 0 strategy LP
time 12:33:30.440346
add relu layer to problem 1 strategy LP
time 12:33:30.588865
¦========================================================================¦
¦========================================================================¦
add affine layer to problem 2 strategy LP
time 12:33:33.630147
add relu layer to problem 3 strategy LP
time 12:33:33.668686
¦========================================================================¦
¦========================================================================¦
add affine layer to problem 4 strategy LP
time 12:33:39.338648
add relu layer to problem 5 strategy LP
time 12:33:39.376699
¦========================================================================¦
¦========================================================================¦
add affine layer to problem 6 strategy LP
time 12:33:50.524985
add relu layer to problem 7 strategy LP
time 12:33:50.564744
¦========================================================================¦
¦========================================================================¦
add affine layer to problem 8 strategy LP
time 12:34:18.013552
add relu layer to problem 9 strategy LP
time 12:34:18.052815
¦========================================================================¦
¦========================================================================¦
add affine layer to problem 10 strategy LP
time 12:35:26.803014
add relu layer to problem 11 strategy LP
time 12:35:26.805460
¦========================================================================¦
¦========================================================================¦
time 12:35:35.596646
logit 0 is strictly smaller than the label logit (4)
logit 1 is strictly smaller than the label logit (4)
logit 2 is strictly smaller than the label logit (4)
logit 3 is strictly smaller than the label logit (4)
logit 5 is strictly smaller than the label logit (4)
logit 6 is strictly smaller than the label logit (4)
logit 7 is strictly smaller than the label logit (4)
logit 8 is strictly smaller than the label logit (4)
logit 9 is strictly smaller than the label logit (4)
verified
analysis time:  127.98403000831604  seconds
epsilon is in:
[0.0159375, 0.017499999999999998]
try epsilon of  0.016718749999999998
time 12:35:40.498720
the number of processes used is 4
add affine layer to problem 0 strategy LP
time 12:35:40.503513
add relu layer to problem 1 strategy LP
time 12:35:40.646656
¦========================================================================¦
¦========================================================================¦
add affine layer to problem 2 strategy LP
time 12:35:43.635458
add relu layer to problem 3 strategy LP
time 12:35:43.671395
¦========================================================================¦
¦========================================================================¦
add affine layer to problem 4 strategy LP
time 12:35:49.693245
add relu layer to problem 5 strategy LP
time 12:35:49.730373
¦========================================================================¦
¦========================================================================¦
add affine layer to problem 6 strategy LP
time 12:36:01.830797
add relu layer to problem 7 strategy LP
time 12:36:01.869222
¦========================================================================¦
¦========================================================================¦
add affine layer to problem 8 strategy LP
time 12:36:34.400078
add relu layer to problem 9 strategy LP
time 12:36:34.437944
¦========================================================================¦
¦========================================================================¦
add affine layer to problem 10 strategy LP
time 12:38:10.902028
add relu layer to problem 11 strategy LP
time 12:38:10.904383
¦========================================================================¦
¦========================================================================¦
time 12:38:22.273207
logit 0 - label logit (4) <= 0.27859053362004316
can not be verified
analysis time:  162.4421329498291  seconds
epsilon is in:
[0.0159375, 0.016718749999999998]
