../mnist_nets/mnist_relu_6_200.txt ../mnist_images/img58.txt
try epsilon of  0.017499999999999998
time 13:43:00.201375
the number of processes used is 4
add affine layer to problem 0 strategy LP
time 13:43:00.217966
add relu layer to problem 1 strategy LP
time 13:43:00.373458
¦========================================================================¦
¦========================================================================¦
add affine layer to problem 2 strategy LP
time 13:43:03.378476
add relu layer to problem 3 strategy LP
time 13:43:03.416836
¦========================================================================¦
¦========================================================================¦
add affine layer to problem 4 strategy LP
time 13:43:11.220222
add relu layer to problem 5 strategy LP
time 13:43:11.260350
¦========================================================================¦
¦========================================================================¦
add affine layer to problem 6 strategy LP
time 13:43:28.502204
add relu layer to problem 7 strategy LP
time 13:43:28.542592
¦========================================================================¦
¦========================================================================¦
add affine layer to problem 8 strategy LP
time 13:44:24.151113
add relu layer to problem 9 strategy LP
time 13:44:24.188767
¦========================================================================¦
¦========================================================================¦
add affine layer to problem 10 strategy LP
time 13:47:42.789391
add relu layer to problem 11 strategy LP
time 13:47:42.792103
¦========================================================================¦
¦========================================================================¦
time 13:48:04.813656
logit 0 - label logit (9) <= 6.714045639136666
can not be verified
analysis time:  305.97129821777344  seconds
epsilon is in:
[0.005, 0.017499999999999998]
try epsilon of  0.01125
time 13:48:08.294997
the number of processes used is 4
add affine layer to problem 0 strategy LP
time 13:48:08.299683
add relu layer to problem 1 strategy LP
time 13:48:08.451763
¦========================================================================¦
¦========================================================================¦
add affine layer to problem 2 strategy LP
time 13:48:11.663439
add relu layer to problem 3 strategy LP
time 13:48:11.702368
¦========================================================================¦
¦========================================================================¦
add affine layer to problem 4 strategy LP
time 13:48:18.688586
add relu layer to problem 5 strategy LP
time 13:48:18.728533
¦========================================================================¦
¦========================================================================¦
add affine layer to problem 6 strategy LP
time 13:48:31.003489
add relu layer to problem 7 strategy LP
time 13:48:31.041928
¦========================================================================¦
¦========================================================================¦
add affine layer to problem 8 strategy LP
time 13:48:55.657182
add relu layer to problem 9 strategy LP
time 13:48:55.695287
¦========================================================================¦
¦========================================================================¦
add affine layer to problem 10 strategy LP
time 13:49:50.734740
add relu layer to problem 11 strategy LP
time 13:49:50.736984
¦========================================================================¦
¦========================================================================¦
time 13:49:55.199134
logit 0 is strictly smaller than the label logit (9)
logit 1 is strictly smaller than the label logit (9)
logit 2 is strictly smaller than the label logit (9)
logit 3 is strictly smaller than the label logit (9)
logit 4 is strictly smaller than the label logit (9)
logit 5 is strictly smaller than the label logit (9)
logit 6 is strictly smaller than the label logit (9)
logit 7 is strictly smaller than the label logit (9)
logit 8 is strictly smaller than the label logit (9)
verified
analysis time:  108.05936217308044  seconds
epsilon is in:
[0.01125, 0.017499999999999998]
try epsilon of  0.014374999999999999
time 13:49:58.486012
the number of processes used is 4
add affine layer to problem 0 strategy LP
time 13:49:58.490676
add relu layer to problem 1 strategy LP
time 13:49:58.640863
¦========================================================================¦
¦========================================================================¦
add affine layer to problem 2 strategy LP
time 13:50:01.888523
add relu layer to problem 3 strategy LP
time 13:50:01.927350
¦========================================================================¦
¦========================================================================¦
add affine layer to problem 4 strategy LP
time 13:50:09.681854
add relu layer to problem 5 strategy LP
time 13:50:09.722809
¦========================================================================¦
¦========================================================================¦
add affine layer to problem 6 strategy LP
time 13:50:25.714296
add relu layer to problem 7 strategy LP
time 13:50:25.752859
¦========================================================================¦
¦========================================================================¦
add affine layer to problem 8 strategy LP
time 13:51:08.855489
add relu layer to problem 9 strategy LP
time 13:51:08.894070
¦========================================================================¦
¦========================================================================¦
add affine layer to problem 10 strategy LP
time 13:53:08.227447
add relu layer to problem 11 strategy LP
time 13:53:08.229948
¦========================================================================¦
¦========================================================================¦
time 13:53:19.413831
logit 0 is strictly smaller than the label logit (9)
logit 1 is strictly smaller than the label logit (9)
logit 2 is strictly smaller than the label logit (9)
logit 3 is strictly smaller than the label logit (9)
logit 4 is strictly smaller than the label logit (9)
logit 5 is strictly smaller than the label logit (9)
logit 6 is strictly smaller than the label logit (9)
logit 7 is strictly smaller than the label logit (9)
logit 8 is strictly smaller than the label logit (9)
verified
analysis time:  203.4040882587433  seconds
epsilon is in:
[0.014374999999999999, 0.017499999999999998]
try epsilon of  0.0159375
time 13:53:24.015880
the number of processes used is 4
add affine layer to problem 0 strategy LP
time 13:53:24.020635
add relu layer to problem 1 strategy LP
time 13:53:24.170258
¦========================================================================¦
¦========================================================================¦
add affine layer to problem 2 strategy LP
time 13:53:27.502477
add relu layer to problem 3 strategy LP
time 13:53:27.541110
¦========================================================================¦
¦========================================================================¦
add affine layer to problem 4 strategy LP
time 13:53:36.005782
add relu layer to problem 5 strategy LP
time 13:53:36.045766
¦========================================================================¦
¦========================================================================¦
add affine layer to problem 6 strategy LP
time 13:53:53.916085
add relu layer to problem 7 strategy LP
time 13:53:53.953887
¦========================================================================¦
¦========================================================================¦
add affine layer to problem 8 strategy LP
time 13:54:45.364183
add relu layer to problem 9 strategy LP
time 13:54:45.403032
¦========================================================================¦
¦========================================================================¦
add affine layer to problem 10 strategy LP
time 13:57:29.765999
add relu layer to problem 11 strategy LP
time 13:57:29.768562
¦========================================================================¦
¦========================================================================¦
time 13:57:47.754464
logit 0 - label logit (9) <= 0.611919310178374
can not be verified
analysis time:  264.7651665210724  seconds
epsilon is in:
[0.014374999999999999, 0.0159375]
try epsilon of  0.01515625
time 13:57:50.909948
the number of processes used is 4
add affine layer to problem 0 strategy LP
time 13:57:50.914712
add relu layer to problem 1 strategy LP
time 13:57:51.065904
¦========================================================================¦
¦========================================================================¦
add affine layer to problem 2 strategy LP
time 13:57:54.410092
add relu layer to problem 3 strategy LP
time 13:57:54.448521
¦========================================================================¦
¦========================================================================¦
add affine layer to problem 4 strategy LP
time 13:58:02.471467
add relu layer to problem 5 strategy LP
time 13:58:02.509801
¦========================================================================¦
¦========================================================================¦
add affine layer to problem 6 strategy LP
time 13:58:18.537695
add relu layer to problem 7 strategy LP
time 13:58:18.577471
¦========================================================================¦
¦========================================================================¦
add affine layer to problem 8 strategy LP
time 13:59:06.279020
add relu layer to problem 9 strategy LP
time 13:59:06.316420
¦========================================================================¦
¦========================================================================¦
add affine layer to problem 10 strategy LP
time 14:01:24.085516
add relu layer to problem 11 strategy LP
time 14:01:24.087872
¦========================================================================¦
¦========================================================================¦
time 14:01:37.192517
logit 0 is strictly smaller than the label logit (9)
logit 1 is strictly smaller than the label logit (9)
logit 2 is strictly smaller than the label logit (9)
logit 3 is strictly smaller than the label logit (9)
logit 4 - label logit (9) <= 0.5351137656086369
can not be verified
analysis time:  228.66427040100098  seconds
epsilon is in:
[0.014374999999999999, 0.01515625]
