../mnist_nets/mnist_relu_6_200.txt ../mnist_images/img59.txt
try epsilon of  0.017499999999999998
time 12:28:06.684675
the number of processes used is 4
add affine layer to problem 0 strategy LP
time 12:28:06.739058
add relu layer to problem 1 strategy LP
time 12:28:06.859696
¦========================================================================¦
¦========================================================================¦
add affine layer to problem 2 strategy LP
time 12:28:09.846461
add relu layer to problem 3 strategy LP
time 12:28:09.880204
¦========================================================================¦
¦========================================================================¦
add affine layer to problem 4 strategy LP
time 12:28:18.976007
add relu layer to problem 5 strategy LP
time 12:28:19.011313
¦========================================================================¦
¦========================================================================¦
add affine layer to problem 6 strategy LP
time 12:29:03.479426
add relu layer to problem 7 strategy LP
time 12:29:03.513979
¦========================================================================¦
¦========================================================================¦
add affine layer to problem 8 strategy LP
time 12:32:48.922878
add relu layer to problem 9 strategy LP
time 12:32:48.957392
¦========================================================================¦
¦========================================================================¦
add affine layer to problem 10 strategy LP
time 12:48:53.406554
add relu layer to problem 11 strategy LP
time 12:48:53.408769
¦========================================================================¦
¦========================================================================¦
time 12:50:44.914935
logit 0 - label logit (5) <= 40.186016720851576
can not be verified
analysis time:  1360.1986072063446  seconds
epsilon is in:
[0.005, 0.017499999999999998]
try epsilon of  0.01125
time 12:50:48.919169
the number of processes used is 4
add affine layer to problem 0 strategy LP
time 12:50:48.923282
add relu layer to problem 1 strategy LP
time 12:50:49.071680
¦========================================================================¦
¦========================================================================¦
add affine layer to problem 2 strategy LP
time 12:50:52.153604
add relu layer to problem 3 strategy LP
time 12:50:52.189591
¦========================================================================¦
¦========================================================================¦
add affine layer to problem 4 strategy LP
time 12:50:59.699804
add relu layer to problem 5 strategy LP
time 12:50:59.737096
¦========================================================================¦
¦========================================================================¦
add affine layer to problem 6 strategy LP
time 12:51:20.768375
add relu layer to problem 7 strategy LP
time 12:51:20.802782
¦========================================================================¦
¦========================================================================¦
add affine layer to problem 8 strategy LP
time 12:52:26.411651
add relu layer to problem 9 strategy LP
time 12:52:26.447048
¦========================================================================¦
¦========================================================================¦
add affine layer to problem 10 strategy LP
time 12:55:17.663806
add relu layer to problem 11 strategy LP
time 12:55:17.666102
¦========================================================================¦
¦========================================================================¦
time 12:55:39.463972
logit 0 - label logit (5) <= 4.1577202709786105
can not be verified
analysis time:  291.7720236778259  seconds
epsilon is in:
[0.005, 0.01125]
try epsilon of  0.008125
time 12:55:42.742987
the number of processes used is 4
add affine layer to problem 0 strategy LP
time 12:55:42.747813
add relu layer to problem 1 strategy LP
time 12:55:42.896500
¦========================================================================¦
¦========================================================================¦
add affine layer to problem 2 strategy LP
time 12:55:46.130889
add relu layer to problem 3 strategy LP
time 12:55:46.166318
¦========================================================================¦
¦========================================================================¦
add affine layer to problem 4 strategy LP
time 12:55:52.501280
add relu layer to problem 5 strategy LP
time 12:55:52.536746
¦========================================================================¦
¦========================================================================¦
add affine layer to problem 6 strategy LP
time 12:56:05.739556
add relu layer to problem 7 strategy LP
time 12:56:05.772898
¦========================================================================¦
¦========================================================================¦
add affine layer to problem 8 strategy LP
time 12:56:33.999033
add relu layer to problem 9 strategy LP
time 12:56:34.034892
¦========================================================================¦
¦========================================================================¦
add affine layer to problem 10 strategy LP
time 12:57:36.565520
add relu layer to problem 11 strategy LP
time 12:57:36.567798
¦========================================================================¦
¦========================================================================¦
time 12:57:42.571142
logit 0 is strictly smaller than the label logit (5)
logit 1 is strictly smaller than the label logit (5)
logit 2 is strictly smaller than the label logit (5)
logit 3 is strictly smaller than the label logit (5)
logit 4 is strictly smaller than the label logit (5)
logit 6 is strictly smaller than the label logit (5)
logit 7 is strictly smaller than the label logit (5)
logit 8 is strictly smaller than the label logit (5)
logit 9 is strictly smaller than the label logit (5)
verified
analysis time:  121.51547932624817  seconds
epsilon is in:
[0.008125, 0.01125]
try epsilon of  0.0096875
time 12:57:46.253523
the number of processes used is 4
add affine layer to problem 0 strategy LP
time 12:57:46.257864
add relu layer to problem 1 strategy LP
time 12:57:46.404988
¦========================================================================¦
¦========================================================================¦
add affine layer to problem 2 strategy LP
time 12:57:49.654445
add relu layer to problem 3 strategy LP
time 12:57:49.689896
¦========================================================================¦
¦========================================================================¦
add affine layer to problem 4 strategy LP
time 12:57:57.017935
add relu layer to problem 5 strategy LP
time 12:57:57.054984
¦========================================================================¦
¦========================================================================¦
add affine layer to problem 6 strategy LP
time 12:58:13.422666
add relu layer to problem 7 strategy LP
time 12:58:13.458764
¦========================================================================¦
¦========================================================================¦
add affine layer to problem 8 strategy LP
time 12:58:58.629605
add relu layer to problem 9 strategy LP
time 12:58:58.666621
¦========================================================================¦
¦========================================================================¦
add affine layer to problem 10 strategy LP
time 13:00:48.844767
add relu layer to problem 11 strategy LP
time 13:00:48.847045
¦========================================================================¦
¦========================================================================¦
time 13:01:00.270126
logit 0 is strictly smaller than the label logit (5)
logit 1 is strictly smaller than the label logit (5)
logit 2 is strictly smaller than the label logit (5)
logit 3 is strictly smaller than the label logit (5)
logit 4 is strictly smaller than the label logit (5)
logit 6 is strictly smaller than the label logit (5)
logit 7 - label logit (5) <= 2.45766289473136
can not be verified
analysis time:  197.19686651229858  seconds
epsilon is in:
[0.008125, 0.0096875]
try epsilon of  0.008906250000000001
time 13:01:05.497908
the number of processes used is 4
add affine layer to problem 0 strategy LP
time 13:01:05.503275
add relu layer to problem 1 strategy LP
time 13:01:05.650936
¦========================================================================¦
¦========================================================================¦
add affine layer to problem 2 strategy LP
time 13:01:08.722519
add relu layer to problem 3 strategy LP
time 13:01:08.759108
¦========================================================================¦
¦========================================================================¦
add affine layer to problem 4 strategy LP
time 13:01:15.722190
add relu layer to problem 5 strategy LP
time 13:01:15.760067
¦========================================================================¦
¦========================================================================¦
add affine layer to problem 6 strategy LP
time 13:01:30.668186
add relu layer to problem 7 strategy LP
time 13:01:30.702929
¦========================================================================¦
¦========================================================================¦
add affine layer to problem 8 strategy LP
time 13:02:02.880563
add relu layer to problem 9 strategy LP
time 13:02:02.916475
¦========================================================================¦
¦========================================================================¦
add affine layer to problem 10 strategy LP
time 13:03:23.835594
add relu layer to problem 11 strategy LP
time 13:03:23.837831
¦========================================================================¦
¦========================================================================¦
time 13:03:32.050109
logit 0 is strictly smaller than the label logit (5)
logit 1 is strictly smaller than the label logit (5)
logit 2 is strictly smaller than the label logit (5)
logit 3 is strictly smaller than the label logit (5)
logit 4 is strictly smaller than the label logit (5)
logit 6 is strictly smaller than the label logit (5)
logit 7 - label logit (5) <= 0.8755214325335552
can not be verified
analysis time:  148.8391637802124  seconds
epsilon is in:
[0.008125, 0.008906250000000001]
