../mnist_nets/mnist_relu_6_200.txt ../mnist_images/img77.txt
try epsilon of  0.017499999999999998
time 12:28:03.415017
the number of processes used is 4
add affine layer to problem 0 strategy LP
time 12:28:03.515206
add relu layer to problem 1 strategy LP
time 12:28:03.680570
¦========================================================================¦
¦========================================================================¦
add affine layer to problem 2 strategy LP
time 12:28:06.293465
add relu layer to problem 3 strategy LP
time 12:28:06.330200
¦========================================================================¦
¦========================================================================¦
add affine layer to problem 4 strategy LP
time 12:28:12.434440
add relu layer to problem 5 strategy LP
time 12:28:12.472914
¦========================================================================¦
¦========================================================================¦
add affine layer to problem 6 strategy LP
time 12:28:32.280421
add relu layer to problem 7 strategy LP
time 12:28:32.316285
¦========================================================================¦
¦========================================================================¦
add affine layer to problem 8 strategy LP
time 12:29:43.799023
add relu layer to problem 9 strategy LP
time 12:29:43.833511
¦========================================================================¦
¦========================================================================¦
add affine layer to problem 10 strategy LP
time 12:34:45.454574
add relu layer to problem 11 strategy LP
time 12:34:45.456537
¦========================================================================¦
¦========================================================================¦
time 12:35:13.189513
logit 0 - label logit (2) <= 21.061051025279646
can not be verified
analysis time:  431.1930751800537  seconds
epsilon is in:
[0.005, 0.017499999999999998]
try epsilon of  0.01125
time 12:35:16.426678
the number of processes used is 4
add affine layer to problem 0 strategy LP
time 12:35:16.430047
add relu layer to problem 1 strategy LP
time 12:35:16.550616
¦========================================================================¦
¦========================================================================¦
add affine layer to problem 2 strategy LP
time 12:35:18.763815
add relu layer to problem 3 strategy LP
time 12:35:18.798005
¦========================================================================¦
¦========================================================================¦
add affine layer to problem 4 strategy LP
time 12:35:23.177207
add relu layer to problem 5 strategy LP
time 12:35:23.211952
¦========================================================================¦
¦========================================================================¦
add affine layer to problem 6 strategy LP
time 12:35:32.711131
add relu layer to problem 7 strategy LP
time 12:35:32.745312
¦========================================================================¦
¦========================================================================¦
add affine layer to problem 8 strategy LP
time 12:35:55.022499
add relu layer to problem 9 strategy LP
time 12:35:55.057462
¦========================================================================¦
¦========================================================================¦
add affine layer to problem 10 strategy LP
time 12:36:51.749996
add relu layer to problem 11 strategy LP
time 12:36:51.751988
¦========================================================================¦
¦========================================================================¦
time 12:36:58.179544
logit 0 is strictly smaller than the label logit (2)
logit 1 - label logit (2) <= 0.18689486068562422
can not be verified
analysis time:  102.60487294197083  seconds
epsilon is in:
[0.005, 0.01125]
try epsilon of  0.008125
time 12:37:00.809243
the number of processes used is 4
add affine layer to problem 0 strategy LP
time 12:37:00.812744
add relu layer to problem 1 strategy LP
time 12:37:00.933214
¦========================================================================¦
¦========================================================================¦
add affine layer to problem 2 strategy LP
time 12:37:03.182148
add relu layer to problem 3 strategy LP
time 12:37:03.216441
¦========================================================================¦
¦========================================================================¦
add affine layer to problem 4 strategy LP
time 12:37:07.416830
add relu layer to problem 5 strategy LP
time 12:37:07.451244
¦========================================================================¦
¦========================================================================¦
add affine layer to problem 6 strategy LP
time 12:37:15.440132
add relu layer to problem 7 strategy LP
time 12:37:15.474658
¦========================================================================¦
¦========================================================================¦
add affine layer to problem 8 strategy LP
time 12:37:28.730269
add relu layer to problem 9 strategy LP
time 12:37:28.765055
¦========================================================================¦
¦========================================================================¦
add affine layer to problem 10 strategy LP
time 12:37:54.111932
add relu layer to problem 11 strategy LP
time 12:37:54.113953
¦========================================================================¦
¦========================================================================¦
time 12:37:56.445207
logit 0 is strictly smaller than the label logit (2)
logit 1 is strictly smaller than the label logit (2)
logit 3 is strictly smaller than the label logit (2)
logit 4 is strictly smaller than the label logit (2)
logit 5 is strictly smaller than the label logit (2)
logit 6 is strictly smaller than the label logit (2)
logit 7 is strictly smaller than the label logit (2)
logit 8 is strictly smaller than the label logit (2)
logit 9 is strictly smaller than the label logit (2)
verified
analysis time:  56.59026861190796  seconds
epsilon is in:
[0.008125, 0.01125]
try epsilon of  0.0096875
time 12:37:59.176007
the number of processes used is 4
add affine layer to problem 0 strategy LP
time 12:37:59.179465
add relu layer to problem 1 strategy LP
time 12:37:59.299928
¦========================================================================¦
¦========================================================================¦
add affine layer to problem 2 strategy LP
time 12:38:01.556549
add relu layer to problem 3 strategy LP
time 12:38:01.591246
¦========================================================================¦
¦========================================================================¦
add affine layer to problem 4 strategy LP
time 12:38:05.847802
add relu layer to problem 5 strategy LP
time 12:38:05.882375
¦========================================================================¦
¦========================================================================¦
add affine layer to problem 6 strategy LP
time 12:38:14.620307
add relu layer to problem 7 strategy LP
time 12:38:14.659556
¦========================================================================¦
¦========================================================================¦
add affine layer to problem 8 strategy LP
time 12:38:31.570506
add relu layer to problem 9 strategy LP
time 12:38:31.605381
¦========================================================================¦
¦========================================================================¦
add affine layer to problem 10 strategy LP
time 12:39:10.640189
add relu layer to problem 11 strategy LP
time 12:39:10.642176
¦========================================================================¦
¦========================================================================¦
time 12:39:14.821268
logit 0 is strictly smaller than the label logit (2)
logit 1 is strictly smaller than the label logit (2)
logit 3 is strictly smaller than the label logit (2)
logit 4 is strictly smaller than the label logit (2)
logit 5 is strictly smaller than the label logit (2)
logit 6 is strictly smaller than the label logit (2)
logit 7 is strictly smaller than the label logit (2)
logit 8 is strictly smaller than the label logit (2)
logit 9 is strictly smaller than the label logit (2)
verified
analysis time:  76.83283996582031  seconds
epsilon is in:
[0.0096875, 0.01125]
try epsilon of  0.010468749999999999
time 12:39:17.810192
the number of processes used is 4
add affine layer to problem 0 strategy LP
time 12:39:17.813595
add relu layer to problem 1 strategy LP
time 12:39:17.935168
¦========================================================================¦
¦========================================================================¦
add affine layer to problem 2 strategy LP
time 12:39:20.189681
add relu layer to problem 3 strategy LP
time 12:39:20.224003
¦========================================================================¦
¦========================================================================¦
add affine layer to problem 4 strategy LP
time 12:39:24.548568
add relu layer to problem 5 strategy LP
time 12:39:24.583331
¦========================================================================¦
¦========================================================================¦
add affine layer to problem 6 strategy LP
time 12:39:33.587812
add relu layer to problem 7 strategy LP
time 12:39:33.622057
¦========================================================================¦
¦========================================================================¦
add affine layer to problem 8 strategy LP
time 12:39:52.194730
add relu layer to problem 9 strategy LP
time 12:39:52.229699
¦========================================================================¦
¦========================================================================¦
add affine layer to problem 10 strategy LP
time 12:40:38.168335
add relu layer to problem 11 strategy LP
time 12:40:38.170322
¦========================================================================¦
¦========================================================================¦
time 12:40:43.195304
logit 0 is strictly smaller than the label logit (2)
logit 1 is strictly smaller than the label logit (2)
logit 3 is strictly smaller than the label logit (2)
logit 4 is strictly smaller than the label logit (2)
logit 5 is strictly smaller than the label logit (2)
logit 6 is strictly smaller than the label logit (2)
logit 7 is strictly smaller than the label logit (2)
logit 8 is strictly smaller than the label logit (2)
logit 9 is strictly smaller than the label logit (2)
verified
analysis time:  87.16659808158875  seconds
epsilon is in:
[0.010468749999999999, 0.01125]
