../mnist_nets/mnist_relu_6_200.txt ../mnist_images/img79.txt
try epsilon of  0.017499999999999998
time 12:28:08.089457
the number of processes used is 4
add affine layer to problem 0 strategy LP
time 12:28:08.103196
add relu layer to problem 1 strategy LP
time 12:28:08.233699
¦========================================================================¦
¦========================================================================¦
add affine layer to problem 2 strategy LP
time 12:28:11.233314
add relu layer to problem 3 strategy LP
time 12:28:11.270811
¦========================================================================¦
¦========================================================================¦
add affine layer to problem 4 strategy LP
time 12:28:18.127747
add relu layer to problem 5 strategy LP
time 12:28:18.169632
¦========================================================================¦
¦========================================================================¦
add affine layer to problem 6 strategy LP
time 12:28:33.527872
add relu layer to problem 7 strategy LP
time 12:28:33.566947
¦========================================================================¦
¦========================================================================¦
add affine layer to problem 8 strategy LP
time 12:29:15.464672
add relu layer to problem 9 strategy LP
time 12:29:15.505842
¦========================================================================¦
¦========================================================================¦
add affine layer to problem 10 strategy LP
time 12:31:18.469668
add relu layer to problem 11 strategy LP
time 12:31:18.472261
¦========================================================================¦
¦========================================================================¦
time 12:31:33.762583
logit 0 is strictly smaller than the label logit (7)
logit 1 is strictly smaller than the label logit (7)
logit 2 is strictly smaller than the label logit (7)
logit 3 is strictly smaller than the label logit (7)
logit 4 is strictly smaller than the label logit (7)
logit 5 is strictly smaller than the label logit (7)
logit 6 is strictly smaller than the label logit (7)
logit 8 is strictly smaller than the label logit (7)
logit 9 is strictly smaller than the label logit (7)
verified
analysis time:  209.7218999862671  seconds
epsilon is in:
[0.017499999999999998, 0.03]
try epsilon of  0.02375
time 12:31:39.872628
the number of processes used is 4
add affine layer to problem 0 strategy LP
time 12:31:39.876906
add relu layer to problem 1 strategy LP
time 12:31:40.038902
¦========================================================================¦
¦========================================================================¦
add affine layer to problem 2 strategy LP
time 12:31:43.187644
add relu layer to problem 3 strategy LP
time 12:31:43.228421
¦========================================================================¦
¦========================================================================¦
add affine layer to problem 4 strategy LP
time 12:31:50.754972
add relu layer to problem 5 strategy LP
time 12:31:50.796464
¦========================================================================¦
¦========================================================================¦
add affine layer to problem 6 strategy LP
time 12:32:12.929520
add relu layer to problem 7 strategy LP
time 12:32:12.969470
¦========================================================================¦
¦========================================================================¦
add affine layer to problem 8 strategy LP
time 12:33:30.868146
add relu layer to problem 9 strategy LP
time 12:33:30.909987
¦========================================================================¦
¦========================================================================¦
add affine layer to problem 10 strategy LP
time 12:38:16.072009
add relu layer to problem 11 strategy LP
time 12:38:16.074704
¦========================================================================¦
¦========================================================================¦
time 12:38:50.262260
logit 0 - label logit (7) <= 17.570087217820724
can not be verified
analysis time:  431.98055505752563  seconds
epsilon is in:
[0.017499999999999998, 0.02375]
try epsilon of  0.020624999999999998
time 12:38:53.920355
the number of processes used is 4
add affine layer to problem 0 strategy LP
time 12:38:53.924570
add relu layer to problem 1 strategy LP
time 12:38:54.086615
¦========================================================================¦
¦========================================================================¦
add affine layer to problem 2 strategy LP
time 12:38:57.358521
add relu layer to problem 3 strategy LP
time 12:38:57.398969
¦========================================================================¦
¦========================================================================¦
add affine layer to problem 4 strategy LP
time 12:39:04.416100
add relu layer to problem 5 strategy LP
time 12:39:04.457362
¦========================================================================¦
¦========================================================================¦
add affine layer to problem 6 strategy LP
time 12:39:22.602104
add relu layer to problem 7 strategy LP
time 12:39:22.642789
¦========================================================================¦
¦========================================================================¦
add affine layer to problem 8 strategy LP
time 12:40:16.457109
add relu layer to problem 9 strategy LP
time 12:40:16.497940
¦========================================================================¦
¦========================================================================¦
add affine layer to problem 10 strategy LP
time 12:43:16.281779
add relu layer to problem 11 strategy LP
time 12:43:16.284313
¦========================================================================¦
¦========================================================================¦
time 12:43:41.304518
logit 0 - label logit (7) <= 7.935681854976109
can not be verified
analysis time:  288.71859884262085  seconds
epsilon is in:
[0.017499999999999998, 0.020624999999999998]
try epsilon of  0.019062499999999996
time 12:43:44.700745
the number of processes used is 4
add affine layer to problem 0 strategy LP
time 12:43:44.705643
add relu layer to problem 1 strategy LP
time 12:43:44.873172
¦========================================================================¦
¦========================================================================¦
add affine layer to problem 2 strategy LP
time 12:43:48.062915
add relu layer to problem 3 strategy LP
time 12:43:48.104581
¦========================================================================¦
¦========================================================================¦
add affine layer to problem 4 strategy LP
time 12:43:55.223052
add relu layer to problem 5 strategy LP
time 12:43:55.263498
¦========================================================================¦
¦========================================================================¦
add affine layer to problem 6 strategy LP
time 12:44:12.649459
add relu layer to problem 7 strategy LP
time 12:44:12.690129
¦========================================================================¦
¦========================================================================¦
add affine layer to problem 8 strategy LP
time 12:45:04.839761
add relu layer to problem 9 strategy LP
time 12:45:04.880846
¦========================================================================¦
¦========================================================================¦
add affine layer to problem 10 strategy LP
time 12:47:44.547353
add relu layer to problem 11 strategy LP
time 12:47:44.549857
¦========================================================================¦
¦========================================================================¦
time 12:48:06.362660
logit 0 - label logit (7) <= 1.8693117491458175
can not be verified
analysis time:  262.5046899318695  seconds
epsilon is in:
[0.017499999999999998, 0.019062499999999996]
try epsilon of  0.01828125
time 12:48:09.307145
the number of processes used is 4
add affine layer to problem 0 strategy LP
time 12:48:09.311756
add relu layer to problem 1 strategy LP
time 12:48:09.476902
¦========================================================================¦
¦========================================================================¦
add affine layer to problem 2 strategy LP
time 12:48:12.851524
add relu layer to problem 3 strategy LP
time 12:48:12.892046
¦========================================================================¦
¦========================================================================¦
add affine layer to problem 4 strategy LP
time 12:48:20.236522
add relu layer to problem 5 strategy LP
time 12:48:20.277008
¦========================================================================¦
¦========================================================================¦
add affine layer to problem 6 strategy LP
time 12:48:36.233067
add relu layer to problem 7 strategy LP
time 12:48:36.273228
¦========================================================================¦
¦========================================================================¦
add affine layer to problem 8 strategy LP
time 12:49:20.434507
add relu layer to problem 9 strategy LP
time 12:49:20.475215
¦========================================================================¦
¦========================================================================¦
add affine layer to problem 10 strategy LP
time 12:51:25.098944
add relu layer to problem 11 strategy LP
time 12:51:25.101489
¦========================================================================¦
¦========================================================================¦
time 12:51:39.355038
logit 0 is strictly smaller than the label logit (7)
logit 1 - label logit (7) <= 0.6686109703553003
can not be verified
analysis time:  211.3861744403839  seconds
epsilon is in:
[0.017499999999999998, 0.01828125]
