../mnist_nets/mnist_relu_6_200.txt ../mnist_images/img86.txt
try epsilon of  0.017499999999999998
time 12:28:05.883924
the number of processes used is 4
add affine layer to problem 0 strategy LP
time 12:28:05.958782
add relu layer to problem 1 strategy LP
time 12:28:06.084437
¦========================================================================¦
¦========================================================================¦
add affine layer to problem 2 strategy LP
time 12:28:09.292021
add relu layer to problem 3 strategy LP
time 12:28:09.325454
¦========================================================================¦
¦========================================================================¦
add affine layer to problem 4 strategy LP
time 12:28:17.127761
add relu layer to problem 5 strategy LP
time 12:28:17.163514
¦========================================================================¦
¦========================================================================¦
add affine layer to problem 6 strategy LP
time 12:28:34.232464
add relu layer to problem 7 strategy LP
time 12:28:34.267601
¦========================================================================¦
¦========================================================================¦
add affine layer to problem 8 strategy LP
time 12:29:20.616751
add relu layer to problem 9 strategy LP
time 12:29:20.652395
¦========================================================================¦
¦========================================================================¦
add affine layer to problem 10 strategy LP
time 12:31:01.122944
add relu layer to problem 11 strategy LP
time 12:31:01.125440
¦========================================================================¦
¦========================================================================¦
time 12:31:09.982454
logit 0 is strictly smaller than the label logit (7)
logit 1 is strictly smaller than the label logit (7)
logit 2 is strictly smaller than the label logit (7)
logit 3 is strictly smaller than the label logit (7)
logit 4 is strictly smaller than the label logit (7)
logit 5 is strictly smaller than the label logit (7)
logit 6 is strictly smaller than the label logit (7)
logit 8 is strictly smaller than the label logit (7)
logit 9 is strictly smaller than the label logit (7)
verified
analysis time:  185.80159187316895  seconds
epsilon is in:
[0.017499999999999998, 0.03]
try epsilon of  0.02375
time 12:31:13.748179
the number of processes used is 4
add affine layer to problem 0 strategy LP
time 12:31:13.753012
add relu layer to problem 1 strategy LP
time 12:31:13.896981
¦========================================================================¦
¦========================================================================¦
add affine layer to problem 2 strategy LP
time 12:31:17.062291
add relu layer to problem 3 strategy LP
time 12:31:17.098802
¦========================================================================¦
¦========================================================================¦
add affine layer to problem 4 strategy LP
time 12:31:25.020083
add relu layer to problem 5 strategy LP
time 12:31:25.058461
¦========================================================================¦
¦========================================================================¦
add affine layer to problem 6 strategy LP
time 12:31:54.639784
add relu layer to problem 7 strategy LP
time 12:31:54.676127
¦========================================================================¦
¦========================================================================¦
add affine layer to problem 8 strategy LP
time 12:33:47.551816
add relu layer to problem 9 strategy LP
time 12:33:47.589021
¦========================================================================¦
¦========================================================================¦
add affine layer to problem 10 strategy LP
time 12:40:07.694857
add relu layer to problem 11 strategy LP
time 12:40:07.697225
¦========================================================================¦
¦========================================================================¦
time 12:40:56.149468
logit 0 - label logit (7) <= 18.565612127522762
can not be verified
analysis time:  584.2482697963715  seconds
epsilon is in:
[0.017499999999999998, 0.02375]
try epsilon of  0.020624999999999998
time 12:41:00.039821
the number of processes used is 4
add affine layer to problem 0 strategy LP
time 12:41:00.044326
add relu layer to problem 1 strategy LP
time 12:41:00.188571
¦========================================================================¦
¦========================================================================¦
add affine layer to problem 2 strategy LP
time 12:41:03.215402
add relu layer to problem 3 strategy LP
time 12:41:03.249573
¦========================================================================¦
¦========================================================================¦
add affine layer to problem 4 strategy LP
time 12:41:09.922253
add relu layer to problem 5 strategy LP
time 12:41:09.959141
¦========================================================================¦
¦========================================================================¦
add affine layer to problem 6 strategy LP
time 12:41:31.039322
add relu layer to problem 7 strategy LP
time 12:41:31.074376
¦========================================================================¦
¦========================================================================¦
add affine layer to problem 8 strategy LP
time 12:42:37.462472
add relu layer to problem 9 strategy LP
time 12:42:37.499606
¦========================================================================¦
¦========================================================================¦
add affine layer to problem 10 strategy LP
time 12:45:40.568184
add relu layer to problem 11 strategy LP
time 12:45:40.570411
¦========================================================================¦
¦========================================================================¦
time 12:45:59.859681
logit 0 - label logit (7) <= 3.0548140229030825
can not be verified
analysis time:  300.8600308895111  seconds
epsilon is in:
[0.017499999999999998, 0.020624999999999998]
try epsilon of  0.019062499999999996
time 12:46:02.970587
the number of processes used is 4
add affine layer to problem 0 strategy LP
time 12:46:02.975307
add relu layer to problem 1 strategy LP
time 12:46:03.118972
¦========================================================================¦
¦========================================================================¦
add affine layer to problem 2 strategy LP
time 12:46:06.150656
add relu layer to problem 3 strategy LP
time 12:46:06.184863
¦========================================================================¦
¦========================================================================¦
add affine layer to problem 4 strategy LP
time 12:46:13.209224
add relu layer to problem 5 strategy LP
time 12:46:13.246988
¦========================================================================¦
¦========================================================================¦
add affine layer to problem 6 strategy LP
time 12:46:34.179174
add relu layer to problem 7 strategy LP
time 12:46:34.215535
¦========================================================================¦
¦========================================================================¦
add affine layer to problem 8 strategy LP
time 12:47:35.478165
add relu layer to problem 9 strategy LP
time 12:47:35.514268
¦========================================================================¦
¦========================================================================¦
add affine layer to problem 10 strategy LP
time 12:50:15.410337
add relu layer to problem 11 strategy LP
time 12:50:15.412602
¦========================================================================¦
¦========================================================================¦
time 12:50:33.540016
logit 0 is strictly smaller than the label logit (7)
logit 1 is strictly smaller than the label logit (7)
logit 2 is strictly smaller than the label logit (7)
logit 3 is strictly smaller than the label logit (7)
logit 4 is strictly smaller than the label logit (7)
logit 5 is strictly smaller than the label logit (7)
logit 6 is strictly smaller than the label logit (7)
logit 8 is strictly smaller than the label logit (7)
logit 9 is strictly smaller than the label logit (7)
verified
analysis time:  274.18786811828613  seconds
epsilon is in:
[0.019062499999999996, 0.020624999999999998]
try epsilon of  0.019843749999999997
time 12:50:39.211744
the number of processes used is 4
add affine layer to problem 0 strategy LP
time 12:50:39.216492
add relu layer to problem 1 strategy LP
time 12:50:39.363778
¦========================================================================¦
¦========================================================================¦
add affine layer to problem 2 strategy LP
time 12:50:42.577764
add relu layer to problem 3 strategy LP
time 12:50:42.613553
¦========================================================================¦
¦========================================================================¦
add affine layer to problem 4 strategy LP
time 12:50:50.293605
add relu layer to problem 5 strategy LP
time 12:50:50.330647
¦========================================================================¦
¦========================================================================¦
add affine layer to problem 6 strategy LP
time 12:51:13.177959
add relu layer to problem 7 strategy LP
time 12:51:13.213631
¦========================================================================¦
¦========================================================================¦
add affine layer to problem 8 strategy LP
time 12:52:20.353760
add relu layer to problem 9 strategy LP
time 12:52:20.391036
¦========================================================================¦
¦========================================================================¦
add affine layer to problem 10 strategy LP
time 12:55:22.789942
add relu layer to problem 11 strategy LP
time 12:55:22.792170
¦========================================================================¦
¦========================================================================¦
time 12:55:43.800169
logit 0 is strictly smaller than the label logit (7)
logit 1 - label logit (7) <= 1.1430673566212963
can not be verified
analysis time:  306.0494363307953  seconds
epsilon is in:
[0.019062499999999996, 0.019843749999999997]
