../mnist_nets/mnist_relu_6_200.txt ../mnist_images/img24.txt
try epsilon of  0.017499999999999998
time 12:28:00.463747
the number of processes used is 4
add affine layer to problem 0 strategy LP
time 12:28:00.488329
add relu layer to problem 1 strategy LP
time 12:28:00.624992
¦========================================================================¦
¦========================================================================¦
add affine layer to problem 2 strategy LP
time 12:28:03.844196
add relu layer to problem 3 strategy LP
time 12:28:03.882664
¦========================================================================¦
¦========================================================================¦
add affine layer to problem 4 strategy LP
time 12:28:13.277319
add relu layer to problem 5 strategy LP
time 12:28:13.317688
¦========================================================================¦
¦========================================================================¦
add affine layer to problem 6 strategy LP
time 12:28:53.548030
add relu layer to problem 7 strategy LP
time 12:28:53.588892
¦========================================================================¦
¦========================================================================¦
add affine layer to problem 8 strategy LP
time 12:31:54.003935
add relu layer to problem 9 strategy LP
time 12:31:54.045850
¦========================================================================¦
¦========================================================================¦
add affine layer to problem 10 strategy LP
time 12:43:25.127682
add relu layer to problem 11 strategy LP
time 12:43:25.130213
¦========================================================================¦
¦========================================================================¦
time 12:44:49.096133
logit 0 - label logit (4) <= 26.098100805896777
can not be verified
analysis time:  1010.7826106548309  seconds
epsilon is in:
[0.005, 0.017499999999999998]
try epsilon of  0.01125
time 12:44:53.319887
the number of processes used is 4
add affine layer to problem 0 strategy LP
time 12:44:53.324266
add relu layer to problem 1 strategy LP
time 12:44:53.490151
¦========================================================================¦
¦========================================================================¦
add affine layer to problem 2 strategy LP
time 12:44:56.435692
add relu layer to problem 3 strategy LP
time 12:44:56.476127
¦========================================================================¦
¦========================================================================¦
add affine layer to problem 4 strategy LP
time 12:45:03.259244
add relu layer to problem 5 strategy LP
time 12:45:03.303446
¦========================================================================¦
¦========================================================================¦
add affine layer to problem 6 strategy LP
time 12:45:18.901062
add relu layer to problem 7 strategy LP
time 12:45:18.944247
¦========================================================================¦
¦========================================================================¦
add affine layer to problem 8 strategy LP
time 12:45:53.672739
add relu layer to problem 9 strategy LP
time 12:45:53.711540
¦========================================================================¦
¦========================================================================¦
add affine layer to problem 10 strategy LP
time 12:47:14.341669
add relu layer to problem 11 strategy LP
time 12:47:14.344343
¦========================================================================¦
¦========================================================================¦
time 12:47:21.029872
logit 0 is strictly smaller than the label logit (4)
logit 1 is strictly smaller than the label logit (4)
logit 2 is strictly smaller than the label logit (4)
logit 3 is strictly smaller than the label logit (4)
logit 5 is strictly smaller than the label logit (4)
logit 6 is strictly smaller than the label logit (4)
logit 7 is strictly smaller than the label logit (4)
logit 8 is strictly smaller than the label logit (4)
logit 9 is strictly smaller than the label logit (4)
verified
analysis time:  149.51798224449158  seconds
epsilon is in:
[0.01125, 0.017499999999999998]
try epsilon of  0.014374999999999999
time 12:47:24.892504
the number of processes used is 4
add affine layer to problem 0 strategy LP
time 12:47:24.897147
add relu layer to problem 1 strategy LP
time 12:47:25.058966
¦========================================================================¦
¦========================================================================¦
add affine layer to problem 2 strategy LP
time 12:47:28.067243
add relu layer to problem 3 strategy LP
time 12:47:28.109095
¦========================================================================¦
¦========================================================================¦
add affine layer to problem 4 strategy LP
time 12:47:36.527942
add relu layer to problem 5 strategy LP
time 12:47:36.572150
¦========================================================================¦
¦========================================================================¦
add affine layer to problem 6 strategy LP
time 12:48:01.559891
add relu layer to problem 7 strategy LP
time 12:48:01.606352
¦========================================================================¦
¦========================================================================¦
add affine layer to problem 8 strategy LP
time 12:49:25.096401
add relu layer to problem 9 strategy LP
time 12:49:25.139427
¦========================================================================¦
¦========================================================================¦
add affine layer to problem 10 strategy LP
time 12:53:36.190230
add relu layer to problem 11 strategy LP
time 12:53:36.192830
¦========================================================================¦
¦========================================================================¦
time 12:54:04.925688
logit 0 - label logit (4) <= 6.765254649489403
can not be verified
analysis time:  401.3130271434784  seconds
epsilon is in:
[0.01125, 0.014374999999999999]
try epsilon of  0.0128125
time 12:54:08.293564
the number of processes used is 4
add affine layer to problem 0 strategy LP
time 12:54:08.298306
add relu layer to problem 1 strategy LP
time 12:54:08.463557
¦========================================================================¦
¦========================================================================¦
add affine layer to problem 2 strategy LP
time 12:54:11.547335
add relu layer to problem 3 strategy LP
time 12:54:11.589552
¦========================================================================¦
¦========================================================================¦
add affine layer to problem 4 strategy LP
time 12:54:18.935346
add relu layer to problem 5 strategy LP
time 12:54:18.976643
¦========================================================================¦
¦========================================================================¦
add affine layer to problem 6 strategy LP
time 12:54:39.947690
add relu layer to problem 7 strategy LP
time 12:54:39.990681
¦========================================================================¦
¦========================================================================¦
add affine layer to problem 8 strategy LP
time 12:55:43.207105
add relu layer to problem 9 strategy LP
time 12:55:43.248332
¦========================================================================¦
¦========================================================================¦
add affine layer to problem 10 strategy LP
time 12:58:26.745691
add relu layer to problem 11 strategy LP
time 12:58:26.748310
¦========================================================================¦
¦========================================================================¦
time 12:58:41.107011
logit 0 - label logit (4) <= 0.9651223187200288
can not be verified
analysis time:  273.60194969177246  seconds
epsilon is in:
[0.01125, 0.0128125]
try epsilon of  0.01203125
time 12:58:43.974987
the number of processes used is 4
add affine layer to problem 0 strategy LP
time 12:58:43.979221
add relu layer to problem 1 strategy LP
time 12:58:44.150149
¦========================================================================¦
¦========================================================================¦
add affine layer to problem 2 strategy LP
time 12:58:47.056265
add relu layer to problem 3 strategy LP
time 12:58:47.099247
¦========================================================================¦
¦========================================================================¦
add affine layer to problem 4 strategy LP
time 12:58:54.974322
add relu layer to problem 5 strategy LP
time 12:58:55.019390
¦========================================================================¦
¦========================================================================¦
add affine layer to problem 6 strategy LP
time 12:59:11.962632
add relu layer to problem 7 strategy LP
time 12:59:12.003366
¦========================================================================¦
¦========================================================================¦
add affine layer to problem 8 strategy LP
time 12:59:58.545618
add relu layer to problem 9 strategy LP
time 12:59:58.587938
¦========================================================================¦
¦========================================================================¦
add affine layer to problem 10 strategy LP
time 13:01:57.007904
add relu layer to problem 11 strategy LP
time 13:01:57.010647
¦========================================================================¦
¦========================================================================¦
time 13:02:08.771362
logit 0 is strictly smaller than the label logit (4)
logit 1 is strictly smaller than the label logit (4)
logit 2 is strictly smaller than the label logit (4)
logit 3 is strictly smaller than the label logit (4)
logit 5 is strictly smaller than the label logit (4)
logit 6 is strictly smaller than the label logit (4)
logit 7 is strictly smaller than the label logit (4)
logit 8 is strictly smaller than the label logit (4)
logit 9 - label logit (4) <= 0.029766580852004676
can not be verified
analysis time:  208.86246371269226  seconds
epsilon is in:
[0.01125, 0.01203125]
