../mnist_nets/mnist_relu_6_200.txt ../mnist_images/img6.txt
try epsilon of  0.017499999999999998
time 14:17:23.227281
the number of processes used is 4
add affine layer to problem 0 strategy LP
time 14:17:23.244827
add relu layer to problem 1 strategy LP
time 14:17:23.367508
¦========================================================================¦
¦========================================================================¦
add affine layer to problem 2 strategy LP
time 14:17:25.400133
add relu layer to problem 3 strategy LP
time 14:17:25.434439
¦========================================================================¦
¦========================================================================¦
add affine layer to problem 4 strategy LP
time 14:17:29.987619
add relu layer to problem 5 strategy LP
time 14:17:30.021812
¦========================================================================¦
¦========================================================================¦
add affine layer to problem 6 strategy LP
time 14:17:43.915976
add relu layer to problem 7 strategy LP
time 14:17:43.950233
¦========================================================================¦
¦========================================================================¦
add affine layer to problem 8 strategy LP
time 14:18:34.145310
add relu layer to problem 9 strategy LP
time 14:18:34.179982
¦========================================================================¦
¦========================================================================¦
add affine layer to problem 10 strategy LP
time 14:21:11.551206
add relu layer to problem 11 strategy LP
time 14:21:11.553219
¦========================================================================¦
¦========================================================================¦
time 14:21:28.134289
logit 0 - label logit (4) <= 10.340530413336804
can not be verified
analysis time:  245.84455966949463  seconds
epsilon is in:
[0.005, 0.017499999999999998]
try epsilon of  0.01125
time 14:21:30.867343
the number of processes used is 4
add affine layer to problem 0 strategy LP
time 14:21:30.870963
add relu layer to problem 1 strategy LP
time 14:21:30.991754
¦========================================================================¦
¦========================================================================¦
add affine layer to problem 2 strategy LP
time 14:21:33.036731
add relu layer to problem 3 strategy LP
time 14:21:33.070845
¦========================================================================¦
¦========================================================================¦
add affine layer to problem 4 strategy LP
time 14:21:36.998706
add relu layer to problem 5 strategy LP
time 14:21:37.033651
¦========================================================================¦
¦========================================================================¦
add affine layer to problem 6 strategy LP
time 14:21:44.633003
add relu layer to problem 7 strategy LP
time 14:21:44.667036
¦========================================================================¦
¦========================================================================¦
add affine layer to problem 8 strategy LP
time 14:22:00.857142
add relu layer to problem 9 strategy LP
time 14:22:00.891972
¦========================================================================¦
¦========================================================================¦
add affine layer to problem 10 strategy LP
time 14:22:31.661723
add relu layer to problem 11 strategy LP
time 14:22:31.663712
¦========================================================================¦
¦========================================================================¦
time 14:22:34.479975
logit 0 is strictly smaller than the label logit (4)
logit 1 is strictly smaller than the label logit (4)
logit 2 is strictly smaller than the label logit (4)
logit 3 is strictly smaller than the label logit (4)
logit 5 is strictly smaller than the label logit (4)
logit 6 is strictly smaller than the label logit (4)
logit 7 is strictly smaller than the label logit (4)
logit 8 is strictly smaller than the label logit (4)
logit 9 is strictly smaller than the label logit (4)
verified
analysis time:  64.67328691482544  seconds
epsilon is in:
[0.01125, 0.017499999999999998]
try epsilon of  0.014374999999999999
time 14:22:37.335757
the number of processes used is 4
add affine layer to problem 0 strategy LP
time 14:22:37.339320
add relu layer to problem 1 strategy LP
time 14:22:37.460136
¦========================================================================¦
¦========================================================================¦
add affine layer to problem 2 strategy LP
time 14:22:39.508701
add relu layer to problem 3 strategy LP
time 14:22:39.542796
¦========================================================================¦
¦========================================================================¦
add affine layer to problem 4 strategy LP
time 14:22:43.801526
add relu layer to problem 5 strategy LP
time 14:22:43.836530
¦========================================================================¦
¦========================================================================¦
add affine layer to problem 6 strategy LP
time 14:22:53.936709
add relu layer to problem 7 strategy LP
time 14:22:53.975668
¦========================================================================¦
¦========================================================================¦
add affine layer to problem 8 strategy LP
time 14:23:21.143388
add relu layer to problem 9 strategy LP
time 14:23:21.178168
¦========================================================================¦
¦========================================================================¦
add affine layer to problem 10 strategy LP
time 14:24:23.024790
add relu layer to problem 11 strategy LP
time 14:24:23.026761
¦========================================================================¦
¦========================================================================¦
time 14:24:30.407023
logit 0 - label logit (4) <= 1.8610175362777763
can not be verified
analysis time:  113.60433435440063  seconds
epsilon is in:
[0.01125, 0.014374999999999999]
try epsilon of  0.0128125
time 14:24:32.732926
the number of processes used is 4
add affine layer to problem 0 strategy LP
time 14:24:32.736525
add relu layer to problem 1 strategy LP
time 14:24:32.857638
¦========================================================================¦
¦========================================================================¦
add affine layer to problem 2 strategy LP
time 14:24:34.907284
add relu layer to problem 3 strategy LP
time 14:24:34.941348
¦========================================================================¦
¦========================================================================¦
add affine layer to problem 4 strategy LP
time 14:24:39.078828
add relu layer to problem 5 strategy LP
time 14:24:39.113780
¦========================================================================¦
¦========================================================================¦
add affine layer to problem 6 strategy LP
time 14:24:48.300872
add relu layer to problem 7 strategy LP
time 14:24:48.335001
¦========================================================================¦
¦========================================================================¦
add affine layer to problem 8 strategy LP
time 14:25:10.472786
add relu layer to problem 9 strategy LP
time 14:25:10.506937
¦========================================================================¦
¦========================================================================¦
add affine layer to problem 10 strategy LP
time 14:25:57.101242
add relu layer to problem 11 strategy LP
time 14:25:57.103205
¦========================================================================¦
¦========================================================================¦
time 14:26:02.843163
logit 0 is strictly smaller than the label logit (4)
logit 1 is strictly smaller than the label logit (4)
logit 2 is strictly smaller than the label logit (4)
logit 3 is strictly smaller than the label logit (4)
logit 5 is strictly smaller than the label logit (4)
logit 6 is strictly smaller than the label logit (4)
logit 7 - label logit (4) <= 0.6898035687208797
can not be verified
analysis time:  91.97151398658752  seconds
epsilon is in:
[0.01125, 0.0128125]
try epsilon of  0.01203125
time 14:26:06.499817
the number of processes used is 4
add affine layer to problem 0 strategy LP
time 14:26:06.503451
add relu layer to problem 1 strategy LP
time 14:26:06.624092
¦========================================================================¦
¦========================================================================¦
add affine layer to problem 2 strategy LP
time 14:26:08.690742
add relu layer to problem 3 strategy LP
time 14:26:08.724716
¦========================================================================¦
¦========================================================================¦
add affine layer to problem 4 strategy LP
time 14:26:12.803275
add relu layer to problem 5 strategy LP
time 14:26:12.838262
¦========================================================================¦
¦========================================================================¦
add affine layer to problem 6 strategy LP
time 14:26:20.973623
add relu layer to problem 7 strategy LP
time 14:26:21.007751
¦========================================================================¦
¦========================================================================¦
add affine layer to problem 8 strategy LP
time 14:26:39.137627
add relu layer to problem 9 strategy LP
time 14:26:39.172354
¦========================================================================¦
¦========================================================================¦
add affine layer to problem 10 strategy LP
time 14:27:15.768941
add relu layer to problem 11 strategy LP
time 14:27:15.770927
¦========================================================================¦
¦========================================================================¦
time 14:27:20.160768
logit 0 is strictly smaller than the label logit (4)
logit 1 is strictly smaller than the label logit (4)
logit 2 is strictly smaller than the label logit (4)
logit 3 is strictly smaller than the label logit (4)
logit 5 is strictly smaller than the label logit (4)
logit 6 is strictly smaller than the label logit (4)
logit 7 is strictly smaller than the label logit (4)
logit 8 is strictly smaller than the label logit (4)
logit 9 is strictly smaller than the label logit (4)
verified
analysis time:  75.0002748966217  seconds
epsilon is in:
[0.01203125, 0.0128125]
