../mnist_nets/mnist_relu_6_200.txt ../mnist_images/img2.txt
try epsilon of  0.017499999999999998
time 12:27:36.183810
the number of processes used is 12
add affine layer to problem 0 strategy LP
time 12:27:36.201508
add relu layer to problem 1 strategy LP
time 12:27:36.274299
¦========================================================================¦
¦========================================================================¦
add affine layer to problem 2 strategy LP
time 12:27:38.687264
add relu layer to problem 3 strategy LP
time 12:27:38.707328
¦========================================================================¦
¦========================================================================¦
add affine layer to problem 4 strategy LP
time 12:27:44.839763
add relu layer to problem 5 strategy LP
time 12:27:44.859746
¦========================================================================¦
¦========================================================================¦
add affine layer to problem 6 strategy LP
time 12:28:16.491345
add relu layer to problem 7 strategy LP
time 12:28:16.511151
¦========================================================================¦
¦========================================================================¦
add affine layer to problem 8 strategy LP
time 12:30:39.048857
add relu layer to problem 9 strategy LP
time 12:30:39.069324
¦========================================================================¦
¦========================================================================¦
add affine layer to problem 10 strategy LP
time 12:42:00.706493
add relu layer to problem 11 strategy LP
time 12:42:00.707607
¦========================================================================¦
¦========================================================================¦
time 12:42:38.679344
logit 0 - label logit (1) <= 70.08353927016783
can not be verified
analysis time:  904.3442800045013  seconds
epsilon is in:
[0.005, 0.017499999999999998]
try epsilon of  0.01125
time 12:42:41.771200
the number of processes used is 12
add affine layer to problem 0 strategy LP
time 12:42:41.773594
add relu layer to problem 1 strategy LP
time 12:42:41.842162
¦========================================================================¦
¦========================================================================¦
add affine layer to problem 2 strategy LP
time 12:42:43.870603
add relu layer to problem 3 strategy LP
time 12:42:43.889772
¦========================================================================¦
¦========================================================================¦
add affine layer to problem 4 strategy LP
time 12:42:48.513702
add relu layer to problem 5 strategy LP
time 12:42:48.533519
¦========================================================================¦
¦========================================================================¦
add affine layer to problem 6 strategy LP
time 12:43:01.772390
add relu layer to problem 7 strategy LP
time 12:43:01.791669
¦========================================================================¦
¦========================================================================¦
add affine layer to problem 8 strategy LP
time 12:43:44.428927
add relu layer to problem 9 strategy LP
time 12:43:44.448480
¦========================================================================¦
¦========================================================================¦
add affine layer to problem 10 strategy LP
time 12:47:24.162307
add relu layer to problem 11 strategy LP
time 12:47:24.163426
¦========================================================================¦
¦========================================================================¦
time 12:47:50.196749
logit 0 - label logit (1) <= 9.510854159814755
can not be verified
analysis time:  309.84312868118286  seconds
epsilon is in:
[0.005, 0.01125]
try epsilon of  0.008125
time 12:47:52.782254
the number of processes used is 12
add affine layer to problem 0 strategy LP
time 12:47:52.784363
add relu layer to problem 1 strategy LP
time 12:47:52.853021
¦========================================================================¦
¦========================================================================¦
add affine layer to problem 2 strategy LP
time 12:47:54.934731
add relu layer to problem 3 strategy LP
time 12:47:54.954299
¦========================================================================¦
¦========================================================================¦
add affine layer to problem 4 strategy LP
time 12:47:59.276925
add relu layer to problem 5 strategy LP
time 12:47:59.295858
¦========================================================================¦
¦========================================================================¦
add affine layer to problem 6 strategy LP
time 12:48:08.515309
add relu layer to problem 7 strategy LP
time 12:48:08.534379
¦========================================================================¦
¦========================================================================¦
add affine layer to problem 8 strategy LP
time 12:48:29.925889
add relu layer to problem 9 strategy LP
time 12:48:29.945051
¦========================================================================¦
¦========================================================================¦
add affine layer to problem 10 strategy LP
time 12:50:26.750468
add relu layer to problem 11 strategy LP
time 12:50:26.751629
¦========================================================================¦
¦========================================================================¦
time 12:50:34.036355
logit 0 is strictly smaller than the label logit (1)
logit 2 is strictly smaller than the label logit (1)
logit 3 is strictly smaller than the label logit (1)
logit 4 is strictly smaller than the label logit (1)
logit 5 is strictly smaller than the label logit (1)
logit 6 is strictly smaller than the label logit (1)
logit 7 is strictly smaller than the label logit (1)
logit 8 is strictly smaller than the label logit (1)
logit 9 is strictly smaller than the label logit (1)
verified
analysis time:  163.42707657814026  seconds
epsilon is in:
[0.008125, 0.01125]
try epsilon of  0.0096875
time 12:50:37.374928
the number of processes used is 12
add affine layer to problem 0 strategy LP
time 12:50:37.377482
add relu layer to problem 1 strategy LP
time 12:50:37.446236
¦========================================================================¦
¦========================================================================¦
add affine layer to problem 2 strategy LP
time 12:50:39.520684
add relu layer to problem 3 strategy LP
time 12:50:39.540080
¦========================================================================¦
¦========================================================================¦
add affine layer to problem 4 strategy LP
time 12:50:44.053830
add relu layer to problem 5 strategy LP
time 12:50:44.072623
¦========================================================================¦
¦========================================================================¦
add affine layer to problem 6 strategy LP
time 12:50:55.279921
add relu layer to problem 7 strategy LP
time 12:50:55.298826
¦========================================================================¦
¦========================================================================¦
add affine layer to problem 8 strategy LP
time 12:51:29.527966
add relu layer to problem 9 strategy LP
time 12:51:29.547116
¦========================================================================¦
¦========================================================================¦
add affine layer to problem 10 strategy LP
time 12:53:46.345259
add relu layer to problem 11 strategy LP
time 12:53:46.346377
¦========================================================================¦
¦========================================================================¦
time 12:54:02.736866
logit 0 - label logit (1) <= 1.9854166152109627
can not be verified
analysis time:  206.312020778656  seconds
epsilon is in:
[0.008125, 0.0096875]
try epsilon of  0.008906250000000001
time 12:54:04.851880
the number of processes used is 12
add affine layer to problem 0 strategy LP
time 12:54:04.854025
add relu layer to problem 1 strategy LP
time 12:54:04.922427
¦========================================================================¦
¦========================================================================¦
add affine layer to problem 2 strategy LP
time 12:54:07.001848
add relu layer to problem 3 strategy LP
time 12:54:07.021224
¦========================================================================¦
¦========================================================================¦
add affine layer to problem 4 strategy LP
time 12:54:11.400209
add relu layer to problem 5 strategy LP
time 12:54:11.419093
¦========================================================================¦
¦========================================================================¦
add affine layer to problem 6 strategy LP
time 12:54:20.906309
add relu layer to problem 7 strategy LP
time 12:54:20.925303
¦========================================================================¦
¦========================================================================¦
add affine layer to problem 8 strategy LP
time 12:54:46.240853
add relu layer to problem 9 strategy LP
time 12:54:46.259938
¦========================================================================¦
¦========================================================================¦
add affine layer to problem 10 strategy LP
time 12:55:45.190358
add relu layer to problem 11 strategy LP
time 12:55:45.191495
¦========================================================================¦
¦========================================================================¦
time 12:55:56.600260
logit 0 is strictly smaller than the label logit (1)
logit 2 - label logit (1) <= 0.44711822454057115
can not be verified
analysis time:  112.97544574737549  seconds
epsilon is in:
[0.008125, 0.008906250000000001]
