../mnist_nets/mnist_relu_6_200.txt ../mnist_images/img81.txt
try epsilon of  0.017499999999999998
time 13:18:29.903344
the number of processes used is 4
add affine layer to problem 0 strategy LP
time 13:18:29.920617
add relu layer to problem 1 strategy LP
time 13:18:30.071901
¦========================================================================¦
¦========================================================================¦
add affine layer to problem 2 strategy LP
time 13:18:33.272908
add relu layer to problem 3 strategy LP
time 13:18:33.312443
¦========================================================================¦
¦========================================================================¦
add affine layer to problem 4 strategy LP
time 13:18:40.452991
add relu layer to problem 5 strategy LP
time 13:18:40.494027
¦========================================================================¦
¦========================================================================¦
add affine layer to problem 6 strategy LP
time 13:18:56.410961
add relu layer to problem 7 strategy LP
time 13:18:56.450579
¦========================================================================¦
¦========================================================================¦
add affine layer to problem 8 strategy LP
time 13:19:48.072661
add relu layer to problem 9 strategy LP
time 13:19:48.111330
¦========================================================================¦
¦========================================================================¦
add affine layer to problem 10 strategy LP
time 13:23:14.343798
add relu layer to problem 11 strategy LP
time 13:23:14.346095
¦========================================================================¦
¦========================================================================¦
time 13:23:44.729968
logit 0 - label logit (6) <= 7.700917697882398
can not be verified
analysis time:  316.27939891815186  seconds
epsilon is in:
[0.005, 0.017499999999999998]
try epsilon of  0.01125
time 13:23:48.260805
the number of processes used is 4
add affine layer to problem 0 strategy LP
time 13:23:48.265650
add relu layer to problem 1 strategy LP
time 13:23:48.420296
¦========================================================================¦
¦========================================================================¦
add affine layer to problem 2 strategy LP
time 13:23:51.490203
add relu layer to problem 3 strategy LP
time 13:23:51.528784
¦========================================================================¦
¦========================================================================¦
add affine layer to problem 4 strategy LP
time 13:23:58.219502
add relu layer to problem 5 strategy LP
time 13:23:58.259120
¦========================================================================¦
¦========================================================================¦
add affine layer to problem 6 strategy LP
time 13:24:10.405407
add relu layer to problem 7 strategy LP
time 13:24:10.444861
¦========================================================================¦
¦========================================================================¦
add affine layer to problem 8 strategy LP
time 13:24:31.115376
add relu layer to problem 9 strategy LP
time 13:24:31.155921
¦========================================================================¦
¦========================================================================¦
add affine layer to problem 10 strategy LP
time 13:25:13.689847
add relu layer to problem 11 strategy LP
time 13:25:13.692285
¦========================================================================¦
¦========================================================================¦
time 13:25:17.982726
logit 0 is strictly smaller than the label logit (6)
logit 1 is strictly smaller than the label logit (6)
logit 2 is strictly smaller than the label logit (6)
logit 3 is strictly smaller than the label logit (6)
logit 4 is strictly smaller than the label logit (6)
logit 5 is strictly smaller than the label logit (6)
logit 7 is strictly smaller than the label logit (6)
logit 8 is strictly smaller than the label logit (6)
logit 9 is strictly smaller than the label logit (6)
verified
analysis time:  90.91670346260071  seconds
epsilon is in:
[0.01125, 0.017499999999999998]
try epsilon of  0.014374999999999999
time 13:25:21.235454
the number of processes used is 4
add affine layer to problem 0 strategy LP
time 13:25:21.240434
add relu layer to problem 1 strategy LP
time 13:25:21.392462
¦========================================================================¦
¦========================================================================¦
add affine layer to problem 2 strategy LP
time 13:25:24.530739
add relu layer to problem 3 strategy LP
time 13:25:24.569731
¦========================================================================¦
¦========================================================================¦
add affine layer to problem 4 strategy LP
time 13:25:31.727736
add relu layer to problem 5 strategy LP
time 13:25:31.766968
¦========================================================================¦
¦========================================================================¦
add affine layer to problem 6 strategy LP
time 13:25:47.402718
add relu layer to problem 7 strategy LP
time 13:25:47.442077
¦========================================================================¦
¦========================================================================¦
add affine layer to problem 8 strategy LP
time 13:26:21.527713
add relu layer to problem 9 strategy LP
time 13:26:21.568699
¦========================================================================¦
¦========================================================================¦
add affine layer to problem 10 strategy LP
time 13:27:56.699815
add relu layer to problem 11 strategy LP
time 13:27:56.702416
¦========================================================================¦
¦========================================================================¦
time 13:28:05.193128
logit 0 is strictly smaller than the label logit (6)
logit 1 is strictly smaller than the label logit (6)
logit 2 is strictly smaller than the label logit (6)
logit 3 is strictly smaller than the label logit (6)
logit 4 is strictly smaller than the label logit (6)
logit 5 is strictly smaller than the label logit (6)
logit 7 is strictly smaller than the label logit (6)
logit 8 is strictly smaller than the label logit (6)
logit 9 is strictly smaller than the label logit (6)
verified
analysis time:  166.45352292060852  seconds
epsilon is in:
[0.014374999999999999, 0.017499999999999998]
try epsilon of  0.0159375
time 13:28:09.729487
the number of processes used is 4
add affine layer to problem 0 strategy LP
time 13:28:09.734088
add relu layer to problem 1 strategy LP
time 13:28:09.887953
¦========================================================================¦
¦========================================================================¦
add affine layer to problem 2 strategy LP
time 13:28:12.912655
add relu layer to problem 3 strategy LP
time 13:28:12.952589
¦========================================================================¦
¦========================================================================¦
add affine layer to problem 4 strategy LP
time 13:28:19.910883
add relu layer to problem 5 strategy LP
time 13:28:19.950739
¦========================================================================¦
¦========================================================================¦
add affine layer to problem 6 strategy LP
time 13:28:35.134860
add relu layer to problem 7 strategy LP
time 13:28:35.174557
¦========================================================================¦
¦========================================================================¦
add affine layer to problem 8 strategy LP
time 13:29:18.383769
add relu layer to problem 9 strategy LP
time 13:29:18.424596
¦========================================================================¦
¦========================================================================¦
add affine layer to problem 10 strategy LP
time 13:31:41.357777
add relu layer to problem 11 strategy LP
time 13:31:41.360288
¦========================================================================¦
¦========================================================================¦
time 13:31:58.732343
logit 0 - label logit (6) <= 1.1267667418174059
can not be verified
analysis time:  229.92260813713074  seconds
epsilon is in:
[0.014374999999999999, 0.0159375]
try epsilon of  0.01515625
time 13:32:01.752570
the number of processes used is 4
add affine layer to problem 0 strategy LP
time 13:32:01.757241
add relu layer to problem 1 strategy LP
time 13:32:01.911421
¦========================================================================¦
¦========================================================================¦
add affine layer to problem 2 strategy LP
time 13:32:04.981312
add relu layer to problem 3 strategy LP
time 13:32:05.021133
¦========================================================================¦
¦========================================================================¦
add affine layer to problem 4 strategy LP
time 13:32:11.948476
add relu layer to problem 5 strategy LP
time 13:32:11.988281
¦========================================================================¦
¦========================================================================¦
add affine layer to problem 6 strategy LP
time 13:32:26.436126
add relu layer to problem 7 strategy LP
time 13:32:26.474914
¦========================================================================¦
¦========================================================================¦
add affine layer to problem 8 strategy LP
time 13:33:02.812363
add relu layer to problem 9 strategy LP
time 13:33:02.852419
¦========================================================================¦
¦========================================================================¦
add affine layer to problem 10 strategy LP
time 13:34:57.730801
add relu layer to problem 11 strategy LP
time 13:34:57.733322
¦========================================================================¦
¦========================================================================¦
time 13:35:11.990402
logit 0 is strictly smaller than the label logit (6)
logit 1 is strictly smaller than the label logit (6)
logit 2 is strictly smaller than the label logit (6)
logit 3 is strictly smaller than the label logit (6)
logit 4 is strictly smaller than the label logit (6)
logit 5 - label logit (6) <= 0.42603073388734636
can not be verified
analysis time:  192.93007373809814  seconds
epsilon is in:
[0.014374999999999999, 0.01515625]
