../mnist_nets/mnist_relu_6_200.txt ../mnist_images/img54.txt
try epsilon of  0.017499999999999998
time 12:28:00.675431
the number of processes used is 4
add affine layer to problem 0 strategy LP
time 12:28:00.715524
add relu layer to problem 1 strategy LP
time 12:28:00.837919
¦========================================================================¦
¦========================================================================¦
add affine layer to problem 2 strategy LP
time 12:28:04.001864
add relu layer to problem 3 strategy LP
time 12:28:04.036685
¦========================================================================¦
¦========================================================================¦
add affine layer to problem 4 strategy LP
time 12:28:11.579596
add relu layer to problem 5 strategy LP
time 12:28:11.619196
¦========================================================================¦
¦========================================================================¦
add affine layer to problem 6 strategy LP
time 12:28:29.968873
add relu layer to problem 7 strategy LP
time 12:28:30.007641
¦========================================================================¦
¦========================================================================¦
add affine layer to problem 8 strategy LP
time 12:29:22.385807
add relu layer to problem 9 strategy LP
time 12:29:22.423721
¦========================================================================¦
¦========================================================================¦
add affine layer to problem 10 strategy LP
time 12:31:39.812666
add relu layer to problem 11 strategy LP
time 12:31:39.815048
¦========================================================================¦
¦========================================================================¦
time 12:31:53.177595
logit 0 is strictly smaller than the label logit (6)
logit 1 is strictly smaller than the label logit (6)
logit 2 is strictly smaller than the label logit (6)
logit 3 is strictly smaller than the label logit (6)
logit 4 is strictly smaller than the label logit (6)
logit 5 is strictly smaller than the label logit (6)
logit 7 is strictly smaller than the label logit (6)
logit 8 is strictly smaller than the label logit (6)
logit 9 is strictly smaller than the label logit (6)
verified
analysis time:  235.6998701095581  seconds
epsilon is in:
[0.017499999999999998, 0.03]
try epsilon of  0.02375
time 12:31:58.422827
the number of processes used is 4
add affine layer to problem 0 strategy LP
time 12:31:58.427268
add relu layer to problem 1 strategy LP
time 12:31:58.578393
¦========================================================================¦
¦========================================================================¦
add affine layer to problem 2 strategy LP
time 12:32:01.582719
add relu layer to problem 3 strategy LP
time 12:32:01.636778
¦========================================================================¦
¦========================================================================¦
add affine layer to problem 4 strategy LP
time 12:32:10.121361
add relu layer to problem 5 strategy LP
time 12:32:10.160078
¦========================================================================¦
¦========================================================================¦
add affine layer to problem 6 strategy LP
time 12:32:39.746325
add relu layer to problem 7 strategy LP
time 12:32:39.783567
¦========================================================================¦
¦========================================================================¦
add affine layer to problem 8 strategy LP
time 12:34:39.165663
add relu layer to problem 9 strategy LP
time 12:34:39.203743
¦========================================================================¦
¦========================================================================¦
add affine layer to problem 10 strategy LP
time 12:42:10.270188
add relu layer to problem 11 strategy LP
time 12:42:10.272678
¦========================================================================¦
¦========================================================================¦
time 12:42:51.288658
logit 0 - label logit (6) <= 24.70063593729884
can not be verified
analysis time:  654.4648280143738  seconds
epsilon is in:
[0.017499999999999998, 0.02375]
try epsilon of  0.020624999999999998
time 12:42:54.951377
the number of processes used is 4
add affine layer to problem 0 strategy LP
time 12:42:54.955989
add relu layer to problem 1 strategy LP
time 12:42:55.106539
¦========================================================================¦
¦========================================================================¦
add affine layer to problem 2 strategy LP
time 12:42:58.144195
add relu layer to problem 3 strategy LP
time 12:42:58.181973
¦========================================================================¦
¦========================================================================¦
add affine layer to problem 4 strategy LP
time 12:43:05.518997
add relu layer to problem 5 strategy LP
time 12:43:05.557848
¦========================================================================¦
¦========================================================================¦
add affine layer to problem 6 strategy LP
time 12:43:28.444600
add relu layer to problem 7 strategy LP
time 12:43:28.481683
¦========================================================================¦
¦========================================================================¦
add affine layer to problem 8 strategy LP
time 12:44:50.936571
add relu layer to problem 9 strategy LP
time 12:44:50.974788
¦========================================================================¦
¦========================================================================¦
add affine layer to problem 10 strategy LP
time 12:49:08.400611
add relu layer to problem 11 strategy LP
time 12:49:08.402834
¦========================================================================¦
¦========================================================================¦
time 12:49:39.080168
logit 0 - label logit (6) <= 9.225313992909012
can not be verified
analysis time:  405.6589105129242  seconds
epsilon is in:
[0.017499999999999998, 0.020624999999999998]
try epsilon of  0.019062499999999996
time 12:49:42.619397
the number of processes used is 4
add affine layer to problem 0 strategy LP
time 12:49:42.623871
add relu layer to problem 1 strategy LP
time 12:49:42.762885
¦========================================================================¦
¦========================================================================¦
add affine layer to problem 2 strategy LP
time 12:49:45.581368
add relu layer to problem 3 strategy LP
time 12:49:45.620185
¦========================================================================¦
¦========================================================================¦
add affine layer to problem 4 strategy LP
time 12:49:53.249958
add relu layer to problem 5 strategy LP
time 12:49:53.289859
¦========================================================================¦
¦========================================================================¦
add affine layer to problem 6 strategy LP
time 12:50:13.637592
add relu layer to problem 7 strategy LP
time 12:50:13.675840
¦========================================================================¦
¦========================================================================¦
add affine layer to problem 8 strategy LP
time 12:51:16.293920
add relu layer to problem 9 strategy LP
time 12:51:16.332182
¦========================================================================¦
¦========================================================================¦
add affine layer to problem 10 strategy LP
time 12:54:04.780245
add relu layer to problem 11 strategy LP
time 12:54:04.782595
¦========================================================================¦
¦========================================================================¦
time 12:54:23.787068
logit 0 is strictly smaller than the label logit (6)
logit 1 is strictly smaller than the label logit (6)
logit 2 - label logit (6) <= 2.2750562581711815
can not be verified
analysis time:  283.0892562866211  seconds
epsilon is in:
[0.017499999999999998, 0.019062499999999996]
try epsilon of  0.01828125
time 12:54:27.736898
the number of processes used is 4
add affine layer to problem 0 strategy LP
time 12:54:27.741439
add relu layer to problem 1 strategy LP
time 12:54:27.894393
¦========================================================================¦
¦========================================================================¦
add affine layer to problem 2 strategy LP
time 12:54:30.860581
add relu layer to problem 3 strategy LP
time 12:54:30.898898
¦========================================================================¦
¦========================================================================¦
add affine layer to problem 4 strategy LP
time 12:54:38.618639
add relu layer to problem 5 strategy LP
time 12:54:38.658600
¦========================================================================¦
¦========================================================================¦
add affine layer to problem 6 strategy LP
time 12:54:58.034078
add relu layer to problem 7 strategy LP
time 12:54:58.072802
¦========================================================================¦
¦========================================================================¦
add affine layer to problem 8 strategy LP
time 12:55:54.701068
add relu layer to problem 9 strategy LP
time 12:55:54.739427
¦========================================================================¦
¦========================================================================¦
add affine layer to problem 10 strategy LP
time 12:58:24.022203
add relu layer to problem 11 strategy LP
time 12:58:24.024697
¦========================================================================¦
¦========================================================================¦
time 12:58:37.002493
logit 0 is strictly smaller than the label logit (6)
logit 1 is strictly smaller than the label logit (6)
logit 2 is strictly smaller than the label logit (6)
logit 3 is strictly smaller than the label logit (6)
logit 4 is strictly smaller than the label logit (6)
logit 5 is strictly smaller than the label logit (6)
logit 7 is strictly smaller than the label logit (6)
logit 8 is strictly smaller than the label logit (6)
logit 9 is strictly smaller than the label logit (6)
verified
analysis time:  253.11055278778076  seconds
epsilon is in:
[0.01828125, 0.019062499999999996]
