../mnist_nets/mnist_relu_6_200.txt ../mnist_images/img23.txt
try epsilon of  0.017499999999999998
time 13:27:56.991469
the number of processes used is 4
add affine layer to problem 0 strategy LP
time 13:27:57.008698
add relu layer to problem 1 strategy LP
time 13:27:57.153545
¦========================================================================¦
¦========================================================================¦
add affine layer to problem 2 strategy LP
time 13:28:00.326311
add relu layer to problem 3 strategy LP
time 13:28:00.361809
¦========================================================================¦
¦========================================================================¦
add affine layer to problem 4 strategy LP
time 13:28:09.275282
add relu layer to problem 5 strategy LP
time 13:28:09.311902
¦========================================================================¦
¦========================================================================¦
add affine layer to problem 6 strategy LP
time 13:28:37.343428
add relu layer to problem 7 strategy LP
time 13:28:37.379605
¦========================================================================¦
¦========================================================================¦
add affine layer to problem 8 strategy LP
time 13:30:19.255140
add relu layer to problem 9 strategy LP
time 13:30:19.290493
¦========================================================================¦
¦========================================================================¦
add affine layer to problem 10 strategy LP
time 13:35:21.962013
add relu layer to problem 11 strategy LP
time 13:35:21.964390
¦========================================================================¦
¦========================================================================¦
time 13:35:55.304720
logit 0 - label logit (5) <= 0.6122475256169877
can not be verified
analysis time:  479.3935968875885  seconds
epsilon is in:
[0.005, 0.017499999999999998]
try epsilon of  0.01125
time 13:35:58.475082
the number of processes used is 4
add affine layer to problem 0 strategy LP
time 13:35:58.479979
add relu layer to problem 1 strategy LP
time 13:35:58.624663
¦========================================================================¦
¦========================================================================¦
add affine layer to problem 2 strategy LP
time 13:36:02.120759
add relu layer to problem 3 strategy LP
time 13:36:02.156556
¦========================================================================¦
¦========================================================================¦
add affine layer to problem 4 strategy LP
time 13:36:09.338449
add relu layer to problem 5 strategy LP
time 13:36:09.374661
¦========================================================================¦
¦========================================================================¦
add affine layer to problem 6 strategy LP
time 13:36:24.003596
add relu layer to problem 7 strategy LP
time 13:36:24.039014
¦========================================================================¦
¦========================================================================¦
add affine layer to problem 8 strategy LP
time 13:36:55.801733
add relu layer to problem 9 strategy LP
time 13:36:55.837946
¦========================================================================¦
¦========================================================================¦
add affine layer to problem 10 strategy LP
time 13:37:58.997375
add relu layer to problem 11 strategy LP
time 13:37:58.999718
¦========================================================================¦
¦========================================================================¦
time 13:38:03.313189
logit 0 is strictly smaller than the label logit (5)
logit 1 is strictly smaller than the label logit (5)
logit 2 is strictly smaller than the label logit (5)
logit 3 is strictly smaller than the label logit (5)
logit 4 is strictly smaller than the label logit (5)
logit 6 is strictly smaller than the label logit (5)
logit 7 is strictly smaller than the label logit (5)
logit 8 is strictly smaller than the label logit (5)
logit 9 is strictly smaller than the label logit (5)
verified
analysis time:  126.0851800441742  seconds
epsilon is in:
[0.01125, 0.017499999999999998]
try epsilon of  0.014374999999999999
time 13:38:06.681489
the number of processes used is 4
add affine layer to problem 0 strategy LP
time 13:38:06.686358
add relu layer to problem 1 strategy LP
time 13:38:06.827249
¦========================================================================¦
¦========================================================================¦
add affine layer to problem 2 strategy LP
time 13:38:10.380046
add relu layer to problem 3 strategy LP
time 13:38:10.415705
¦========================================================================¦
¦========================================================================¦
add affine layer to problem 4 strategy LP
time 13:38:18.759177
add relu layer to problem 5 strategy LP
time 13:38:18.795368
¦========================================================================¦
¦========================================================================¦
add affine layer to problem 6 strategy LP
time 13:38:38.881749
add relu layer to problem 7 strategy LP
time 13:38:38.917735
¦========================================================================¦
¦========================================================================¦
add affine layer to problem 8 strategy LP
time 13:39:31.902618
add relu layer to problem 9 strategy LP
time 13:39:31.939577
¦========================================================================¦
¦========================================================================¦
add affine layer to problem 10 strategy LP
time 13:41:31.525604
add relu layer to problem 11 strategy LP
time 13:41:31.527993
¦========================================================================¦
¦========================================================================¦
time 13:41:40.190614
logit 0 is strictly smaller than the label logit (5)
logit 1 is strictly smaller than the label logit (5)
logit 2 is strictly smaller than the label logit (5)
logit 3 is strictly smaller than the label logit (5)
logit 4 is strictly smaller than the label logit (5)
logit 6 is strictly smaller than the label logit (5)
logit 7 is strictly smaller than the label logit (5)
logit 8 is strictly smaller than the label logit (5)
logit 9 is strictly smaller than the label logit (5)
verified
analysis time:  215.10402607917786  seconds
epsilon is in:
[0.014374999999999999, 0.017499999999999998]
try epsilon of  0.0159375
time 13:41:43.903327
the number of processes used is 4
add affine layer to problem 0 strategy LP
time 13:41:43.908280
add relu layer to problem 1 strategy LP
time 13:41:44.045873
¦========================================================================¦
¦========================================================================¦
add affine layer to problem 2 strategy LP
time 13:41:47.438804
add relu layer to problem 3 strategy LP
time 13:41:47.474127
¦========================================================================¦
¦========================================================================¦
add affine layer to problem 4 strategy LP
time 13:41:56.023453
add relu layer to problem 5 strategy LP
time 13:41:56.060588
¦========================================================================¦
¦========================================================================¦
add affine layer to problem 6 strategy LP
time 13:42:21.099599
add relu layer to problem 7 strategy LP
time 13:42:21.135269
¦========================================================================¦
¦========================================================================¦
add affine layer to problem 8 strategy LP
time 13:43:39.412817
add relu layer to problem 9 strategy LP
time 13:43:39.448918
¦========================================================================¦
¦========================================================================¦
add affine layer to problem 10 strategy LP
time 13:46:56.770052
add relu layer to problem 11 strategy LP
time 13:46:56.772474
¦========================================================================¦
¦========================================================================¦
time 13:47:13.719537
logit 0 is strictly smaller than the label logit (5)
logit 1 is strictly smaller than the label logit (5)
logit 2 is strictly smaller than the label logit (5)
logit 3 is strictly smaller than the label logit (5)
logit 4 is strictly smaller than the label logit (5)
logit 6 is strictly smaller than the label logit (5)
logit 7 is strictly smaller than the label logit (5)
logit 8 is strictly smaller than the label logit (5)
logit 9 is strictly smaller than the label logit (5)
verified
analysis time:  333.01118183135986  seconds
epsilon is in:
[0.0159375, 0.017499999999999998]
try epsilon of  0.016718749999999998
time 13:47:19.004997
the number of processes used is 4
add affine layer to problem 0 strategy LP
time 13:47:19.009617
add relu layer to problem 1 strategy LP
time 13:47:19.150340
¦========================================================================¦
¦========================================================================¦
add affine layer to problem 2 strategy LP
time 13:47:22.509901
add relu layer to problem 3 strategy LP
time 13:47:22.545845
¦========================================================================¦
¦========================================================================¦
add affine layer to problem 4 strategy LP
time 13:47:31.183271
add relu layer to problem 5 strategy LP
time 13:47:31.219121
¦========================================================================¦
¦========================================================================¦
add affine layer to problem 6 strategy LP
time 13:47:57.993712
add relu layer to problem 7 strategy LP
time 13:47:58.029103
¦========================================================================¦
¦========================================================================¦
add affine layer to problem 8 strategy LP
time 13:49:24.023344
add relu layer to problem 9 strategy LP
time 13:49:24.060541
¦========================================================================¦
¦========================================================================¦
add affine layer to problem 10 strategy LP
time 13:53:15.868292
add relu layer to problem 11 strategy LP
time 13:53:15.870617
¦========================================================================¦
¦========================================================================¦
time 13:53:34.232164
logit 0 is strictly smaller than the label logit (5)
logit 1 is strictly smaller than the label logit (5)
logit 2 is strictly smaller than the label logit (5)
logit 3 - label logit (5) <= 0.6624367443365466
can not be verified
analysis time:  377.66971230506897  seconds
epsilon is in:
[0.0159375, 0.016718749999999998]
