../mnist_nets/mnist_relu_6_200.txt ../mnist_images/img9.txt
try epsilon of  0.017499999999999998
time 12:28:01.883163
the number of processes used is 4
add affine layer to problem 0 strategy LP
time 12:28:01.922463
add relu layer to problem 1 strategy LP
time 12:28:02.047658
¦========================================================================¦
¦========================================================================¦
add affine layer to problem 2 strategy LP
time 12:28:05.705718
add relu layer to problem 3 strategy LP
time 12:28:05.740768
¦========================================================================¦
¦========================================================================¦
add affine layer to problem 4 strategy LP
time 12:28:12.718885
add relu layer to problem 5 strategy LP
time 12:28:12.757552
¦========================================================================¦
¦========================================================================¦
add affine layer to problem 6 strategy LP
time 12:28:29.078164
add relu layer to problem 7 strategy LP
time 12:28:29.115043
¦========================================================================¦
¦========================================================================¦
add affine layer to problem 8 strategy LP
time 12:29:29.021501
add relu layer to problem 9 strategy LP
time 12:29:29.059542
¦========================================================================¦
¦========================================================================¦
add affine layer to problem 10 strategy LP
time 12:33:13.866361
add relu layer to problem 11 strategy LP
time 12:33:13.868697
¦========================================================================¦
¦========================================================================¦
time 12:33:41.416585
logit 0 - label logit (9) <= 9.769934130397852
can not be verified
analysis time:  341.0852997303009  seconds
epsilon is in:
[0.005, 0.017499999999999998]
try epsilon of  0.01125
time 12:33:45.075400
the number of processes used is 4
add affine layer to problem 0 strategy LP
time 12:33:45.079884
add relu layer to problem 1 strategy LP
time 12:33:45.233897
¦========================================================================¦
¦========================================================================¦
add affine layer to problem 2 strategy LP
time 12:33:48.455849
add relu layer to problem 3 strategy LP
time 12:33:48.495095
¦========================================================================¦
¦========================================================================¦
add affine layer to problem 4 strategy LP
time 12:33:54.732315
add relu layer to problem 5 strategy LP
time 12:33:54.772193
¦========================================================================¦
¦========================================================================¦
add affine layer to problem 6 strategy LP
time 12:34:05.914353
add relu layer to problem 7 strategy LP
time 12:34:05.953383
¦========================================================================¦
¦========================================================================¦
add affine layer to problem 8 strategy LP
time 12:34:30.372777
add relu layer to problem 9 strategy LP
time 12:34:30.411754
¦========================================================================¦
¦========================================================================¦
add affine layer to problem 10 strategy LP
time 12:35:33.688581
add relu layer to problem 11 strategy LP
time 12:35:33.691159
¦========================================================================¦
¦========================================================================¦
time 12:35:39.235999
logit 0 is strictly smaller than the label logit (9)
logit 1 is strictly smaller than the label logit (9)
logit 2 is strictly smaller than the label logit (9)
logit 3 is strictly smaller than the label logit (9)
logit 4 is strictly smaller than the label logit (9)
logit 5 is strictly smaller than the label logit (9)
logit 6 is strictly smaller than the label logit (9)
logit 7 is strictly smaller than the label logit (9)
logit 8 is strictly smaller than the label logit (9)
verified
analysis time:  115.47674489021301  seconds
epsilon is in:
[0.01125, 0.017499999999999998]
try epsilon of  0.014374999999999999
time 12:35:42.663333
the number of processes used is 4
add affine layer to problem 0 strategy LP
time 12:35:42.668042
add relu layer to problem 1 strategy LP
time 12:35:42.820296
¦========================================================================¦
¦========================================================================¦
add affine layer to problem 2 strategy LP
time 12:35:46.091362
add relu layer to problem 3 strategy LP
time 12:35:46.130046
¦========================================================================¦
¦========================================================================¦
add affine layer to problem 4 strategy LP
time 12:35:52.860585
add relu layer to problem 5 strategy LP
time 12:35:52.900492
¦========================================================================¦
¦========================================================================¦
add affine layer to problem 6 strategy LP
time 12:36:07.284206
add relu layer to problem 7 strategy LP
time 12:36:07.322599
¦========================================================================¦
¦========================================================================¦
add affine layer to problem 8 strategy LP
time 12:36:47.859410
add relu layer to problem 9 strategy LP
time 12:36:47.898514
¦========================================================================¦
¦========================================================================¦
add affine layer to problem 10 strategy LP
time 12:39:05.305212
add relu layer to problem 11 strategy LP
time 12:39:05.307604
¦========================================================================¦
¦========================================================================¦
time 12:39:19.378247
logit 0 is strictly smaller than the label logit (9)
logit 1 is strictly smaller than the label logit (9)
logit 2 is strictly smaller than the label logit (9)
logit 3 is strictly smaller than the label logit (9)
logit 4 - label logit (9) <= 2.9829272551919463
can not be verified
analysis time:  219.44365811347961  seconds
epsilon is in:
[0.01125, 0.014374999999999999]
try epsilon of  0.0128125
time 12:39:24.211268
the number of processes used is 4
add affine layer to problem 0 strategy LP
time 12:39:24.215886
add relu layer to problem 1 strategy LP
time 12:39:24.365711
¦========================================================================¦
¦========================================================================¦
add affine layer to problem 2 strategy LP
time 12:39:27.532344
add relu layer to problem 3 strategy LP
time 12:39:27.570790
¦========================================================================¦
¦========================================================================¦
add affine layer to problem 4 strategy LP
time 12:39:33.936064
add relu layer to problem 5 strategy LP
time 12:39:33.975869
¦========================================================================¦
¦========================================================================¦
add affine layer to problem 6 strategy LP
time 12:39:46.724894
add relu layer to problem 7 strategy LP
time 12:39:46.762891
¦========================================================================¦
¦========================================================================¦
add affine layer to problem 8 strategy LP
time 12:40:20.466920
add relu layer to problem 9 strategy LP
time 12:40:20.505111
¦========================================================================¦
¦========================================================================¦
add affine layer to problem 10 strategy LP
time 12:41:50.420736
add relu layer to problem 11 strategy LP
time 12:41:50.422905
¦========================================================================¦
¦========================================================================¦
time 12:42:00.613437
logit 0 is strictly smaller than the label logit (9)
logit 1 is strictly smaller than the label logit (9)
logit 2 is strictly smaller than the label logit (9)
logit 3 is strictly smaller than the label logit (9)
logit 4 is strictly smaller than the label logit (9)
logit 5 is strictly smaller than the label logit (9)
logit 6 is strictly smaller than the label logit (9)
logit 7 is strictly smaller than the label logit (9)
logit 8 is strictly smaller than the label logit (9)
verified
analysis time:  158.40074396133423  seconds
epsilon is in:
[0.0128125, 0.014374999999999999]
try epsilon of  0.013593749999999998
time 12:42:04.570077
the number of processes used is 4
add affine layer to problem 0 strategy LP
time 12:42:04.574053
add relu layer to problem 1 strategy LP
time 12:42:04.705223
¦========================================================================¦
¦========================================================================¦
add affine layer to problem 2 strategy LP
time 12:42:07.378733
add relu layer to problem 3 strategy LP
time 12:42:07.413869
¦========================================================================¦
¦========================================================================¦
add affine layer to problem 4 strategy LP
time 12:42:12.651802
add relu layer to problem 5 strategy LP
time 12:42:12.687868
¦========================================================================¦
¦========================================================================¦
add affine layer to problem 6 strategy LP
time 12:42:23.318657
add relu layer to problem 7 strategy LP
time 12:42:23.353967
¦========================================================================¦
¦========================================================================¦
add affine layer to problem 8 strategy LP
time 12:42:51.038549
add relu layer to problem 9 strategy LP
time 12:42:51.073436
¦========================================================================¦
¦========================================================================¦
add affine layer to problem 10 strategy LP
time 12:44:12.341976
add relu layer to problem 11 strategy LP
time 12:44:12.343936
¦========================================================================¦
¦========================================================================¦
time 12:44:19.988645
logit 0 is strictly smaller than the label logit (9)
logit 1 is strictly smaller than the label logit (9)
logit 2 is strictly smaller than the label logit (9)
logit 3 is strictly smaller than the label logit (9)
logit 4 - label logit (9) <= 0.7655948863504491
can not be verified
analysis time:  136.9541952610016  seconds
epsilon is in:
[0.0128125, 0.013593749999999998]
