../mnist_nets/mnist_relu_6_200.txt ../mnist_images/img22.txt
try epsilon of  0.017499999999999998
time 12:28:05.308157
the number of processes used is 4
add affine layer to problem 0 strategy LP
time 12:28:05.370836
add relu layer to problem 1 strategy LP
time 12:28:05.491668
¦========================================================================¦
¦========================================================================¦
add affine layer to problem 2 strategy LP
time 12:28:08.523418
add relu layer to problem 3 strategy LP
time 12:28:08.559315
¦========================================================================¦
¦========================================================================¦
add affine layer to problem 4 strategy LP
time 12:28:16.437319
add relu layer to problem 5 strategy LP
time 12:28:16.472316
¦========================================================================¦
¦========================================================================¦
add affine layer to problem 6 strategy LP
time 12:28:40.568031
add relu layer to problem 7 strategy LP
time 12:28:40.606297
¦========================================================================¦
¦========================================================================¦
add affine layer to problem 8 strategy LP
time 12:30:04.643547
add relu layer to problem 9 strategy LP
time 12:30:04.682422
¦========================================================================¦
¦========================================================================¦
add affine layer to problem 10 strategy LP
time 12:34:45.926582
add relu layer to problem 11 strategy LP
time 12:34:45.929231
¦========================================================================¦
¦========================================================================¦
time 12:35:18.986747
logit 0 - label logit (6) <= 11.020274931823344
can not be verified
analysis time:  434.8641903400421  seconds
epsilon is in:
[0.005, 0.017499999999999998]
try epsilon of  0.01125
time 12:35:22.192683
the number of processes used is 4
add affine layer to problem 0 strategy LP
time 12:35:22.197616
add relu layer to problem 1 strategy LP
time 12:35:22.347799
¦========================================================================¦
¦========================================================================¦
add affine layer to problem 2 strategy LP
time 12:35:25.158214
add relu layer to problem 3 strategy LP
time 12:35:25.197578
¦========================================================================¦
¦========================================================================¦
add affine layer to problem 4 strategy LP
time 12:35:31.806310
add relu layer to problem 5 strategy LP
time 12:35:31.845403
¦========================================================================¦
¦========================================================================¦
add affine layer to problem 6 strategy LP
time 12:35:46.768062
add relu layer to problem 7 strategy LP
time 12:35:46.804950
¦========================================================================¦
¦========================================================================¦
add affine layer to problem 8 strategy LP
time 12:36:17.503204
add relu layer to problem 9 strategy LP
time 12:36:17.541855
¦========================================================================¦
¦========================================================================¦
add affine layer to problem 10 strategy LP
time 12:37:19.805634
add relu layer to problem 11 strategy LP
time 12:37:19.807997
¦========================================================================¦
¦========================================================================¦
time 12:37:24.525040
logit 0 is strictly smaller than the label logit (6)
logit 1 is strictly smaller than the label logit (6)
logit 2 is strictly smaller than the label logit (6)
logit 3 is strictly smaller than the label logit (6)
logit 4 is strictly smaller than the label logit (6)
logit 5 is strictly smaller than the label logit (6)
logit 7 is strictly smaller than the label logit (6)
logit 8 is strictly smaller than the label logit (6)
logit 9 is strictly smaller than the label logit (6)
verified
analysis time:  123.55937695503235  seconds
epsilon is in:
[0.01125, 0.017499999999999998]
try epsilon of  0.014374999999999999
time 12:37:27.784729
the number of processes used is 4
add affine layer to problem 0 strategy LP
time 12:37:27.789696
add relu layer to problem 1 strategy LP
time 12:37:27.938557
¦========================================================================¦
¦========================================================================¦
add affine layer to problem 2 strategy LP
time 12:37:30.808230
add relu layer to problem 3 strategy LP
time 12:37:30.846201
¦========================================================================¦
¦========================================================================¦
add affine layer to problem 4 strategy LP
time 12:37:37.246545
add relu layer to problem 5 strategy LP
time 12:37:37.286102
¦========================================================================¦
¦========================================================================¦
add affine layer to problem 6 strategy LP
time 12:37:55.781472
add relu layer to problem 7 strategy LP
time 12:37:55.818884
¦========================================================================¦
¦========================================================================¦
add affine layer to problem 8 strategy LP
time 12:38:46.391833
add relu layer to problem 9 strategy LP
time 12:38:46.430458
¦========================================================================¦
¦========================================================================¦
add affine layer to problem 10 strategy LP
time 12:40:56.020924
add relu layer to problem 11 strategy LP
time 12:40:56.023224
¦========================================================================¦
¦========================================================================¦
time 12:41:09.215831
logit 0 is strictly smaller than the label logit (6)
logit 1 is strictly smaller than the label logit (6)
logit 2 is strictly smaller than the label logit (6)
logit 3 is strictly smaller than the label logit (6)
logit 4 is strictly smaller than the label logit (6)
logit 5 is strictly smaller than the label logit (6)
logit 7 is strictly smaller than the label logit (6)
logit 8 is strictly smaller than the label logit (6)
logit 9 is strictly smaller than the label logit (6)
verified
analysis time:  224.73751664161682  seconds
epsilon is in:
[0.014374999999999999, 0.017499999999999998]
try epsilon of  0.0159375
time 12:41:14.544754
the number of processes used is 4
add affine layer to problem 0 strategy LP
time 12:41:14.549376
add relu layer to problem 1 strategy LP
time 12:41:14.693921
¦========================================================================¦
¦========================================================================¦
add affine layer to problem 2 strategy LP
time 12:41:17.642042
add relu layer to problem 3 strategy LP
time 12:41:17.680167
¦========================================================================¦
¦========================================================================¦
add affine layer to problem 4 strategy LP
time 12:41:25.080192
add relu layer to problem 5 strategy LP
time 12:41:25.120295
¦========================================================================¦
¦========================================================================¦
add affine layer to problem 6 strategy LP
time 12:41:46.471342
add relu layer to problem 7 strategy LP
time 12:41:46.508870
¦========================================================================¦
¦========================================================================¦
add affine layer to problem 8 strategy LP
time 12:42:55.285496
add relu layer to problem 9 strategy LP
time 12:42:55.323414
¦========================================================================¦
¦========================================================================¦
add affine layer to problem 10 strategy LP
time 12:46:14.212534
add relu layer to problem 11 strategy LP
time 12:46:14.214877
¦========================================================================¦
¦========================================================================¦
time 12:46:34.996579
logit 0 - label logit (6) <= 3.337735780492825
can not be verified
analysis time:  321.34537959098816  seconds
epsilon is in:
[0.014374999999999999, 0.0159375]
try epsilon of  0.01515625
time 12:46:37.914425
the number of processes used is 4
add affine layer to problem 0 strategy LP
time 12:46:37.918967
add relu layer to problem 1 strategy LP
time 12:46:38.069413
¦========================================================================¦
¦========================================================================¦
add affine layer to problem 2 strategy LP
time 12:46:41.014928
add relu layer to problem 3 strategy LP
time 12:46:41.054018
¦========================================================================¦
¦========================================================================¦
add affine layer to problem 4 strategy LP
time 12:46:48.555423
add relu layer to problem 5 strategy LP
time 12:46:48.593802
¦========================================================================¦
¦========================================================================¦
add affine layer to problem 6 strategy LP
time 12:47:09.606165
add relu layer to problem 7 strategy LP
time 12:47:09.642550
¦========================================================================¦
¦========================================================================¦
add affine layer to problem 8 strategy LP
time 12:48:06.697195
add relu layer to problem 9 strategy LP
time 12:48:06.735759
¦========================================================================¦
¦========================================================================¦
add affine layer to problem 10 strategy LP
time 12:50:45.154068
add relu layer to problem 11 strategy LP
time 12:50:45.156588
¦========================================================================¦
¦========================================================================¦
time 12:51:04.150169
logit 0 is strictly smaller than the label logit (6)
logit 1 is strictly smaller than the label logit (6)
logit 2 - label logit (6) <= 0.14003459202377933
can not be verified
analysis time:  268.073930978775  seconds
epsilon is in:
[0.014374999999999999, 0.01515625]
