../mnist_nets/mnist_relu_6_200.txt ../mnist_images/img88.txt
try epsilon of  0.017499999999999998
time 13:08:43.676823
the number of processes used is 4
add affine layer to problem 0 strategy LP
time 13:08:43.691019
add relu layer to problem 1 strategy LP
time 13:08:43.839819
¦========================================================================¦
¦========================================================================¦
add affine layer to problem 2 strategy LP
time 13:08:46.557698
add relu layer to problem 3 strategy LP
time 13:08:46.595427
¦========================================================================¦
¦========================================================================¦
add affine layer to problem 4 strategy LP
time 13:08:54.060600
add relu layer to problem 5 strategy LP
time 13:08:54.103739
¦========================================================================¦
¦========================================================================¦
add affine layer to problem 6 strategy LP
time 13:09:09.745036
add relu layer to problem 7 strategy LP
time 13:09:09.787473
¦========================================================================¦
¦========================================================================¦
add affine layer to problem 8 strategy LP
time 13:09:44.176801
add relu layer to problem 9 strategy LP
time 13:09:44.217039
¦========================================================================¦
¦========================================================================¦
add affine layer to problem 10 strategy LP
time 13:11:03.254158
add relu layer to problem 11 strategy LP
time 13:11:03.256818
¦========================================================================¦
¦========================================================================¦
time 13:11:09.529653
logit 0 is strictly smaller than the label logit (6)
logit 1 is strictly smaller than the label logit (6)
logit 2 is strictly smaller than the label logit (6)
logit 3 is strictly smaller than the label logit (6)
logit 4 is strictly smaller than the label logit (6)
logit 5 is strictly smaller than the label logit (6)
logit 7 is strictly smaller than the label logit (6)
logit 8 is strictly smaller than the label logit (6)
logit 9 is strictly smaller than the label logit (6)
verified
analysis time:  147.23015427589417  seconds
epsilon is in:
[0.017499999999999998, 0.03]
try epsilon of  0.02375
time 13:11:12.998363
the number of processes used is 4
add affine layer to problem 0 strategy LP
time 13:11:13.002981
add relu layer to problem 1 strategy LP
time 13:11:13.163211
¦========================================================================¦
¦========================================================================¦
add affine layer to problem 2 strategy LP
time 13:11:16.411476
add relu layer to problem 3 strategy LP
time 13:11:16.452553
¦========================================================================¦
¦========================================================================¦
add affine layer to problem 4 strategy LP
time 13:11:24.749926
add relu layer to problem 5 strategy LP
time 13:11:24.792542
¦========================================================================¦
¦========================================================================¦
add affine layer to problem 6 strategy LP
time 13:11:48.628138
add relu layer to problem 7 strategy LP
time 13:11:48.673278
¦========================================================================¦
¦========================================================================¦
add affine layer to problem 8 strategy LP
time 13:13:06.216973
add relu layer to problem 9 strategy LP
time 13:13:06.258674
¦========================================================================¦
¦========================================================================¦
add affine layer to problem 10 strategy LP
time 13:16:47.257438
add relu layer to problem 11 strategy LP
time 13:16:47.260003
¦========================================================================¦
¦========================================================================¦
time 13:17:12.021456
logit 0 - label logit (6) <= 8.987382889019495
can not be verified
analysis time:  360.29246616363525  seconds
epsilon is in:
[0.017499999999999998, 0.02375]
try epsilon of  0.020624999999999998
time 13:17:15.369570
the number of processes used is 4
add affine layer to problem 0 strategy LP
time 13:17:15.373814
add relu layer to problem 1 strategy LP
time 13:17:15.535726
¦========================================================================¦
¦========================================================================¦
add affine layer to problem 2 strategy LP
time 13:17:18.647210
add relu layer to problem 3 strategy LP
time 13:17:18.688398
¦========================================================================¦
¦========================================================================¦
add affine layer to problem 4 strategy LP
time 13:17:26.335030
add relu layer to problem 5 strategy LP
time 13:17:26.377008
¦========================================================================¦
¦========================================================================¦
add affine layer to problem 6 strategy LP
time 13:17:45.004272
add relu layer to problem 7 strategy LP
time 13:17:45.044516
¦========================================================================¦
¦========================================================================¦
add affine layer to problem 8 strategy LP
time 13:18:36.107609
add relu layer to problem 9 strategy LP
time 13:18:36.148899
¦========================================================================¦
¦========================================================================¦
add affine layer to problem 10 strategy LP
time 13:20:58.723306
add relu layer to problem 11 strategy LP
time 13:20:58.725767
¦========================================================================¦
¦========================================================================¦
time 13:21:16.555671
logit 0 is strictly smaller than the label logit (6)
logit 1 is strictly smaller than the label logit (6)
logit 2 is strictly smaller than the label logit (6)
logit 3 is strictly smaller than the label logit (6)
logit 4 is strictly smaller than the label logit (6)
logit 5 is strictly smaller than the label logit (6)
logit 7 is strictly smaller than the label logit (6)
logit 8 is strictly smaller than the label logit (6)
logit 9 is strictly smaller than the label logit (6)
verified
analysis time:  243.93933868408203  seconds
epsilon is in:
[0.020624999999999998, 0.02375]
try epsilon of  0.0221875
time 13:21:21.392807
the number of processes used is 4
add affine layer to problem 0 strategy LP
time 13:21:21.397239
add relu layer to problem 1 strategy LP
time 13:21:21.561021
¦========================================================================¦
¦========================================================================¦
add affine layer to problem 2 strategy LP
time 13:21:24.689082
add relu layer to problem 3 strategy LP
time 13:21:24.729004
¦========================================================================¦
¦========================================================================¦
add affine layer to problem 4 strategy LP
time 13:21:32.744360
add relu layer to problem 5 strategy LP
time 13:21:32.786964
¦========================================================================¦
¦========================================================================¦
add affine layer to problem 6 strategy LP
time 13:21:52.596655
add relu layer to problem 7 strategy LP
time 13:21:52.636573
¦========================================================================¦
¦========================================================================¦
add affine layer to problem 8 strategy LP
time 13:22:55.956990
add relu layer to problem 9 strategy LP
time 13:22:55.997990
¦========================================================================¦
¦========================================================================¦
add affine layer to problem 10 strategy LP
time 13:25:44.071250
add relu layer to problem 11 strategy LP
time 13:25:44.073744
¦========================================================================¦
¦========================================================================¦
time 13:25:59.126760
logit 0 - label logit (6) <= 0.3688733459141753
can not be verified
analysis time:  278.6210470199585  seconds
epsilon is in:
[0.020624999999999998, 0.0221875]
try epsilon of  0.021406249999999998
time 13:26:02.091558
the number of processes used is 4
add affine layer to problem 0 strategy LP
time 13:26:02.095558
add relu layer to problem 1 strategy LP
time 13:26:02.252170
¦========================================================================¦
¦========================================================================¦
add affine layer to problem 2 strategy LP
time 13:26:05.355453
add relu layer to problem 3 strategy LP
time 13:26:05.396077
¦========================================================================¦
¦========================================================================¦
add affine layer to problem 4 strategy LP
time 13:26:13.043676
add relu layer to problem 5 strategy LP
time 13:26:13.086247
¦========================================================================¦
¦========================================================================¦
add affine layer to problem 6 strategy LP
time 13:26:31.549907
add relu layer to problem 7 strategy LP
time 13:26:31.590297
¦========================================================================¦
¦========================================================================¦
add affine layer to problem 8 strategy LP
time 13:27:25.204504
add relu layer to problem 9 strategy LP
time 13:27:25.246048
¦========================================================================¦
¦========================================================================¦
add affine layer to problem 10 strategy LP
time 13:29:49.389094
add relu layer to problem 11 strategy LP
time 13:29:49.391598
¦========================================================================¦
¦========================================================================¦
time 13:30:04.850124
logit 0 is strictly smaller than the label logit (6)
logit 1 is strictly smaller than the label logit (6)
logit 2 is strictly smaller than the label logit (6)
logit 3 is strictly smaller than the label logit (6)
logit 4 is strictly smaller than the label logit (6)
logit 5 is strictly smaller than the label logit (6)
logit 7 is strictly smaller than the label logit (6)
logit 8 is strictly smaller than the label logit (6)
logit 9 is strictly smaller than the label logit (6)
verified
analysis time:  246.61663794517517  seconds
epsilon is in:
[0.021406249999999998, 0.0221875]
