../mnist_nets/mnist_relu_6_200.txt ../mnist_images/img0.txt
try epsilon of  0.017499999999999998
time 14:08:23.315585
the number of processes used is 4
add affine layer to problem 0 strategy LP
time 14:08:23.330644
add relu layer to problem 1 strategy LP
time 14:08:23.448631
¦========================================================================¦
¦========================================================================¦
add affine layer to problem 2 strategy LP
time 14:08:26.112041
add relu layer to problem 3 strategy LP
time 14:08:26.145489
¦========================================================================¦
¦========================================================================¦
add affine layer to problem 4 strategy LP
time 14:08:32.848748
add relu layer to problem 5 strategy LP
time 14:08:32.882353
¦========================================================================¦
¦========================================================================¦
add affine layer to problem 6 strategy LP
time 14:08:56.799149
add relu layer to problem 7 strategy LP
time 14:08:56.833489
¦========================================================================¦
¦========================================================================¦
add affine layer to problem 8 strategy LP
time 14:10:20.003453
add relu layer to problem 9 strategy LP
time 14:10:20.038374
¦========================================================================¦
¦========================================================================¦
add affine layer to problem 10 strategy LP
time 14:13:55.439235
add relu layer to problem 11 strategy LP
time 14:13:55.441082
¦========================================================================¦
¦========================================================================¦
time 14:14:17.174690
logit 0 - label logit (7) <= 11.964458005360218
can not be verified
analysis time:  355.038831949234  seconds
epsilon is in:
[0.005, 0.017499999999999998]
try epsilon of  0.01125
time 14:14:20.153864
the number of processes used is 4
add affine layer to problem 0 strategy LP
time 14:14:20.157297
add relu layer to problem 1 strategy LP
time 14:14:20.271022
¦========================================================================¦
¦========================================================================¦
add affine layer to problem 2 strategy LP
time 14:14:22.503122
add relu layer to problem 3 strategy LP
time 14:14:22.534948
¦========================================================================¦
¦========================================================================¦
add affine layer to problem 4 strategy LP
time 14:14:26.938865
add relu layer to problem 5 strategy LP
time 14:14:26.970848
¦========================================================================¦
¦========================================================================¦
add affine layer to problem 6 strategy LP
time 14:14:37.601615
add relu layer to problem 7 strategy LP
time 14:14:37.633456
¦========================================================================¦
¦========================================================================¦
add affine layer to problem 8 strategy LP
time 14:14:59.619393
add relu layer to problem 9 strategy LP
time 14:14:59.651066
¦========================================================================¦
¦========================================================================¦
add affine layer to problem 10 strategy LP
time 14:15:37.205830
add relu layer to problem 11 strategy LP
time 14:15:37.207696
¦========================================================================¦
¦========================================================================¦
time 14:15:40.417564
logit 0 is strictly smaller than the label logit (7)
logit 1 is strictly smaller than the label logit (7)
logit 2 is strictly smaller than the label logit (7)
logit 3 is strictly smaller than the label logit (7)
logit 4 is strictly smaller than the label logit (7)
logit 5 is strictly smaller than the label logit (7)
logit 6 is strictly smaller than the label logit (7)
logit 8 is strictly smaller than the label logit (7)
logit 9 is strictly smaller than the label logit (7)
verified
analysis time:  81.24420404434204  seconds
epsilon is in:
[0.01125, 0.017499999999999998]
try epsilon of  0.014374999999999999
time 14:15:43.196519
the number of processes used is 4
add affine layer to problem 0 strategy LP
time 14:15:43.200096
add relu layer to problem 1 strategy LP
time 14:15:43.313273
¦========================================================================¦
¦========================================================================¦
add affine layer to problem 2 strategy LP
time 14:15:45.548930
add relu layer to problem 3 strategy LP
time 14:15:45.580824
¦========================================================================¦
¦========================================================================¦
add affine layer to problem 4 strategy LP
time 14:15:50.458980
add relu layer to problem 5 strategy LP
time 14:15:50.490851
¦========================================================================¦
¦========================================================================¦
add affine layer to problem 6 strategy LP
time 14:16:06.553705
add relu layer to problem 7 strategy LP
time 14:16:06.585473
¦========================================================================¦
¦========================================================================¦
add affine layer to problem 8 strategy LP
time 14:16:46.607373
add relu layer to problem 9 strategy LP
time 14:16:46.639077
¦========================================================================¦
¦========================================================================¦
add affine layer to problem 10 strategy LP
time 14:18:14.450306
add relu layer to problem 11 strategy LP
time 14:18:14.452178
¦========================================================================¦
¦========================================================================¦
time 14:18:24.319128
logit 0 is strictly smaller than the label logit (7)
logit 1 is strictly smaller than the label logit (7)
logit 2 is strictly smaller than the label logit (7)
logit 3 is strictly smaller than the label logit (7)
logit 4 is strictly smaller than the label logit (7)
logit 5 is strictly smaller than the label logit (7)
logit 6 is strictly smaller than the label logit (7)
logit 8 is strictly smaller than the label logit (7)
logit 9 is strictly smaller than the label logit (7)
verified
analysis time:  162.76684260368347  seconds
epsilon is in:
[0.014374999999999999, 0.017499999999999998]
try epsilon of  0.0159375
time 14:18:27.762527
the number of processes used is 4
add affine layer to problem 0 strategy LP
time 14:18:27.766390
add relu layer to problem 1 strategy LP
time 14:18:27.879950
¦========================================================================¦
¦========================================================================¦
add affine layer to problem 2 strategy LP
time 14:18:30.101576
add relu layer to problem 3 strategy LP
time 14:18:30.133374
¦========================================================================¦
¦========================================================================¦
add affine layer to problem 4 strategy LP
time 14:18:35.016432
add relu layer to problem 5 strategy LP
time 14:18:35.048248
¦========================================================================¦
¦========================================================================¦
add affine layer to problem 6 strategy LP
time 14:18:52.822017
add relu layer to problem 7 strategy LP
time 14:18:52.853881
¦========================================================================¦
¦========================================================================¦
add affine layer to problem 8 strategy LP
time 14:19:44.312499
add relu layer to problem 9 strategy LP
time 14:19:44.345315
¦========================================================================¦
¦========================================================================¦
add affine layer to problem 10 strategy LP
time 14:21:59.582776
add relu layer to problem 11 strategy LP
time 14:21:59.584639
¦========================================================================¦
¦========================================================================¦
time 14:22:15.867724
logit 0 - label logit (7) <= 0.7410788627583091
can not be verified
analysis time:  228.86981558799744  seconds
epsilon is in:
[0.014374999999999999, 0.0159375]
try epsilon of  0.01515625
time 14:22:18.433323
the number of processes used is 4
add affine layer to problem 0 strategy LP
time 14:22:18.436919
add relu layer to problem 1 strategy LP
time 14:22:18.550308
¦========================================================================¦
¦========================================================================¦
add affine layer to problem 2 strategy LP
time 14:22:20.761371
add relu layer to problem 3 strategy LP
time 14:22:20.793182
¦========================================================================¦
¦========================================================================¦
add affine layer to problem 4 strategy LP
time 14:22:25.710630
add relu layer to problem 5 strategy LP
time 14:22:25.742447
¦========================================================================¦
¦========================================================================¦
add affine layer to problem 6 strategy LP
time 14:22:41.810004
add relu layer to problem 7 strategy LP
time 14:22:41.841774
¦========================================================================¦
¦========================================================================¦
add affine layer to problem 8 strategy LP
time 14:23:24.971692
add relu layer to problem 9 strategy LP
time 14:23:25.004457
¦========================================================================¦
¦========================================================================¦
add affine layer to problem 10 strategy LP
time 14:24:58.357412
add relu layer to problem 11 strategy LP
time 14:24:58.359314
¦========================================================================¦
¦========================================================================¦
time 14:25:09.459103
logit 0 is strictly smaller than the label logit (7)
logit 1 is strictly smaller than the label logit (7)
logit 2 is strictly smaller than the label logit (7)
logit 3 is strictly smaller than the label logit (7)
logit 4 is strictly smaller than the label logit (7)
logit 5 is strictly smaller than the label logit (7)
logit 6 is strictly smaller than the label logit (7)
logit 8 is strictly smaller than the label logit (7)
logit 9 is strictly smaller than the label logit (7)
verified
analysis time:  173.89777636528015  seconds
epsilon is in:
[0.01515625, 0.0159375]
