../mnist_nets/mnist_relu_6_200.txt ../mnist_images/img85.txt
try epsilon of  0.017499999999999998
time 18:44:43.840135
the number of processes used is 12
add affine layer to problem 0 strategy LP
time 18:44:43.918369
add relu layer to problem 1 strategy LP
time 18:44:43.992891
¦========================================================================¦
¦========================================================================¦
add affine layer to problem 2 strategy LP
time 18:44:46.095625
add relu layer to problem 3 strategy LP
time 18:44:46.116458
¦========================================================================¦
¦========================================================================¦
add affine layer to problem 4 strategy LP
time 18:44:50.179378
add relu layer to problem 5 strategy LP
time 18:44:50.200776
¦========================================================================¦
¦========================================================================¦
add affine layer to problem 6 strategy LP
time 18:44:57.256848
add relu layer to problem 7 strategy LP
time 18:44:57.278772
¦========================================================================¦
¦========================================================================¦
add affine layer to problem 8 strategy LP
time 18:45:10.898938
add relu layer to problem 9 strategy LP
time 18:45:10.920932
¦========================================================================¦
¦========================================================================¦
add affine layer to problem 10 strategy LP
time 18:45:35.138163
add relu layer to problem 11 strategy LP
time 18:45:35.139491
¦========================================================================¦
¦========================================================================¦
time 18:45:38.883837
logit 0 is strictly smaller than the label logit (4)
logit 1 is strictly smaller than the label logit (4)
logit 2 is strictly smaller than the label logit (4)
logit 3 is strictly smaller than the label logit (4)
logit 5 is strictly smaller than the label logit (4)
logit 6 is strictly smaller than the label logit (4)
logit 7 is strictly smaller than the label logit (4)
logit 8 is strictly smaller than the label logit (4)
logit 9 is strictly smaller than the label logit (4)
verified
analysis time:  56.411856174468994  seconds
epsilon is in:
[0.017499999999999998, 0.03]
try epsilon of  0.02375
time 18:45:41.603127
the number of processes used is 12
add affine layer to problem 0 strategy LP
time 18:45:41.605533
add relu layer to problem 1 strategy LP
time 18:45:41.685134
¦========================================================================¦
¦========================================================================¦
add affine layer to problem 2 strategy LP
time 18:45:44.036336
add relu layer to problem 3 strategy LP
time 18:45:44.057725
¦========================================================================¦
¦========================================================================¦
add affine layer to problem 4 strategy LP
time 18:45:48.675608
add relu layer to problem 5 strategy LP
time 18:45:48.697530
¦========================================================================¦
¦========================================================================¦
add affine layer to problem 6 strategy LP
time 18:45:58.150379
add relu layer to problem 7 strategy LP
time 18:45:58.172300
¦========================================================================¦
¦========================================================================¦
add affine layer to problem 8 strategy LP
time 18:46:23.552545
add relu layer to problem 9 strategy LP
time 18:46:23.574667
¦========================================================================¦
¦========================================================================¦
add affine layer to problem 10 strategy LP
time 18:47:29.373778
add relu layer to problem 11 strategy LP
time 18:47:29.375070
¦========================================================================¦
¦========================================================================¦
time 18:47:42.729889
logit 0 - label logit (4) <= 4.359569931571533
can not be verified
analysis time:  121.78392434120178  seconds
epsilon is in:
[0.017499999999999998, 0.02375]
try epsilon of  0.020624999999999998
time 18:47:44.741652
the number of processes used is 12
add affine layer to problem 0 strategy LP
time 18:47:44.743891
add relu layer to problem 1 strategy LP
time 18:47:44.823661
¦========================================================================¦
¦========================================================================¦
add affine layer to problem 2 strategy LP
time 18:47:47.233647
add relu layer to problem 3 strategy LP
time 18:47:47.255368
¦========================================================================¦
¦========================================================================¦
add affine layer to problem 4 strategy LP
time 18:47:51.626620
add relu layer to problem 5 strategy LP
time 18:47:51.648299
¦========================================================================¦
¦========================================================================¦
add affine layer to problem 6 strategy LP
time 18:47:59.825702
add relu layer to problem 7 strategy LP
time 18:47:59.846773
¦========================================================================¦
¦========================================================================¦
add affine layer to problem 8 strategy LP
time 18:48:18.130221
add relu layer to problem 9 strategy LP
time 18:48:18.151783
¦========================================================================¦
¦========================================================================¦
add affine layer to problem 10 strategy LP
time 18:49:00.452556
add relu layer to problem 11 strategy LP
time 18:49:00.453870
¦========================================================================¦
¦========================================================================¦
time 18:49:06.790923
logit 0 is strictly smaller than the label logit (4)
logit 1 is strictly smaller than the label logit (4)
logit 2 is strictly smaller than the label logit (4)
logit 3 is strictly smaller than the label logit (4)
logit 5 is strictly smaller than the label logit (4)
logit 6 is strictly smaller than the label logit (4)
logit 7 - label logit (4) <= 1.3968855660478403
can not be verified
analysis time:  83.96607112884521  seconds
epsilon is in:
[0.017499999999999998, 0.020624999999999998]
try epsilon of  0.019062499999999996
time 18:49:10.060944
the number of processes used is 12
add affine layer to problem 0 strategy LP
time 18:49:10.063675
add relu layer to problem 1 strategy LP
time 18:49:10.144060
¦========================================================================¦
¦========================================================================¦
add affine layer to problem 2 strategy LP
time 18:49:12.596901
add relu layer to problem 3 strategy LP
time 18:49:12.618540
¦========================================================================¦
¦========================================================================¦
add affine layer to problem 4 strategy LP
time 18:49:17.107178
add relu layer to problem 5 strategy LP
time 18:49:17.129125
¦========================================================================¦
¦========================================================================¦
add affine layer to problem 6 strategy LP
time 18:49:24.864992
add relu layer to problem 7 strategy LP
time 18:49:24.886403
¦========================================================================¦
¦========================================================================¦
add affine layer to problem 8 strategy LP
time 18:49:41.315130
add relu layer to problem 9 strategy LP
time 18:49:41.336569
¦========================================================================¦
¦========================================================================¦
add affine layer to problem 10 strategy LP
time 18:50:14.530338
add relu layer to problem 11 strategy LP
time 18:50:14.531675
¦========================================================================¦
¦========================================================================¦
time 18:50:19.582061
logit 0 is strictly smaller than the label logit (4)
logit 1 is strictly smaller than the label logit (4)
logit 2 is strictly smaller than the label logit (4)
logit 3 is strictly smaller than the label logit (4)
logit 5 is strictly smaller than the label logit (4)
logit 6 is strictly smaller than the label logit (4)
logit 7 is strictly smaller than the label logit (4)
logit 8 is strictly smaller than the label logit (4)
logit 9 is strictly smaller than the label logit (4)
verified
analysis time:  71.3423068523407  seconds
epsilon is in:
[0.019062499999999996, 0.020624999999999998]
try epsilon of  0.019843749999999997
time 18:50:22.756065
the number of processes used is 12
add affine layer to problem 0 strategy LP
time 18:50:22.758387
add relu layer to problem 1 strategy LP
time 18:50:22.838379
¦========================================================================¦
¦========================================================================¦
add affine layer to problem 2 strategy LP
time 18:50:25.349128
add relu layer to problem 3 strategy LP
time 18:50:25.370188
¦========================================================================¦
¦========================================================================¦
add affine layer to problem 4 strategy LP
time 18:50:29.821859
add relu layer to problem 5 strategy LP
time 18:50:29.846856
¦========================================================================¦
¦========================================================================¦
add affine layer to problem 6 strategy LP
time 18:50:37.785099
add relu layer to problem 7 strategy LP
time 18:50:37.806510
¦========================================================================¦
¦========================================================================¦
add affine layer to problem 8 strategy LP
time 18:50:55.190264
add relu layer to problem 9 strategy LP
time 18:50:55.212439
¦========================================================================¦
¦========================================================================¦
add affine layer to problem 10 strategy LP
time 18:51:32.098059
add relu layer to problem 11 strategy LP
time 18:51:32.099369
¦========================================================================¦
¦========================================================================¦
time 18:51:38.030170
logit 0 is strictly smaller than the label logit (4)
logit 1 is strictly smaller than the label logit (4)
logit 2 is strictly smaller than the label logit (4)
logit 3 is strictly smaller than the label logit (4)
logit 5 is strictly smaller than the label logit (4)
logit 6 is strictly smaller than the label logit (4)
logit 7 - label logit (4) <= 0.2671918409351788
can not be verified
analysis time:  76.94660019874573  seconds
epsilon is in:
[0.019062499999999996, 0.019843749999999997]
