../mnist_nets/mnist_relu_6_200.txt ../mnist_images/img72.txt
try epsilon of  0.017499999999999998
time 12:28:05.704084
the number of processes used is 4
add affine layer to problem 0 strategy LP
time 12:28:05.748092
add relu layer to problem 1 strategy LP
time 12:28:05.866868
¦========================================================================¦
¦========================================================================¦
add affine layer to problem 2 strategy LP
time 12:28:09.016888
add relu layer to problem 3 strategy LP
time 12:28:09.051654
¦========================================================================¦
¦========================================================================¦
add affine layer to problem 4 strategy LP
time 12:28:17.413349
add relu layer to problem 5 strategy LP
time 12:28:17.449477
¦========================================================================¦
¦========================================================================¦
add affine layer to problem 6 strategy LP
time 12:28:38.244792
add relu layer to problem 7 strategy LP
time 12:28:38.282585
¦========================================================================¦
¦========================================================================¦
add affine layer to problem 8 strategy LP
time 12:30:04.571879
add relu layer to problem 9 strategy LP
time 12:30:04.608382
¦========================================================================¦
¦========================================================================¦
add affine layer to problem 10 strategy LP
time 12:36:22.363101
add relu layer to problem 11 strategy LP
time 12:36:22.365253
¦========================================================================¦
¦========================================================================¦
time 12:37:17.645345
logit 0 - label logit (2) <= 15.685842181878812
can not be verified
analysis time:  553.5359020233154  seconds
epsilon is in:
[0.005, 0.017499999999999998]
try epsilon of  0.01125
time 12:37:21.267464
the number of processes used is 4
add affine layer to problem 0 strategy LP
time 12:37:21.272374
add relu layer to problem 1 strategy LP
time 12:37:21.418533
¦========================================================================¦
¦========================================================================¦
add affine layer to problem 2 strategy LP
time 12:37:24.486474
add relu layer to problem 3 strategy LP
time 12:37:24.522779
¦========================================================================¦
¦========================================================================¦
add affine layer to problem 4 strategy LP
time 12:37:31.147631
add relu layer to problem 5 strategy LP
time 12:37:31.185200
¦========================================================================¦
¦========================================================================¦
add affine layer to problem 6 strategy LP
time 12:37:42.355007
add relu layer to problem 7 strategy LP
time 12:37:42.390680
¦========================================================================¦
¦========================================================================¦
add affine layer to problem 8 strategy LP
time 12:38:09.714135
add relu layer to problem 9 strategy LP
time 12:38:09.751407
¦========================================================================¦
¦========================================================================¦
add affine layer to problem 10 strategy LP
time 12:39:35.989863
add relu layer to problem 11 strategy LP
time 12:39:35.992264
¦========================================================================¦
¦========================================================================¦
time 12:39:46.069186
logit 0 is strictly smaller than the label logit (2)
logit 1 is strictly smaller than the label logit (2)
logit 3 - label logit (2) <= 0.28749233408512076
can not be verified
analysis time:  146.04892230033875  seconds
epsilon is in:
[0.005, 0.01125]
try epsilon of  0.008125
time 12:39:49.371343
the number of processes used is 4
add affine layer to problem 0 strategy LP
time 12:39:49.376193
add relu layer to problem 1 strategy LP
time 12:39:49.519084
¦========================================================================¦
¦========================================================================¦
add affine layer to problem 2 strategy LP
time 12:39:52.327185
add relu layer to problem 3 strategy LP
time 12:39:52.363210
¦========================================================================¦
¦========================================================================¦
add affine layer to problem 4 strategy LP
time 12:39:58.318899
add relu layer to problem 5 strategy LP
time 12:39:58.357650
¦========================================================================¦
¦========================================================================¦
add affine layer to problem 6 strategy LP
time 12:40:07.940611
add relu layer to problem 7 strategy LP
time 12:40:07.975646
¦========================================================================¦
¦========================================================================¦
add affine layer to problem 8 strategy LP
time 12:40:24.853697
add relu layer to problem 9 strategy LP
time 12:40:24.891394
¦========================================================================¦
¦========================================================================¦
add affine layer to problem 10 strategy LP
time 12:41:02.334881
add relu layer to problem 11 strategy LP
time 12:41:02.337219
¦========================================================================¦
¦========================================================================¦
time 12:41:05.703131
logit 0 is strictly smaller than the label logit (2)
logit 1 is strictly smaller than the label logit (2)
logit 3 is strictly smaller than the label logit (2)
logit 4 is strictly smaller than the label logit (2)
logit 5 is strictly smaller than the label logit (2)
logit 6 is strictly smaller than the label logit (2)
logit 7 is strictly smaller than the label logit (2)
logit 8 is strictly smaller than the label logit (2)
logit 9 is strictly smaller than the label logit (2)
verified
analysis time:  77.55146932601929  seconds
epsilon is in:
[0.008125, 0.01125]
try epsilon of  0.0096875
time 12:41:08.939241
the number of processes used is 4
add affine layer to problem 0 strategy LP
time 12:41:08.943955
add relu layer to problem 1 strategy LP
time 12:41:09.091022
¦========================================================================¦
¦========================================================================¦
add affine layer to problem 2 strategy LP
time 12:41:11.989636
add relu layer to problem 3 strategy LP
time 12:41:12.027418
¦========================================================================¦
¦========================================================================¦
add affine layer to problem 4 strategy LP
time 12:41:17.801332
add relu layer to problem 5 strategy LP
time 12:41:17.839619
¦========================================================================¦
¦========================================================================¦
add affine layer to problem 6 strategy LP
time 12:41:28.235363
add relu layer to problem 7 strategy LP
time 12:41:28.272301
¦========================================================================¦
¦========================================================================¦
add affine layer to problem 8 strategy LP
time 12:41:51.025443
add relu layer to problem 9 strategy LP
time 12:41:51.063262
¦========================================================================¦
¦========================================================================¦
add affine layer to problem 10 strategy LP
time 12:42:51.032570
add relu layer to problem 11 strategy LP
time 12:42:51.034943
¦========================================================================¦
¦========================================================================¦
time 12:42:57.101918
logit 0 is strictly smaller than the label logit (2)
logit 1 is strictly smaller than the label logit (2)
logit 3 is strictly smaller than the label logit (2)
logit 4 is strictly smaller than the label logit (2)
logit 5 is strictly smaller than the label logit (2)
logit 6 is strictly smaller than the label logit (2)
logit 7 is strictly smaller than the label logit (2)
logit 8 is strictly smaller than the label logit (2)
logit 9 is strictly smaller than the label logit (2)
verified
analysis time:  109.65482926368713  seconds
epsilon is in:
[0.0096875, 0.01125]
try epsilon of  0.010468749999999999
time 12:43:00.625855
the number of processes used is 4
add affine layer to problem 0 strategy LP
time 12:43:00.630681
add relu layer to problem 1 strategy LP
time 12:43:00.778849
¦========================================================================¦
¦========================================================================¦
add affine layer to problem 2 strategy LP
time 12:43:03.882769
add relu layer to problem 3 strategy LP
time 12:43:03.920037
¦========================================================================¦
¦========================================================================¦
add affine layer to problem 4 strategy LP
time 12:43:10.509466
add relu layer to problem 5 strategy LP
time 12:43:10.549611
¦========================================================================¦
¦========================================================================¦
add affine layer to problem 6 strategy LP
time 12:43:21.616534
add relu layer to problem 7 strategy LP
time 12:43:21.654228
¦========================================================================¦
¦========================================================================¦
add affine layer to problem 8 strategy LP
time 12:43:49.053539
add relu layer to problem 9 strategy LP
time 12:43:49.091184
¦========================================================================¦
¦========================================================================¦
add affine layer to problem 10 strategy LP
time 12:45:02.096301
add relu layer to problem 11 strategy LP
time 12:45:02.098420
¦========================================================================¦
¦========================================================================¦
time 12:45:08.330445
logit 0 is strictly smaller than the label logit (2)
logit 1 is strictly smaller than the label logit (2)
logit 3 is strictly smaller than the label logit (2)
logit 4 is strictly smaller than the label logit (2)
logit 5 is strictly smaller than the label logit (2)
logit 6 is strictly smaller than the label logit (2)
logit 7 is strictly smaller than the label logit (2)
logit 8 is strictly smaller than the label logit (2)
logit 9 is strictly smaller than the label logit (2)
verified
analysis time:  129.7642958164215  seconds
epsilon is in:
[0.010468749999999999, 0.01125]
