../mnist_nets/mnist_relu_6_200.txt ../mnist_images/img31.txt
try epsilon of  0.017499999999999998
time 12:28:00.250367
the number of processes used is 4
add affine layer to problem 0 strategy LP
time 12:28:00.283430
add relu layer to problem 1 strategy LP
time 12:28:00.407925
¦========================================================================¦
¦========================================================================¦
add affine layer to problem 2 strategy LP
time 12:28:03.500839
add relu layer to problem 3 strategy LP
time 12:28:03.537502
¦========================================================================¦
¦========================================================================¦
add affine layer to problem 4 strategy LP
time 12:28:12.946794
add relu layer to problem 5 strategy LP
time 12:28:12.982974
¦========================================================================¦
¦========================================================================¦
add affine layer to problem 6 strategy LP
time 12:29:07.348242
add relu layer to problem 7 strategy LP
time 12:29:07.386796
¦========================================================================¦
¦========================================================================¦
add affine layer to problem 8 strategy LP
time 12:34:00.659315
add relu layer to problem 9 strategy LP
time 12:34:00.699315
¦========================================================================¦
¦========================================================================¦
add affine layer to problem 10 strategy LP
time 12:52:30.183952
add relu layer to problem 11 strategy LP
time 12:52:30.186160
¦========================================================================¦
¦========================================================================¦
time 12:54:24.179362
logit 0 - label logit (1) <= 58.5772985609765
can not be verified
analysis time:  1586.5018107891083  seconds
epsilon is in:
[0.005, 0.017499999999999998]
try epsilon of  0.01125
time 12:54:28.778264
the number of processes used is 4
add affine layer to problem 0 strategy LP
time 12:54:28.782477
add relu layer to problem 1 strategy LP
time 12:54:28.937539
¦========================================================================¦
¦========================================================================¦
add affine layer to problem 2 strategy LP
time 12:54:31.997988
add relu layer to problem 3 strategy LP
time 12:54:32.036387
¦========================================================================¦
¦========================================================================¦
add affine layer to problem 4 strategy LP
time 12:54:39.560861
add relu layer to problem 5 strategy LP
time 12:54:39.598324
¦========================================================================¦
¦========================================================================¦
add affine layer to problem 6 strategy LP
time 12:55:06.329191
add relu layer to problem 7 strategy LP
time 12:55:06.369149
¦========================================================================¦
¦========================================================================¦
add affine layer to problem 8 strategy LP
time 12:56:58.202018
add relu layer to problem 9 strategy LP
time 12:56:58.241652
¦========================================================================¦
¦========================================================================¦
add affine layer to problem 10 strategy LP
time 13:04:10.217384
add relu layer to problem 11 strategy LP
time 13:04:10.219855
¦========================================================================¦
¦========================================================================¦
time 13:04:54.647648
logit 0 - label logit (1) <= 8.494304218929278
can not be verified
analysis time:  627.6239058971405  seconds
epsilon is in:
[0.005, 0.01125]
try epsilon of  0.008125
time 13:04:58.424474
the number of processes used is 4
add affine layer to problem 0 strategy LP
time 13:04:58.429010
add relu layer to problem 1 strategy LP
time 13:04:58.588455
¦========================================================================¦
¦========================================================================¦
add affine layer to problem 2 strategy LP
time 13:05:01.786130
add relu layer to problem 3 strategy LP
time 13:05:01.825597
¦========================================================================¦
¦========================================================================¦
add affine layer to problem 4 strategy LP
time 13:05:08.908237
add relu layer to problem 5 strategy LP
time 13:05:08.948992
¦========================================================================¦
¦========================================================================¦
add affine layer to problem 6 strategy LP
time 13:05:25.717966
add relu layer to problem 7 strategy LP
time 13:05:25.759331
¦========================================================================¦
¦========================================================================¦
add affine layer to problem 8 strategy LP
time 13:06:17.246344
add relu layer to problem 9 strategy LP
time 13:06:17.284240
¦========================================================================¦
¦========================================================================¦
add affine layer to problem 10 strategy LP
time 13:08:33.101101
add relu layer to problem 11 strategy LP
time 13:08:33.103356
¦========================================================================¦
¦========================================================================¦
time 13:08:41.916516
logit 0 is strictly smaller than the label logit (1)
logit 2 is strictly smaller than the label logit (1)
logit 3 is strictly smaller than the label logit (1)
logit 4 is strictly smaller than the label logit (1)
logit 5 is strictly smaller than the label logit (1)
logit 6 is strictly smaller than the label logit (1)
logit 7 is strictly smaller than the label logit (1)
logit 8 is strictly smaller than the label logit (1)
logit 9 is strictly smaller than the label logit (1)
verified
analysis time:  226.71293997764587  seconds
epsilon is in:
[0.008125, 0.01125]
try epsilon of  0.0096875
time 13:08:47.135892
the number of processes used is 4
add affine layer to problem 0 strategy LP
time 13:08:47.140121
add relu layer to problem 1 strategy LP
time 13:08:47.293503
¦========================================================================¦
¦========================================================================¦
add affine layer to problem 2 strategy LP
time 13:08:50.636699
add relu layer to problem 3 strategy LP
time 13:08:50.674951
¦========================================================================¦
¦========================================================================¦
add affine layer to problem 4 strategy LP
time 13:08:58.378530
add relu layer to problem 5 strategy LP
time 13:08:58.419033
¦========================================================================¦
¦========================================================================¦
add affine layer to problem 6 strategy LP
time 13:09:20.943341
add relu layer to problem 7 strategy LP
time 13:09:20.983319
¦========================================================================¦
¦========================================================================¦
add affine layer to problem 8 strategy LP
time 13:10:44.284003
add relu layer to problem 9 strategy LP
time 13:10:44.323369
¦========================================================================¦
¦========================================================================¦
add affine layer to problem 10 strategy LP
time 13:14:38.395075
add relu layer to problem 11 strategy LP
time 13:14:38.397453
¦========================================================================¦
¦========================================================================¦
time 13:15:06.353475
logit 0 - label logit (1) <= 1.8182550974451388
can not be verified
analysis time:  380.77585649490356  seconds
epsilon is in:
[0.008125, 0.0096875]
try epsilon of  0.008906250000000001
time 13:15:09.929640
the number of processes used is 4
add affine layer to problem 0 strategy LP
time 13:15:09.934625
add relu layer to problem 1 strategy LP
time 13:15:10.094340
¦========================================================================¦
¦========================================================================¦
add affine layer to problem 2 strategy LP
time 13:15:13.286345
add relu layer to problem 3 strategy LP
time 13:15:13.325438
¦========================================================================¦
¦========================================================================¦
add affine layer to problem 4 strategy LP
time 13:15:20.814727
add relu layer to problem 5 strategy LP
time 13:15:20.855049
¦========================================================================¦
¦========================================================================¦
add affine layer to problem 6 strategy LP
time 13:15:40.900864
add relu layer to problem 7 strategy LP
time 13:15:40.941337
¦========================================================================¦
¦========================================================================¦
add affine layer to problem 8 strategy LP
time 13:16:44.097584
add relu layer to problem 9 strategy LP
time 13:16:44.137936
¦========================================================================¦
¦========================================================================¦
add affine layer to problem 10 strategy LP
time 13:19:28.248804
add relu layer to problem 11 strategy LP
time 13:19:28.251236
¦========================================================================¦
¦========================================================================¦
time 13:19:46.677435
logit 0 is strictly smaller than the label logit (1)
logit 2 is strictly smaller than the label logit (1)
logit 3 - label logit (1) <= 0.2650911606500157
can not be verified
analysis time:  278.6773045063019  seconds
epsilon is in:
[0.008125, 0.008906250000000001]
