../mnist_nets/mnist_relu_6_200.txt ../mnist_images/img12.txt
try epsilon of  0.017499999999999998
time 12:28:02.104239
the number of processes used is 4
add affine layer to problem 0 strategy LP
time 12:28:02.133055
add relu layer to problem 1 strategy LP
time 12:28:02.262343
¦========================================================================¦
¦========================================================================¦
add affine layer to problem 2 strategy LP
time 12:28:05.643735
add relu layer to problem 3 strategy LP
time 12:28:05.681088
¦========================================================================¦
¦========================================================================¦
add affine layer to problem 4 strategy LP
time 12:28:13.727687
add relu layer to problem 5 strategy LP
time 12:28:13.765722
¦========================================================================¦
¦========================================================================¦
add affine layer to problem 6 strategy LP
time 12:28:35.306511
add relu layer to problem 7 strategy LP
time 12:28:35.344129
¦========================================================================¦
¦========================================================================¦
add affine layer to problem 8 strategy LP
time 12:30:22.563160
add relu layer to problem 9 strategy LP
time 12:30:22.602392
¦========================================================================¦
¦========================================================================¦
add affine layer to problem 10 strategy LP
time 12:38:07.196843
add relu layer to problem 11 strategy LP
time 12:38:07.199248
¦========================================================================¦
¦========================================================================¦
time 12:38:58.668358
logit 0 - label logit (9) <= 20.575675451210873
can not be verified
analysis time:  658.5469734668732  seconds
epsilon is in:
[0.005, 0.017499999999999998]
try epsilon of  0.01125
time 12:39:02.775902
the number of processes used is 4
add affine layer to problem 0 strategy LP
time 12:39:02.780001
add relu layer to problem 1 strategy LP
time 12:39:02.938787
¦========================================================================¦
¦========================================================================¦
add affine layer to problem 2 strategy LP
time 12:39:06.150918
add relu layer to problem 3 strategy LP
time 12:39:06.191524
¦========================================================================¦
¦========================================================================¦
add affine layer to problem 4 strategy LP
time 12:39:13.094110
add relu layer to problem 5 strategy LP
time 12:39:13.134649
¦========================================================================¦
¦========================================================================¦
add affine layer to problem 6 strategy LP
time 12:39:26.018359
add relu layer to problem 7 strategy LP
time 12:39:26.059286
¦========================================================================¦
¦========================================================================¦
add affine layer to problem 8 strategy LP
time 12:40:04.711174
add relu layer to problem 9 strategy LP
time 12:40:04.751946
¦========================================================================¦
¦========================================================================¦
add affine layer to problem 10 strategy LP
time 12:41:50.280889
add relu layer to problem 11 strategy LP
time 12:41:50.283402
¦========================================================================¦
¦========================================================================¦
time 12:42:02.590639
logit 0 is strictly smaller than the label logit (9)
logit 1 is strictly smaller than the label logit (9)
logit 2 is strictly smaller than the label logit (9)
logit 3 is strictly smaller than the label logit (9)
logit 4 is strictly smaller than the label logit (9)
logit 5 is strictly smaller than the label logit (9)
logit 6 is strictly smaller than the label logit (9)
logit 7 is strictly smaller than the label logit (9)
logit 8 is strictly smaller than the label logit (9)
verified
analysis time:  182.71761226654053  seconds
epsilon is in:
[0.01125, 0.017499999999999998]
try epsilon of  0.014374999999999999
time 12:42:07.590216
the number of processes used is 4
add affine layer to problem 0 strategy LP
time 12:42:07.594379
add relu layer to problem 1 strategy LP
time 12:42:07.742624
¦========================================================================¦
¦========================================================================¦
add affine layer to problem 2 strategy LP
time 12:42:10.906734
add relu layer to problem 3 strategy LP
time 12:42:10.947117
¦========================================================================¦
¦========================================================================¦
add affine layer to problem 4 strategy LP
time 12:42:18.270264
add relu layer to problem 5 strategy LP
time 12:42:18.313193
¦========================================================================¦
¦========================================================================¦
add affine layer to problem 6 strategy LP
time 12:42:36.036139
add relu layer to problem 7 strategy LP
time 12:42:36.076641
¦========================================================================¦
¦========================================================================¦
add affine layer to problem 8 strategy LP
time 12:43:41.341472
add relu layer to problem 9 strategy LP
time 12:43:41.383067
¦========================================================================¦
¦========================================================================¦
add affine layer to problem 10 strategy LP
time 12:47:43.348241
add relu layer to problem 11 strategy LP
time 12:47:43.350789
¦========================================================================¦
¦========================================================================¦
time 12:48:11.406074
logit 0 - label logit (9) <= 7.609778335526457
can not be verified
analysis time:  365.4045457839966  seconds
epsilon is in:
[0.01125, 0.014374999999999999]
try epsilon of  0.0128125
time 12:48:15.118917
the number of processes used is 4
add affine layer to problem 0 strategy LP
time 12:48:15.123255
add relu layer to problem 1 strategy LP
time 12:48:15.286470
¦========================================================================¦
¦========================================================================¦
add affine layer to problem 2 strategy LP
time 12:48:18.489404
add relu layer to problem 3 strategy LP
time 12:48:18.530087
¦========================================================================¦
¦========================================================================¦
add affine layer to problem 4 strategy LP
time 12:48:25.606010
add relu layer to problem 5 strategy LP
time 12:48:25.648690
¦========================================================================¦
¦========================================================================¦
add affine layer to problem 6 strategy LP
time 12:48:40.673120
add relu layer to problem 7 strategy LP
time 12:48:40.714582
¦========================================================================¦
¦========================================================================¦
add affine layer to problem 8 strategy LP
time 12:49:28.170003
add relu layer to problem 9 strategy LP
time 12:49:28.209402
¦========================================================================¦
¦========================================================================¦
add affine layer to problem 10 strategy LP
time 12:52:11.846998
add relu layer to problem 11 strategy LP
time 12:52:11.849404
¦========================================================================¦
¦========================================================================¦
time 12:52:30.688475
logit 0 - label logit (9) <= 1.343497169751937
can not be verified
analysis time:  256.4919340610504  seconds
epsilon is in:
[0.01125, 0.0128125]
try epsilon of  0.01203125
time 12:52:33.717462
the number of processes used is 4
add affine layer to problem 0 strategy LP
time 12:52:33.722357
add relu layer to problem 1 strategy LP
time 12:52:33.881448
¦========================================================================¦
¦========================================================================¦
add affine layer to problem 2 strategy LP
time 12:52:36.999995
add relu layer to problem 3 strategy LP
time 12:52:37.041298
¦========================================================================¦
¦========================================================================¦
add affine layer to problem 4 strategy LP
time 12:52:43.791784
add relu layer to problem 5 strategy LP
time 12:52:43.833132
¦========================================================================¦
¦========================================================================¦
add affine layer to problem 6 strategy LP
time 12:52:57.720019
add relu layer to problem 7 strategy LP
time 12:52:57.760816
¦========================================================================¦
¦========================================================================¦
add affine layer to problem 8 strategy LP
time 12:53:39.516985
add relu layer to problem 9 strategy LP
time 12:53:39.558024
¦========================================================================¦
¦========================================================================¦
add affine layer to problem 10 strategy LP
time 12:55:42.823902
add relu layer to problem 11 strategy LP
time 12:55:42.826380
¦========================================================================¦
¦========================================================================¦
time 12:55:57.709225
logit 0 is strictly smaller than the label logit (9)
logit 1 is strictly smaller than the label logit (9)
logit 2 is strictly smaller than the label logit (9)
logit 3 is strictly smaller than the label logit (9)
logit 4 - label logit (9) <= 1.3373024771021527
can not be verified
analysis time:  206.55932760238647  seconds
epsilon is in:
[0.01125, 0.01203125]
