../mnist_nets/mnist_relu_6_200.txt ../mnist_images/img1.txt
try epsilon of  0.017499999999999998
time 14:38:51.294240
the number of processes used is 4
add affine layer to problem 0 strategy LP
time 14:38:51.311969
add relu layer to problem 1 strategy LP
time 14:38:51.424532
¦========================================================================¦
¦========================================================================¦
add affine layer to problem 2 strategy LP
time 14:38:53.521678
add relu layer to problem 3 strategy LP
time 14:38:53.552330
¦========================================================================¦
¦========================================================================¦
add affine layer to problem 4 strategy LP
time 14:38:58.143046
add relu layer to problem 5 strategy LP
time 14:38:58.175184
¦========================================================================¦
¦========================================================================¦
add affine layer to problem 6 strategy LP
time 14:39:12.617634
add relu layer to problem 7 strategy LP
time 14:39:12.648550
¦========================================================================¦
¦========================================================================¦
add affine layer to problem 8 strategy LP
time 14:40:01.337803
add relu layer to problem 9 strategy LP
time 14:40:01.368571
¦========================================================================¦
¦========================================================================¦
add affine layer to problem 10 strategy LP
time 14:42:31.530624
add relu layer to problem 11 strategy LP
time 14:42:31.532424
¦========================================================================¦
¦========================================================================¦
time 14:42:54.211659
logit 0 - label logit (2) <= 7.357359291168621
can not be verified
analysis time:  243.87603783607483  seconds
epsilon is in:
[0.005, 0.017499999999999998]
try epsilon of  0.01125
time 14:42:56.947992
the number of processes used is 4
add affine layer to problem 0 strategy LP
time 14:42:56.951452
add relu layer to problem 1 strategy LP
time 14:42:57.063109
¦========================================================================¦
¦========================================================================¦
add affine layer to problem 2 strategy LP
time 14:42:59.168917
add relu layer to problem 3 strategy LP
time 14:42:59.200311
¦========================================================================¦
¦========================================================================¦
add affine layer to problem 4 strategy LP
time 14:43:03.327516
add relu layer to problem 5 strategy LP
time 14:43:03.359048
¦========================================================================¦
¦========================================================================¦
add affine layer to problem 6 strategy LP
time 14:43:11.372493
add relu layer to problem 7 strategy LP
time 14:43:11.403818
¦========================================================================¦
¦========================================================================¦
add affine layer to problem 8 strategy LP
time 14:43:27.557808
add relu layer to problem 9 strategy LP
time 14:43:27.588535
¦========================================================================¦
¦========================================================================¦
add affine layer to problem 10 strategy LP
time 14:43:59.227000
add relu layer to problem 11 strategy LP
time 14:43:59.228805
¦========================================================================¦
¦========================================================================¦
time 14:44:01.857292
logit 0 is strictly smaller than the label logit (2)
logit 1 is strictly smaller than the label logit (2)
logit 3 is strictly smaller than the label logit (2)
logit 4 is strictly smaller than the label logit (2)
logit 5 is strictly smaller than the label logit (2)
logit 6 is strictly smaller than the label logit (2)
logit 7 is strictly smaller than the label logit (2)
logit 8 is strictly smaller than the label logit (2)
logit 9 is strictly smaller than the label logit (2)
verified
analysis time:  65.82630443572998  seconds
epsilon is in:
[0.01125, 0.017499999999999998]
try epsilon of  0.014374999999999999
time 14:44:04.625128
the number of processes used is 4
add affine layer to problem 0 strategy LP
time 14:44:04.628730
add relu layer to problem 1 strategy LP
time 14:44:04.740697
¦========================================================================¦
¦========================================================================¦
add affine layer to problem 2 strategy LP
time 14:44:06.849619
add relu layer to problem 3 strategy LP
time 14:44:06.880991
¦========================================================================¦
¦========================================================================¦
add affine layer to problem 4 strategy LP
time 14:44:11.203823
add relu layer to problem 5 strategy LP
time 14:44:11.235344
¦========================================================================¦
¦========================================================================¦
add affine layer to problem 6 strategy LP
time 14:44:21.098928
add relu layer to problem 7 strategy LP
time 14:44:21.130300
¦========================================================================¦
¦========================================================================¦
add affine layer to problem 8 strategy LP
time 14:44:46.514094
add relu layer to problem 9 strategy LP
time 14:44:46.545893
¦========================================================================¦
¦========================================================================¦
add affine layer to problem 10 strategy LP
time 14:45:51.541024
add relu layer to problem 11 strategy LP
time 14:45:51.542851
¦========================================================================¦
¦========================================================================¦
time 14:45:58.823804
logit 0 is strictly smaller than the label logit (2)
logit 1 is strictly smaller than the label logit (2)
logit 3 is strictly smaller than the label logit (2)
logit 4 is strictly smaller than the label logit (2)
logit 5 is strictly smaller than the label logit (2)
logit 6 is strictly smaller than the label logit (2)
logit 7 is strictly smaller than the label logit (2)
logit 8 is strictly smaller than the label logit (2)
logit 9 is strictly smaller than the label logit (2)
verified
analysis time:  115.95129728317261  seconds
epsilon is in:
[0.014374999999999999, 0.017499999999999998]
try epsilon of  0.0159375
time 14:46:02.358006
the number of processes used is 4
add affine layer to problem 0 strategy LP
time 14:46:02.362041
add relu layer to problem 1 strategy LP
time 14:46:02.473806
¦========================================================================¦
¦========================================================================¦
add affine layer to problem 2 strategy LP
time 14:46:04.586090
add relu layer to problem 3 strategy LP
time 14:46:04.617367
¦========================================================================¦
¦========================================================================¦
add affine layer to problem 4 strategy LP
time 14:46:09.130708
add relu layer to problem 5 strategy LP
time 14:46:09.162249
¦========================================================================¦
¦========================================================================¦
add affine layer to problem 6 strategy LP
time 14:46:20.908623
add relu layer to problem 7 strategy LP
time 14:46:20.939806
¦========================================================================¦
¦========================================================================¦
add affine layer to problem 8 strategy LP
time 14:46:54.893924
add relu layer to problem 9 strategy LP
time 14:46:54.924781
¦========================================================================¦
¦========================================================================¦
add affine layer to problem 10 strategy LP
time 14:48:24.037809
add relu layer to problem 11 strategy LP
time 14:48:24.039629
¦========================================================================¦
¦========================================================================¦
time 14:48:35.851298
logit 0 is strictly smaller than the label logit (2)
logit 1 - label logit (2) <= 1.5876674806426143
can not be verified
analysis time:  154.4800202846527  seconds
epsilon is in:
[0.014374999999999999, 0.0159375]
try epsilon of  0.01515625
time 14:48:38.616167
the number of processes used is 4
add affine layer to problem 0 strategy LP
time 14:48:38.619677
add relu layer to problem 1 strategy LP
time 14:48:38.731479
¦========================================================================¦
¦========================================================================¦
add affine layer to problem 2 strategy LP
time 14:48:40.884617
add relu layer to problem 3 strategy LP
time 14:48:40.915678
¦========================================================================¦
¦========================================================================¦
add affine layer to problem 4 strategy LP
time 14:48:45.390137
add relu layer to problem 5 strategy LP
time 14:48:45.421794
¦========================================================================¦
¦========================================================================¦
add affine layer to problem 6 strategy LP
time 14:48:56.410703
add relu layer to problem 7 strategy LP
time 14:48:56.441872
¦========================================================================¦
¦========================================================================¦
add affine layer to problem 8 strategy LP
time 14:49:28.561893
add relu layer to problem 9 strategy LP
time 14:49:28.592743
¦========================================================================¦
¦========================================================================¦
add affine layer to problem 10 strategy LP
time 14:50:50.912802
add relu layer to problem 11 strategy LP
time 14:50:50.914604
¦========================================================================¦
¦========================================================================¦
time 14:50:59.912468
logit 0 is strictly smaller than the label logit (2)
logit 1 is strictly smaller than the label logit (2)
logit 3 is strictly smaller than the label logit (2)
logit 4 is strictly smaller than the label logit (2)
logit 5 is strictly smaller than the label logit (2)
logit 6 is strictly smaller than the label logit (2)
logit 7 is strictly smaller than the label logit (2)
logit 8 is strictly smaller than the label logit (2)
logit 9 is strictly smaller than the label logit (2)
verified
analysis time:  144.0577666759491  seconds
epsilon is in:
[0.01515625, 0.0159375]
