../mnist_nets/mnist_relu_6_200.txt ../mnist_images/img61.txt
try epsilon of  0.017499999999999998
time 12:28:05.718136
the number of processes used is 4
add affine layer to problem 0 strategy LP
time 12:28:05.750862
add relu layer to problem 1 strategy LP
time 12:28:05.876201
¦========================================================================¦
¦========================================================================¦
add affine layer to problem 2 strategy LP
time 12:28:09.150526
add relu layer to problem 3 strategy LP
time 12:28:09.186672
¦========================================================================¦
¦========================================================================¦
add affine layer to problem 4 strategy LP
time 12:28:16.626305
add relu layer to problem 5 strategy LP
time 12:28:16.665299
¦========================================================================¦
¦========================================================================¦
add affine layer to problem 6 strategy LP
time 12:28:35.036437
add relu layer to problem 7 strategy LP
time 12:28:35.073138
¦========================================================================¦
¦========================================================================¦
add affine layer to problem 8 strategy LP
time 12:30:06.465808
add relu layer to problem 9 strategy LP
time 12:30:06.503349
¦========================================================================¦
¦========================================================================¦
add affine layer to problem 10 strategy LP
time 12:36:19.965322
add relu layer to problem 11 strategy LP
time 12:36:19.967719
¦========================================================================¦
¦========================================================================¦
time 12:37:04.941997
logit 0 - label logit (8) <= 16.550565547594296
can not be verified
analysis time:  541.1729626655579  seconds
epsilon is in:
[0.005, 0.017499999999999998]
try epsilon of  0.01125
time 12:37:08.951660
the number of processes used is 4
add affine layer to problem 0 strategy LP
time 12:37:08.956777
add relu layer to problem 1 strategy LP
time 12:37:09.109893
¦========================================================================¦
¦========================================================================¦
add affine layer to problem 2 strategy LP
time 12:37:12.242190
add relu layer to problem 3 strategy LP
time 12:37:12.280894
¦========================================================================¦
¦========================================================================¦
add affine layer to problem 4 strategy LP
time 12:37:18.497138
add relu layer to problem 5 strategy LP
time 12:37:18.536729
¦========================================================================¦
¦========================================================================¦
add affine layer to problem 6 strategy LP
time 12:37:30.871897
add relu layer to problem 7 strategy LP
time 12:37:30.910541
¦========================================================================¦
¦========================================================================¦
add affine layer to problem 8 strategy LP
time 12:38:05.060346
add relu layer to problem 9 strategy LP
time 12:38:05.098899
¦========================================================================¦
¦========================================================================¦
add affine layer to problem 10 strategy LP
time 12:39:39.963771
add relu layer to problem 11 strategy LP
time 12:39:39.966229
¦========================================================================¦
¦========================================================================¦
time 12:39:50.020300
logit 0 is strictly smaller than the label logit (8)
logit 1 is strictly smaller than the label logit (8)
logit 2 is strictly smaller than the label logit (8)
logit 3 is strictly smaller than the label logit (8)
logit 4 is strictly smaller than the label logit (8)
logit 5 is strictly smaller than the label logit (8)
logit 6 is strictly smaller than the label logit (8)
logit 7 is strictly smaller than the label logit (8)
logit 9 is strictly smaller than the label logit (8)
verified
analysis time:  163.53950190544128  seconds
epsilon is in:
[0.01125, 0.017499999999999998]
try epsilon of  0.014374999999999999
time 12:39:54.528903
the number of processes used is 4
add affine layer to problem 0 strategy LP
time 12:39:54.533938
add relu layer to problem 1 strategy LP
time 12:39:54.687252
¦========================================================================¦
¦========================================================================¦
add affine layer to problem 2 strategy LP
time 12:39:57.877967
add relu layer to problem 3 strategy LP
time 12:39:57.916840
¦========================================================================¦
¦========================================================================¦
add affine layer to problem 4 strategy LP
time 12:40:04.650451
add relu layer to problem 5 strategy LP
time 12:40:04.691759
¦========================================================================¦
¦========================================================================¦
add affine layer to problem 6 strategy LP
time 12:40:19.367121
add relu layer to problem 7 strategy LP
time 12:40:19.406782
¦========================================================================¦
¦========================================================================¦
add affine layer to problem 8 strategy LP
time 12:41:13.911130
add relu layer to problem 9 strategy LP
time 12:41:13.949127
¦========================================================================¦
¦========================================================================¦
add affine layer to problem 10 strategy LP
time 12:44:28.273588
add relu layer to problem 11 strategy LP
time 12:44:28.276064
¦========================================================================¦
¦========================================================================¦
time 12:44:59.771605
logit 0 - label logit (8) <= 5.926545294113202
can not be verified
analysis time:  307.0437114238739  seconds
epsilon is in:
[0.01125, 0.014374999999999999]
try epsilon of  0.0128125
time 12:45:03.579510
the number of processes used is 4
add affine layer to problem 0 strategy LP
time 12:45:03.584099
add relu layer to problem 1 strategy LP
time 12:45:03.728284
¦========================================================================¦
¦========================================================================¦
add affine layer to problem 2 strategy LP
time 12:45:06.844095
add relu layer to problem 3 strategy LP
time 12:45:06.883682
¦========================================================================¦
¦========================================================================¦
add affine layer to problem 4 strategy LP
time 12:45:12.648245
add relu layer to problem 5 strategy LP
time 12:45:12.685863
¦========================================================================¦
¦========================================================================¦
add affine layer to problem 6 strategy LP
time 12:45:25.869123
add relu layer to problem 7 strategy LP
time 12:45:25.908163
¦========================================================================¦
¦========================================================================¦
add affine layer to problem 8 strategy LP
time 12:46:05.851374
add relu layer to problem 9 strategy LP
time 12:46:05.890174
¦========================================================================¦
¦========================================================================¦
add affine layer to problem 10 strategy LP
time 12:48:13.219642
add relu layer to problem 11 strategy LP
time 12:48:13.222014
¦========================================================================¦
¦========================================================================¦
time 12:48:27.590154
logit 0 - label logit (8) <= 0.3859153289768691
can not be verified
analysis time:  204.93405055999756  seconds
epsilon is in:
[0.01125, 0.0128125]
try epsilon of  0.01203125
time 12:48:30.563717
the number of processes used is 4
add affine layer to problem 0 strategy LP
time 12:48:30.568407
add relu layer to problem 1 strategy LP
time 12:48:30.723325
¦========================================================================¦
¦========================================================================¦
add affine layer to problem 2 strategy LP
time 12:48:33.917078
add relu layer to problem 3 strategy LP
time 12:48:33.957063
¦========================================================================¦
¦========================================================================¦
add affine layer to problem 4 strategy LP
time 12:48:40.465236
add relu layer to problem 5 strategy LP
time 12:48:40.507059
¦========================================================================¦
¦========================================================================¦
add affine layer to problem 6 strategy LP
time 12:48:53.421187
add relu layer to problem 7 strategy LP
time 12:48:53.460347
¦========================================================================¦
¦========================================================================¦
add affine layer to problem 8 strategy LP
time 12:49:32.450069
add relu layer to problem 9 strategy LP
time 12:49:32.490017
¦========================================================================¦
¦========================================================================¦
add affine layer to problem 10 strategy LP
time 12:51:26.623969
add relu layer to problem 11 strategy LP
time 12:51:26.626403
¦========================================================================¦
¦========================================================================¦
time 12:51:38.833741
logit 0 is strictly smaller than the label logit (8)
logit 1 is strictly smaller than the label logit (8)
logit 2 - label logit (8) <= 0.6394442149260322
can not be verified
analysis time:  189.9282739162445  seconds
epsilon is in:
[0.01125, 0.01203125]
