../mnist_nets/mnist_relu_6_200.txt ../mnist_images/img97.txt
try epsilon of  0.017499999999999998
time 12:28:06.738449
the number of processes used is 4
add affine layer to problem 0 strategy LP
time 12:28:06.752214
add relu layer to problem 1 strategy LP
time 12:28:06.885033
¦========================================================================¦
¦========================================================================¦
add affine layer to problem 2 strategy LP
time 12:28:10.148347
add relu layer to problem 3 strategy LP
time 12:28:10.187006
¦========================================================================¦
¦========================================================================¦
add affine layer to problem 4 strategy LP
time 12:28:17.727528
add relu layer to problem 5 strategy LP
time 12:28:17.769055
¦========================================================================¦
¦========================================================================¦
add affine layer to problem 6 strategy LP
time 12:28:38.933389
add relu layer to problem 7 strategy LP
time 12:28:38.974141
¦========================================================================¦
¦========================================================================¦
add affine layer to problem 8 strategy LP
time 12:30:12.151488
add relu layer to problem 9 strategy LP
time 12:30:12.192992
¦========================================================================¦
¦========================================================================¦
add affine layer to problem 10 strategy LP
time 12:36:48.090444
add relu layer to problem 11 strategy LP
time 12:36:48.093051
¦========================================================================¦
¦========================================================================¦
time 12:37:36.681691
logit 0 - label logit (7) <= 16.520660016217278
can not be verified
analysis time:  571.9544687271118  seconds
epsilon is in:
[0.005, 0.017499999999999998]
try epsilon of  0.01125
time 12:37:40.849950
the number of processes used is 4
add affine layer to problem 0 strategy LP
time 12:37:40.854143
add relu layer to problem 1 strategy LP
time 12:37:41.016693
¦========================================================================¦
¦========================================================================¦
add affine layer to problem 2 strategy LP
time 12:37:44.462667
add relu layer to problem 3 strategy LP
time 12:37:44.503860
¦========================================================================¦
¦========================================================================¦
add affine layer to problem 4 strategy LP
time 12:37:51.213283
add relu layer to problem 5 strategy LP
time 12:37:51.257585
¦========================================================================¦
¦========================================================================¦
add affine layer to problem 6 strategy LP
time 12:38:06.630780
add relu layer to problem 7 strategy LP
time 12:38:06.673845
¦========================================================================¦
¦========================================================================¦
add affine layer to problem 8 strategy LP
time 12:38:43.154826
add relu layer to problem 9 strategy LP
time 12:38:43.196082
¦========================================================================¦
¦========================================================================¦
add affine layer to problem 10 strategy LP
time 12:40:10.028494
add relu layer to problem 11 strategy LP
time 12:40:10.030990
¦========================================================================¦
¦========================================================================¦
time 12:40:15.453430
logit 0 is strictly smaller than the label logit (7)
logit 1 is strictly smaller than the label logit (7)
logit 2 is strictly smaller than the label logit (7)
logit 3 is strictly smaller than the label logit (7)
logit 4 is strictly smaller than the label logit (7)
logit 5 is strictly smaller than the label logit (7)
logit 6 is strictly smaller than the label logit (7)
logit 8 is strictly smaller than the label logit (7)
logit 9 is strictly smaller than the label logit (7)
verified
analysis time:  156.3043019771576  seconds
epsilon is in:
[0.01125, 0.017499999999999998]
try epsilon of  0.014374999999999999
time 12:40:19.311168
the number of processes used is 4
add affine layer to problem 0 strategy LP
time 12:40:19.315804
add relu layer to problem 1 strategy LP
time 12:40:19.478869
¦========================================================================¦
¦========================================================================¦
add affine layer to problem 2 strategy LP
time 12:40:22.911915
add relu layer to problem 3 strategy LP
time 12:40:22.953996
¦========================================================================¦
¦========================================================================¦
add affine layer to problem 4 strategy LP
time 12:40:30.421358
add relu layer to problem 5 strategy LP
time 12:40:30.465076
¦========================================================================¦
¦========================================================================¦
add affine layer to problem 6 strategy LP
time 12:40:51.090892
add relu layer to problem 7 strategy LP
time 12:40:51.134151
¦========================================================================¦
¦========================================================================¦
add affine layer to problem 8 strategy LP
time 12:41:59.208263
add relu layer to problem 9 strategy LP
time 12:41:59.250051
¦========================================================================¦
¦========================================================================¦
add affine layer to problem 10 strategy LP
time 12:45:21.861474
add relu layer to problem 11 strategy LP
time 12:45:21.864037
¦========================================================================¦
¦========================================================================¦
time 12:45:43.253741
logit 0 - label logit (7) <= 1.5864352166623277
can not be verified
analysis time:  324.95751667022705  seconds
epsilon is in:
[0.01125, 0.014374999999999999]
try epsilon of  0.0128125
time 12:45:46.421651
the number of processes used is 4
add affine layer to problem 0 strategy LP
time 12:45:46.426333
add relu layer to problem 1 strategy LP
time 12:45:46.592475
¦========================================================================¦
¦========================================================================¦
add affine layer to problem 2 strategy LP
time 12:45:50.006164
add relu layer to problem 3 strategy LP
time 12:45:50.048239
¦========================================================================¦
¦========================================================================¦
add affine layer to problem 4 strategy LP
time 12:45:57.224437
add relu layer to problem 5 strategy LP
time 12:45:57.268945
¦========================================================================¦
¦========================================================================¦
add affine layer to problem 6 strategy LP
time 12:46:15.224171
add relu layer to problem 7 strategy LP
time 12:46:15.268236
¦========================================================================¦
¦========================================================================¦
add affine layer to problem 8 strategy LP
time 12:47:07.146930
add relu layer to problem 9 strategy LP
time 12:47:07.188636
¦========================================================================¦
¦========================================================================¦
add affine layer to problem 10 strategy LP
time 12:49:22.257020
add relu layer to problem 11 strategy LP
time 12:49:22.259532
¦========================================================================¦
¦========================================================================¦
time 12:49:36.584898
logit 0 is strictly smaller than the label logit (7)
logit 1 is strictly smaller than the label logit (7)
logit 2 is strictly smaller than the label logit (7)
logit 3 is strictly smaller than the label logit (7)
logit 4 is strictly smaller than the label logit (7)
logit 5 is strictly smaller than the label logit (7)
logit 6 is strictly smaller than the label logit (7)
logit 8 is strictly smaller than the label logit (7)
logit 9 is strictly smaller than the label logit (7)
verified
analysis time:  232.6863124370575  seconds
epsilon is in:
[0.0128125, 0.014374999999999999]
try epsilon of  0.013593749999999998
time 12:49:41.220810
the number of processes used is 4
add affine layer to problem 0 strategy LP
time 12:49:41.225294
add relu layer to problem 1 strategy LP
time 12:49:41.391358
¦========================================================================¦
¦========================================================================¦
add affine layer to problem 2 strategy LP
time 12:49:44.778982
add relu layer to problem 3 strategy LP
time 12:49:44.821919
¦========================================================================¦
¦========================================================================¦
add affine layer to problem 4 strategy LP
time 12:49:51.862526
add relu layer to problem 5 strategy LP
time 12:49:51.906763
¦========================================================================¦
¦========================================================================¦
add affine layer to problem 6 strategy LP
time 12:50:11.743247
add relu layer to problem 7 strategy LP
time 12:50:11.786572
¦========================================================================¦
¦========================================================================¦
add affine layer to problem 8 strategy LP
time 12:51:11.260513
add relu layer to problem 9 strategy LP
time 12:51:11.302588
¦========================================================================¦
¦========================================================================¦
add affine layer to problem 10 strategy LP
time 12:53:59.293385
add relu layer to problem 11 strategy LP
time 12:53:59.295729
¦========================================================================¦
¦========================================================================¦
time 12:54:16.872245
logit 0 is strictly smaller than the label logit (7)
logit 1 is strictly smaller than the label logit (7)
logit 2 - label logit (7) <= 1.361112976891694
can not be verified
analysis time:  277.3923809528351  seconds
epsilon is in:
[0.0128125, 0.013593749999999998]
