../mnist_nets/mnist_relu_6_200.txt ../mnist_images/img7.txt
try epsilon of  0.017499999999999998
time 15:06:12.192028
the number of processes used is 4
add affine layer to problem 0 strategy LP
time 15:06:12.210008
add relu layer to problem 1 strategy LP
time 15:06:12.350859
¦========================================================================¦
¦========================================================================¦
add affine layer to problem 2 strategy LP
time 15:06:15.465602
add relu layer to problem 3 strategy LP
time 15:06:15.503042
¦========================================================================¦
¦========================================================================¦
add affine layer to problem 4 strategy LP
time 15:06:24.420736
add relu layer to problem 5 strategy LP
time 15:06:24.459110
¦========================================================================¦
¦========================================================================¦
add affine layer to problem 6 strategy LP
time 15:06:55.114900
add relu layer to problem 7 strategy LP
time 15:06:55.152198
¦========================================================================¦
¦========================================================================¦
add affine layer to problem 8 strategy LP
time 15:09:34.144151
add relu layer to problem 9 strategy LP
time 15:09:34.181225
¦========================================================================¦
¦========================================================================¦
add affine layer to problem 10 strategy LP
time 15:21:29.473446
add relu layer to problem 11 strategy LP
time 15:21:29.475919
¦========================================================================¦
¦========================================================================¦
time 15:22:46.353584
logit 0 - label logit (9) <= 31.046449521722735
can not be verified
analysis time:  996.2672407627106  seconds
epsilon is in:
[0.005, 0.017499999999999998]
try epsilon of  0.01125
time 15:22:50.577477
the number of processes used is 4
add affine layer to problem 0 strategy LP
time 15:22:50.582783
add relu layer to problem 1 strategy LP
time 15:22:50.726564
¦========================================================================¦
¦========================================================================¦
add affine layer to problem 2 strategy LP
time 15:22:54.024054
add relu layer to problem 3 strategy LP
time 15:22:54.061782
¦========================================================================¦
¦========================================================================¦
add affine layer to problem 4 strategy LP
time 15:23:02.005411
add relu layer to problem 5 strategy LP
time 15:23:02.044292
¦========================================================================¦
¦========================================================================¦
add affine layer to problem 6 strategy LP
time 15:23:18.529617
add relu layer to problem 7 strategy LP
time 15:23:18.567323
¦========================================================================¦
¦========================================================================¦
add affine layer to problem 8 strategy LP
time 15:24:11.654793
add relu layer to problem 9 strategy LP
time 15:24:11.692161
¦========================================================================¦
¦========================================================================¦
add affine layer to problem 10 strategy LP
time 15:27:41.053281
add relu layer to problem 11 strategy LP
time 15:27:41.055747
¦========================================================================¦
¦========================================================================¦
time 15:28:13.608161
logit 0 - label logit (9) <= 2.7935855026589516
can not be verified
analysis time:  324.38714933395386  seconds
epsilon is in:
[0.005, 0.01125]
try epsilon of  0.008125
time 15:28:17.008045
the number of processes used is 4
add affine layer to problem 0 strategy LP
time 15:28:17.012488
add relu layer to problem 1 strategy LP
time 15:28:17.142314
¦========================================================================¦
¦========================================================================¦
add affine layer to problem 2 strategy LP
time 15:28:20.222974
add relu layer to problem 3 strategy LP
time 15:28:20.260666
¦========================================================================¦
¦========================================================================¦
add affine layer to problem 4 strategy LP
time 15:28:27.405457
add relu layer to problem 5 strategy LP
time 15:28:27.444447
¦========================================================================¦
¦========================================================================¦
add affine layer to problem 6 strategy LP
time 15:28:39.553283
add relu layer to problem 7 strategy LP
time 15:28:39.593274
¦========================================================================¦
¦========================================================================¦
add affine layer to problem 8 strategy LP
time 15:29:08.377874
add relu layer to problem 9 strategy LP
time 15:29:08.415363
¦========================================================================¦
¦========================================================================¦
add affine layer to problem 10 strategy LP
time 15:30:25.487670
add relu layer to problem 11 strategy LP
time 15:30:25.489986
¦========================================================================¦
¦========================================================================¦
time 15:30:31.930043
logit 0 is strictly smaller than the label logit (9)
logit 1 is strictly smaller than the label logit (9)
logit 2 is strictly smaller than the label logit (9)
logit 3 is strictly smaller than the label logit (9)
logit 4 is strictly smaller than the label logit (9)
logit 5 is strictly smaller than the label logit (9)
logit 6 is strictly smaller than the label logit (9)
logit 7 is strictly smaller than the label logit (9)
logit 8 is strictly smaller than the label logit (9)
verified
analysis time:  136.30493903160095  seconds
epsilon is in:
[0.008125, 0.01125]
try epsilon of  0.0096875
time 15:30:35.434230
the number of processes used is 4
add affine layer to problem 0 strategy LP
time 15:30:35.439210
add relu layer to problem 1 strategy LP
time 15:30:35.584728
¦========================================================================¦
¦========================================================================¦
add affine layer to problem 2 strategy LP
time 15:30:38.704533
add relu layer to problem 3 strategy LP
time 15:30:38.742361
¦========================================================================¦
¦========================================================================¦
add affine layer to problem 4 strategy LP
time 15:30:45.831748
add relu layer to problem 5 strategy LP
time 15:30:45.871170
¦========================================================================¦
¦========================================================================¦
add affine layer to problem 6 strategy LP
time 15:30:59.659183
add relu layer to problem 7 strategy LP
time 15:30:59.696936
¦========================================================================¦
¦========================================================================¦
add affine layer to problem 8 strategy LP
time 15:31:39.447063
add relu layer to problem 9 strategy LP
time 15:31:39.484558
¦========================================================================¦
¦========================================================================¦
add affine layer to problem 10 strategy LP
time 15:33:37.772034
add relu layer to problem 11 strategy LP
time 15:33:37.774538
¦========================================================================¦
¦========================================================================¦
time 15:33:49.112161
logit 0 is strictly smaller than the label logit (9)
logit 1 is strictly smaller than the label logit (9)
logit 2 is strictly smaller than the label logit (9)
logit 3 is strictly smaller than the label logit (9)
logit 4 is strictly smaller than the label logit (9)
logit 5 is strictly smaller than the label logit (9)
logit 6 is strictly smaller than the label logit (9)
logit 7 is strictly smaller than the label logit (9)
logit 8 is strictly smaller than the label logit (9)
verified
analysis time:  196.75152707099915  seconds
epsilon is in:
[0.0096875, 0.01125]
try epsilon of  0.010468749999999999
time 15:33:54.218777
the number of processes used is 4
add affine layer to problem 0 strategy LP
time 15:33:54.223681
add relu layer to problem 1 strategy LP
time 15:33:54.368768
¦========================================================================¦
¦========================================================================¦
add affine layer to problem 2 strategy LP
time 15:33:57.373026
add relu layer to problem 3 strategy LP
time 15:33:57.409326
¦========================================================================¦
¦========================================================================¦
add affine layer to problem 4 strategy LP
time 15:34:04.995193
add relu layer to problem 5 strategy LP
time 15:34:05.033901
¦========================================================================¦
¦========================================================================¦
add affine layer to problem 6 strategy LP
time 15:34:20.048760
add relu layer to problem 7 strategy LP
time 15:34:20.086161
¦========================================================================¦
¦========================================================================¦
add affine layer to problem 8 strategy LP
time 15:35:04.297786
add relu layer to problem 9 strategy LP
time 15:35:04.334969
¦========================================================================¦
¦========================================================================¦
add affine layer to problem 10 strategy LP
time 15:37:28.037429
add relu layer to problem 11 strategy LP
time 15:37:28.039929
¦========================================================================¦
¦========================================================================¦
time 15:37:44.333723
logit 0 is strictly smaller than the label logit (9)
logit 1 is strictly smaller than the label logit (9)
logit 2 is strictly smaller than the label logit (9)
logit 3 - label logit (9) <= 1.093743948606714
can not be verified
analysis time:  232.28388690948486  seconds
epsilon is in:
[0.0096875, 0.010468749999999999]
