../mnist_nets/mnist_relu_6_200.txt ../mnist_images/img75.txt
try epsilon of  0.017499999999999998
time 12:28:03.602345
the number of processes used is 4
add affine layer to problem 0 strategy LP
time 12:28:03.628097
add relu layer to problem 1 strategy LP
time 12:28:03.739938
¦========================================================================¦
¦========================================================================¦
add affine layer to problem 2 strategy LP
time 12:28:06.827567
add relu layer to problem 3 strategy LP
time 12:28:06.862237
¦========================================================================¦
¦========================================================================¦
add affine layer to problem 4 strategy LP
time 12:28:14.803158
add relu layer to problem 5 strategy LP
time 12:28:14.838211
¦========================================================================¦
¦========================================================================¦
add affine layer to problem 6 strategy LP
time 12:28:37.723452
add relu layer to problem 7 strategy LP
time 12:28:37.758374
¦========================================================================¦
¦========================================================================¦
add affine layer to problem 8 strategy LP
time 12:29:59.987595
add relu layer to problem 9 strategy LP
time 12:30:00.023212
¦========================================================================¦
¦========================================================================¦
add affine layer to problem 10 strategy LP
time 12:34:39.247775
add relu layer to problem 11 strategy LP
time 12:34:39.250039
¦========================================================================¦
¦========================================================================¦
time 12:35:09.572723
logit 0 - label logit (7) <= 9.017272113200507
can not be verified
analysis time:  427.58231258392334  seconds
epsilon is in:
[0.005, 0.017499999999999998]
try epsilon of  0.01125
time 12:35:13.229425
the number of processes used is 4
add affine layer to problem 0 strategy LP
time 12:35:13.233890
add relu layer to problem 1 strategy LP
time 12:35:13.375509
¦========================================================================¦
¦========================================================================¦
add affine layer to problem 2 strategy LP
time 12:35:16.351279
add relu layer to problem 3 strategy LP
time 12:35:16.388077
¦========================================================================¦
¦========================================================================¦
add affine layer to problem 4 strategy LP
time 12:35:22.939047
add relu layer to problem 5 strategy LP
time 12:35:22.976409
¦========================================================================¦
¦========================================================================¦
add affine layer to problem 6 strategy LP
time 12:35:36.262434
add relu layer to problem 7 strategy LP
time 12:35:36.299476
¦========================================================================¦
¦========================================================================¦
add affine layer to problem 8 strategy LP
time 12:36:05.368270
add relu layer to problem 9 strategy LP
time 12:36:05.404055
¦========================================================================¦
¦========================================================================¦
add affine layer to problem 10 strategy LP
time 12:36:59.678755
add relu layer to problem 11 strategy LP
time 12:36:59.681177
¦========================================================================¦
¦========================================================================¦
time 12:37:03.510641
logit 0 is strictly smaller than the label logit (7)
logit 1 is strictly smaller than the label logit (7)
logit 2 is strictly smaller than the label logit (7)
logit 3 is strictly smaller than the label logit (7)
logit 4 is strictly smaller than the label logit (7)
logit 5 is strictly smaller than the label logit (7)
logit 6 is strictly smaller than the label logit (7)
logit 8 is strictly smaller than the label logit (7)
logit 9 is strictly smaller than the label logit (7)
verified
analysis time:  111.34492516517639  seconds
epsilon is in:
[0.01125, 0.017499999999999998]
try epsilon of  0.014374999999999999
time 12:37:06.555971
the number of processes used is 4
add affine layer to problem 0 strategy LP
time 12:37:06.560719
add relu layer to problem 1 strategy LP
time 12:37:06.695215
¦========================================================================¦
¦========================================================================¦
add affine layer to problem 2 strategy LP
time 12:37:09.606955
add relu layer to problem 3 strategy LP
time 12:37:09.643881
¦========================================================================¦
¦========================================================================¦
add affine layer to problem 4 strategy LP
time 12:37:16.587220
add relu layer to problem 5 strategy LP
time 12:37:16.624623
¦========================================================================¦
¦========================================================================¦
add affine layer to problem 6 strategy LP
time 12:37:33.403122
add relu layer to problem 7 strategy LP
time 12:37:33.439224
¦========================================================================¦
¦========================================================================¦
add affine layer to problem 8 strategy LP
time 12:38:22.943424
add relu layer to problem 9 strategy LP
time 12:38:22.978849
¦========================================================================¦
¦========================================================================¦
add affine layer to problem 10 strategy LP
time 12:40:23.918152
add relu layer to problem 11 strategy LP
time 12:40:23.920452
¦========================================================================¦
¦========================================================================¦
time 12:40:35.848235
logit 0 is strictly smaller than the label logit (7)
logit 1 is strictly smaller than the label logit (7)
logit 2 is strictly smaller than the label logit (7)
logit 3 is strictly smaller than the label logit (7)
logit 4 is strictly smaller than the label logit (7)
logit 5 is strictly smaller than the label logit (7)
logit 6 is strictly smaller than the label logit (7)
logit 8 is strictly smaller than the label logit (7)
logit 9 is strictly smaller than the label logit (7)
verified
analysis time:  211.86356854438782  seconds
epsilon is in:
[0.014374999999999999, 0.017499999999999998]
try epsilon of  0.0159375
time 12:40:40.457775
the number of processes used is 4
add affine layer to problem 0 strategy LP
time 12:40:40.462612
add relu layer to problem 1 strategy LP
time 12:40:40.607198
¦========================================================================¦
¦========================================================================¦
add affine layer to problem 2 strategy LP
time 12:40:43.373929
add relu layer to problem 3 strategy LP
time 12:40:43.411776
¦========================================================================¦
¦========================================================================¦
add affine layer to problem 4 strategy LP
time 12:40:50.812689
add relu layer to problem 5 strategy LP
time 12:40:50.850325
¦========================================================================¦
¦========================================================================¦
add affine layer to problem 6 strategy LP
time 12:41:09.638051
add relu layer to problem 7 strategy LP
time 12:41:09.673829
¦========================================================================¦
¦========================================================================¦
add affine layer to problem 8 strategy LP
time 12:42:18.177393
add relu layer to problem 9 strategy LP
time 12:42:18.213715
¦========================================================================¦
¦========================================================================¦
add affine layer to problem 10 strategy LP
time 12:45:35.734858
add relu layer to problem 11 strategy LP
time 12:45:35.737265
¦========================================================================¦
¦========================================================================¦
time 12:45:56.555050
logit 0 - label logit (7) <= 0.17133673082467382
can not be verified
analysis time:  316.9506404399872  seconds
epsilon is in:
[0.014374999999999999, 0.0159375]
try epsilon of  0.01515625
time 12:45:59.439289
the number of processes used is 4
add affine layer to problem 0 strategy LP
time 12:45:59.443657
add relu layer to problem 1 strategy LP
time 12:45:59.590236
¦========================================================================¦
¦========================================================================¦
add affine layer to problem 2 strategy LP
time 12:46:02.582735
add relu layer to problem 3 strategy LP
time 12:46:02.619268
¦========================================================================¦
¦========================================================================¦
add affine layer to problem 4 strategy LP
time 12:46:09.922855
add relu layer to problem 5 strategy LP
time 12:46:09.959971
¦========================================================================¦
¦========================================================================¦
add affine layer to problem 6 strategy LP
time 12:46:28.621367
add relu layer to problem 7 strategy LP
time 12:46:28.658573
¦========================================================================¦
¦========================================================================¦
add affine layer to problem 8 strategy LP
time 12:47:25.407388
add relu layer to problem 9 strategy LP
time 12:47:25.444623
¦========================================================================¦
¦========================================================================¦
add affine layer to problem 10 strategy LP
time 12:49:50.645299
add relu layer to problem 11 strategy LP
time 12:49:50.647808
¦========================================================================¦
¦========================================================================¦
time 12:50:08.399329
logit 0 is strictly smaller than the label logit (7)
logit 1 is strictly smaller than the label logit (7)
logit 2 is strictly smaller than the label logit (7)
logit 3 is strictly smaller than the label logit (7)
logit 4 is strictly smaller than the label logit (7)
logit 5 is strictly smaller than the label logit (7)
logit 6 is strictly smaller than the label logit (7)
logit 8 is strictly smaller than the label logit (7)
logit 9 is strictly smaller than the label logit (7)
verified
analysis time:  252.8824872970581  seconds
epsilon is in:
[0.01515625, 0.0159375]
