../mnist_nets/mnist_relu_4_1024.txt ../mnist_images/img28.txt
try epsilon of  0.017499999999999998
time 09:57:48.898659
the number of processes used is 12
add affine layer to problem 0 strategy LP
time 09:57:48.921209
add relu layer to problem 1 strategy LP
time 09:57:49.272658
¦========================================================================¦
¦========================================================================¦
add affine layer to problem 2 strategy LP
time 09:58:55.876678
add relu layer to problem 3 strategy LP
time 09:58:56.367079
¦========================================================================¦
¦========================================================================¦
add affine layer to problem 4 strategy LP
time 10:14:42.387612
add relu layer to problem 5 strategy LP
time 10:14:42.866757
¦========================================================================¦
¦========================================================================¦
add affine layer to problem 6 strategy LP
time 17:43:30.408110
time 17:43:30.413236
logit 1 is strictly smaller than the label logit (0)
logit 2 - label logit (0) <= 7.6575057873898835
can not be verified
analysis time:  27978.105371952057  seconds
epsilon is in:
[0.005, 0.017499999999999998]
try epsilon of  0.01125
time 17:44:17.317886
the number of processes used is 12
add affine layer to problem 0 strategy LP
time 17:44:17.320308
add relu layer to problem 1 strategy LP
time 17:44:17.670472
¦========================================================================¦
¦========================================================================¦
add affine layer to problem 2 strategy LP
time 17:45:25.621592
add relu layer to problem 3 strategy LP
time 17:45:26.283735
¦========================================================================¦
¦========================================================================¦
add affine layer to problem 4 strategy LP
time 17:56:54.633460
add relu layer to problem 5 strategy LP
time 17:56:55.116418
¦========================================================================¦
¦========================================================================¦
add affine layer to problem 6 strategy LP
time 21:10:47.863379
time 21:10:47.868441
logit 1 is strictly smaller than the label logit (0)
logit 2 is strictly smaller than the label logit (0)
logit 3 is strictly smaller than the label logit (0)
logit 4 is strictly smaller than the label logit (0)
logit 5 is strictly smaller than the label logit (0)
logit 6 is strictly smaller than the label logit (0)
logit 7 is strictly smaller than the label logit (0)
logit 8 is strictly smaller than the label logit (0)
logit 9 is strictly smaller than the label logit (0)
verified
analysis time:  12408.069334030151  seconds
epsilon is in:
[0.01125, 0.017499999999999998]
try epsilon of  0.014374999999999999
time 21:11:15.770684
the number of processes used is 12
add affine layer to problem 0 strategy LP
time 21:11:15.773117
add relu layer to problem 1 strategy LP
time 21:11:16.150127
¦========================================================================¦
¦========================================================================¦
add affine layer to problem 2 strategy LP
time 21:12:33.300222
add relu layer to problem 3 strategy LP
time 21:12:33.816196
¦========================================================================¦
¦========================================================================¦
add affine layer to problem 4 strategy LP
time 21:27:16.671837
add relu layer to problem 5 strategy LP
time 21:27:17.154294
¦========================================================================¦
¦========================================================================¦
add affine layer to problem 6 strategy LP
time 02:36:47.603487
time 02:36:47.608746
logit 1 is strictly smaller than the label logit (0)
logit 2 is strictly smaller than the label logit (0)
logit 3 is strictly smaller than the label logit (0)
logit 4 is strictly smaller than the label logit (0)
logit 5 is strictly smaller than the label logit (0)
logit 6 is strictly smaller than the label logit (0)
logit 7 is strictly smaller than the label logit (0)
logit 8 is strictly smaller than the label logit (0)
logit 9 is strictly smaller than the label logit (0)
verified
analysis time:  19567.91374850273  seconds
epsilon is in:
[0.014374999999999999, 0.017499999999999998]
try epsilon of  0.0159375
time 02:37:33.430640
the number of processes used is 12
add affine layer to problem 0 strategy LP
time 02:37:33.433120
add relu layer to problem 1 strategy LP
time 02:37:33.785203
¦========================================================================¦
¦========================================================================¦
add affine layer to problem 2 strategy LP
time 02:39:36.318694
add relu layer to problem 3 strategy LP
time 02:39:36.804135
¦========================================================================¦
¦========================================================================¦
add affine layer to problem 4 strategy LP
time 02:54:05.477587
add relu layer to problem 5 strategy LP
time 02:54:05.965706
¦========================================================================¦
¦========================================================================¦
add affine layer to problem 6 strategy LP
time 09:16:11.381732
time 09:16:11.386903
logit 1 is strictly smaller than the label logit (0)
logit 2 - label logit (0) <= 0.4327311711118327
can not be verified
analysis time:  23942.982938051224  seconds
epsilon is in:
[0.014374999999999999, 0.0159375]
try epsilon of  0.01515625
time 09:16:46.111557
the number of processes used is 12
add affine layer to problem 0 strategy LP
time 09:16:46.114081
add relu layer to problem 1 strategy LP
time 09:16:46.465429
¦========================================================================¦
¦========================================================================¦
add affine layer to problem 2 strategy LP
time 09:17:54.021340
add relu layer to problem 3 strategy LP
time 09:17:54.512068
¦========================================================================¦
¦========================================================================¦
add affine layer to problem 4 strategy LP
time 09:31:19.095588
add relu layer to problem 5 strategy LP
time 09:31:19.611300
¦========================================================================¦
¦========================================================================¦
add affine layer to problem 6 strategy LP
time 15:11:17.395666
time 15:11:17.400767
logit 1 is strictly smaller than the label logit (0)
logit 2 is strictly smaller than the label logit (0)
logit 3 is strictly smaller than the label logit (0)
logit 4 is strictly smaller than the label logit (0)
logit 5 is strictly smaller than the label logit (0)
logit 6 is strictly smaller than the label logit (0)
logit 7 is strictly smaller than the label logit (0)
logit 8 is strictly smaller than the label logit (0)
logit 9 is strictly smaller than the label logit (0)
verified
analysis time:  21327.222027778625  seconds
epsilon is in:
[0.01515625, 0.0159375]
