../mnist_nets/mnist_relu_4_1024.txt ../mnist_images/img43.txt
try epsilon of  0.017499999999999998
time 02:56:07.216737
the number of processes used is 12
add affine layer to problem 0 strategy LP
time 02:56:07.231496
add relu layer to problem 1 strategy LP
time 02:56:07.625697
¦========================================================================¦
¦========================================================================¦
add affine layer to problem 2 strategy LP
time 02:57:27.218763
add relu layer to problem 3 strategy LP
time 02:57:27.814860
¦========================================================================¦
¦========================================================================¦
add affine layer to problem 4 strategy LP
time 03:30:07.802850
add relu layer to problem 5 strategy LP
time 03:30:08.307624
¦========================================================================¦
¦======================