../mnist_nets/mnist_relu_4_1024.txt ../mnist_images/img74.txt
try epsilon of  0.017499999999999998
time 11:44:53.661062
the number of processes used is 8
add affine layer to problem 0 strategy LP
time 11:44:53.683896
add relu layer to problem 1 strategy LP
time 11:44:54.090720
¦========================================================================¦
¦========================================================================¦
add affine layer to problem 2 strategy LP
time 11:46:07.689461
add relu layer to problem 3 strategy LP
time 11:46:08.260359
¦========================================================================¦
¦========================================================================¦
add affine layer to problem 4 strategy LP
time 12:09:44.966530
add relu layer to problem 5 strategy LP
time 12:09:45.522935
¦========================================================================¦
¦========================================================================¦
add affine layer to problem 6 strategy LP
time 02:13:22.271394
time 02:13:22.279324
logit 0 - label logit (1) <= 2.042027905648678
can not be verified
analysis time:  52137.93023276329  seconds
epsilon is in:
[0.005, 0.017499999999999998]
try epsilon of  0.01125
time 02:14:04.033630
the number of processes used is 8
add affine layer to problem 0 strategy LP
time 02:14:04.036612
add relu layer to problem 1 strategy LP
time 02:14:04.464565
¦========================================================================¦
¦========================================================================¦
add affine layer to problem 2 strategy LP
time 02:15:18.063531
add relu layer to problem 3 strategy LP
time 02:15:18.814668
¦========================================================================¦
¦========================================================================¦
add affine layer to problem 4 strategy LP
time 02:31:45.170592
add relu layer to problem 5 strategy LP
time 02:31:45.736308
¦========================================================================¦
¦========================================================================¦
add affine layer to problem 6 strategy LP
time 08:16:40.193629
time 08:16:40.200008
logit 0 is strictly smaller than the label logit (1)
logit 2 is strictly smaller than the label logit (1)
logit 3 is strictly smaller than the label logit (1)
logit 4 is strictly smaller than the label logit (1)
logit 5 is strictly smaller than the label logit (1)
logit 6 is strictly smaller than the label logit (1)
logit 7 is strictly smaller than the label logit (1)
logit 8 is strictly smaller than the label logit (1)
logit 9 is strictly smaller than the label logit (1)
verified
analysis time:  21774.07746887207  seconds
epsilon is in:
[0.01125, 0.017499999999999998]
try epsilon of  0.014374999999999999
time 08:17:09.810367
the number of processes used is 8
add affine layer to problem 0 strategy LP
time 08:17:09.813021
add relu layer to problem 1 strategy LP
time 08:17:10.241479
¦========================================================================¦
¦========================================================================¦
add affine layer to problem 2 strategy LP
time 08:18:24.116075
add relu layer to problem 3 strategy LP
time 08:18:24.710080
¦========================================================================¦
¦========================================================================¦
add affine layer to problem 4 strategy LP
time 08:38:42.015013
add relu layer to problem 5 strategy LP
time 08:38:42.584350
¦========================================================================¦
¦========================================================================