../mnist_nets/mnist_relu_4_1024.txt ../mnist_images/img41.txt
try epsilon of  0.017499999999999998
time 17:51:58.630824
the number of processes used is 12
add affine layer to problem 0 strategy LP
time 17:51:58.654047
add relu layer to problem 1 strategy LP
time 17:51:59.006233
¦========================================================================¦
¦========================================================================¦
add affine layer to problem 2 strategy LP
time 17:53:05.549484
add relu layer to problem 3 strategy LP
time 17:53:06.041830
¦========================================================================¦
¦========================================================================¦
add affine layer to problem 4 strategy LP
time 18:13:42.744008
add relu layer to problem 5 strategy LP
time 18:13:43.224592
¦========================================================================¦
¦========================================================================¦
add affine layer to problem 6 strategy LP
time 07:40:16.603257
time 07:40:16.608247
logit 0 - label logit (7) <= 12.348821559411087
can not be verified
analysis time:  49732.24067950249  seconds
epsilon is in:
[0.005, 0.017499999999999998]
try epsilon of  0.01125
time 07:41:00.794381
the number of processes used is 12
add affine layer to problem 0 strategy LP
time 07:41:00.797083
add relu layer to problem 1 strategy LP
time 07:41:01.150602
¦========================================================================¦
¦========================================================================¦
add affine layer to problem 2 strategy LP
time 07:42:08.237733
add relu layer to problem 3 strategy LP
time 07:42:08.725660
¦========================================================================¦
¦========================================================================¦
add affine layer to problem 4 strategy LP
time 07:54:31.369322
add relu layer to problem 5 strategy LP
time 07:54:31.847892
¦========================================================================¦
¦========================================================================¦
add affine layer to problem 6 strategy LP
time 12:34:29.949269
time 12:34:29.954502
logit 0 is strictly smaller than the label logit (7)
logit 1 is strictly smaller than the label logit (7)
logit 2 is strictly smaller than the label logit (7)
logit 3 is strictly smaller than the label logit (7)
logit 4 is strictly smaller than the label logit (7)
logit 5 is strictly smaller than the label logit (7)
logit 6 is strictly smaller than the label logit (7)
logit 8 is strictly smaller than the label logit (7)
logit 9 is strictly smaller than the label logit (7)
verified
analysis time:  17642.73155927658  seconds
epsilon is in:
[0.01125, 0.017499999999999998]
try epsilon of  0.014374999999999999
time 12:35:13.785014
the number of processes used is 12
add affine layer to problem 0 strategy LP
time 12:35:13.787628
add relu layer to problem 1 strategy LP
time 12:35:14.152397
¦========================================================================¦
¦========================================================================¦
add affine layer to problem 2 strategy LP
time 12:36:24.257770
add relu layer to problem 3 strategy LP
time 12:36:24.761686
¦========================================================================¦
¦========================================================================¦
add affine layer to problem 4 strategy LP
time 12:52:11.141233
add relu layer to problem 5 strategy LP
time 12:52:11.619360
¦========================================================================¦
¦================================================