../mnist_nets/mnist_relu_4_1024.txt ../mnist_images/img42.txt
try epsilon of  0.017499999999999998
time 18:43:52.684141
the number of processes used is 12
add affine layer to problem 0 strategy LP
time 18:43:52.701712
add relu layer to problem 1 strategy LP
time 18:43:53.098778
¦========================================================================¦
¦========================================================================¦
add affine layer to problem 2 strategy LP
time 18:45:03.443477
add relu layer to problem 3 strategy LP
time 18:45:03.996906
¦========================================================================¦
¦========================================================================¦
add affine layer to problem 4 strategy LP
time 19:12:52.064023
add relu layer to problem 5 strategy LP
time 19:12:52.569752
¦========================================================================¦
¦========================================================================¦
add affine layer to problem 6 strategy LP
time 04:34:53.421018
time 04:34:53.426154
logit 0 is strictly smaller than the label logit (4)
logit 1 - label logit (4) <= 22.397151397893065
can not be verified
analysis time:  35511.786423921585  seconds
epsilon is in:
[0.005, 0.017499999999999998]
try epsilon of  0.01125
time 04:35:55.132420
the number of processes used is 12
add affine layer to problem 0 strategy LP
time 04:35:55.135713
add relu layer to problem 1 strategy LP
time 04:35:55.622102
¦========================================================================¦
¦========================================================================¦
add affine layer to problem 2 strategy LP
time 04:37:00.139232
add relu layer to problem 3 strategy LP
time 04:37:00.635964
¦========================================================================¦
¦========================================================================¦
add affine layer to problem 4 strategy LP
time 04:48:38.568337
add relu layer to problem 5 strategy LP
time 04:48:39.051348
¦========================================================================¦
¦========================================================================