../mnist_nets/mnist_relu_4_1024.txt ../mnist_images/img55.txt
try epsilon of  0.017499999999999998
time 10:13:19.510798
the number of processes used is 8
add affine layer to problem 0 strategy LP
time 10:13:19.530007
add relu layer to problem 1 strategy LP
time 10:13:19.965041
¦========================================================================¦
¦========================================================================¦
add affine layer to problem 2 strategy LP
time 10:14:33.360068
add relu layer to problem 3 strategy LP
time 10:14:33.959888
¦========================================================================¦
¦========================================================================¦
add affine layer to problem 4 strategy LP
time 10:35:55.770198
add relu layer to problem 5 strategy LP
time 10:35:56.345765
¦========================================================================¦
¦========================================================================¦
add affine layer to problem 6 strategy LP
time 22:24:45.111378
time 22:24:45.117492
logit 1 - label logit (0) <= 10.128514074951472
can not be verified
analysis time:  43915.68557190895  seconds
epsilon is in:
[0.005, 0.017499999999999998]
try epsilon of  0.01125
time 22:25:27.139628
the number of processes used is 8
add affine layer to problem 0 strategy LP
time 22:25:27.142508
add relu layer to problem 1 strategy LP
time 22:25:27.570631
¦========================================================================¦
¦========================================================================¦
add affine layer to problem 2 strategy LP
time 22:28:08.033698
add relu layer to problem 3 strategy LP
time 22:28:08.623332
¦========================================================================¦
¦========================================================================¦
add affine layer to problem 4 strategy LP
time 22:42:04.877063
add relu layer to problem 5 strategy LP
time 22:42:05.460165
¦========================================================================¦
¦========================================================================¦
add affine layer to problem 6 strategy LP
time 03:27:21.836065
time 03:27:21.842294
logit 1 is strictly smaller than the label logit (0)
logit 2 is strictly smaller than the label logit (0)
logit 3 is strictly smaller than the label logit (0)
logit 4 is strictly smaller than the label logit (0)
logit 5 is strictly smaller than the label logit (0)
logit 6 is strictly smaller than the label logit (0)
logit 7 is strictly smaller than the label logit (0)
logit 8 is strictly smaller than the label logit (0)
logit 9 is strictly smaller than the label logit (0)
verified
analysis time:  18132.738409280777  seconds
epsilon is in:
[0.01125, 0.017499999999999998]
try epsilon of  0.014374999999999999
time 03:27:51.643713
the number of processes used is 8
add affine layer to problem 0 strategy LP
time 03:27:51.646678
add relu layer to problem 1 strategy LP
time 03:27:52.072051
¦========================================================================¦
¦========================================================================¦
add affine layer to problem 2 strategy LP
time 03:29:04.236012
add relu layer to problem 3 strategy LP
time 03:29:04.827475
¦========================================================================¦
¦========================================================================¦
add affine layer to problem 4 strategy LP
time 03:45:43.184374
add relu layer to problem 5 strategy LP
time 03:45:43.762827
¦========================================================================¦
¦========================================================================¦
add affine layer to problem 6 strategy LP
time 11:43:01.944411
time 11:43:01.950555
logit 1 is strictly smaller than the label logit (0)
logit 2 is strictly smaller than the label logit (0)
logit 3 is strictly smaller than the label logit (0)
logit 4 is strictly smaller than the label logit (0)
logit 5 is strictly smaller than the label logit (0)
logit 6 is strictly smaller than the label logit (0)
logit 7 is strictly smaller than the label logit (0)
logit 8 is strictly smaller than the label logit (0)
logit 9 is strictly smaller than the label logit (0)
verified
analysis time:  29810.7476708889  seconds
epsilon is in:
[0.014374999999999999, 0.017499999999999998]
try epsilon of  0.0159375
time 11:44:54.337318
the number of processes used is 8
add affine layer to problem 0 strategy LP
time 11:44:54.341186
add relu layer to problem 1 strategy LP
time 11:44:54.764673
¦========================================================================¦
¦========================================================================¦
add affine layer to problem 2 strategy LP
time 11:46:08.511926
add relu layer to problem 3 strategy LP
time 11:46:09.097931
¦========================================================================¦
¦========================================================================¦
add affine layer to problem 4 strategy LP
time 12:04:28.171270
add relu layer to problem 5 strategy LP
time 12:04:28.753277
¦========================================================================¦
¦==================================