../mnist_nets/mnist_relu_4_1024.txt ../mnist_images/img76.txt
try epsilon of  0.017499999999999998
time 09:57:49.199662
the number of processes used is 12
add affine layer to problem 0 strategy LP
time 09:57:49.219540
add relu layer to problem 1 strategy LP
time 09:57:49.611285
¦========================================================================¦
¦========================================================================¦
add affine layer to problem 2 strategy LP
time 09:59:35.965673
add relu layer to problem 3 strategy LP
time 09:59:36.535645
¦========================================================================¦
¦========================================================================¦
add affine layer to problem 4 strategy LP
time 10:37:25.243506
add relu layer to problem 5 strategy LP
time 10:37:26.041068
¦========================================================================¦
¦============