Sender: LSF System <lsfadmin@eu-c7-047-12>
Subject: Job 80941058: <python -u meta_noelina_analyzer.py ../mnist_nets/mnist_relu_4_1024.txt ../mnist_images/img89.txt> in cluster <euler> Done

Job <python -u meta_noelina_analyzer.py ../mnist_nets/mnist_relu_4_1024.txt ../mnist_images/img89.txt> was submitted from host <eu-login-13-ng> by user <boewingf> in cluster <euler> at Sun Dec 16 11:04:48 2018
Job was executed on host(s) <12*eu-c7-047-12>, in queue <normal.24h>, as user <boewingf> in cluster <euler> at Sun Dec 16 11:05:14 2018
                            <24*eu-c7-047-05>
                            <12*eu-c7-048-07>
</cluster/home/boewingf> was used as the home directory.
</cluster/home/boewingf/analyzer> was used as the working directory.
Started at Sun Dec 16 11:05:14 2018
Terminated at Sun Dec 16 19:04:53 2018
Results reported at Sun Dec 16 19:04:53 2018

Your job looked like:

------------------------------------------------------------
# LSBATCH: User input
python -u meta_noelina_analyzer.py ../mnist_nets/mnist_relu_4_1024.txt ../mnist_images/img89.txt
------------------------------------------------------------

Successfully completed.

Resource usage summary:

    CPU time :                                   671434.38 sec.
    Max Memory :                                 36251 MB
    Average Memory :                             13775.83 MB
    Total Requested Memory :                     120000.00 MB
    Delta Memory :                               83749.00 MB
    Max Swap :                                   -
    Max Processes :                              51
    Max Threads :                                1136
    Run time :                                   28803 sec.
    Turnaround time :                            28805 sec.

The output (if any) follows:

time 11:05:36.499669
the number of processes used is 48
add affine layer to problem 0 strategy LP
time 11:05:36.522017
add relu layer to problem 1 strategy LP
time 11:05:37.077317
¦========================================================================¦
¦================================================================================================¦
add affine layer to problem 2 strategy LP
time 11:05:51.683880
add relu layer to problem 3 strategy LP
time 11:05:52.497574
¦========================================================================¦
¦================================================================================================¦
add affine layer to problem 4 strategy LP
time 11:10:01.200806
add relu layer to problem 5 strategy LP
time 11:10:02.007729
¦========================================================================¦
¦================================================================================================¦
add affine layer to problem 6 strategy LP
time 13:37:18.185927
time 13:37:18.198296
logit 0 - label logit (1) <= 3.0860632444169633
can not be verified
analysis time:  9110.743294477463  seconds
epsilon is in:
[0.005, 0.017499999999999998]
time 13:37:46.888234
the number of processes used is 48
add affine layer to problem 0 strategy LP
time 13:37:46.892051
add relu layer to problem 1 strategy LP
time 13:37:47.443331
¦========================================================================¦
¦================================================================================================¦
add affine layer to problem 2 strategy LP
time 13:38:02.116159
add relu layer to problem 3 strategy LP
time 13:38:02.932132
¦========================================================================¦
¦================================================================================================¦
add affine layer to problem 4 strategy LP
time 13:40:42.205129
add relu layer to problem 5 strategy LP
time 13:40:42.960874
¦========================================================================¦
¦================================================================================================¦
add affine layer to problem 6 strategy LP
time 14:38:56.340361
time 14:38:56.355261
logit 0 is strictly smaller than the label logit (1)
logit 2 is strictly smaller than the label logit (1)
logit 3 is strictly smaller than the label logit (1)
logit 4 is strictly smaller than the label logit (1)
logit 5 is strictly smaller than the label logit (1)
logit 6 is strictly smaller than the label logit (1)
logit 7 is strictly smaller than the label logit (1)
logit 8 is strictly smaller than the label logit (1)
logit 9 is strictly smaller than the label logit (1)
verified
analysis time:  3686.3433644771576  seconds
epsilon is in:
[0.01125, 0.017499999999999998]
time 14:39:32.629057
the number of processes used is 48
add affine layer to problem 0 strategy LP
time 14:39:32.632816
add relu layer to problem 1 strategy LP
time 14:39:33.177600
¦========================================================================¦
¦================================================================================================¦
add affine layer to problem 2 strategy LP
time 14:39:48.207615
add relu layer to problem 3 strategy LP
time 14:39:48.971674
¦========================================================================¦
¦================================================================================================¦
add affine layer to problem 4 strategy LP
time 14:43:08.095731
add relu layer to problem 5 strategy LP
time 14:43:09.039013
¦========================================================================¦
¦================================================================================================¦
add affine layer to problem 6 strategy LP
time 16:15:19.864746
time 16:15:19.877888
logit 0 is strictly smaller than the label logit (1)
logit 2 is strictly smaller than the label logit (1)
logit 3 is strictly smaller than the label logit (1)
logit 4 is strictly smaller than the label logit (1)
logit 5 is strictly smaller than the label logit (1)
logit 6 is strictly smaller than the label logit (1)
logit 7 - label logit (1) <= 1.3564116070788081
can not be verified
analysis time:  5776.760528087616  seconds
epsilon is in:
[0.01125, 0.014374999999999999]
time 16:16:08.740113
the number of processes used is 48
add affine layer to problem 0 strategy LP
time 16:16:08.743832
add relu layer to problem 1 strategy LP
time 16:16:09.288873
¦========================================================================¦
¦================================================================================================¦
add affine layer to problem 2 strategy LP
time 16:16:24.665008
add relu layer to problem 3 strategy LP
time 16:16:25.468143
¦========================================================================¦
¦================================================================================================¦
add affine layer to problem 4 strategy LP
time 16:19:27.089982
add relu layer to problem 5 strategy LP
time 16:19:28.033845
¦========================================================================¦
¦================================================================================================¦
add affine layer to problem 6 strategy LP
time 17:34:38.737481
time 17:34:38.752371
logit 0 is strictly smaller than the label logit (1)
logit 2 is strictly smaller than the label logit (1)
logit 3 is strictly smaller than the label logit (1)
logit 4 is strictly smaller than the label logit (1)
logit 5 is strictly smaller than the label logit (1)
logit 6 is strictly smaller than the label logit (1)
logit 7 is strictly smaller than the label logit (1)
logit 8 is strictly smaller than the label logit (1)
logit 9 is strictly smaller than the label logit (1)
verified
analysis time:  4736.227318048477  seconds
epsilon is in:
[0.0128125, 0.014374999999999999]
time 17:35:24.633020
the number of processes used is 48
add affine layer to problem 0 strategy LP
time 17:35:24.637086
add relu layer to problem 1 strategy LP
time 17:35:25.203206
¦========================================================================¦
¦================================================================================================¦
add affine layer to problem 2 strategy LP
time 17:35:40.328986
add relu layer to problem 3 strategy LP
time 17:35:41.154635
¦========================================================================¦
¦================================================================================================¦
add affine layer to problem 4 strategy LP
time 17:38:48.123250
add relu layer to problem 5 strategy LP
time 17:38:48.942338
¦========================================================================¦
¦================================================================================================¦
add affine layer to problem 6 strategy LP
time 19:04:22.784022
time 19:04:22.798548
logit 0 is strictly smaller than the label logit (1)
logit 2 is strictly smaller than the label logit (1)
logit 3 is strictly smaller than the label logit (1)
logit 4 is strictly smaller than the label logit (1)
logit 5 is strictly smaller than the label logit (1)
logit 6 is strictly smaller than the label logit (1)
logit 7 is strictly smaller than the label logit (1)
logit 8 is strictly smaller than the label logit (1)
logit 9 is strictly smaller than the label logit (1)
verified
analysis time:  5367.986960172653  seconds
epsilon is in:
[0.013593749999999998, 0.014374999999999999]
Freed default Gurobi environment
