../mnist_nets/mnist_relu_4_1024.txt ../mnist_images/img25.txt
try epsilon of  0.017499999999999998
time 09:57:49.672104
the number of processes used is 12
add affine layer to problem 0 strategy LP
time 09:57:49.689990
add relu layer to problem 1 strategy LP
time 09:57:50.063230
¦========================================================================¦
¦========================================================================¦
add affine layer to problem 2 strategy LP
time 09:59:06.502882
add relu layer to problem 3 strategy LP
time 09:59:07.025990
¦========================================================================¦
¦========================================================================¦
add affine layer to problem 4 strategy LP
time 10:12:58.709054
add relu layer to problem 5 strategy LP
time 10:12:59.387970
¦========================================================================¦
¦========================================================================¦
add affine layer to problem 6 strategy LP
time 14:47:14.527210
time 14:47:14.533302
logit 1 is strictly smaller than the label logit (0)
logit 2 is strictly smaller than the label logit (0)
logit 3 is strictly smaller than the label logit (0)
logit 4 is strictly smaller than the label logit (0)
logit 5 is strictly smaller than the label logit (0)
logit 6 is strictly smaller than the label logit (0)
logit 7 is strictly smaller than the label logit (0)
logit 8 is strictly smaller than the label logit (0)
logit 9 is strictly smaller than the label logit (0)
verified
analysis time:  17409.326144695282  seconds
epsilon is in:
[0.017499999999999998, 0.03]
try epsilon of  0.02375
time 14:48:09.573999
the number of processes used is 12
add affine layer to problem 0 strategy LP
time 14:48:09.578514
add relu layer to problem 1 strategy LP
time 14:48:09.932909
¦========================================================================¦
¦========================================================================¦
add affine layer to problem 2 strategy LP
time 14:49:16.284404
add relu layer to problem 3 strategy LP
time 14:49:16.769738
¦========================================================================¦
¦========================================================================¦
add affine layer to problem 4 strategy LP
time 15:04:41.405228
add relu layer to problem 5 strategy LP
time 15:04:41.893238
¦========================================================================¦
¦========================================================================¦
add affine layer to problem 6 strategy LP
time 23:27:34.228614
time 23:27:34.233940
logit 1 - label logit (0) <= 5.195438309169661
can not be verified
analysis time:  31196.719997644424  seconds
epsilon is in:
[0.017499999999999998, 0.02375]
try epsilon of  0.020624999999999998
time 23:28:16.110624
the number of processes used is 12
add affine layer to problem 0 strategy LP
time 23:28:16.112969
add relu layer to problem 1 strategy LP
time 23:28:16.467545
¦========================================================================¦
¦========================================================================¦
add affine layer to problem 2 strategy LP
time 23:30:20.368316
add relu layer to problem 3 strategy LP
time 23:30:20.855321
¦========================================================================¦
¦========================================================================¦
add affine layer to problem 4 strategy LP
time 23:43:08.997701
add relu layer to problem 5 strategy LP
time 23:43:09.487580
¦========================================================================¦
¦========================================================================¦
add affine layer to problem 6 strategy LP
time 05:34:10.214649
time 05:34:10.220198
logit 1 is strictly smaller than the label logit (0)
logit 2 is strictly smaller than the label logit (0)
logit 3 is strictly smaller than the label logit (0)
logit 4 - label logit (0) <= 3.0344179098246844
can not be verified
analysis time:  22026.38506770134  seconds
epsilon is in:
[0.017499999999999998, 0.020624999999999998]
try epsilon of  0.019062499999999996
time 05:35:32.366267
the number of processes used is 12
add affine layer to problem 0 strategy LP
time 05:35:32.369097
add relu layer to problem 1 strategy LP
time 05:35:32.723478
¦========================================================================¦
¦========================================================================¦
add affine layer to problem 2 strategy LP
time 05:37:37.573436
add relu layer to problem 3 strategy LP
time 05:37:38.065626
¦========================================================================¦
¦========================================================================¦
add affine layer to problem 4 strategy LP
time 05:50:14.441145
add relu layer to problem 5 strategy LP
time 05:50:14.925855
¦========================================================================¦
¦========================================================================¦
add affine layer to problem 6 strategy LP
time 11:19:45.802134
time 11:19:45.807279
logit 1 is strictly smaller than the label logit (0)
logit 2 is strictly smaller than the label logit (0)
logit 3 is strictly smaller than the label logit (0)
logit 4 is strictly smaller than the label logit (0)
logit 5 is strictly smaller than the label logit (0)
logit 6 is strictly smaller than the label logit (0)
logit 7 is strictly smaller than the label logit (0)
logit 8 is strictly smaller than the label logit (0)
logit 9 is strictly smaller than the label logit (0)
verified
analysis time:  20732.41118645668  seconds
epsilon is in:
[0.019062499999999996, 0.020624999999999998]
try epsilon of  0.019843749999999997
time 11:21:14.731766
the number of processes used is 12
add affine layer to problem 0 strategy LP
time 11:21:14.733954
add relu layer to problem 1 strategy LP
time 11:21:15.104809
¦========================================================================¦
¦========================================================================¦
add affine layer to problem 2 strategy LP
time 11:22:31.660619
add relu layer to problem 3 strategy LP
time 11:22:32.176473
¦========================================================================¦
¦========================================================================¦
add affine layer to problem 4 strategy LP
time 11:36:44.681290
add relu layer to problem 5 strategy LP
time 11:36:45.166453
¦========================================================================¦
¦========================================================================¦
add affine layer to problem 6 strategy LP
time 16:58:16.500139
time 16:58:16.505585
logit 1 is strictly smaller than the label logit (0)
logit 2 is strictly smaller than the label logit (0)
logit 3 is strictly smaller than the label logit (0)
logit 4 is strictly smaller than the label logit (0)
logit 5 is strictly smaller than the label logit (0)
logit 6 is strictly smaller than the label logit (0)
logit 7 is strictly smaller than the label logit (0)
logit 8 is strictly smaller than the label logit (0)
logit 9 - label logit (0) <= 1.265589355271885
can not be verified
analysis time:  20412.635131835938  seconds
epsilon is in:
[0.019062499999999996, 0.019843749999999997]
