../mnist_nets/mnist_relu_4_1024.txt ../mnist_images/img64.txt
try epsilon of  0.017499999999999998
time 18:21:58.839998
the number of processes used is 12
add affine layer to problem 0 strategy LP
time 18:21:58.858916
add relu layer to problem 1 strategy LP
time 18:21:59.213310
¦========================================================================¦
¦========================================================================¦
add affine layer to problem 2 strategy LP
time 18:23:02.544079
add relu layer to problem 3 strategy LP
time 18:23:03.040059
¦========================================================================¦
¦========================================================================¦
add affine layer to problem 4 strategy LP
time 18:37:12.675070
add relu layer to problem 5 strategy LP
time 18:37:13.161061
¦========================================================================¦
¦========================================================================¦
add affine layer to problem 6 strategy LP
time 03:00:14.016487
time 03:00:14.021712
logit 0 is strictly smaller than the label logit (7)
logit 1 is strictly smaller than the label logit (7)
logit 2 is strictly smaller than the label logit (7)
logit 3 - label logit (7) <= 12.556432595114682
can not be verified
analysis time:  31167.153324842453  seconds
epsilon is in:
[0.005, 0.017499999999999998]
try epsilon of  0.01125
time 03:01:35.671767
the number of processes used is 12
add affine layer to problem 0 strategy LP
time 03:01:35.674106
add relu layer to problem 1 strategy LP
time 03:01:36.029096
¦========================================================================¦
¦========================================================================¦
add affine layer to problem 2 strategy LP
time 03:02:42.024984
add relu layer to problem 3 strategy LP
time 03:02:42.514498
¦========================================================================¦
¦========================================================================¦
add affine layer to problem 4 strategy LP
time 03:13:39.687942
add relu layer to problem 5 strategy LP
time 03:13:40.176445
¦========================================================================¦
¦========================================================================¦
add affine layer to problem 6 strategy LP
time 06:30:51.143896
time 06:30:51.148950
logit 0 is strictly smaller than the label logit (7)
logit 1 is strictly smaller than the label logit (7)
logit 2 is strictly smaller than the label logit (7)
logit 3 is strictly smaller than the label logit (7)
logit 4 is strictly smaller than the label logit (7)
logit 5 is strictly smaller than the label logit (7)
logit 6 is strictly smaller than the label logit (7)
logit 8 is strictly smaller than the label logit (7)
logit 9 is strictly smaller than the label logit (7)
verified
analysis time:  12574.10895562172  seconds
epsilon is in:
[0.01125, 0.017499999999999998]
try epsilon of  0.014374999999999999
time 06:31:19.457872
the number of processes used is 12
add affine layer to problem 0 strategy LP
time 06:31:19.460206
add relu layer to problem 1 strategy LP
time 06:31:19.816805
¦========================================================================¦
¦========================================================================¦
add affine layer to problem 2 strategy LP
time 06:32:26.058176
add relu layer to problem 3 strategy LP
time 06:32:26.547463
¦========================================================================¦
¦========================================================================¦
add affine layer to problem 4 strategy LP
time 06:45:00.341586
add relu layer to problem 5 strategy LP
time 06:45:00.835046
¦========================================================================¦
¦========================================================================¦
add affine layer to problem 6 strategy LP
time 12:15:06.781832
time 12:15:06.787099
logit 0 is strictly smaller than the label logit (7)
logit 1 is strictly smaller than the label logit (7)
logit 2 is strictly smaller than the label logit (7)
logit 3 is strictly smaller than the label logit (7)
logit 4 is strictly smaller than the label logit (7)
logit 5 is strictly smaller than the label logit (7)
logit 6 is strictly smaller than the label logit (7)
logit 8 is strictly smaller than the label logit (7)
logit 9 is strictly smaller than the label logit (7)
verified
analysis time:  20663.341995954514  seconds
epsilon is in:
[0.014374999999999999, 0.017499999999999998]
try epsilon of  0.0159375
time 12:15:52.502389
the number of processes used is 12
add affine layer to problem 0 strategy LP
time 12:15:52.504796
add relu layer to problem 1 strategy LP
time 12:15:52.858684
¦========================================================================¦
¦========================================================================¦
add affine layer to problem 2 strategy LP
time 12:16:59.777970
add relu layer to problem 3 strategy LP
time 12:17:00.264857
¦========================================================================¦
¦========================================================================¦
add affine layer to problem 4 strategy LP
time 12:30:04.404290
add relu layer to problem 5 strategy LP
time 12:30:04.897797
¦========================================================================¦
¦============================================================