../mnist_nets/mnist_relu_4_1024.txt ../mnist_images/img50.txt
try epsilon of  0.017499999999999998
time 20:34:59.004527
the number of processes used is 12
add affine layer to problem 0 strategy LP
time 20:34:59.020383
add relu layer to problem 1 strategy LP
time 20:34:59.399011
¦========================================================================¦
¦========================================================================¦
add affine layer to problem 2 strategy LP
time 20:36:11.228430
add relu layer to problem 3 strategy LP
time 20:36:11.789048
¦========================================================================¦
¦========================================================================¦
add affine layer to problem 4 strategy LP
time 21:08:34.410510
add relu layer to problem 5 strategy LP
time 21:08:34.937089
¦========================================================================¦
¦========================