Sender: LSF System <lsfadmin@eu-c7-117-05>
Subject: Job 80941747: <python -u meta_noelina_analyzer.py ../mnist_nets/mnist_relu_4_1024.txt ../mnist_images/img65.txt> in cluster <euler> Done

Job <python -u meta_noelina_analyzer.py ../mnist_nets/mnist_relu_4_1024.txt ../mnist_images/img65.txt> was submitted from host <eu-login-03-ng> by user <boewingf> in cluster <euler> at Sun Dec 16 11:30:22 2018
Job was executed on host(s) <12*eu-c7-117-05>, in queue <normal.24h>, as user <boewingf> in cluster <euler> at Sun Dec 16 19:45:19 2018
                            <24*eu-c7-117-07>
                            <12*eu-c7-117-04>
</cluster/home/boewingf> was used as the home directory.
</cluster/home/boewingf/analyzer> was used as the working directory.
Started at Sun Dec 16 19:45:19 2018
Terminated at Mon Dec 17 01:37:12 2018
Results reported at Mon Dec 17 01:37:12 2018

Your job looked like:

------------------------------------------------------------
# LSBATCH: User input
python -u meta_noelina_analyzer.py ../mnist_nets/mnist_relu_4_1024.txt ../mnist_images/img65.txt
------------------------------------------------------------

Successfully completed.

Resource usage summary:

    CPU time :                                   490722.19 sec.
    Max Memory :                                 35188 MB
    Average Memory :                             13125.33 MB
    Total Requested Memory :                     124800.00 MB
    Delta Memory :                               89612.00 MB
    Max Swap :                                   1 MB
    Max Processes :                              51
    Max Threads :                                1134
    Run time :                                   21133 sec.
    Turnaround time :                            50810 sec.

The output (if any) follows:

time 19:45:46.161858
the number of processes used is 48
add affine layer to problem 0 strategy LP
time 19:45:46.290307
add relu layer to problem 1 strategy LP
time 19:45:46.821816
¦========================================================================¦
¦================================================================================================¦
add affine layer to problem 2 strategy LP
time 19:45:56.373395
add relu layer to problem 3 strategy LP
time 19:45:57.107868
¦========================================================================¦
¦================================================================================================¦
add affine layer to problem 4 strategy LP
time 19:49:23.481097
add relu layer to problem 5 strategy LP
time 19:49:24.212783
¦========================================================================¦
¦================================================================================================¦
add affine layer to problem 6 strategy LP
time 22:53:23.805571
time 22:53:23.813127
logit 0 - label logit (4) <= 56.084668036479115
can not be verified
analysis time:  11268.368355035782  seconds
epsilon is in:
[0.005, 0.017499999999999998]
time 22:53:53.098805
the number of processes used is 48
add affine layer to problem 0 strategy LP
time 22:53:53.102741
add relu layer to problem 1 strategy LP
time 22:53:53.629751
¦========================================================================¦
¦================================================================================================¦
add affine layer to problem 2 strategy LP
time 22:54:03.196149
add relu layer to problem 3 strategy LP
time 22:54:03.927892
¦========================================================================¦
¦================================================================================================¦
add affine layer to problem 4 strategy LP
time 22:56:20.017320
add relu layer to problem 5 strategy LP
time 22:56:20.765506
¦========================================================================¦
¦================================================================================================¦
add affine layer to problem 6 strategy LP
time 00:16:24.896494
time 00:16:24.904731
logit 0 is strictly smaller than the label logit (4)
logit 1 - label logit (4) <= 10.899560471389432
can not be verified
analysis time:  4964.83794260025  seconds
epsilon is in:
[0.005, 0.01125]
time 00:16:56.541408
the number of processes used is 48
add affine layer to problem 0 strategy LP
time 00:16:56.544930
add relu layer to problem 1 strategy LP
time 00:16:57.063988
¦========================================================================¦
¦================================================================================================¦
add affine layer to problem 2 strategy LP
time 00:17:06.849667
add relu layer to problem 3 strategy LP
time 00:17:07.578046
¦========================================================================¦
¦================================================================================================¦
add affine layer to problem 4 strategy LP
time 00:18:51.008114
add relu layer to problem 5 strategy LP
time 00:18:51.735445
¦========================================================================¦
¦================================================================================================¦
add affine layer to problem 6 strategy LP
time 00:54:09.671755
time 00:54:09.679767
logit 0 is strictly smaller than the label logit (4)
logit 1 - label logit (4) <= 0.5845374420142457
can not be verified
analysis time:  2238.820520877838  seconds
epsilon is in:
[0.005, 0.008125]
time 00:54:33.974714
the number of processes used is 48
add affine layer to problem 0 strategy LP
time 00:54:33.979076
add relu layer to problem 1 strategy LP
time 00:54:34.500997
¦========================================================================¦
¦================================================================================================¦
add affine layer to problem 2 strategy LP
time 00:54:44.318046
add relu layer to problem 3 strategy LP
time 00:54:45.049240
¦========================================================================¦
¦================================================================================================¦
add affine layer to problem 4 strategy LP
time 00:56:17.828549
add relu layer to problem 5 strategy LP
time 00:56:18.550814
¦========================================================================¦
¦================================================================================================¦
add affine layer to problem 6 strategy LP
time 01:18:47.705326
time 01:18:47.713669
logit 0 is strictly smaller than the label logit (4)
logit 1 is strictly smaller than the label logit (4)
logit 2 is strictly smaller than the label logit (4)
logit 3 is strictly smaller than the label logit (4)
logit 5 is strictly smaller than the label logit (4)
logit 6 is strictly smaller than the label logit (4)
logit 7 is strictly smaller than the label logit (4)
logit 8 is strictly smaller than the label logit (4)
logit 9 - label logit (4) <= 0.6526162907989761
can not be verified
analysis time:  1467.1397490501404  seconds
epsilon is in:
[0.005, 0.006562500000000001]
time 01:19:19.713265
the number of processes used is 48
add affine layer to problem 0 strategy LP
time 01:19:19.716823
add relu layer to problem 1 strategy LP
time 01:19:20.250122
¦========================================================================¦
¦================================================================================================¦
add affine layer to problem 2 strategy LP
time 01:19:30.027521
add relu layer to problem 3 strategy LP
time 01:19:30.766533
¦========================================================================¦
¦================================================================================================¦
add affine layer to problem 4 strategy LP
time 01:20:58.434605
add relu layer to problem 5 strategy LP
time 01:20:59.157859
¦========================================================================¦
¦================================================================================================¦
add affine layer to problem 6 strategy LP
time 01:37:01.818923
time 01:37:01.827204
logit 0 is strictly smaller than the label logit (4)
logit 1 is strictly smaller than the label logit (4)
logit 2 is strictly smaller than the label logit (4)
logit 3 is strictly smaller than the label logit (4)
logit 5 is strictly smaller than the label logit (4)
logit 6 is strictly smaller than the label logit (4)
logit 7 is strictly smaller than the label logit (4)
logit 8 is strictly smaller than the label logit (4)
logit 9 is strictly smaller than the label logit (4)
verified
analysis time:  1072.724060535431  seconds
epsilon is in:
[0.00578125, 0.006562500000000001]
Freed default Gurobi environment
Sender: LSF System <lsfadmin@eu-c7-118-09>
Subject: Job 81002508: <python -u meta_noelina_analyzer.py ../mnist_nets/mnist_relu_4_1024.txt ../mnist_images/img65.txt> in cluster <euler> Done

Job <python -u meta_noelina_analyzer.py ../mnist_nets/mnist_relu_4_1024.txt ../mnist_images/img65.txt> was submitted from host <eu-login-22-ng> by user <boewingf> in cluster <euler> at Mon Dec 17 00:20:51 2018
Job was executed on host(s) <24*eu-c7-118-09>, in queue <normal.24h>, as user <boewingf> in cluster <euler> at Mon Dec 17 01:44:40 2018
                            <12*eu-c7-117-05>
                            <12*eu-c7-117-04>
</cluster/home/boewingf> was used as the home directory.
</cluster/home/boewingf/analyzer> was used as the working directory.
Started at Mon Dec 17 01:44:40 2018
Terminated at Mon Dec 17 04:51:23 2018
Results reported at Mon Dec 17 04:51:23 2018

Your job looked like:

------------------------------------------------------------
# LSBATCH: User input
python -u meta_noelina_analyzer.py ../mnist_nets/mnist_relu_4_1024.txt ../mnist_images/img65.txt
------------------------------------------------------------

Successfully completed.

Resource usage summary:

    CPU time :                                   490703.34 sec.
    Max Memory :                                 34050 MB
    Average Memory :                             12687.14 MB
    Total Requested Memory :                     120000.00 MB
    Delta Memory :                               85950.00 MB
    Max Swap :                                   1 MB
    Max Processes :                              51
    Max Threads :                                996
    Run time :                                   11212 sec.
    Turnaround time :                            16232 sec.

The output (if any) follows:

time 01:45:09.699448
the number of processes used is 48
add affine layer to problem 0 strategy LP
time 01:45:09.869067
add relu layer to problem 1 strategy LP
time 01:45:10.395457
¦========================================================================¦
¦================================================================================================¦
add affine layer to problem 2 strategy LP
time 01:45:15.566214
add relu layer to problem 3 strategy LP
time 01:45:16.351212
¦========================================================================¦
¦================================================================================================¦
add affine layer to problem 4 strategy LP
time 01:47:03.265696
add relu layer to problem 5 strategy LP
time 01:47:03.974129
¦========================================================================¦
¦================================================================================================¦
add affine layer to problem 6 strategy LP
time 03:25:06.261744
time 03:25:06.269386
logit 0 - label logit (4) <= 56.084668036479115
can not be verified
analysis time:  6006.052183389664  seconds
epsilon is in:
[0.005, 0.017499999999999998]
time 03:25:34.191453
the number of processes used is 48
add affine layer to problem 0 strategy LP
time 03:25:34.195826
add relu layer to problem 1 strategy LP
time 03:25:34.709298
¦========================================================================¦
¦================================================================================================¦
add affine layer to problem 2 strategy LP
time 03:25:40.238651
add relu layer to problem 3 strategy LP
time 03:25:40.974147
¦========================================================================¦
¦================================================================================================¦
add affine layer to problem 4 strategy LP
time 03:26:50.910032
add relu layer to problem 5 strategy LP
time 03:26:51.637339
¦========================================================================¦
¦================================================================================================¦
add affine layer to problem 6 strategy LP
time 04:08:42.032942
time 04:08:42.041182
logit 0 is strictly smaller than the label logit (4)
logit 1 - label logit (4) <= 10.899560471389432
can not be verified
analysis time:  2600.238241672516  seconds
epsilon is in:
[0.005, 0.01125]
time 04:09:12.924246
the number of processes used is 48
add affine layer to problem 0 strategy LP
time 04:09:12.928314
add relu layer to problem 1 strategy LP
time 04:09:13.444221
¦========================================================================¦
¦================================================================================================¦
add affine layer to problem 2 strategy LP
time 04:09:19.336691
add relu layer to problem 3 strategy LP
time 04:09:20.110755
¦========================================================================¦
¦================================================================================================¦
add affine layer to problem 4 strategy LP
time 04:10:13.317002
add relu layer to problem 5 strategy LP
time 04:10:14.036553
¦========================================================================¦
¦================================================================================================¦
add affine layer to problem 6 strategy LP
time 04:28:37.248037
time 04:28:37.255917
logit 0 is strictly smaller than the label logit (4)
logit 1 - label logit (4) <= 0.5845374420142457
can not be verified
analysis time:  1169.5875997543335  seconds
epsilon is in:
[0.005, 0.008125]
time 04:29:01.067069
the number of processes used is 48
add affine layer to problem 0 strategy LP
time 04:29:01.071403
add relu layer to problem 1 strategy LP
time 04:29:01.587918
¦========================================================================¦
¦================================================================================================¦
add affine layer to problem 2 strategy LP
time 04:29:07.381725
add relu layer to problem 3 strategy LP
time 04:29:08.157665
¦========================================================================¦
¦================================================================================================¦
add affine layer to problem 4 strategy LP
time 04:29:56.243471
add relu layer to problem 5 strategy LP
time 04:29:57.005222
¦========================================================================¦
¦================================================================================================¦
add affine layer to problem 6 strategy LP
time 04:41:28.351732
time 04:41:28.359566
logit 0 is strictly smaller than the label logit (4)
logit 1 is strictly smaller than the label logit (4)
logit 2 is strictly smaller than the label logit (4)
logit 3 is strictly smaller than the label logit (4)
logit 5 is strictly smaller than the label logit (4)
logit 6 is strictly smaller than the label logit (4)
logit 7 is strictly smaller than the label logit (4)
logit 8 is strictly smaller than the label logit (4)
logit 9 - label logit (4) <= 0.6526162907989761
can not be verified
analysis time:  760.7352695465088  seconds
epsilon is in:
[0.005, 0.006562500000000001]
time 04:42:00.413983
the number of processes used is 48
add affine layer to problem 0 strategy LP
time 04:42:00.417932
add relu layer to problem 1 strategy LP
time 04:42:00.948191
¦========================================================================¦
¦================================================================================================¦
add affine layer to problem 2 strategy LP
time 04:42:06.948580
add relu layer to problem 3 strategy LP
time 04:42:07.706116
¦========================================================================¦
¦================================================================================================¦
add affine layer to problem 4 strategy LP
time 04:42:52.393986
add relu layer to problem 5 strategy LP
time 04:42:53.146930
¦========================================================================¦
¦================================================================================================¦
add affine layer to problem 6 strategy LP
time 04:51:11.750555
time 04:51:11.758866
logit 0 is strictly smaller than the label logit (4)
logit 1 is strictly smaller than the label logit (4)
logit 2 is strictly smaller than the label logit (4)
logit 3 is strictly smaller than the label logit (4)
logit 5 is strictly smaller than the label logit (4)
logit 6 is strictly smaller than the label logit (4)
logit 7 is strictly smaller than the label logit (4)
logit 8 is strictly smaller than the label logit (4)
logit 9 is strictly smaller than the label logit (4)
verified
analysis time:  562.2691123485565  seconds
epsilon is in:
[0.00578125, 0.006562500000000001]
Freed default Gurobi environment
