Sender: LSF System <lsfadmin@eu-c7-048-07>
Subject: Job 80886978: <python -u meta_noelina_analyzer.py ../mnist_nets/mnist_relu_4_1024.txt ../mnist_images/img91.txt> in cluster <euler> Done

Job <python -u meta_noelina_analyzer.py ../mnist_nets/mnist_relu_4_1024.txt ../mnist_images/img91.txt> was submitted from host <eu-login-16-ng> by user <boewingf> in cluster <euler> at Sat Dec 15 01:02:20 2018
Job was executed on host(s) <12*eu-c7-048-07>, in queue <normal.24h>, as user <boewingf> in cluster <euler> at Sat Dec 15 13:47:38 2018
                            <12*eu-c7-047-06>
                            <12*eu-c7-049-15>
                            <12*eu-c7-046-10>
</cluster/home/boewingf> was used as the home directory.
</cluster/home/boewingf/analyzer> was used as the working directory.
Started at Sat Dec 15 13:47:38 2018
Terminated at Sat Dec 15 21:21:11 2018
Results reported at Sat Dec 15 21:21:11 2018

Your job looked like:

------------------------------------------------------------
# LSBATCH: User input
python -u meta_noelina_analyzer.py ../mnist_nets/mnist_relu_4_1024.txt ../mnist_images/img91.txt
------------------------------------------------------------

Successfully completed.

Resource usage summary:

    CPU time :                                   636073.12 sec.
    Max Memory :                                 35586 MB
    Average Memory :                             12775.83 MB
    Total Requested Memory :                     120000.00 MB
    Delta Memory :                               84414.00 MB
    Max Swap :                                   -
    Max Processes :                              51
    Max Threads :                                1113
    Run time :                                   27237 sec.
    Turnaround time :                            73131 sec.

The output (if any) follows:

time 13:48:00.813989
the number of processes used is 48
add affine layer to problem 0 strategy LP
time 13:48:00.844885
add relu layer to problem 1 strategy LP
time 13:48:01.590379
¦========================================================================¦
¦================================================================================================¦
add affine layer to problem 2 strategy LP
time 13:48:15.573403
add relu layer to problem 3 strategy LP
time 13:48:16.390785
¦========================================================================¦
¦================================================================================================¦
add affine layer to problem 4 strategy LP
time 13:51:56.265902
add relu layer to problem 5 strategy LP
time 13:51:57.210012
¦========================================================================¦
¦================================================================================================¦
add affine layer to problem 6 strategy LP
time 16:06:57.826756
time 16:06:57.839969
logit 0 - label logit (6) <= 17.133449774595093
can not be verified
analysis time:  8345.48817229271  seconds
epsilon is in:
[0.005, 0.017499999999999998]
time 16:07:26.218859
the number of processes used is 48
add affine layer to problem 0 strategy LP
time 16:07:26.222704
add relu layer to problem 1 strategy LP
time 16:07:26.777566
¦========================================================================¦
¦================================================================================================¦
add affine layer to problem 2 strategy LP
time 16:07:41.127126
add relu layer to problem 3 strategy LP
time 16:07:41.919114
¦========================================================================¦
¦================================================================================================¦
add affine layer to problem 4 strategy LP
time 16:10:12.221215
add relu layer to problem 5 strategy LP
time 16:10:12.993698
¦========================================================================¦
¦================================================================================================¦
add affine layer to problem 6 strategy LP
time 17:04:54.183334
time 17:04:54.197717
logit 0 is strictly smaller than the label logit (6)
logit 1 is strictly smaller than the label logit (6)
logit 2 is strictly smaller than the label logit (6)
logit 3 is strictly smaller than the label logit (6)
logit 4 is strictly smaller than the label logit (6)
logit 5 is strictly smaller than the label logit (6)
logit 7 is strictly smaller than the label logit (6)
logit 8 is strictly smaller than the label logit (6)
logit 9 is strictly smaller than the label logit (6)
verified
analysis time:  3465.450073480606  seconds
epsilon is in:
[0.01125, 0.017499999999999998]
time 17:05:31.565391
the number of processes used is 48
add affine layer to problem 0 strategy LP
time 17:05:31.569218
add relu layer to problem 1 strategy LP
time 17:05:32.120559
¦========================================================================¦
¦================================================================================================¦
add affine layer to problem 2 strategy LP
time 17:05:46.560066
add relu layer to problem 3 strategy LP
time 17:05:47.324018
¦========================================================================¦
¦================================================================================================¦
add affine layer to problem 4 strategy LP
time 17:08:48.434392
add relu layer to problem 5 strategy LP
time 17:08:49.248403
¦========================================================================¦
¦================================================================================================¦
add affine layer to problem 6 strategy LP
time 18:39:56.879278
time 18:39:56.892405
logit 0 is strictly smaller than the label logit (6)
logit 1 is strictly smaller than the label logit (6)
logit 2 is strictly smaller than the label logit (6)
logit 3 - label logit (6) <= 5.472833922497074
can not be verified
analysis time:  5687.003931045532  seconds
epsilon is in:
[0.01125, 0.014374999999999999]
time 18:40:38.358588
the number of processes used is 48
add affine layer to problem 0 strategy LP
time 18:40:38.362699
add relu layer to problem 1 strategy LP
time 18:40:38.915626
¦========================================================================¦
¦================================================================================================¦
add affine layer to problem 2 strategy LP
time 18:40:53.662977
add relu layer to problem 3 strategy LP
time 18:40:54.463094
¦========================================================================¦
¦================================================================================================¦
add affine layer to problem 4 strategy LP
time 18:43:40.721514
add relu layer to problem 5 strategy LP
time 18:43:41.537819
¦========================================================================¦
¦================================================================================================¦
add affine layer to problem 6 strategy LP
time 19:55:50.574553
time 19:55:50.589560
logit 0 is strictly smaller than the label logit (6)
logit 1 is strictly smaller than the label logit (6)
logit 2 is strictly smaller than the label logit (6)
logit 3 is strictly smaller than the label logit (6)
logit 4 is strictly smaller than the label logit (6)
logit 5 is strictly smaller than the label logit (6)
logit 7 is strictly smaller than the label logit (6)
logit 8 is strictly smaller than the label logit (6)
logit 9 is strictly smaller than the label logit (6)
verified
analysis time:  4541.693904161453  seconds
epsilon is in:
[0.0128125, 0.014374999999999999]
time 19:56:39.862315
the number of processes used is 48
add affine layer to problem 0 strategy LP
time 19:56:39.866149
add relu layer to problem 1 strategy LP
time 19:56:40.423540
¦========================================================================¦
¦================================================================================================¦
add affine layer to problem 2 strategy LP
time 19:56:55.326825
add relu layer to problem 3 strategy LP
time 19:56:56.093341
¦========================================================================¦
¦================================================================================================¦
add affine layer to problem 4 strategy LP
time 19:59:47.374496
add relu layer to problem 5 strategy LP
time 19:59:48.190375
¦========================================================================¦
¦================================================================================================¦
add affine layer to problem 6 strategy LP
time 21:20:49.902388
time 21:20:49.916645
logit 0 is strictly smaller than the label logit (6)
logit 1 is strictly smaller than the label logit (6)
logit 2 is strictly smaller than the label logit (6)
logit 3 - label logit (6) <= 1.1591190069328974
can not be verified
analysis time:  5070.61779999733  seconds
epsilon is in:
[0.0128125, 0.013593749999999998]
Freed default Gurobi environment
