../mnist_nets/mnist_relu_4_1024.txt ../mnist_images/img21.txt
try epsilon of  0.017499999999999998
time 10:13:19.536865
the number of processes used is 8
add affine layer to problem 0 strategy LP
time 10:13:19.555813
add relu layer to problem 1 strategy LP
time 10:13:19.992711
¦========================================================================¦
¦========================================================================¦
add affine layer to problem 2 strategy LP
time 10:14:35.656134
add relu layer to problem 3 strategy LP
time 10:14:36.269535
¦========================================================================¦
¦========================================================================¦
add affine layer to problem 4 strategy LP
time 10:39:15.987545
add relu layer to problem 5 strategy LP
time 10:39:16.587990
¦========================================================================¦
¦========================================================================¦
add affine layer to problem 6 strategy LP
time 01:53:58.842798
time 01:53:58.848872
logit 0 - label logit (6) <= 29.773123171602677
can not be verified
analysis time:  56468.663135290146  seconds
epsilon is in:
[0.005, 0.017499999999999998]
try epsilon of  0.01125
time 01:54:40.550876
the number of processes used is 8
add affine layer to problem 0 strategy LP
time 01:54:40.553806
add relu layer to problem 1 strategy LP
time 01:54:40.976724
¦========================================================================¦
¦========================================================================¦
add affine layer to problem 2 strategy LP
time 01:55:54.280581
add relu layer to problem 3 strategy LP
time 01:55:54.865971
¦========================================================================¦
¦========================================================================¦
add affine layer to problem 4 strategy LP
time 02:11:39.268582
add relu layer to problem 5 strategy LP
time 02:11:39.858913
¦========================================================================¦
¦========================================================================¦
add affine layer to problem 6 strategy LP
time 08:22:31.080122
time 08:22:31.086389
logit 0 is strictly smaller than the label logit (6)
logit 1 is strictly smaller than the label logit (6)
logit 2 is strictly smaller than the label logit (6)
logit 3 is strictly smaller than the label logit (6)
logit 4 is strictly smaller than the label logit (6)
logit 5 - label logit (6) <= 3.3041629659439593
can not be verified
analysis time:  23316.69530916214  seconds
epsilon is in:
[0.005, 0.01125]
try epsilon of  0.008125
time 08:23:29.062165
the number of processes used is 8
add affine layer to problem 0 strategy LP
time 08:23:29.065178
add relu layer to problem 1 strategy LP
time 08:23:29.489328
¦========================================================================¦
¦========================================================================¦
add affine layer to problem 2 strategy LP
time 08:24:42.473420
add relu layer to problem 3 strategy LP
time 08:24:43.065599
¦========================================================================¦
¦========================================================================¦
add affine layer to problem 4 strategy LP
time 08:37:53.195487
add relu layer to problem 5 strategy LP
time 08:37:53.786884
¦========================================================================¦
¦========================================================================¦
add affine layer to problem 6 strategy LP
time 11:52:33.661298
time 11:52:33.667613
logit 0 is strictly smaller than the label logit (6)
logit 1 is strictly smaller than the label logit (6)
logit 2 is strictly smaller than the label logit (6)
logit 3 is strictly smaller than the label logit (6)
logit 4 is strictly smaller than the label logit (6)
logit 5 is strictly smaller than the label logit (6)
logit 7 is strictly smaller than the label logit (6)
logit 8 is strictly smaller than the label logit (6)
logit 9 is strictly smaller than the label logit (6)
verified
analysis time:  12559.316341876984  seconds
epsilon is in:
[0.008125, 0.01125]
try epsilon of  0.0096875
time 11:53:00.218830
the number of processes used is 8
add affine layer to problem 0 strategy LP
time 11:53:00.221844
add relu layer to problem 1 strategy LP
time 11:53:00.645724
¦========================================================================¦
¦========================================================================¦
add affine layer to problem 2 strategy LP
time 11:54:13.811718
add relu layer to problem 3 strategy LP
time 11:54:14.401283
¦========================================================================¦
¦========================================================================¦
add affine layer to problem 4 strategy LP
time 12:08:26.331715
add relu layer to problem 5 strategy LP
time 12:08:26.920218
¦========================================================================¦
¦=====================================================================