../mnist_nets/mnist_relu_4_1024.txt ../mnist_images/img72.txt
try epsilon of  0.017499999999999998
time 14:50:19.245802
the number of processes used is 8
add affine layer to problem 0 strategy LP
time 14:50:19.266242
add relu layer to problem 1 strategy LP
time 14:50:19.701863
¦========================================================================¦
¦========================================================================¦
add affine layer to problem 2 strategy LP
time 14:51:33.946201
add relu layer to problem 3 strategy LP
time 14:51:34.518925
¦========================================================================¦
¦========================================================================¦
add affine layer to problem 4 strategy LP
time 15:12:16.239862
add relu layer to problem 5 strategy LP
time 15:12:16.814543
¦========================================================================¦
¦===========