../mnist_nets/mnist_relu_4_1024.txt ../mnist_images/img54.txt
try epsilon of  0.017499999999999998
time 09:57:49.286384
the number of processes used is 12
add affine layer to problem 0 strategy LP
time 09:57:49.305731
add relu layer to problem 1 strategy LP
time 09:57:49.694270
¦========================================================================¦
¦========================================================================¦
add affine layer to problem 2 strategy LP
time 09:59:12.740703
add relu layer to problem 3 strategy LP
time 09:59:13.289536
¦========================================================================¦
¦========================================================================¦
add affine layer to problem 4 strategy LP
time 10:15:38.966965
add relu layer to problem 5 strategy LP
time 10:15:39.790328
¦========================================================================¦
¦========================================================================¦
add affine layer to problem 6 strategy LP
time 18:26:59.310134
time 18:26:59.350665
logit 0 - label logit (6) <= 10.170212500081426
can not be verified
analysis time:  30580.899591207504  seconds
epsilon is in:
[0.005, 0.017499999999999998]
try epsilon of  0.01125
time 18:27:41.597217
the number of processes used is 12
add affine layer to problem 0 strategy LP
time 18:27:41.603286
add relu layer to problem 1 strategy LP
time 18:27:41.976355
¦========================================================================¦
¦========================================================================¦
add affine layer to problem 2 strategy LP
time 18:28:47.761165
add relu layer to problem 3 strategy LP
time 18:28:48.270270
¦========================================================================¦
¦========================================================================¦
add affine layer to problem 4 strategy LP
time 18:39:42.141818
add relu layer to problem 5 strategy LP
time 18:39:42.706753
¦========================================================================¦
¦========================================================================¦
add affine layer to problem 6 strategy LP
time 21:52:06.005469
time 21:52:06.010727
logit 0 is strictly smaller than the label logit (6)
logit 1 is strictly smaller than the label logit (6)
logit 2 is strictly smaller than the label logit (6)
logit 3 is strictly smaller than the label logit (6)
logit 4 is strictly smaller than the label logit (6)
logit 5 is strictly smaller than the label logit (6)
logit 7 is strictly smaller than the label logit (6)
logit 8 is strictly smaller than the label logit (6)
logit 9 is strictly smaller than the label logit (6)
verified
analysis time:  12293.511163949966  seconds
epsilon is in:
[0.01125, 0.017499999999999998]
try epsilon of  0.014374999999999999
time 21:52:46.010077
the number of processes used is 12
add affine layer to problem 0 strategy LP
time 21:52:46.224667
add relu layer to problem 1 strategy LP
time 21:52:46.712470
¦========================================================================¦
¦========================================================================¦
add affine layer to problem 2 strategy LP
time 21:53:52.297344
add relu layer to problem 3 strategy LP
time 21:53:52.863045
¦========================================================================¦
¦========================================================================¦
add affine layer to problem 4 strategy LP
time 22:05:48.269278
add relu layer to problem 5 strategy LP
time 22:05:48.769194
¦========================================================================¦
¦========================================================================¦
add affine layer to problem 6 strategy LP
time 03:10:04.390054
time 03:10:04.395304
logit 0 is strictly smaller than the label logit (6)
logit 1 is strictly smaller than the label logit (6)
logit 2 is strictly smaller than the label logit (6)
logit 3 is strictly smaller than the label logit (6)
logit 4 is strictly smaller than the label logit (6)
logit 5 - label logit (6) <= 4.160068873576609
can not be verified
analysis time:  19118.416228294373  seconds
epsilon is in:
[0.01125, 0.014374999999999999]
try epsilon of  0.0128125
time 03:11:35.487397
the number of processes used is 12
add affine layer to problem 0 strategy LP
time 03:11:35.490188
add relu layer to problem 1 strategy LP
time 03:11:35.854276
¦========================================================================¦
¦========================================================================¦
add affine layer to problem 2 strategy LP
time 03:12:41.140235
add relu layer to problem 3 strategy LP
time 03:12:41.641862
¦========================================================================¦
¦========================================================================¦
add affine layer to problem 4 strategy LP
time 03:24:26.162630
add relu layer to problem 5 strategy LP
time 03:24:26.662705
¦========================================================================¦
¦========================================================================¦
add affine layer to problem 6 strategy LP
time 07:36:21.385733
time 07:36:21.390974
logit 0 is strictly smaller than the label logit (6)
logit 1 is strictly smaller than the label logit (6)
logit 2 is strictly smaller than the label logit (6)
logit 3 is strictly smaller than the label logit (6)
logit 4 is strictly smaller than the label logit (6)
logit 5 is strictly smaller than the label logit (6)
logit 7 is strictly smaller than the label logit (6)
logit 8 - label logit (6) <= 0.42066280349884977
can not be verified
analysis time:  15942.949335813522  seconds
epsilon is in:
[0.01125, 0.0128125]
try epsilon of  0.01203125
time 07:37:28.427691
the number of processes used is 12
add affine layer to problem 0 strategy LP
time 07:37:28.430677
add relu layer to problem 1 strategy LP
time 07:37:28.794434
¦========================================================================¦
¦========================================================================¦
add affine layer to problem 2 strategy LP
time 07:38:35.332987
add relu layer to problem 3 strategy LP
time 07:38:35.838090
¦========================================================================¦
¦========================================================================¦
add affine layer to problem 4 strategy LP
time 07:49:29.942120
add relu layer to problem 5 strategy LP
time 07:49:30.443238
¦========================================================================¦
¦========================================================================¦
add affine layer to problem 6 strategy LP
time 11:25:58.483832
time 11:25:58.489005
logit 0 is strictly smaller than the label logit (6)
logit 1 is strictly smaller than the label logit (6)
logit 2 is strictly smaller than the label logit (6)
logit 3 is strictly smaller than the label logit (6)
logit 4 is strictly smaller than the label logit (6)
logit 5 is strictly smaller than the label logit (6)
logit 7 is strictly smaller than the label logit (6)
logit 8 is strictly smaller than the label logit (6)
logit 9 is strictly smaller than the label logit (6)
verified
analysis time:  13751.32591176033  seconds
epsilon is in:
[0.01203125, 0.0128125]
