../mnist_nets/mnist_relu_4_1024.txt ../mnist_images/img34.txt
try epsilon of  0.017499999999999998
time 18:07:58.196592
the number of processes used is 12
add affine layer to problem 0 strategy LP
time 18:07:58.215547
add relu layer to problem 1 strategy LP
time 18:07:58.571187
¦========================================================================¦
¦========================================================================¦
add affine layer to problem 2 strategy LP
time 18:09:03.184697
add relu layer to problem 3 strategy LP
time 18:09:03.681988
¦========================================================================¦
¦========================================================================¦
add affine layer to problem 4 strategy LP
time 18:21:35.842058
add relu layer to problem 5 strategy LP
time 18:21:36.333477
¦========================================================================¦
¦========================================================================¦
add affine layer to problem 6 strategy LP
time 00:31:21.283734
time 00:31:21.288882
logit 0 is strictly smaller than the label logit (7)
logit 1 is strictly smaller than the label logit (7)
logit 2 is strictly smaller than the label logit (7)
logit 3 is strictly smaller than the label logit (7)
logit 4 is strictly smaller than the label logit (7)
logit 5 is strictly smaller than the label logit (7)
logit 6 is strictly smaller than the label logit (7)
logit 8 is strictly smaller than the label logit (7)
logit 9 is strictly smaller than the label logit (7)
verified
analysis time:  23076.032143115997  seconds
epsilon is in:
[0.017499999999999998, 0.03]
try epsilon of  0.02375
time 00:32:44.179942
the number of processes used is 12
add affine layer to problem 0 strategy LP
time 00:32:44.182581
add relu layer to problem 1 strategy LP
time 00:32:44.545404
¦========================================================================¦
¦========================================================================¦
add affine layer to problem 2 strategy LP
time 00:33:51.060728
add relu layer to problem 3 strategy LP
time 00:33:51.557499
¦========================================================================¦
¦========================================================================¦
add affine layer to problem 4 strategy LP
time 00:53:42.506983
add relu layer to problem 5 strategy LP
time 00:53:42.998382
¦========================================================================¦
¦============================================================