../mnist_nets/mnist_relu_4_1024.txt ../mnist_images/img27.txt
try epsilon of  0.017499999999999998
time 10:12:05.879661
the number of processes used is 8
add affine layer to problem 0 strategy LP
time 10:12:05.896241
add relu layer to problem 1 strategy LP
time 10:12:06.328332
¦========================================================================¦
¦========================================================================¦
add affine layer to problem 2 strategy LP
time 10:13:20.906018
add relu layer to problem 3 strategy LP
time 10:13:21.511939
¦========================================================================¦
¦========================================================================¦
add affine layer to problem 4 strategy LP
time 10:34:07.974989
add relu layer to problem 5 strategy LP
time 10:34:08.530458
¦========================================================================¦
¦========