../mnist_nets/mnist_relu_4_1024.txt ../mnist_images/img14.txt
try epsilon of  0.017499999999999998
time 09:13:13.688408
the number of processes used is 12
add affine layer to problem 0 strategy LP
time 09:13:13.709147
add relu layer to problem 1 strategy LP
time 09:13:14.060477
¦========================================================================¦
¦========================================================================¦
add affine layer to problem 2 strategy LP
time 09:14:20.051467
add relu layer to problem 3 strategy LP
time 09:14:20.540424
¦========================================================================¦
¦========================================================================¦
add affine layer to problem 4 strategy LP
time 09:32:15.396757
add relu layer to problem 5 strategy LP
time 09:32:15.878813
¦========================================================================¦
¦========================================================================