../mnist_nets/mnist_relu_4_1024.txt ../mnist_images/img13.txt
try epsilon of  0.017499999999999998
time 10:13:19.321519
the number of processes used is 8
add affine layer to problem 0 strategy LP
time 10:13:19.341511
add relu layer to problem 1 strategy LP
time 10:13:19.770774
¦========================================================================¦
¦========================================================================¦
add affine layer to problem 2 strategy LP
time 10:14:32.554472
add relu layer to problem 3 strategy LP
time 10:14:33.199516
¦========================================================================¦
¦========================================================================¦
add affine layer to problem 4 strategy LP
time 10:35:39.589692
add relu layer to problem 5 strategy LP
time 10:35:40.168489
¦========================================================================¦
¦========================================================================¦
add affine layer to problem 6 strategy LP
time 21:41:52.501523
time 21:41:52.507411
logit 1 is strictly smaller than the label logit (0)
logit 2 - label logit (0) <= 8.432228776893824
can not be verified
analysis time:  41351.671070575714  seconds
epsilon is in:
[0.005, 0.017499999999999998]
try epsilon of  0.01125
time 21:42:42.836644
the number of processes used is 8
add affine layer to problem 0 strategy LP
time 21:42:42.839529
add relu layer to problem 1 strategy LP
time 21:42:43.242206
¦========================================================================¦
¦========================================================================¦
add affine layer to problem 2 strategy LP
time 21:43:53.743063
add relu layer to problem 3 strategy LP
time 21:43:54.304977
¦========================================================================¦
¦========================================================================¦
add affine layer to problem 4 strategy LP
time 21:57:31.701024
add relu layer to problem 5 strategy LP
time 21:57:32.250849
¦========================================================================¦
¦========================================================================¦
add affine layer to problem 6 strategy LP
time 02:09:26.907264
time 02:09:26.913444
logit 1 is strictly smaller than the label logit (0)
logit 2 is strictly smaller than the label logit (0)
logit 3 is strictly smaller than the label logit (0)
logit 4 is strictly smaller than the label logit (0)
logit 5 is strictly smaller than the label logit (0)
logit 6 is strictly smaller than the label logit (0)
logit 7 is strictly smaller than the label logit (0)
logit 8 is strictly smaller than the label logit (0)
logit 9 is strictly smaller than the label logit (0)
verified
analysis time:  16018.88377070427  seconds
epsilon is in:
[0.01125, 0.017499999999999998]
try epsilon of  0.014374999999999999
time 02:09:53.074978
the number of processes used is 8
add affine layer to problem 0 strategy LP
time 02:09:53.081131
add relu layer to problem 1 strategy LP
time 02:09:53.485126
¦========================================================================¦
¦========================================================================¦
add affine layer to problem 2 strategy LP
time 02:11:02.938424
add relu layer to problem 3 strategy LP
time 02:11:03.496736
¦========================================================================¦
¦========================================================================¦
add affine layer to problem 4 strategy LP
time 02:26:59.909954
add relu layer to problem 5 strategy LP
time 02:27:00.472671
¦========================================================================¦
¦========================================================================¦
add affine layer to problem 6 strategy LP
time 08:53:37.250478
time 08:53:37.256318
logit 1 is strictly smaller than the label logit (0)
logit 2 is strictly smaller than the label logit (0)
logit 3 is strictly smaller than the label logit (0)
logit 4 is strictly smaller than the label logit (0)
logit 5 is strictly smaller than the label logit (0)
logit 6 is strictly smaller than the label logit (0)
logit 7 is strictly smaller than the label logit (0)
logit 8 is strictly smaller than the label logit (0)
logit 9 is strictly smaller than the label logit (0)
verified
analysis time:  24280.07021021843  seconds
epsilon is in:
[0.014374999999999999, 0.017499999999999998]
try epsilon of  0.0159375
time 08:54:44.794597
the number of processes used is 8
add affine layer to problem 0 strategy LP
time 08:54:44.797983
add relu layer to problem 1 strategy LP
time 08:54:45.254670
¦========================================================================¦
¦========================================================================¦
add affine layer to problem 2 strategy LP
time 08:55:55.909767
add relu layer to problem 3 strategy LP
time 08:55:56.468998
¦========================================================================¦
¦========================================================================¦
add affine layer to problem 4 strategy LP
time 09:13:38.889407
add relu layer to problem 5 strategy LP
time 09:13:39.452499
¦========================================================================¦
¦===================================================================