../mnist_nets/mnist_relu_4_1024.txt ../mnist_images/img24.txt
try epsilon of  0.017499999999999998
time 02:01:04.116260
the number of processes used is 12
add affine layer to problem 0 strategy LP
time 02:01:04.134536
add relu layer to problem 1 strategy LP
time 02:01:04.490786
¦========================================================================¦
¦========================================================================¦
add affine layer to problem 2 strategy LP
time 02:02:10.479560
add relu layer to problem 3 strategy LP
time 02:02:10.972356
¦========================================================================¦
¦========================================================================¦
add affine layer to problem 4 strategy LP
time 02:27:04.536781
add relu layer to problem 5 strategy LP
time 02:27:05.022900
¦========================================================================¦
¦===========================