../mnist_nets/mnist_relu_9_200.txt ../mnist_images/img14.txt
try epsilon of  0.017499999999999998
time 12:47:10.113128
the number of processes used is 4
add affine layer to problem 0 strategy LP
time 12:47:10.129211
add relu layer to problem 1 strategy LP
time 12:47:10.240875
¦========================================================================¦
¦========================================================================¦
add affine layer to problem 2 strategy LP
time 12:47:12.318259
add relu layer to problem 3 strategy LP
time 12:47:12.349514
¦========================================================================¦
¦========================================================================¦
add affine layer to problem 4 strategy LP
time 12:47:16.851538
add relu layer to problem 5 strategy LP
time 12:47:16.883721
¦========================================================================¦
¦========================================================================¦
add affine layer to problem 6 strategy LP
time 12:47:29.632907
add relu layer to problem 7 strategy LP
time 12:47:29.664515
¦========================================================================¦
¦========================================================================¦
add affine layer to problem 8 strategy LP
time 12:48:05.963716
add relu layer to problem 9 strategy LP
time 12:48:05.995145
¦========================================================================¦
¦========================================================================¦
add affine layer to problem 10 strategy LP
time 12:49:30.656204
add relu layer to problem 11 strategy LP
time 12:49:30.687565
¦========================================================================¦
¦========================================================================¦
add affine layer to problem 12 strategy LP
time 12:53:14.810122
add relu layer to problem 13 strategy LP
time 12:53:14.841274
¦========================================================================¦
¦========================================================================¦
add affine layer to problem 14 strategy LP
time 13:03:46.076303
add relu layer to problem 15 strategy LP
time 13:03:46.107504
¦========================================================================¦
¦========================================================================¦
add affine layer to problem 16 strategy LP
time 13:29:09.158460
add relu layer to problem 17 strategy LP
time 13:29:09.160334
¦========================================================================¦
¦========================================================================¦
time 13:31:28.854348
logit 0 - label logit (1) <= 140.37692629437907
can not be verified
analysis time:  2661.2806236743927  seconds
epsilon is in:
[0.005, 0.017499999999999998]
try epsilon of  0.01125
time 13:31:33.883454
the number of processes used is 4
add affine layer to problem 0 strategy LP
time 13:31:33.887450
add relu layer to problem 1 strategy LP
time 13:31:34.001627
¦========================================================================¦
¦========================================================================¦
add affine layer to problem 2 strategy LP
time 13:31:36.272709
add relu layer to problem 3 strategy LP
time 13:31:36.304384
¦========================================================================¦
¦========================================================================¦
add affine layer to problem 4 strategy LP
time 13:31:41.041032
add relu layer to problem 5 strategy LP
time 13:31:41.073684
¦========================================================================¦
¦========================================================================¦
add affine layer to problem 6 strategy LP
time 13:31:50.361251
add relu layer to problem 7 strategy LP
time 13:31:50.392843
¦========================================================================¦
¦========================================================================¦
add affine layer to problem 8 strategy LP
time 13:32:07.889103
add relu layer to problem 9 strategy LP
time 13:32:07.920826
¦========================================================================¦
¦========================================================================¦
add affine layer to problem 10 strategy LP
time 13:33:13.176879
add relu layer to problem 11 strategy LP
time 13:33:13.208679
¦========================================================================¦
¦========================================================================¦
add affine layer to problem 12 strategy LP
time 13:33:57.923281
add relu layer to problem 13 strategy LP
time 13:33:57.954659
¦========================================================================¦
¦========================================================================¦
add affine layer to problem 14 strategy LP
time 13:34:59.957949
add relu layer to problem 15 strategy LP
time 13:34:59.989337
¦========================================================================¦
¦========================================================================¦
add affine layer to problem 16 strategy LP
time 13:35:54.283043
add relu layer to problem 17 strategy LP
time 13:35:54.284873
¦========================================================================¦
¦========================================================================¦
time 13:35:59.290287
logit 0 is strictly smaller than the label logit (1)
logit 2 is strictly smaller than the label logit (1)
logit 3 is strictly smaller than the label logit (1)
logit 4 is strictly smaller than the label logit (1)
logit 5 is strictly smaller than the label logit (1)
logit 6 is strictly smaller than the label logit (1)
logit 7 is strictly smaller than the label logit (1)
logit 8 is strictly smaller than the label logit (1)
logit 9 is strictly smaller than the label logit (1)
verified
analysis time:  266.6448574066162  seconds
epsilon is in:
[0.01125, 0.017499999999999998]
try epsilon of  0.014374999999999999
time 13:36:02.993519
the number of processes used is 4
add affine layer to problem 0 strategy LP
time 13:36:02.997380
add relu layer to problem 1 strategy LP
time 13:36:03.109214
¦========================================================================¦
¦========================================================================¦
add affine layer to problem 2 strategy LP
time 13:36:05.249425
add relu layer to problem 3 strategy LP
time 13:36:05.280786
¦========================================================================¦
¦========================================================================¦
add affine layer to problem 4 strategy LP
time 13:36:09.603186
add relu layer to problem 5 strategy LP
time 13:36:09.635414
¦========================================================================¦
¦========================================================================¦
add affine layer to problem 6 strategy LP
time 13:36:20.285856
add relu layer to problem 7 strategy LP
time 13:36:20.317341
¦========================================================================¦
¦========================================================================¦
add affine layer to problem 8 strategy LP
time 13:36:45.834728
add relu layer to problem 9 strategy LP
time 13:36:45.866027
¦========================================================================¦
¦========================================================================¦
add affine layer to problem 10 strategy LP
time 13:37:42.264693
add relu layer to problem 11 strategy LP
time 13:37:42.296010
¦========================================================================¦
¦========================================================================¦
add affine layer to problem 12 strategy LP
time 13:39:17.371474
add relu layer to problem 13 strategy LP
time 13:39:17.402653
¦========================================================================¦
¦========================================================================¦
add affine layer to problem 14 strategy LP
time 13:42:07.621723
add relu layer to problem 15 strategy LP
time 13:42:07.681308
¦========================================================================¦
¦========================================================================¦
add affine layer to problem 16 strategy LP
time 13:47:06.709854
add relu layer to problem 17 strategy LP
time 13:47:06.711676
¦========================================================================¦
¦========================================================================¦
time 13:47:37.159606
logit 0 - label logit (1) <= 7.590686034032028
can not be verified
analysis time:  695.5828628540039  seconds
epsilon is in:
[0.01125, 0.014374999999999999]
try epsilon of  0.0128125
time 13:47:41.033400
the number of processes used is 4
add affine layer to problem 0 strategy LP
time 13:47:41.037325
add relu layer to problem 1 strategy LP
time 13:47:41.148985
¦========================================================================¦
¦========================================================================¦
add affine layer to problem 2 strategy LP
time 13:47:43.276815
add relu layer to problem 3 strategy LP
time 13:47:43.308077
¦========================================================================¦
¦========================================================================¦
add affine layer to problem 4 strategy LP
time 13:47:47.643519
add relu layer to problem 5 strategy LP
time 13:47:47.675856
¦========================================================================¦
¦========================================================================¦
add affine layer to problem 6 strategy LP
time 13:47:57.914407
add relu layer to problem 7 strategy LP
time 13:47:57.945675
¦========================================================================¦
¦========================================================================¦
add affine layer to problem 8 strategy LP
time 13:48:18.196132
add relu layer to problem 9 strategy LP
time 13:48:18.227582
¦========================================================================¦
¦========================================================================¦
add affine layer to problem 10 strategy LP
time 13:48:56.527328
add relu layer to problem 11 strategy LP
time 13:48:56.558877
¦========================================================================¦
¦========================================================================¦
add affine layer to problem 12 strategy LP
time 13:50:00.979526
add relu layer to problem 13 strategy LP
time 13:50:01.015235
¦========================================================================¦
¦========================================================================¦
add affine layer to problem 14 strategy LP
time 13:51:30.188159
add relu layer to problem 15 strategy LP
time 13:51:30.219520
¦========================================================================¦
¦========================================================================¦
add affine layer to problem 16 strategy LP
time 13:53:09.847818
add relu layer to problem 17 strategy LP
time 13:53:09.849641
¦========================================================================¦
¦========================================================================¦
time 13:53:18.929305
logit 0 is strictly smaller than the label logit (1)
logit 2 is strictly smaller than the label logit (1)
logit 3 is strictly smaller than the label logit (1)
logit 4 is strictly smaller than the label logit (1)
logit 5 is strictly smaller than the label logit (1)
logit 6 is strictly smaller than the label logit (1)
logit 7 is strictly smaller than the label logit (1)
logit 8 is strictly smaller than the label logit (1)
logit 9 is strictly smaller than the label logit (1)
verified
analysis time:  340.3405542373657  seconds
epsilon is in:
[0.0128125, 0.014374999999999999]
try epsilon of  0.013593749999999998
time 13:53:23.831602
the number of processes used is 4
add affine layer to problem 0 strategy LP
time 13:53:23.835135
add relu layer to problem 1 strategy LP
time 13:53:23.946474
¦========================================================================¦
¦========================================================================¦
add affine layer to problem 2 strategy LP
time 13:53:26.071897
add relu layer to problem 3 strategy LP
time 13:53:26.103128
¦========================================================================¦
¦========================================================================¦
add affine layer to problem 4 strategy LP
time 13:53:30.413807
add relu layer to problem 5 strategy LP
time 13:53:30.446189
¦========================================================================¦
¦========================================================================¦
add affine layer to problem 6 strategy LP
time 13:53:40.810739
add relu layer to problem 7 strategy LP
time 13:53:40.842083
¦========================================================================¦
¦========================================================================¦
add affine layer to problem 8 strategy LP
time 13:54:04.155341
add relu layer to problem 9 strategy LP
time 13:54:04.186677
¦========================================================================¦
¦========================================================================¦
add affine layer to problem 10 strategy LP
time 13:54:55.669905
add relu layer to problem 11 strategy LP
time 13:54:55.701317
¦========================================================================¦
¦========================================================================¦
add affine layer to problem 12 strategy LP
time 13:56:24.435534
add relu layer to problem 13 strategy LP
time 13:56:24.466777
¦========================================================================¦
¦========================================================================¦
add affine layer to problem 14 strategy LP
time 13:58:46.453592
add relu layer to problem 15 strategy LP
time 13:58:46.485031
¦========================================================================¦
¦========================================================================¦
add affine layer to problem 16 strategy LP
time 14:02:08.029859
add relu layer to problem 17 strategy LP
time 14:02:08.031712
¦========================================================================¦
¦========================================================================¦
time 14:02:30.422279
logit 0 - label logit (1) <= 0.027397361123520536
can not be verified
analysis time:  547.360461473465  seconds
epsilon is in:
[0.0128125, 0.013593749999999998]
