../mnist_nets/mnist_relu_9_200.txt ../mnist_images/img91.txt
try epsilon of  0.017499999999999998
time 14:54:21.980567
the number of processes used is 12
add affine layer to problem 0 strategy LP
time 14:54:21.998668
add relu layer to problem 1 strategy LP
time 14:54:22.066752
¦========================================================================¦
¦========================================================================¦
add affine layer to problem 2 strategy LP
time 14:54:24.303113
add relu layer to problem 3 strategy LP
time 14:54:24.321840
¦========================================================================¦
¦========================================================================¦
add affine layer to problem 4 strategy LP
time 14:54:28.412793
add relu layer to problem 5 strategy LP
time 14:54:28.431383
¦========================================================================¦
¦========================================================================¦
add affine layer to problem 6 strategy LP
time 14:54:37.855727
add relu layer to problem 7 strategy LP
time 14:54:37.874478
¦========================================================================¦
¦========================================================================¦
add affine layer to problem 8 strategy LP
time 14:54:57.233283
add relu layer to problem 9 strategy LP
time 14:54:57.251842
¦========================================================================¦
¦========================================================================¦
add affine layer to problem 10 strategy LP
time 14:55:26.916729
add relu layer to problem 11 strategy LP
time 14:55:26.935383
¦========================================================================¦
¦========================================================================¦
add affine layer to problem 12 strategy LP
time 14:56:05.576924
add relu layer to problem 13 strategy LP
time 14:56:05.595551
¦========================================================================¦
¦========================================================================¦
add affine layer to problem 14 strategy LP
time 14:56:49.828414
add relu layer to problem 15 strategy LP
time 14:56:49.847242
¦========================================================================¦
¦========================================================================¦
add affine layer to problem 16 strategy LP
time 14:57:39.608570
add relu layer to problem 17 strategy LP
time 14:57:39.609700
¦========================================================================¦
¦========================================================================¦
time 14:57:44.119373
logit 0 is strictly smaller than the label logit (6)
logit 1 is strictly smaller than the label logit (6)
logit 2 is strictly smaller than the label logit (6)
logit 3 is strictly smaller than the label logit (6)
logit 4 is strictly smaller than the label logit (6)
logit 5 is strictly smaller than the label logit (6)
logit 7 is strictly smaller than the label logit (6)
logit 8 is strictly smaller than the label logit (6)
logit 9 is strictly smaller than the label logit (6)
verified
analysis time:  203.62888646125793  seconds
epsilon is in:
[0.017499999999999998, 0.03]
try epsilon of  0.02375
time 14:57:47.224954
the number of processes used is 12
add affine layer to problem 0 strategy LP
time 14:57:47.227488
add relu layer to problem 1 strategy LP
time 14:57:47.294693
¦========================================================================¦
¦========================================================================¦
add affine layer to problem 2 strategy LP
time 14:57:49.429296
add relu layer to problem 3 strategy LP
time 14:57:49.447985
¦========================================================================¦
¦========================================================================¦
add affine layer to problem 4 strategy LP
time 14:57:53.957663
add relu layer to problem 5 strategy LP
time 14:57:53.976732
¦========================================================================¦
¦========================================================================¦
add affine layer to problem 6 strategy LP
time 14:59:18.283696
add relu layer to problem 7 strategy LP
time 14:59:18.302369
¦========================================================================¦
¦========================================================================¦
add affine layer to problem 8 strategy LP
time 15:00:03.940251
add relu layer to problem 9 strategy LP
time 15:00:03.959155
¦========================================================================¦
¦========================================================================¦
add affine layer to problem 10 strategy LP
time 15:01:58.677733
add relu layer to problem 11 strategy LP
time 15:01:58.696312
¦========================================================================¦
¦========================================================================¦
add affine layer to problem 12 strategy LP
time 15:08:14.038590
add relu layer to problem 13 strategy LP
time 15:08:14.057124
¦========================================================================¦
¦========================================================================¦
add affine layer to problem 14 strategy LP
time 15:21:44.600153
add relu layer to problem 15 strategy LP
time 15:21:44.618759
¦========================================================================¦
¦========================================================================¦
add affine layer to problem 16 strategy LP
time 15:55:13.657010
add relu layer to problem 17 strategy LP
time 15:55:13.658111
¦========================================================================¦
¦========================================================================¦
time 15:56:41.874691
logit 0 - label logit (6) <= 423.7565909215155
can not be verified
analysis time:  3537.7899816036224  seconds
epsilon is in:
[0.017499999999999998, 0.02375]
try epsilon of  0.020624999999999998
time 15:56:46.631728
the number of processes used is 12
add affine layer to problem 0 strategy LP
time 15:56:46.633878
add relu layer to problem 1 strategy LP
time 15:56:46.701471
¦========================================================================¦
¦========================================================================¦
add affine layer to problem 2 strategy LP
time 15:56:48.985541
add relu layer to problem 3 strategy LP
time 15:56:49.004063
¦========================================================================¦
¦========================================================================¦
add affine layer to problem 4 strategy LP
time 15:56:53.365010
add relu layer to problem 5 strategy LP
time 15:56:53.384113
¦========================================================================¦
¦========================================================================¦
add affine layer to problem 6 strategy LP
time 15:57:04.690515
add relu layer to problem 7 strategy LP
time 15:57:04.709236
¦========================================================================¦
¦========================================================================¦
add affine layer to problem 8 strategy LP
time 15:57:34.579521
add relu layer to problem 9 strategy LP
time 15:57:34.598146
¦========================================================================¦
¦========================================================================¦
add affine layer to problem 10 strategy LP
time 15:59:29.697641
add relu layer to problem 11 strategy LP
time 15:59:29.716392
¦========================================================================¦
¦========================================================================¦
add affine layer to problem 12 strategy LP
time 16:00:59.669320
add relu layer to problem 13 strategy LP
time 16:00:59.687882
¦========================================================================¦
¦========================================================================¦
add affine layer to problem 14 strategy LP
time 16:04:33.870223
add relu layer to problem 15 strategy LP
time 16:04:33.888925
¦========================================================================¦
¦========================================================================¦
add affine layer to problem 16 strategy LP
time 16:12:29.958868
add relu layer to problem 17 strategy LP
time 16:12:29.960001
¦========================================================================¦
¦========================================================================¦
time 16:13:03.084984
logit 0 - label logit (6) <= 19.9005590888578
can not be verified
analysis time:  978.3521978855133  seconds
epsilon is in:
[0.017499999999999998, 0.020624999999999998]
try epsilon of  0.019062499999999996
time 16:13:06.599708
the number of processes used is 12
add affine layer to problem 0 strategy LP
time 16:13:06.602266
add relu layer to problem 1 strategy LP
time 16:13:06.670043
¦========================================================================¦
¦========================================================================¦
add affine layer to problem 2 strategy LP
time 16:13:08.941298
add relu layer to problem 3 strategy LP
time 16:13:08.960206
¦========================================================================¦
¦========================================================================¦
add affine layer to problem 4 strategy LP
time 16:13:13.221546
add relu layer to problem 5 strategy LP
time 16:13:13.240591
¦========================================================================¦
¦========================================================================¦
add affine layer to problem 6 strategy LP
time 16:13:23.143809
add relu layer to problem 7 strategy LP
time 16:13:23.162504
¦========================================================================¦
¦========================================================================¦
add affine layer to problem 8 strategy LP
time 16:13:46.377777
add relu layer to problem 9 strategy LP
time 16:13:46.399317
¦========================================================================¦
¦========================================================================¦
add affine layer to problem 10 strategy LP
time 16:14:25.984446
add relu layer to problem 11 strategy LP
time 16:14:26.003164
¦========================================================================¦
¦========================================================================¦
add affine layer to problem 12 strategy LP
time 16:15:20.998366
add relu layer to problem 13 strategy LP
time 16:15:21.016980
¦========================================================================¦
¦========================================================================¦
add affine layer to problem 14 strategy LP
time 16:17:42.063963
add relu layer to problem 15 strategy LP
time 16:17:42.082778
¦========================================================================¦
¦========================================================================¦
add affine layer to problem 16 strategy LP
time 16:19:24.416559
add relu layer to problem 17 strategy LP
time 16:19:24.417692
¦========================================================================¦
¦========================================================================¦
time 16:19:36.197274
logit 0 is strictly smaller than the label logit (6)
logit 1 is strictly smaller than the label logit (6)
logit 2 is strictly smaller than the label logit (6)
logit 3 is strictly smaller than the label logit (6)
logit 4 is strictly smaller than the label logit (6)
logit 5 is strictly smaller than the label logit (6)
logit 7 is strictly smaller than the label logit (6)
logit 8 is strictly smaller than the label logit (6)
logit 9 is strictly smaller than the label logit (6)
verified
analysis time:  392.1033697128296  seconds
epsilon is in:
[0.019062499999999996, 0.020624999999999998]
try epsilon of  0.019843749999999997
time 16:19:40.321737
the number of processes used is 12
add affine layer to problem 0 strategy LP
time 16:19:40.324310
add relu layer to problem 1 strategy LP
time 16:19:40.391843
¦========================================================================¦
¦========================================================================¦
add affine layer to problem 2 strategy LP
time 16:19:42.657069
add relu layer to problem 3 strategy LP
time 16:19:42.688451
¦========================================================================¦
¦========================================================================¦
add affine layer to problem 4 strategy LP
time 16:19:46.930685
add relu layer to problem 5 strategy LP
time 16:19:46.950079
¦========================================================================¦
¦========================================================================¦
add affine layer to problem 6 strategy LP
time 16:21:02.698482
add relu layer to problem 7 strategy LP
time 16:21:02.717339
¦========================================================================¦
¦========================================================================¦
add affine layer to problem 8 strategy LP
time 16:21:29.588249
add relu layer to problem 9 strategy LP
time 16:21:29.606873
¦========================================================================¦
¦========================================================================¦
add affine layer to problem 10 strategy LP
time 16:22:21.585194
add relu layer to problem 11 strategy LP
time 16:22:21.604093
¦========================================================================¦
¦========================================================================¦
add affine layer to problem 12 strategy LP
time 16:23:38.144043
add relu layer to problem 13 strategy LP
time 16:23:38.162813
¦========================================================================¦
¦========================================================================¦
add affine layer to problem 14 strategy LP
time 16:26:47.258183
add relu layer to problem 15 strategy LP
time 16:26:47.276767
¦========================================================================¦
¦========================================================================¦
add affine layer to problem 16 strategy LP
time 16:31:13.823486
add relu layer to problem 17 strategy LP
time 16:31:13.824622
¦========================================================================¦
¦========================================================================¦
time 16:31:32.749223
logit 0 - label logit (6) <= 2.725079957522118
can not be verified
analysis time:  713.386944770813  seconds
epsilon is in:
[0.019062499999999996, 0.019843749999999997]
