../mnist_nets/mnist_relu_9_200.txt ../mnist_images/img49.txt
try epsilon of  0.017499999999999998
time 12:40:49.566840
the number of processes used is 4
add affine layer to problem 0 strategy LP
time 12:40:49.586058
add relu layer to problem 1 strategy LP
time 12:40:49.704486
¦========================================================================¦
¦========================================================================¦
add affine layer to problem 2 strategy LP
time 12:40:51.735609
add relu layer to problem 3 strategy LP
time 12:40:51.769582
¦========================================================================¦
¦========================================================================¦
add affine layer to problem 4 strategy LP
time 12:40:56.418130
add relu layer to problem 5 strategy LP
time 12:40:56.451780
¦========================================================================¦
¦========================================================================¦
add affine layer to problem 6 strategy LP
time 12:41:06.600558
add relu layer to problem 7 strategy LP
time 12:41:06.634701
¦========================================================================¦
¦========================================================================¦
add affine layer to problem 8 strategy LP
time 12:41:35.917154
add relu layer to problem 9 strategy LP
time 12:41:35.952934
¦========================================================================¦
¦========================================================================¦
add affine layer to problem 10 strategy LP
time 12:42:53.419875
add relu layer to problem 11 strategy LP
time 12:42:53.482163
¦========================================================================¦
¦========================================================================¦
add affine layer to problem 12 strategy LP
time 12:46:04.628797
add relu layer to problem 13 strategy LP
time 12:46:04.662666
¦========================================================================¦
¦========================================================================¦
add affine layer to problem 14 strategy LP
time 12:55:56.562785
add relu layer to problem 15 strategy LP
time 12:55:56.596494
¦========================================================================¦
¦========================================================================¦
add affine layer to problem 16 strategy LP
time 13:18:12.451553
add relu layer to problem 17 strategy LP
time 13:18:12.453541
¦========================================================================¦
¦========================================================================¦
time 13:20:44.495041
logit 0 - label logit (4) <= 97.98570109367475
can not be verified
analysis time:  2397.153120279312  seconds
epsilon is in:
[0.005, 0.017499999999999998]
try epsilon of  0.01125
time 13:20:49.222690
the number of processes used is 4
add affine layer to problem 0 strategy LP
time 13:20:49.226700
add relu layer to problem 1 strategy LP
time 13:20:49.346217
¦========================================================================¦
¦========================================================================¦
add affine layer to problem 2 strategy LP
time 13:20:51.567146
add relu layer to problem 3 strategy LP
time 13:20:51.601597
¦========================================================================¦
¦========================================================================¦
add affine layer to problem 4 strategy LP
time 13:20:56.257864
add relu layer to problem 5 strategy LP
time 13:20:56.293025
¦========================================================================¦
¦========================================================================¦
add affine layer to problem 6 strategy LP
time 13:21:03.889691
add relu layer to problem 7 strategy LP
time 13:21:03.923879
¦========================================================================¦
¦========================================================================¦
add affine layer to problem 8 strategy LP
time 13:21:18.870938
add relu layer to problem 9 strategy LP
time 13:21:18.905072
¦========================================================================¦
¦========================================================================¦
add affine layer to problem 10 strategy LP
time 13:21:44.631131
add relu layer to problem 11 strategy LP
time 13:21:44.665072
¦========================================================================¦
¦========================================================================¦
add affine layer to problem 12 strategy LP
time 13:23:01.475993
add relu layer to problem 13 strategy LP
time 13:23:01.541093
¦========================================================================¦
¦========================================================================¦
add affine layer to problem 14 strategy LP
time 13:24:03.165062
add relu layer to problem 15 strategy LP
time 13:24:03.199416
¦========================================================================¦
¦========================================================================¦
add affine layer to problem 16 strategy LP
time 13:25:25.163097
add relu layer to problem 17 strategy LP
time 13:25:25.165055
¦========================================================================¦
¦========================================================================¦
time 13:25:31.751942
logit 0 is strictly smaller than the label logit (4)
logit 1 is strictly smaller than the label logit (4)
logit 2 is strictly smaller than the label logit (4)
logit 3 is strictly smaller than the label logit (4)
logit 5 is strictly smaller than the label logit (4)
logit 6 is strictly smaller than the label logit (4)
logit 7 is strictly smaller than the label logit (4)
logit 8 is strictly smaller than the label logit (4)
logit 9 is strictly smaller than the label logit (4)
verified
analysis time:  284.5378224849701  seconds
epsilon is in:
[0.01125, 0.017499999999999998]
try epsilon of  0.014374999999999999
time 13:25:36.229661
the number of processes used is 4
add affine layer to problem 0 strategy LP
time 13:25:36.233511
add relu layer to problem 1 strategy LP
time 13:25:36.349714
¦========================================================================¦
¦========================================================================¦
add affine layer to problem 2 strategy LP
time 13:25:38.448182
add relu layer to problem 3 strategy LP
time 13:25:38.481782
¦========================================================================¦
¦========================================================================¦
add affine layer to problem 4 strategy LP
time 13:25:42.917897
add relu layer to problem 5 strategy LP
time 13:25:42.952421
¦========================================================================¦
¦========================================================================¦
add affine layer to problem 6 strategy LP
time 13:25:50.857618
add relu layer to problem 7 strategy LP
time 13:25:50.891604
¦========================================================================¦
¦========================================================================¦
add affine layer to problem 8 strategy LP
time 13:26:10.249728
add relu layer to problem 9 strategy LP
time 13:26:10.283529
¦========================================================================¦
¦========================================================================¦
add affine layer to problem 10 strategy LP
time 13:26:55.353878
add relu layer to problem 11 strategy LP
time 13:26:55.387704
¦========================================================================¦
¦========================================================================¦
add affine layer to problem 12 strategy LP
time 13:28:25.031275
add relu layer to problem 13 strategy LP
time 13:28:25.066409
¦========================================================================¦
¦========================================================================¦
add affine layer to problem 14 strategy LP
time 13:31:16.708591
add relu layer to problem 15 strategy LP
time 13:31:16.744521
¦========================================================================¦
¦========================================================================¦
add affine layer to problem 16 strategy LP
time 13:37:56.805150
add relu layer to problem 17 strategy LP
time 13:37:56.807095
¦========================================================================¦
¦========================================================================¦
time 13:38:42.291788
logit 0 - label logit (4) <= 10.879243710520536
can not be verified
analysis time:  787.8435637950897  seconds
epsilon is in:
[0.01125, 0.014374999999999999]
try epsilon of  0.0128125
time 13:38:46.539060
the number of processes used is 4
add affine layer to problem 0 strategy LP
time 13:38:46.542823
add relu layer to problem 1 strategy LP
time 13:38:46.659815
¦========================================================================¦
¦========================================================================¦
add affine layer to problem 2 strategy LP
time 13:38:48.775972
add relu layer to problem 3 strategy LP
time 13:38:48.809921
¦========================================================================¦
¦========================================================================¦
add affine layer to problem 4 strategy LP
time 13:38:53.162204
add relu layer to problem 5 strategy LP
time 13:38:53.197326
¦========================================================================¦
¦========================================================================¦
add affine layer to problem 6 strategy LP
time 13:39:00.528278
add relu layer to problem 7 strategy LP
time 13:39:00.562160
¦========================================================================¦
¦========================================================================¦
add affine layer to problem 8 strategy LP
time 13:39:15.887575
add relu layer to problem 9 strategy LP
time 13:39:15.921523
¦========================================================================¦
¦========================================================================¦
add affine layer to problem 10 strategy LP
time 13:39:48.660556
add relu layer to problem 11 strategy LP
time 13:39:48.694439
¦========================================================================¦
¦========================================================================¦
add affine layer to problem 12 strategy LP
time 13:40:48.871086
add relu layer to problem 13 strategy LP
time 13:40:48.911072
¦========================================================================¦
¦========================================================================¦
add affine layer to problem 14 strategy LP
time 13:42:29.084087
add relu layer to problem 15 strategy LP
time 13:42:29.117994
¦========================================================================¦
¦========================================================================¦
add affine layer to problem 16 strategy LP
time 13:45:08.312317
add relu layer to problem 17 strategy LP
time 13:45:08.314299
¦========================================================================¦
¦========================================================================¦
time 13:45:24.229260
logit 0 is strictly smaller than the label logit (4)
logit 1 is strictly smaller than the label logit (4)
logit 2 is strictly smaller than the label logit (4)
logit 3 is strictly smaller than the label logit (4)
logit 5 is strictly smaller than the label logit (4)
logit 6 is strictly smaller than the label logit (4)
logit 7 is strictly smaller than the label logit (4)
logit 8 is strictly smaller than the label logit (4)
logit 9 is strictly smaller than the label logit (4)
verified
analysis time:  401.2954087257385  seconds
epsilon is in:
[0.0128125, 0.014374999999999999]
try epsilon of  0.013593749999999998
time 13:45:30.303341
the number of processes used is 4
add affine layer to problem 0 strategy LP
time 13:45:30.306758
add relu layer to problem 1 strategy LP
time 13:45:30.423815
¦========================================================================¦
¦========================================================================¦
add affine layer to problem 2 strategy LP
time 13:45:32.523050
add relu layer to problem 3 strategy LP
time 13:45:32.556768
¦========================================================================¦
¦========================================================================¦
add affine layer to problem 4 strategy LP
time 13:45:36.986243
add relu layer to problem 5 strategy LP
time 13:45:37.021170
¦========================================================================¦
¦========================================================================¦
add affine layer to problem 6 strategy LP
time 13:45:44.539507
add relu layer to problem 7 strategy LP
time 13:45:44.573311
¦========================================================================¦
¦========================================================================¦
add affine layer to problem 8 strategy LP
time 13:46:01.784972
add relu layer to problem 9 strategy LP
time 13:46:01.818787
¦========================================================================¦
¦========================================================================¦
add affine layer to problem 10 strategy LP
time 13:46:40.012608
add relu layer to problem 11 strategy LP
time 13:46:40.046691
¦========================================================================¦
¦========================================================================¦
add affine layer to problem 12 strategy LP
time 13:47:53.947375
add relu layer to problem 13 strategy LP
time 13:47:53.982506
¦========================================================================¦
¦========================================================================¦
add affine layer to problem 14 strategy LP
time 13:49:56.082084
add relu layer to problem 15 strategy LP
time 13:49:56.116269
¦========================================================================¦
¦========================================================================¦
add affine layer to problem 16 strategy LP
time 13:53:45.666133
add relu layer to problem 17 strategy LP
time 13:53:45.668113
¦========================================================================¦
¦========================================================================¦
time 13:54:13.284264
logit 0 - label logit (4) <= 4.85044020544373
can not be verified
analysis time:  524.0326955318451  seconds
epsilon is in:
[0.0128125, 0.013593749999999998]
