../mnist_nets/mnist_relu_9_200.txt ../mnist_images/img25.txt
try epsilon of  0.017499999999999998
time 18:44:42.975653
the number of processes used is 12
add affine layer to problem 0 strategy LP
time 18:44:42.992153
add relu layer to problem 1 strategy LP
time 18:44:43.065127
¦========================================================================¦
¦========================================================================¦
add affine layer to problem 2 strategy LP
time 18:44:46.658870
add relu layer to problem 3 strategy LP
time 18:44:46.678993
¦========================================================================¦
¦========================================================================¦
add affine layer to problem 4 strategy LP
time 18:44:50.965168
add relu layer to problem 5 strategy LP
time 18:44:50.985150
¦========================================================================¦
¦========================================================================¦
add affine layer to problem 6 strategy LP
time 18:44:56.571682
add relu layer to problem 7 strategy LP
time 18:44:56.591879
¦========================================================================¦
¦========================================================================¦
add affine layer to problem 8 strategy LP
time 18:45:04.662034
add relu layer to problem 9 strategy LP
time 18:45:04.684017
¦========================================================================¦
¦========================================================================¦
add affine layer to problem 10 strategy LP
time 18:45:14.607383
add relu layer to problem 11 strategy LP
time 18:45:14.627948
¦========================================================================¦
¦========================================================================¦
add affine layer to problem 12 strategy LP
time 18:45:28.308209
add relu layer to problem 13 strategy LP
time 18:45:28.329151
¦========================================================================¦
¦========================================================================¦
add affine layer to problem 14 strategy LP
time 18:45:42.042931
add relu layer to problem 15 strategy LP
time 18:45:42.064151
¦========================================================================¦
¦========================================================================¦
add affine layer to problem 16 strategy LP
time 18:45:58.394840
add relu layer to problem 17 strategy LP
time 18:45:58.396098
¦========================================================================¦
¦========================================================================¦
time 18:46:00.842329
logit 1 is strictly smaller than the label logit (0)
logit 2 is strictly smaller than the label logit (0)
logit 3 is strictly smaller than the label logit (0)
logit 4 is strictly smaller than the label logit (0)
logit 5 is strictly smaller than the label logit (0)
logit 6 is strictly smaller than the label logit (0)
logit 7 is strictly smaller than the label logit (0)
logit 8 is strictly smaller than the label logit (0)
logit 9 is strictly smaller than the label logit (0)
verified
analysis time:  78.72885537147522  seconds
epsilon is in:
[0.017499999999999998, 0.03]
try epsilon of  0.02375
time 18:46:03.426936
the number of processes used is 12
add affine layer to problem 0 strategy LP
time 18:46:03.429166
add relu layer to problem 1 strategy LP
time 18:46:03.501827
¦========================================================================¦
¦========================================================================¦
add affine layer to problem 2 strategy LP
time 18:46:07.016356
add relu layer to problem 3 strategy LP
time 18:46:07.036497
¦========================================================================¦
¦========================================================================¦
add affine layer to problem 4 strategy LP
time 18:46:11.330881
add relu layer to problem 5 strategy LP
time 18:46:11.351933
¦========================================================================¦
¦========================================================================¦
add affine layer to problem 6 strategy LP
time 18:46:17.245030
add relu layer to problem 7 strategy LP
time 18:46:17.265671
¦========================================================================¦
¦========================================================================¦
add affine layer to problem 8 strategy LP
time 18:46:26.696471
add relu layer to problem 9 strategy LP
time 18:46:26.717246
¦========================================================================¦
¦========================================================================¦
add affine layer to problem 10 strategy LP
time 18:46:39.934653
add relu layer to problem 11 strategy LP
time 18:46:39.954621
¦========================================================================¦
¦========================================================================¦
add affine layer to problem 12 strategy LP
time 18:46:57.398598
add relu layer to problem 13 strategy LP
time 18:46:57.418718
¦========================================================================¦
¦========================================================================¦
add affine layer to problem 14 strategy LP
time 18:47:17.075763
add relu layer to problem 15 strategy LP
time 18:47:17.095745
¦========================================================================¦
¦========================================================================¦
add affine layer to problem 16 strategy LP
time 18:47:38.401938
add relu layer to problem 17 strategy LP
time 18:47:38.403147
¦========================================================================¦
¦========================================================================¦
time 18:47:41.262577
logit 1 is strictly smaller than the label logit (0)
logit 2 is strictly smaller than the label logit (0)
logit 3 is strictly smaller than the label logit (0)
logit 4 is strictly smaller than the label logit (0)
logit 5 is strictly smaller than the label logit (0)
logit 6 is strictly smaller than the label logit (0)
logit 7 is strictly smaller than the label logit (0)
logit 8 is strictly smaller than the label logit (0)
logit 9 is strictly smaller than the label logit (0)
verified
analysis time:  98.89493131637573  seconds
epsilon is in:
[0.02375, 0.03]
try epsilon of  0.026875
time 18:47:44.040193
the number of processes used is 12
add affine layer to problem 0 strategy LP
time 18:47:44.042468
add relu layer to problem 1 strategy LP
time 18:47:44.115234
¦========================================================================¦
¦========================================================================¦
add affine layer to problem 2 strategy LP
time 18:47:47.313966
add relu layer to problem 3 strategy LP
time 18:47:47.333923
¦========================================================================¦
¦========================================================================¦
add affine layer to problem 4 strategy LP
time 18:47:51.656328
add relu layer to problem 5 strategy LP
time 18:47:51.677244
¦========================================================================¦
¦========================================================================¦
add affine layer to problem 6 strategy LP
time 18:50:07.798779
add relu layer to problem 7 strategy LP
time 18:50:07.818646
¦========================================================================¦
¦========================================================================¦
add affine layer to problem 8 strategy LP
time 18:50:18.858835
add relu layer to problem 9 strategy LP
time 18:50:18.879116
¦========================================================================¦
¦========================================================================¦
add affine layer to problem 10 strategy LP
time 18:50:35.157884
add relu layer to problem 11 strategy LP
time 18:50:35.177922
¦========================================================================¦
¦========================================================================¦
add affine layer to problem 12 strategy LP
time 18:50:57.808666
add relu layer to problem 13 strategy LP
time 18:50:57.828638
¦========================================================================¦
¦========================================================================¦
add affine layer to problem 14 strategy LP
time 18:51:24.223322
add relu layer to problem 15 strategy LP
time 18:51:24.244616
¦========================================================================¦
¦========================================================================¦
add affine layer to problem 16 strategy LP
time 18:51:49.945927
add relu layer to problem 17 strategy LP
time 18:51:49.947142
¦========================================================================¦
¦========================================================================¦
time 18:51:53.461360
logit 1 is strictly smaller than the label logit (0)
logit 2 is strictly smaller than the label logit (0)
logit 3 is strictly smaller than the label logit (0)
logit 4 is strictly smaller than the label logit (0)
logit 5 is strictly smaller than the label logit (0)
logit 6 is strictly smaller than the label logit (0)
logit 7 is strictly smaller than the label logit (0)
logit 8 is strictly smaller than the label logit (0)
logit 9 is strictly smaller than the label logit (0)
verified
analysis time:  250.94458079338074  seconds
epsilon is in:
[0.026875, 0.03]
try epsilon of  0.028437499999999998
time 18:51:56.702706
the number of processes used is 12
add affine layer to problem 0 strategy LP
time 18:51:56.705214
add relu layer to problem 1 strategy LP
time 18:51:56.778091
¦========================================================================¦
¦========================================================================¦
add affine layer to problem 2 strategy LP
time 18:51:59.680523
add relu layer to problem 3 strategy LP
time 18:51:59.700688
¦========================================================================¦
¦========================================================================¦
add affine layer to problem 4 strategy LP
time 18:52:03.912772
add relu layer to problem 5 strategy LP
time 18:52:03.934299
¦========================================================================¦
¦========================================================================¦
add affine layer to problem 6 strategy LP
time 18:52:11.160346
add relu layer to problem 7 strategy LP
time 18:52:11.180393
¦========================================================================¦
¦========================================================================¦
add affine layer to problem 8 strategy LP
time 18:52:24.581297
add relu layer to problem 9 strategy LP
time 18:52:24.601319
¦========================================================================¦
¦========================================================================¦
add affine layer to problem 10 strategy LP
time 18:52:45.276153
add relu layer to problem 11 strategy LP
time 18:52:45.296181
¦========================================================================¦
¦========================================================================¦
add affine layer to problem 12 strategy LP
time 18:55:03.234092
add relu layer to problem 13 strategy LP
time 18:55:03.254173
¦========================================================================¦
¦========================================================================¦
add affine layer to problem 14 strategy LP
time 18:55:38.019567
add relu layer to problem 15 strategy LP
time 18:55:38.040931
¦========================================================================¦
¦========================================================================¦
add affine layer to problem 16 strategy LP
time 18:56:13.928381
add relu layer to problem 17 strategy LP
time 18:56:13.929585
¦========================================================================¦
¦========================================================================¦
time 18:56:18.214892
logit 1 is strictly smaller than the label logit (0)
logit 2 is strictly smaller than the label logit (0)
logit 3 is strictly smaller than the label logit (0)
logit 4 is strictly smaller than the label logit (0)
logit 5 is strictly smaller than the label logit (0)
logit 6 is strictly smaller than the label logit (0)
logit 7 is strictly smaller than the label logit (0)
logit 8 is strictly smaller than the label logit (0)
logit 9 is strictly smaller than the label logit (0)
verified
analysis time:  262.9209883213043  seconds
epsilon is in:
[0.028437499999999998, 0.03]
try epsilon of  0.029218749999999998
time 18:56:21.341321
the number of processes used is 12
add affine layer to problem 0 strategy LP
time 18:56:21.343771
add relu layer to problem 1 strategy LP
time 18:56:21.416065
¦========================================================================¦
¦========================================================================¦
add affine layer to problem 2 strategy LP
time 18:56:24.344013
add relu layer to problem 3 strategy LP
time 18:56:24.364173
¦========================================================================¦
¦========================================================================¦
add affine layer to problem 4 strategy LP
time 18:56:28.544359
add relu layer to problem 5 strategy LP
time 18:56:28.564902
¦========================================================================¦
¦========================================================================¦
add affine layer to problem 6 strategy LP
time 18:56:35.765079
add relu layer to problem 7 strategy LP
time 18:56:35.788330
¦========================================================================¦
¦========================================================================¦
add affine layer to problem 8 strategy LP
time 18:56:49.460143
add relu layer to problem 9 strategy LP
time 18:56:49.480161
¦========================================================================¦
¦========================================================================¦
add affine layer to problem 10 strategy LP
time 18:57:10.255804
add relu layer to problem 11 strategy LP
time 18:57:10.275849
¦========================================================================¦
¦========================================================================¦
add affine layer to problem 12 strategy LP
time 18:57:39.243400
add relu layer to problem 13 strategy LP
time 18:57:39.263340
¦========================================================================¦
¦========================================================================¦
add affine layer to problem 14 strategy LP
time 19:00:05.097597
add relu layer to problem 15 strategy LP
time 19:00:05.118836
¦========================================================================¦
¦========================================================================¦
add affine layer to problem 16 strategy LP
time 19:00:38.286049
add relu layer to problem 17 strategy LP
time 19:00:38.287258
¦========================================================================¦
¦========================================================================¦
time 19:00:42.829357
logit 1 is strictly smaller than the label logit (0)
logit 2 is strictly smaller than the label logit (0)
logit 3 is strictly smaller than the label logit (0)
logit 4 is strictly smaller than the label logit (0)
logit 5 is strictly smaller than the label logit (0)
logit 6 is strictly smaller than the label logit (0)
logit 7 is strictly smaller than the label logit (0)
logit 8 is strictly smaller than the label logit (0)
logit 9 is strictly smaller than the label logit (0)
verified
analysis time:  262.99537229537964  seconds
epsilon is in:
[0.029218749999999998, 0.03]
