../mnist_nets/mnist_relu_9_200.txt ../mnist_images/img70.txt
try epsilon of  0.017499999999999998
time 12:50:56.233748
the number of processes used is 4
add affine layer to problem 0 strategy LP
time 12:50:56.250055
add relu layer to problem 1 strategy LP
time 12:50:56.399634
¦========================================================================¦
¦========================================================================¦
add affine layer to problem 2 strategy LP
time 12:50:59.684015
add relu layer to problem 3 strategy LP
time 12:50:59.722703
¦========================================================================¦
¦========================================================================¦
add affine layer to problem 4 strategy LP
time 12:51:08.961327
add relu layer to problem 5 strategy LP
time 12:51:09.001636
¦========================================================================¦
¦========================================================================¦
add affine layer to problem 6 strategy LP
time 12:51:34.731998
add relu layer to problem 7 strategy LP
time 12:51:34.771295
¦========================================================================¦
¦========================================================================¦
add affine layer to problem 8 strategy LP
time 12:52:39.485772
add relu layer to problem 9 strategy LP
time 12:52:39.524389
¦========================================================================¦
¦========================================================================¦
add affine layer to problem 10 strategy LP
time 12:54:48.428869
add relu layer to problem 11 strategy LP
time 12:54:48.466896
¦========================================================================¦
¦========================================================================¦
add affine layer to problem 12 strategy LP
time 12:58:22.518764
add relu layer to problem 13 strategy LP
time 12:58:22.556824
¦========================================================================¦
¦========================================================================¦
add affine layer to problem 14 strategy LP
time 13:04:24.218199
add relu layer to problem 15 strategy LP
time 13:04:24.256507
¦========================================================================¦
¦========================================================================¦
add affine layer to problem 16 strategy LP
time 13:14:27.030778
add relu layer to problem 17 strategy LP
time 13:14:27.033134
¦========================================================================¦
¦========================================================================¦
time 13:15:45.781311
logit 0 - label logit (7) <= 3.440963668068582
can not be verified
analysis time:  1491.492678642273  seconds
epsilon is in:
[0.005, 0.017499999999999998]
try epsilon of  0.01125
time 13:15:50.601162
the number of processes used is 4
add affine layer to problem 0 strategy LP
time 13:15:50.606198
add relu layer to problem 1 strategy LP
time 13:15:50.758602
¦========================================================================¦
¦========================================================================¦
add affine layer to problem 2 strategy LP
time 13:15:54.053422
add relu layer to problem 3 strategy LP
time 13:15:54.092663
¦========================================================================¦
¦========================================================================¦
add affine layer to problem 4 strategy LP
time 13:16:02.046967
add relu layer to problem 5 strategy LP
time 13:16:02.087920
¦========================================================================¦
¦========================================================================¦
add affine layer to problem 6 strategy LP
time 13:16:14.831159
add relu layer to problem 7 strategy LP
time 13:16:14.870902
¦========================================================================¦
¦========================================================================¦
add affine layer to problem 8 strategy LP
time 13:16:39.096673
add relu layer to problem 9 strategy LP
time 13:16:39.137532
¦========================================================================¦
¦========================================================================¦
add affine layer to problem 10 strategy LP
time 13:17:16.431083
add relu layer to problem 11 strategy LP
time 13:17:16.470105
¦========================================================================¦
¦========================================================================¦
add affine layer to problem 12 strategy LP
time 13:17:59.817240
add relu layer to problem 13 strategy LP
time 13:17:59.854349
¦========================================================================¦
¦========================================================================¦
add affine layer to problem 14 strategy LP
time 13:18:49.341306
add relu layer to problem 15 strategy LP
time 13:18:49.382448
¦========================================================================¦
¦========================================================================¦
add affine layer to problem 16 strategy LP
time 13:19:30.285169
add relu layer to problem 17 strategy LP
time 13:19:30.287619
¦========================================================================¦
¦========================================================================¦
time 13:19:34.418895
logit 0 is strictly smaller than the label logit (7)
logit 1 is strictly smaller than the label logit (7)
logit 2 is strictly smaller than the label logit (7)
logit 3 is strictly smaller than the label logit (7)
logit 4 is strictly smaller than the label logit (7)
logit 5 is strictly smaller than the label logit (7)
logit 6 is strictly smaller than the label logit (7)
logit 8 is strictly smaller than the label logit (7)
logit 9 is strictly smaller than the label logit (7)
verified
analysis time:  225.23629450798035  seconds
epsilon is in:
[0.01125, 0.017499999999999998]
try epsilon of  0.014374999999999999
time 13:19:38.706736
the number of processes used is 4
add affine layer to problem 0 strategy LP
time 13:19:38.711465
add relu layer to problem 1 strategy LP
time 13:19:38.853468
¦========================================================================¦
¦========================================================================¦
add affine layer to problem 2 strategy LP
time 13:19:42.245541
add relu layer to problem 3 strategy LP
time 13:19:42.283427
¦========================================================================¦
¦========================================================================¦
add affine layer to problem 4 strategy LP
time 13:19:51.004967
add relu layer to problem 5 strategy LP
time 13:19:51.044666
¦========================================================================¦
¦========================================================================¦
add affine layer to problem 6 strategy LP
time 13:20:10.587553
add relu layer to problem 7 strategy LP
time 13:20:10.626133
¦========================================================================¦
¦========================================================================¦
add affine layer to problem 8 strategy LP
time 13:20:52.835067
add relu layer to problem 9 strategy LP
time 13:20:52.874920
¦========================================================================¦
¦========================================================================¦
add affine layer to problem 10 strategy LP
time 13:22:06.791969
add relu layer to problem 11 strategy LP
time 13:22:06.830229
¦========================================================================¦
¦========================================================================¦
add affine layer to problem 12 strategy LP
time 13:23:42.459090
add relu layer to problem 13 strategy LP
time 13:23:42.497311
¦========================================================================¦
¦========================================================================¦
add affine layer to problem 14 strategy LP
time 13:25:46.316150
add relu layer to problem 15 strategy LP
time 13:25:46.357044
¦========================================================================¦
¦========================================================================¦
add affine layer to problem 16 strategy LP
time 13:27:30.815120
add relu layer to problem 17 strategy LP
time 13:27:30.817487
¦========================================================================¦
¦========================================================================¦
time 13:27:41.524542
logit 0 is strictly smaller than the label logit (7)
logit 1 is strictly smaller than the label logit (7)
logit 2 is strictly smaller than the label logit (7)
logit 3 is strictly smaller than the label logit (7)
logit 4 is strictly smaller than the label logit (7)
logit 5 is strictly smaller than the label logit (7)
logit 6 is strictly smaller than the label logit (7)
logit 8 is strictly smaller than the label logit (7)
logit 9 is strictly smaller than the label logit (7)
verified
analysis time:  484.4482970237732  seconds
epsilon is in:
[0.014374999999999999, 0.017499999999999998]
try epsilon of  0.0159375
time 13:27:46.053162
the number of processes used is 4
add affine layer to problem 0 strategy LP
time 13:27:46.057922
add relu layer to problem 1 strategy LP
time 13:27:46.209596
¦========================================================================¦
¦========================================================================¦
add affine layer to problem 2 strategy LP
time 13:27:49.560004
add relu layer to problem 3 strategy LP
time 13:27:49.597829
¦========================================================================¦
¦========================================================================¦
add affine layer to problem 4 strategy LP
time 13:27:58.469944
add relu layer to problem 5 strategy LP
time 13:27:58.510610
¦========================================================================¦
¦========================================================================¦
add affine layer to problem 6 strategy LP
time 13:28:20.572112
add relu layer to problem 7 strategy LP
time 13:28:20.611389
¦========================================================================¦
¦========================================================================¦
add affine layer to problem 8 strategy LP
time 13:29:11.237528
add relu layer to problem 9 strategy LP
time 13:29:11.276909
¦========================================================================¦
¦========================================================================¦
add affine layer to problem 10 strategy LP
time 13:30:43.761588
add relu layer to problem 11 strategy LP
time 13:30:43.800014
¦========================================================================¦
¦========================================================================¦
add affine layer to problem 12 strategy LP
time 13:32:53.044130
add relu layer to problem 13 strategy LP
time 13:32:53.082711
¦========================================================================¦
¦========================================================================¦
add affine layer to problem 14 strategy LP
time 13:35:53.230181
add relu layer to problem 15 strategy LP
time 13:35:53.271172
¦========================================================================¦
¦========================================================================¦
add affine layer to problem 16 strategy LP
time 13:39:14.908308
add relu layer to problem 17 strategy LP
time 13:39:14.910771
¦========================================================================¦
¦========================================================================¦
time 13:39:34.964589
logit 0 is strictly smaller than the label logit (7)
logit 1 is strictly smaller than the label logit (7)
logit 2 is strictly smaller than the label logit (7)
logit 3 is strictly smaller than the label logit (7)
logit 4 is strictly smaller than the label logit (7)
logit 5 is strictly smaller than the label logit (7)
logit 6 is strictly smaller than the label logit (7)
logit 8 is strictly smaller than the label logit (7)
logit 9 is strictly smaller than the label logit (7)
verified
analysis time:  711.4712829589844  seconds
epsilon is in:
[0.0159375, 0.017499999999999998]
try epsilon of  0.016718749999999998
time 13:39:40.424807
the number of processes used is 4
add affine layer to problem 0 strategy LP
time 13:39:40.429231
add relu layer to problem 1 strategy LP
time 13:39:40.587302
¦========================================================================¦
¦========================================================================¦
add affine layer to problem 2 strategy LP
time 13:39:43.966894
add relu layer to problem 3 strategy LP
time 13:39:44.005219
¦========================================================================¦
¦========================================================================¦
add affine layer to problem 4 strategy LP
time 13:39:53.184567
add relu layer to problem 5 strategy LP
time 13:39:53.224889
¦========================================================================¦
¦========================================================================¦
add affine layer to problem 6 strategy LP
time 13:40:17.668376
add relu layer to problem 7 strategy LP
time 13:40:17.707681
¦========================================================================¦
¦========================================================================¦
add affine layer to problem 8 strategy LP
time 13:41:14.448095
add relu layer to problem 9 strategy LP
time 13:41:14.488039
¦========================================================================¦
¦========================================================================¦
add affine layer to problem 10 strategy LP
time 13:42:59.538641
add relu layer to problem 11 strategy LP
time 13:42:59.576555
¦========================================================================¦
¦========================================================================¦
add affine layer to problem 12 strategy LP
time 13:45:47.556385
add relu layer to problem 13 strategy LP
time 13:45:47.594508
¦========================================================================¦
¦========================================================================¦
add affine layer to problem 14 strategy LP
time 13:50:09.154598
add relu layer to problem 15 strategy LP
time 13:50:09.195431
¦========================================================================¦
¦========================================================================¦
add affine layer to problem 16 strategy LP
time 13:55:25.281202
add relu layer to problem 17 strategy LP
time 13:55:25.283492
¦========================================================================¦
¦========================================================================¦
time 13:55:55.127247
logit 0 is strictly smaller than the label logit (7)
logit 1 is strictly smaller than the label logit (7)
logit 2 is strictly smaller than the label logit (7)
logit 3 is strictly smaller than the label logit (7)
logit 4 is strictly smaller than the label logit (7)
logit 5 is strictly smaller than the label logit (7)
logit 6 is strictly smaller than the label logit (7)
logit 8 is strictly smaller than the label logit (7)
logit 9 is strictly smaller than the label logit (7)
verified
analysis time:  978.9222819805145  seconds
epsilon is in:
[0.016718749999999998, 0.017499999999999998]
