../mnist_nets/mnist_relu_9_200.txt ../mnist_images/img11.txt
try epsilon of  0.017499999999999998
time 12:28:07.729063
the number of processes used is 4
add affine layer to problem 0 strategy LP
time 12:28:07.744330
add relu layer to problem 1 strategy LP
time 12:28:07.878398
¦========================================================================¦
¦========================================================================¦
add affine layer to problem 2 strategy LP
time 12:28:10.867714
add relu layer to problem 3 strategy LP
time 12:28:10.905029
¦========================================================================¦
¦========================================================================¦
add affine layer to problem 4 strategy LP
time 12:28:18.102854
add relu layer to problem 5 strategy LP
time 12:28:18.139102
¦========================================================================¦
¦========================================================================¦
add affine layer to problem 6 strategy LP
time 12:28:34.600674
add relu layer to problem 7 strategy LP
time 12:28:34.639586
¦========================================================================¦
¦========================================================================¦
add affine layer to problem 8 strategy LP
time 12:29:22.194259
add relu layer to problem 9 strategy LP
time 12:29:22.236667
¦========================================================================¦
¦========================================================================¦
add affine layer to problem 10 strategy LP
time 12:31:51.300598
add relu layer to problem 11 strategy LP
time 12:31:51.341346
¦========================================================================¦
¦========================================================================¦
add affine layer to problem 12 strategy LP
time 12:39:39.464990
add relu layer to problem 13 strategy LP
time 12:39:39.506239
¦========================================================================¦
¦========================================================================¦
add affine layer to problem 14 strategy LP
time 13:00:26.424800
add relu layer to problem 15 strategy LP
time 13:00:26.465765
¦========================================================================¦
¦========================================================================¦
add affine layer to problem 16 strategy LP
time 13:47:43.182519
add relu layer to problem 17 strategy LP
time 13:47:43.184467
¦========================================================================¦
¦========================================================================¦
time 13:49:56.293635
logit 0 - label logit (6) <= 174.37157773403044
can not be verified
analysis time:  4911.181045055389  seconds
epsilon is in:
[0.005, 0.017499999999999998]
try epsilon of  0.01125
time 13:50:01.419681
the number of processes used is 4
add affine layer to problem 0 strategy LP
time 13:50:01.423570
add relu layer to problem 1 strategy LP
time 13:50:01.549673
¦========================================================================¦
¦========================================================================¦
add affine layer to problem 2 strategy LP
time 13:50:03.806177
add relu layer to problem 3 strategy LP
time 13:50:03.839573
¦========================================================================¦
¦========================================================================¦
add affine layer to problem 4 strategy LP
time 13:50:08.127850
add relu layer to problem 5 strategy LP
time 13:50:08.161404
¦========================================================================¦
¦========================================================================¦
add affine layer to problem 6 strategy LP
time 13:50:16.116072
add relu layer to problem 7 strategy LP
time 13:50:16.150371
¦========================================================================¦
¦========================================================================¦
add affine layer to problem 8 strategy LP
time 13:50:30.759897
add relu layer to problem 9 strategy LP
time 13:50:30.793819
¦========================================================================¦
¦========================================================================¦
add affine layer to problem 10 strategy LP
time 13:51:38.711201
add relu layer to problem 11 strategy LP
time 13:51:38.744880
¦========================================================================¦
¦========================================================================¦
add affine layer to problem 12 strategy LP
time 13:52:13.846839
add relu layer to problem 13 strategy LP
time 13:52:13.879765
¦========================================================================¦
¦========================================================================¦
add affine layer to problem 14 strategy LP
time 13:53:06.226822
add relu layer to problem 15 strategy LP
time 13:53:06.259847
¦========================================================================¦
¦========================================================================¦
add affine layer to problem 16 strategy LP
time 13:54:05.459192
add relu layer to problem 17 strategy LP
time 13:54:05.461136
¦========================================================================¦
¦========================================================================¦
time 13:54:10.657689
logit 0 is strictly smaller than the label logit (6)
logit 1 is strictly smaller than the label logit (6)
logit 2 is strictly smaller than the label logit (6)
logit 3 is strictly smaller than the label logit (6)
logit 4 is strictly smaller than the label logit (6)
logit 5 is strictly smaller than the label logit (6)
logit 7 is strictly smaller than the label logit (6)
logit 8 is strictly smaller than the label logit (6)
logit 9 is strictly smaller than the label logit (6)
verified
analysis time:  250.6197760105133  seconds
epsilon is in:
[0.01125, 0.017499999999999998]
try epsilon of  0.014374999999999999
time 13:54:14.510031
the number of processes used is 4
add affine layer to problem 0 strategy LP
time 13:54:14.513847
add relu layer to problem 1 strategy LP
time 13:54:14.631584
¦========================================================================¦
¦========================================================================¦
add affine layer to problem 2 strategy LP
time 13:54:16.737072
add relu layer to problem 3 strategy LP
time 13:54:16.770077
¦========================================================================¦
¦========================================================================¦
add affine layer to problem 4 strategy LP
time 13:54:20.990617
add relu layer to problem 5 strategy LP
time 13:54:21.023765
¦========================================================================¦
¦========================================================================¦
add affine layer to problem 6 strategy LP
time 13:54:29.849557
add relu layer to problem 7 strategy LP
time 13:54:29.882451
¦========================================================================¦
¦========================================================================¦
add affine layer to problem 8 strategy LP
time 13:54:49.966570
add relu layer to problem 9 strategy LP
time 13:54:50.000548
¦========================================================================¦
¦========================================================================¦
add affine layer to problem 10 strategy LP
time 13:55:35.663628
add relu layer to problem 11 strategy LP
time 13:55:35.696728
¦========================================================================¦
¦========================================================================¦
add affine layer to problem 12 strategy LP
time 13:57:02.068676
add relu layer to problem 13 strategy LP
time 13:57:02.101607
¦========================================================================¦
¦========================================================================¦
add affine layer to problem 14 strategy LP
time 14:00:19.050683
add relu layer to problem 15 strategy LP
time 14:00:19.083517
¦========================================================================¦
¦========================================================================¦
add affine layer to problem 16 strategy LP
time 14:08:13.602862
add relu layer to problem 17 strategy LP
time 14:08:13.604790
¦========================================================================¦
¦========================================================================¦
time 14:08:56.585109
logit 0 - label logit (6) <= 13.394669767149686
can not be verified
analysis time:  883.8256556987762  seconds
epsilon is in:
[0.01125, 0.014374999999999999]
try epsilon of  0.0128125
time 14:09:00.806260
the number of processes used is 4
add affine layer to problem 0 strategy LP
time 14:09:00.810164
add relu layer to problem 1 strategy LP
time 14:09:00.927701
¦========================================================================¦
¦========================================================================¦
add affine layer to problem 2 strategy LP
time 14:09:03.038255
add relu layer to problem 3 strategy LP
time 14:09:03.071082
¦========================================================================¦
¦========================================================================¦
add affine layer to problem 4 strategy LP
time 14:09:07.165418
add relu layer to problem 5 strategy LP
time 14:09:07.199739
¦========================================================================¦
¦========================================================================¦
add affine layer to problem 6 strategy LP
time 14:09:15.148630
add relu layer to problem 7 strategy LP
time 14:09:15.181564
¦========================================================================¦
¦========================================================================¦
add affine layer to problem 8 strategy LP
time 14:09:31.468470
add relu layer to problem 9 strategy LP
time 14:09:31.501541
¦========================================================================¦
¦========================================================================¦
add affine layer to problem 10 strategy LP
time 14:10:03.013216
add relu layer to problem 11 strategy LP
time 14:10:03.052102
¦========================================================================¦
¦========================================================================¦
add affine layer to problem 12 strategy LP
time 14:10:55.755014
add relu layer to problem 13 strategy LP
time 14:10:55.788150
¦========================================================================¦
¦========================================================================¦
add affine layer to problem 14 strategy LP
time 14:12:23.067923
add relu layer to problem 15 strategy LP
time 14:12:23.100987
¦========================================================================¦
¦========================================================================¦
add affine layer to problem 16 strategy LP
time 14:14:26.496742
add relu layer to problem 17 strategy LP
time 14:14:26.498692
¦========================================================================¦
¦========================================================================¦
time 14:14:38.632916
logit 0 is strictly smaller than the label logit (6)
logit 1 is strictly smaller than the label logit (6)
logit 2 is strictly smaller than the label logit (6)
logit 3 is strictly smaller than the label logit (6)
logit 4 is strictly smaller than the label logit (6)
logit 5 is strictly smaller than the label logit (6)
logit 7 is strictly smaller than the label logit (6)
logit 8 is strictly smaller than the label logit (6)
logit 9 is strictly smaller than the label logit (6)
verified
analysis time:  340.83164048194885  seconds
epsilon is in:
[0.0128125, 0.014374999999999999]
try epsilon of  0.013593749999999998
time 14:14:44.114111
the number of processes used is 4
add affine layer to problem 0 strategy LP
time 14:14:44.117689
add relu layer to problem 1 strategy LP
time 14:14:44.235697
¦========================================================================¦
¦========================================================================¦
add affine layer to problem 2 strategy LP
time 14:14:46.340662
add relu layer to problem 3 strategy LP
time 14:14:46.373907
¦========================================================================¦
¦========================================================================¦
add affine layer to problem 4 strategy LP
time 14:14:50.583032
add relu layer to problem 5 strategy LP
time 14:14:50.616255
¦========================================================================¦
¦========================================================================¦
add affine layer to problem 6 strategy LP
time 14:14:59.162121
add relu layer to problem 7 strategy LP
time 14:14:59.194931
¦========================================================================¦
¦========================================================================¦
add affine layer to problem 8 strategy LP
time 14:15:18.278026
add relu layer to problem 9 strategy LP
time 14:15:18.312028
¦========================================================================¦
¦========================================================================¦
add affine layer to problem 10 strategy LP
time 14:15:58.191335
add relu layer to problem 11 strategy LP
time 14:15:58.224366
¦========================================================================¦
¦========================================================================¦
add affine layer to problem 12 strategy LP
time 14:17:06.640273
add relu layer to problem 13 strategy LP
time 14:17:06.673315
¦========================================================================¦
¦========================================================================¦
add affine layer to problem 14 strategy LP
time 14:19:04.211394
add relu layer to problem 15 strategy LP
time 14:19:04.244367
¦========================================================================¦
¦========================================================================¦
add affine layer to problem 16 strategy LP
time 14:22:42.619968
add relu layer to problem 17 strategy LP
time 14:22:42.621914
¦========================================================================¦
¦========================================================================¦
time 14:23:06.090220
logit 0 - label logit (6) <= 4.891010767755808
can not be verified
analysis time:  503.3612973690033  seconds
epsilon is in:
[0.0128125, 0.013593749999999998]
