../mnist_nets/mnist_relu_9_200.txt ../mnist_images/img57.txt
try epsilon of  0.017499999999999998
time 12:45:20.264686
the number of processes used is 4
add affine layer to problem 0 strategy LP
time 12:45:20.279293
add relu layer to problem 1 strategy LP
time 12:45:20.415375
¦========================================================================¦
¦========================================================================¦
add affine layer to problem 2 strategy LP
time 12:45:22.864414
add relu layer to problem 3 strategy LP
time 12:45:22.900521
¦========================================================================¦
¦========================================================================¦
add affine layer to problem 4 strategy LP
time 12:45:30.685074
add relu layer to problem 5 strategy LP
time 12:45:30.722314
¦========================================================================¦
¦========================================================================¦
add affine layer to problem 6 strategy LP
time 12:46:17.047966
add relu layer to problem 7 strategy LP
time 12:46:17.083911
¦========================================================================¦
¦========================================================================¦
add affine layer to problem 8 strategy LP
time 12:49:05.586405
add relu layer to problem 9 strategy LP
time 12:49:05.619966
¦========================================================================¦
¦========================================================================¦
add affine layer to problem 10 strategy LP
time 12:58:35.725942
add relu layer to problem 11 strategy LP
time 12:58:35.759426
¦========================================================================¦
¦========================================================================¦
add affine layer to problem 12 strategy LP
time 13:24:15.132672
add relu layer to problem 13 strategy LP
time 13:24:15.166122
¦========================================================================¦
¦========================================================================¦
add affine layer to problem 14 strategy LP
time 14:11:07.948875
add relu layer to problem 15 strategy LP
time 14:11:07.982558
¦========================================================================¦
¦========================================================================¦
add affine layer to problem 16 strategy LP
time 15:29:06.152229
add relu layer to problem 17 strategy LP
time 15:29:06.154153
¦========================================================================¦
¦========================================================================¦
time 15:34:19.232068
logit 0 - label logit (1) <= 2060.390820123386
can not be verified
analysis time:  10143.052132368088  seconds
epsilon is in:
[0.005, 0.017499999999999998]
try epsilon of  0.01125
time 15:34:25.762399
the number of processes used is 4
add affine layer to problem 0 strategy LP
time 15:34:25.765972
add relu layer to problem 1 strategy LP
time 15:34:25.885985
¦========================================================================¦
¦========================================================================¦
add affine layer to problem 2 strategy LP
time 15:34:28.039463
add relu layer to problem 3 strategy LP
time 15:34:28.073048
¦========================================================================¦
¦========================================================================¦
add affine layer to problem 4 strategy LP
time 15:34:32.710939
add relu layer to problem 5 strategy LP
time 15:34:32.744737
¦========================================================================¦
¦========================================================================¦
add affine layer to problem 6 strategy LP
time 15:34:46.268527
add relu layer to problem 7 strategy LP
time 15:34:46.302824
¦========================================================================¦
¦========================================================================¦
add affine layer to problem 8 strategy LP
time 15:35:22.477268
add relu layer to problem 9 strategy LP
time 15:35:22.510858
¦========================================================================¦
¦========================================================================¦
add affine layer to problem 10 strategy LP
time 15:36:47.713853
add relu layer to problem 11 strategy LP
time 15:36:47.747432
¦========================================================================¦
¦========================================================================¦
add affine layer to problem 12 strategy LP
time 15:40:06.829246
add relu layer to problem 13 strategy LP
time 15:40:06.862746
¦========================================================================¦
¦========================================================================¦
add affine layer to problem 14 strategy LP
time 15:49:15.102151
add relu layer to problem 15 strategy LP
time 15:49:15.135648
¦========================================================================¦
¦========================================================================¦
add affine layer to problem 16 strategy LP
time 16:10:29.018812
add relu layer to problem 17 strategy LP
time 16:10:29.020739
¦========================================================================¦
¦========================================================================¦
time 16:12:03.805532
logit 0 - label logit (1) <= 68.82180729002147
can not be verified
analysis time:  2260.029370546341  seconds
epsilon is in:
[0.005, 0.01125]
try epsilon of  0.008125
time 16:12:08.240402
the number of processes used is 4
add affine layer to problem 0 strategy LP
time 16:12:08.244377
add relu layer to problem 1 strategy LP
time 16:12:08.364150
¦========================================================================¦
¦========================================================================¦
add affine layer to problem 2 strategy LP
time 16:12:10.559657
add relu layer to problem 3 strategy LP
time 16:12:10.593274
¦========================================================================¦
¦========================================================================¦
add affine layer to problem 4 strategy LP
time 16:12:14.973102
add relu layer to problem 5 strategy LP
time 16:12:15.007050
¦========================================================================¦
¦========================================================================¦
add affine layer to problem 6 strategy LP
time 16:12:24.744915
add relu layer to problem 7 strategy LP
time 16:12:24.779084
¦========================================================================¦
¦========================================================================¦
add affine layer to problem 8 strategy LP
time 16:12:43.699889
add relu layer to problem 9 strategy LP
time 16:12:43.733422
¦========================================================================¦
¦========================================================================¦
add affine layer to problem 10 strategy LP
time 16:13:17.048037
add relu layer to problem 11 strategy LP
time 16:13:17.082031
¦========================================================================¦
¦========================================================================¦
add affine layer to problem 12 strategy LP
time 16:14:06.951051
add relu layer to problem 13 strategy LP
time 16:14:06.984589
¦========================================================================¦
¦========================================================================¦
add affine layer to problem 14 strategy LP
time 16:15:18.316639
add relu layer to problem 15 strategy LP
time 16:15:18.350394
¦========================================================================¦
¦========================================================================¦
add affine layer to problem 16 strategy LP
time 16:16:16.845825
add relu layer to problem 17 strategy LP
time 16:16:16.847789
¦========================================================================¦
¦========================================================================¦
time 16:16:22.990336
logit 0 is strictly smaller than the label logit (1)
logit 2 is strictly smaller than the label logit (1)
logit 3 is strictly smaller than the label logit (1)
logit 4 is strictly smaller than the label logit (1)
logit 5 is strictly smaller than the label logit (1)
logit 6 is strictly smaller than the label logit (1)
logit 7 is strictly smaller than the label logit (1)
logit 8 is strictly smaller than the label logit (1)
logit 9 is strictly smaller than the label logit (1)
verified
analysis time:  256.49596643447876  seconds
epsilon is in:
[0.008125, 0.01125]
try epsilon of  0.0096875
time 16:16:27.181697
the number of processes used is 4
add affine layer to problem 0 strategy LP
time 16:16:27.185787
add relu layer to problem 1 strategy LP
time 16:16:27.306583
¦========================================================================¦
¦========================================================================¦
add affine layer to problem 2 strategy LP
time 16:16:29.419006
add relu layer to problem 3 strategy LP
time 16:16:29.452500
¦========================================================================¦
¦========================================================================¦
add affine layer to problem 4 strategy LP
time 16:16:33.927845
add relu layer to problem 5 strategy LP
time 16:16:33.963099
¦========================================================================¦
¦========================================================================¦
add affine layer to problem 6 strategy LP
time 16:16:45.140619
add relu layer to problem 7 strategy LP
time 16:16:45.178622
¦========================================================================¦
¦========================================================================¦
add affine layer to problem 8 strategy LP
time 16:17:12.328010
add relu layer to problem 9 strategy LP
time 16:17:12.362395
¦========================================================================¦
¦========================================================================¦
add affine layer to problem 10 strategy LP
time 16:18:11.624956
add relu layer to problem 11 strategy LP
time 16:18:11.658723
¦========================================================================¦
¦========================================================================¦
add affine layer to problem 12 strategy LP
time 16:19:54.850255
add relu layer to problem 13 strategy LP
time 16:19:54.884535
¦========================================================================¦
¦========================================================================¦
add affine layer to problem 14 strategy LP
time 16:23:02.272142
add relu layer to problem 15 strategy LP
time 16:23:02.307250
¦========================================================================¦
¦========================================================================¦
add affine layer to problem 16 strategy LP
time 16:28:23.876252
add relu layer to problem 17 strategy LP
time 16:28:23.878224
¦========================================================================¦
¦========================================================================¦
time 16:29:10.207667
logit 0 - label logit (1) <= 4.552517175234638
can not be verified
analysis time:  764.5816793441772  seconds
epsilon is in:
[0.008125, 0.0096875]
try epsilon of  0.008906250000000001
time 16:29:14.208696
the number of processes used is 4
add affine layer to problem 0 strategy LP
time 16:29:14.212925
add relu layer to problem 1 strategy LP
time 16:29:14.333238
¦========================================================================¦
¦========================================================================¦
add affine layer to problem 2 strategy LP
time 16:29:16.520796
add relu layer to problem 3 strategy LP
time 16:29:16.554465
¦========================================================================¦
¦========================================================================¦
add affine layer to problem 4 strategy LP
time 16:29:20.989008
add relu layer to problem 5 strategy LP
time 16:29:21.023744
¦========================================================================¦
¦========================================================================¦
add affine layer to problem 6 strategy LP
time 16:29:31.604267
add relu layer to problem 7 strategy LP
time 16:29:31.637912
¦========================================================================¦
¦========================================================================¦
add affine layer to problem 8 strategy LP
time 16:29:54.290467
add relu layer to problem 9 strategy LP
time 16:29:54.324563
¦========================================================================¦
¦========================================================================¦
add affine layer to problem 10 strategy LP
time 16:30:36.828315
add relu layer to problem 11 strategy LP
time 16:30:36.862307
¦========================================================================¦
¦========================================================================¦
add affine layer to problem 12 strategy LP
time 16:31:44.636464
add relu layer to problem 13 strategy LP
time 16:31:44.670197
¦========================================================================¦
¦========================================================================¦
add affine layer to problem 14 strategy LP
time 16:33:17.851322
add relu layer to problem 15 strategy LP
time 16:33:17.886146
¦========================================================================¦
¦========================================================================¦
add affine layer to problem 16 strategy LP
time 16:34:58.486805
add relu layer to problem 17 strategy LP
time 16:34:58.488773
¦========================================================================¦
¦========================================================================¦
time 16:35:09.124647
logit 0 is strictly smaller than the label logit (1)
logit 2 is strictly smaller than the label logit (1)
logit 3 is strictly smaller than the label logit (1)
logit 4 is strictly smaller than the label logit (1)
logit 5 is strictly smaller than the label logit (1)
logit 6 is strictly smaller than the label logit (1)
logit 7 is strictly smaller than the label logit (1)
logit 8 is strictly smaller than the label logit (1)
logit 9 is strictly smaller than the label logit (1)
verified
analysis time:  357.5129463672638  seconds
epsilon is in:
[0.008906250000000001, 0.0096875]
