../mnist_nets/mnist_relu_9_200.txt ../mnist_images/img34.txt
try epsilon of  0.017499999999999998
time 18:45:42.481738
the number of processes used is 12
add affine layer to problem 0 strategy LP
time 18:45:42.496538
add relu layer to problem 1 strategy LP
time 18:45:42.576613
¦========================================================================¦
¦========================================================================¦
add affine layer to problem 2 strategy LP
time 18:45:45.085539
add relu layer to problem 3 strategy LP
time 18:45:45.107590
¦========================================================================¦
¦========================================================================¦
add affine layer to problem 4 strategy LP
time 18:45:49.618467
add relu layer to problem 5 strategy LP
time 18:45:49.641666
¦========================================================================¦
¦========================================================================¦
add affine layer to problem 6 strategy LP
time 18:45:59.385781
add relu layer to problem 7 strategy LP
time 18:45:59.408217
¦========================================================================¦
¦========================================================================¦
add affine layer to problem 8 strategy LP
time 18:46:19.222809
add relu layer to problem 9 strategy LP
time 18:46:19.244736
¦========================================================================¦
¦========================================================================¦
add affine layer to problem 10 strategy LP
time 18:46:57.226909
add relu layer to problem 11 strategy LP
time 18:46:57.249230
¦========================================================================¦
¦========================================================================¦
add affine layer to problem 12 strategy LP
time 18:48:08.304698
add relu layer to problem 13 strategy LP
time 18:48:08.326809
¦========================================================================¦
¦========================================================================¦
add affine layer to problem 14 strategy LP
time 18:50:58.703174
add relu layer to problem 15 strategy LP
time 18:50:58.724375
¦========================================================================¦
¦========================================================================¦
add affine layer to problem 16 strategy LP
time 19:01:36.596370
add relu layer to problem 17 strategy LP
time 19:01:36.597568
¦========================================================================¦
¦========================================================================¦
time 19:02:11.992698
logit 0 - label logit (7) <= 17.74341772397905
can not be verified
analysis time:  991.3053424358368  seconds
epsilon is in:
[0.005, 0.017499999999999998]
try epsilon of  0.01125
time 19:02:15.568500
the number of processes used is 12
add affine layer to problem 0 strategy LP
time 19:02:15.570830
add relu layer to problem 1 strategy LP
time 19:02:15.646896
¦========================================================================¦
¦========================================================================¦
add affine layer to problem 2 strategy LP
time 19:02:18.439263
add relu layer to problem 3 strategy LP
time 19:02:18.459965
¦========================================================================¦
¦========================================================================¦
add affine layer to problem 4 strategy LP
time 19:02:22.908061
add relu layer to problem 5 strategy LP
time 19:02:22.929621
¦========================================================================¦
¦========================================================================¦
add affine layer to problem 6 strategy LP
time 19:02:30.457379
add relu layer to problem 7 strategy LP
time 19:02:30.478093
¦========================================================================¦
¦========================================================================¦
add affine layer to problem 8 strategy LP
time 19:02:41.629911
add relu layer to problem 9 strategy LP
time 19:02:41.651633
¦========================================================================¦
¦========================================================================¦
add affine layer to problem 10 strategy LP
time 19:02:55.313908
add relu layer to problem 11 strategy LP
time 19:02:55.334866
¦========================================================================¦
¦========================================================================¦
add affine layer to problem 12 strategy LP
time 19:03:15.684253
add relu layer to problem 13 strategy LP
time 19:03:15.705027
¦========================================================================¦
¦========================================================================¦
add affine layer to problem 14 strategy LP
time 19:03:41.638048
add relu layer to problem 15 strategy LP
time 19:03:41.659727
¦========================================================================¦
¦========================================================================¦
add affine layer to problem 16 strategy LP
time 19:04:13.379416
add relu layer to problem 17 strategy LP
time 19:04:13.380665
¦========================================================================¦
¦========================================================================¦
time 19:04:17.811766
logit 0 is strictly smaller than the label logit (7)
logit 1 is strictly smaller than the label logit (7)
logit 2 is strictly smaller than the label logit (7)
logit 3 is strictly smaller than the label logit (7)
logit 4 is strictly smaller than the label logit (7)
logit 5 is strictly smaller than the label logit (7)
logit 6 is strictly smaller than the label logit (7)
logit 8 is strictly smaller than the label logit (7)
logit 9 is strictly smaller than the label logit (7)
verified
analysis time:  123.39732837677002  seconds
epsilon is in:
[0.01125, 0.017499999999999998]
try epsilon of  0.014374999999999999
time 19:04:20.761100
the number of processes used is 12
add affine layer to problem 0 strategy LP
time 19:04:20.763320
add relu layer to problem 1 strategy LP
time 19:04:20.840180
¦========================================================================¦
¦========================================================================¦
add affine layer to problem 2 strategy LP
time 19:04:23.414998
add relu layer to problem 3 strategy LP
time 19:04:23.435889
¦========================================================================¦
¦========================================================================¦
add affine layer to problem 4 strategy LP
time 19:04:28.174850
add relu layer to problem 5 strategy LP
time 19:04:28.196442
¦========================================================================¦
¦========================================================================¦
add affine layer to problem 6 strategy LP
time 19:04:36.650779
add relu layer to problem 7 strategy LP
time 19:04:36.671562
¦========================================================================¦
¦========================================================================¦
add affine layer to problem 8 strategy LP
time 19:07:36.596400
add relu layer to problem 9 strategy LP
time 19:07:36.617087
¦========================================================================¦
¦========================================================================¦
add affine layer to problem 10 strategy LP
time 19:07:59.285041
add relu layer to problem 11 strategy LP
time 19:07:59.305202
¦========================================================================¦
¦========================================================================¦
add affine layer to problem 12 strategy LP
time 19:08:34.240388
add relu layer to problem 13 strategy LP
time 19:08:34.260861
¦========================================================================¦
¦========================================================================¦
add affine layer to problem 14 strategy LP
time 19:09:28.493094
add relu layer to problem 15 strategy LP
time 19:09:28.513431
¦========================================================================¦
¦========================================================================¦
add affine layer to problem 16 strategy LP
time 19:10:35.737295
add relu layer to problem 17 strategy LP
time 19:10:35.738482
¦========================================================================¦
¦========================================================================¦
time 19:12:23.609650
logit 0 is strictly smaller than the label logit (7)
logit 1 is strictly smaller than the label logit (7)
logit 2 is strictly smaller than the label logit (7)
logit 3 is strictly smaller than the label logit (7)
logit 4 is strictly smaller than the label logit (7)
logit 5 is strictly smaller than the label logit (7)
logit 6 is strictly smaller than the label logit (7)
logit 8 is strictly smaller than the label logit (7)
logit 9 is strictly smaller than the label logit (7)
verified
analysis time:  485.3199739456177  seconds
epsilon is in:
[0.014374999999999999, 0.017499999999999998]
try epsilon of  0.0159375
time 19:12:27.770669
the number of processes used is 12
add affine layer to problem 0 strategy LP
time 19:12:27.772943
add relu layer to problem 1 strategy LP
time 19:12:27.845190
¦========================================================================¦
¦========================================================================¦
add affine layer to problem 2 strategy LP
time 19:12:30.280798
add relu layer to problem 3 strategy LP
time 19:12:30.300732
¦========================================================================¦
¦========================================================================¦
add affine layer to problem 4 strategy LP
time 19:12:34.695712
add relu layer to problem 5 strategy LP
time 19:12:34.716219
¦========================================================================¦
¦========================================================================¦
add affine layer to problem 6 strategy LP
time 19:12:43.044872
add relu layer to problem 7 strategy LP
time 19:12:43.064933
¦========================================================================¦
¦========================================================================¦
add affine layer to problem 8 strategy LP
time 19:12:58.324699
add relu layer to problem 9 strategy LP
time 19:12:58.345045
¦========================================================================¦
¦========================================================================¦
add affine layer to problem 10 strategy LP
time 19:13:25.490789
add relu layer to problem 11 strategy LP
time 19:13:25.510630
¦========================================================================¦
¦========================================================================¦
add affine layer to problem 12 strategy LP
time 19:14:08.627316
add relu layer to problem 13 strategy LP
time 19:14:08.647482
¦========================================================================¦
¦========================================================================¦
add affine layer to problem 14 strategy LP
time 19:15:27.242222
add relu layer to problem 15 strategy LP
time 19:15:27.265663
¦========================================================================¦
¦========================================================================¦
add affine layer to problem 16 strategy LP
time 19:19:22.136267
add relu layer to problem 17 strategy LP
time 19:19:22.137459
¦========================================================================¦
¦========================================================================¦
time 19:19:40.484092
logit 0 - label logit (7) <= 0.730333954521028
can not be verified
analysis time:  433.6851842403412  seconds
epsilon is in:
[0.014374999999999999, 0.0159375]
try epsilon of  0.01515625
time 19:19:43.194549
the number of processes used is 12
add affine layer to problem 0 strategy LP
time 19:19:43.197284
add relu layer to problem 1 strategy LP
time 19:19:43.293914
¦========================================================================¦
¦========================================================================¦
add affine layer to problem 2 strategy LP
time 19:19:45.734353
add relu layer to problem 3 strategy LP
time 19:19:45.754198
¦========================================================================¦
¦========================================================================¦
add affine layer to problem 4 strategy LP
time 19:19:50.360280
add relu layer to problem 5 strategy LP
time 19:19:50.387608
¦========================================================================¦
¦========================================================================¦
add affine layer to problem 6 strategy LP
time 19:19:58.530667
add relu layer to problem 7 strategy LP
time 19:19:58.550790
¦========================================================================¦
¦========================================================================¦
add affine layer to problem 8 strategy LP
time 19:20:13.274007
add relu layer to problem 9 strategy LP
time 19:20:13.294586
¦========================================================================¦
¦========================================================================¦
add affine layer to problem 10 strategy LP
time 19:20:35.514696
add relu layer to problem 11 strategy LP
time 19:20:35.534895
¦========================================================================¦
¦========================================================================¦
add affine layer to problem 12 strategy LP
time 19:22:52.992581
add relu layer to problem 13 strategy LP
time 19:22:53.013600
¦========================================================================¦
¦========================================================================¦
add affine layer to problem 14 strategy LP
time 19:23:51.541943
add relu layer to problem 15 strategy LP
time 19:23:51.561909
¦========================================================================¦
¦========================================================================¦
add affine layer to problem 16 strategy LP
time 19:25:19.928794
add relu layer to problem 17 strategy LP
time 19:25:19.929993
¦========================================================================¦
¦========================================================================¦
time 19:27:21.493899
logit 0 is strictly smaller than the label logit (7)
logit 1 is strictly smaller than the label logit (7)
logit 2 is strictly smaller than the label logit (7)
logit 3 - label logit (7) <= 0.2328585054747796
can not be verified
analysis time:  460.1638491153717  seconds
epsilon is in:
[0.014374999999999999, 0.01515625]
