../mnist_nets/mnist_relu_9_200.txt ../mnist_images/img27.txt
try epsilon of  0.017499999999999998
time 16:09:26.527976
the number of processes used is 12
add affine layer to problem 0 strategy LP
time 16:09:26.547893
add relu layer to problem 1 strategy LP
time 16:09:26.615639
¦========================================================================¦
¦========================================================================¦
add affine layer to problem 2 strategy LP
time 16:09:28.894015
add relu layer to problem 3 strategy LP
time 16:09:28.924174
¦========================================================================¦
¦========================================================================¦
add affine layer to problem 4 strategy LP
time 16:09:33.624258
add relu layer to problem 5 strategy LP
time 16:09:33.643680
¦========================================================================¦
¦========================================================================¦
add affine layer to problem 6 strategy LP
time 16:09:44.020499
add relu layer to problem 7 strategy LP
time 16:09:44.039342
¦========================================================================¦
¦========================================================================¦
add affine layer to problem 8 strategy LP
time 16:10:13.277226
add relu layer to problem 9 strategy LP
time 16:10:13.296477
¦========================================================================¦
¦========================================================================¦
add affine layer to problem 10 strategy LP
time 16:11:31.621637
add relu layer to problem 11 strategy LP
time 16:11:31.640397
¦========================================================================¦
¦========================================================================¦
add affine layer to problem 12 strategy LP
time 16:16:28.052012
add relu layer to problem 13 strategy LP
time 16:16:28.070966
¦========================================================================¦
¦========================================================================¦
add affine layer to problem 14 strategy LP
time 16:29:54.858453
add relu layer to problem 15 strategy LP
time 16:29:54.877065
¦========================================================================¦
¦========================================================================¦
add affine layer to problem 16 strategy LP
time 16:59:32.554734
add relu layer to problem 17 strategy LP
time 16:59:32.555839
¦========================================================================¦
¦========================================================================¦
time 17:02:18.700233
logit 0 - label logit (4) <= 280.8555849091872
can not be verified
analysis time:  3174.7352867126465  seconds
epsilon is in:
[0.005, 0.017499999999999998]
try epsilon of  0.01125
time 17:02:22.871824
the number of processes used is 12
add affine layer to problem 0 strategy LP
time 17:02:22.874453
add relu layer to problem 1 strategy LP
time 17:02:22.941557
¦========================================================================¦
¦========================================================================¦
add affine layer to problem 2 strategy LP
time 17:02:25.525090
add relu layer to problem 3 strategy LP
time 17:02:25.543804
¦========================================================================¦
¦========================================================================¦
add affine layer to problem 4 strategy LP
time 17:02:29.667557
add relu layer to problem 5 strategy LP
time 17:02:29.687152
¦========================================================================¦
¦========================================================================¦
add affine layer to problem 6 strategy LP
time 17:02:36.691023
add relu layer to problem 7 strategy LP
time 17:02:36.709562
¦========================================================================¦
¦========================================================================¦
add affine layer to problem 8 strategy LP
time 17:02:48.862154
add relu layer to problem 9 strategy LP
time 17:02:48.881383
¦========================================================================¦
¦========================================================================¦
add affine layer to problem 10 strategy LP
time 17:03:09.499921
add relu layer to problem 11 strategy LP
time 17:03:09.518650
¦========================================================================¦
¦========================================================================¦
add affine layer to problem 12 strategy LP
time 17:03:43.614298
add relu layer to problem 13 strategy LP
time 17:03:43.633492
¦========================================================================¦
¦========================================================================¦
add affine layer to problem 14 strategy LP
time 17:04:33.446799
add relu layer to problem 15 strategy LP
time 17:04:33.465853
¦========================================================================¦
¦========================================================================¦
add affine layer to problem 16 strategy LP
time 17:06:32.823141
add relu layer to problem 17 strategy LP
time 17:06:32.824271
¦========================================================================¦
¦========================================================================¦
time 17:06:40.854623
logit 0 is strictly smaller than the label logit (4)
logit 1 is strictly smaller than the label logit (4)
logit 2 is strictly smaller than the label logit (4)
logit 3 is strictly smaller than the label logit (4)
logit 5 is strictly smaller than the label logit (4)
logit 6 is strictly smaller than the label logit (4)
logit 7 is strictly smaller than the label logit (4)
logit 8 is strictly smaller than the label logit (4)
logit 9 is strictly smaller than the label logit (4)
verified
analysis time:  259.70156145095825  seconds
epsilon is in:
[0.01125, 0.017499999999999998]
try epsilon of  0.014374999999999999
time 17:06:44.189917
the number of processes used is 12
add affine layer to problem 0 strategy LP
time 17:06:44.192411
add relu layer to problem 1 strategy LP
time 17:06:44.260042
¦========================================================================¦
¦========================================================================¦
add affine layer to problem 2 strategy LP
time 17:06:46.592221
add relu layer to problem 3 strategy LP
time 17:06:46.610862
¦========================================================================¦
¦========================================================================¦
add affine layer to problem 4 strategy LP
time 17:06:51.237776
add relu layer to problem 5 strategy LP
time 17:06:51.257499
¦========================================================================¦
¦========================================================================¦
add affine layer to problem 6 strategy LP
time 17:06:59.541138
add relu layer to problem 7 strategy LP
time 17:06:59.559877
¦========================================================================¦
¦========================================================================¦
add affine layer to problem 8 strategy LP
time 17:07:18.873389
add relu layer to problem 9 strategy LP
time 17:07:18.892740
¦========================================================================¦
¦========================================================================¦
add affine layer to problem 10 strategy LP
time 17:08:01.236706
add relu layer to problem 11 strategy LP
time 17:08:01.255389
¦========================================================================¦
¦========================================================================¦
add affine layer to problem 12 strategy LP
time 17:09:31.034156
add relu layer to problem 13 strategy LP
time 17:09:31.053202
¦========================================================================¦
¦========================================================================¦
add affine layer to problem 14 strategy LP
time 17:14:59.473991
add relu layer to problem 15 strategy LP
time 17:14:59.493443
¦========================================================================¦
¦========================================================================¦
add affine layer to problem 16 strategy LP
time 17:24:55.145365
add relu layer to problem 17 strategy LP
time 17:24:55.146470
¦========================================================================¦
¦========================================================================¦
time 17:25:31.980535
logit 0 - label logit (4) <= 27.355046000377982
can not be verified
analysis time:  1129.8347206115723  seconds
epsilon is in:
[0.01125, 0.014374999999999999]
try epsilon of  0.0128125
time 17:25:35.630404
the number of processes used is 12
add affine layer to problem 0 strategy LP
time 17:25:35.633012
add relu layer to problem 1 strategy LP
time 17:25:35.700459
¦========================================================================¦
¦========================================================================¦
add affine layer to problem 2 strategy LP
time 17:25:38.320726
add relu layer to problem 3 strategy LP
time 17:25:38.339520
¦========================================================================¦
¦========================================================================¦
add affine layer to problem 4 strategy LP
time 17:25:42.651244
add relu layer to problem 5 strategy LP
time 17:25:42.670857
¦========================================================================¦
¦========================================================================¦
add affine layer to problem 6 strategy LP
time 17:25:50.587751
add relu layer to problem 7 strategy LP
time 17:25:50.606356
¦========================================================================¦
¦========================================================================¦
add affine layer to problem 8 strategy LP
time 17:27:30.798994
add relu layer to problem 9 strategy LP
time 17:27:30.818312
¦========================================================================¦
¦========================================================================¦
add affine layer to problem 10 strategy LP
time 17:28:00.526340
add relu layer to problem 11 strategy LP
time 17:28:00.545041
¦========================================================================¦
¦========================================================================¦
add affine layer to problem 12 strategy LP
time 17:28:55.425174
add relu layer to problem 13 strategy LP
time 17:28:55.444328
¦========================================================================¦
¦========================================================================¦
add affine layer to problem 14 strategy LP
time 17:30:20.790707
add relu layer to problem 15 strategy LP
time 17:30:20.809763
¦========================================================================¦
¦========================================================================¦
add affine layer to problem 16 strategy LP
time 17:34:08.007504
add relu layer to problem 17 strategy LP
time 17:34:08.008719
¦========================================================================¦
¦========================================================================¦
time 17:34:26.514995
logit 0 - label logit (4) <= 1.7245597786046403
can not be verified
analysis time:  531.8519477844238  seconds
epsilon is in:
[0.01125, 0.0128125]
try epsilon of  0.01203125
time 17:34:29.087105
the number of processes used is 12
add affine layer to problem 0 strategy LP
time 17:34:29.089297
add relu layer to problem 1 strategy LP
time 17:34:29.156851
¦========================================================================¦
¦========================================================================¦
add affine layer to problem 2 strategy LP
time 17:34:31.529582
add relu layer to problem 3 strategy LP
time 17:34:31.548418
¦========================================================================¦
¦========================================================================¦
add affine layer to problem 4 strategy LP
time 17:34:36.036634
add relu layer to problem 5 strategy LP
time 17:34:36.056375
¦========================================================================¦
¦========================================================================¦
add affine layer to problem 6 strategy LP
time 17:34:43.229391
add relu layer to problem 7 strategy LP
time 17:34:43.248078
¦========================================================================¦
¦========================================================================¦
add affine layer to problem 8 strategy LP
time 17:34:56.958189
add relu layer to problem 9 strategy LP
time 17:34:56.977523
¦========================================================================¦
¦========================================================================¦
add affine layer to problem 10 strategy LP
time 17:36:31.731426
add relu layer to problem 11 strategy LP
time 17:36:31.750139
¦========================================================================¦
¦========================================================================¦
add affine layer to problem 12 strategy LP
time 17:37:17.351635
add relu layer to problem 13 strategy LP
time 17:37:17.370841
¦========================================================================¦
¦========================================================================¦
add affine layer to problem 14 strategy LP
time 17:38:23.748387
add relu layer to problem 15 strategy LP
time 17:38:23.767507
¦========================================================================¦
¦========================================================================¦
add affine layer to problem 16 strategy LP
time 17:40:57.651590
add relu layer to problem 17 strategy LP
time 17:40:57.652721
¦========================================================================¦
¦========================================================================¦
time 17:41:08.712471
logit 0 is strictly smaller than the label logit (4)
logit 1 is strictly smaller than the label logit (4)
logit 2 is strictly smaller than the label logit (4)
logit 3 is strictly smaller than the label logit (4)
logit 5 is strictly smaller than the label logit (4)
logit 6 is strictly smaller than the label logit (4)
logit 7 is strictly smaller than the label logit (4)
logit 8 is strictly smaller than the label logit (4)
logit 9 is strictly smaller than the label logit (4)
verified
analysis time:  402.65476965904236  seconds
epsilon is in:
[0.01203125, 0.0128125]
