../mnist_nets/mnist_relu_9_200.txt ../mnist_images/img36.txt
try epsilon of  0.017499999999999998
time 12:28:22.238922
the number of processes used is 4
add affine layer to problem 0 strategy LP
time 12:28:22.253534
add relu layer to problem 1 strategy LP
time 12:28:22.377447
¦========================================================================¦
¦========================================================================¦
add affine layer to problem 2 strategy LP
time 12:28:25.527183
add relu layer to problem 3 strategy LP
time 12:28:25.563657
¦========================================================================¦
¦========================================================================¦
add affine layer to problem 4 strategy LP
time 12:28:33.584814
add relu layer to problem 5 strategy LP
time 12:28:33.623469
¦========================================================================¦
¦========================================================================¦
add affine layer to problem 6 strategy LP
time 12:28:58.594344
add relu layer to problem 7 strategy LP
time 12:28:58.635746
¦========================================================================¦
¦========================================================================¦
add affine layer to problem 8 strategy LP
time 12:30:30.774395
add relu layer to problem 9 strategy LP
time 12:30:30.814050
¦========================================================================¦
¦========================================================================¦
add affine layer to problem 10 strategy LP
time 12:35:21.413702
add relu layer to problem 11 strategy LP
time 12:35:21.454449
¦========================================================================¦
¦========================================================================¦
add affine layer to problem 12 strategy LP
time 12:50:37.708203
add relu layer to problem 13 strategy LP
time 12:50:37.746776
¦========================================================================¦
¦========================================================================¦
add affine layer to problem 14 strategy LP
time 13:30:33.090261
add relu layer to problem 15 strategy LP
time 13:30:33.128942
¦========================================================================¦
¦========================================================================¦
add affine layer to problem 16 strategy LP
time 14:55:04.843684
add relu layer to problem 17 strategy LP
time 14:55:04.846272
¦========================================================================¦
¦========================================================================¦
time 15:00:46.408771
logit 0 - label logit (7) <= 448.0712627235277
can not be verified
analysis time:  9148.382327318192  seconds
epsilon is in:
[0.005, 0.017499999999999998]
try epsilon of  0.01125
time 15:00:53.533715
the number of processes used is 4
add affine layer to problem 0 strategy LP
time 15:00:53.538305
add relu layer to problem 1 strategy LP
time 15:00:53.683397
¦========================================================================¦
¦========================================================================¦
add affine layer to problem 2 strategy LP
time 15:00:57.079407
add relu layer to problem 3 strategy LP
time 15:00:57.118739
¦========================================================================¦
¦========================================================================¦
add affine layer to problem 4 strategy LP
time 15:01:04.353316
add relu layer to problem 5 strategy LP
time 15:01:04.395146
¦========================================================================¦
¦========================================================================¦
add affine layer to problem 6 strategy LP
time 15:01:18.801085
add relu layer to problem 7 strategy LP
time 15:01:18.841003
¦========================================================================¦
¦========================================================================¦
add affine layer to problem 8 strategy LP
time 15:01:49.267282
add relu layer to problem 9 strategy LP
time 15:01:49.307235
¦========================================================================¦
¦========================================================================¦
add affine layer to problem 10 strategy LP
time 15:02:45.610063
add relu layer to problem 11 strategy LP
time 15:02:45.649714
¦========================================================================¦
¦========================================================================¦
add affine layer to problem 12 strategy LP
time 15:04:19.224837
add relu layer to problem 13 strategy LP
time 15:04:19.264531
¦========================================================================¦
¦========================================================================¦
add affine layer to problem 14 strategy LP
time 15:07:16.839195
add relu layer to problem 15 strategy LP
time 15:07:16.879329
¦========================================================================¦
¦========================================================================¦
add affine layer to problem 16 strategy LP
time 15:12:28.737716
add relu layer to problem 17 strategy LP
time 15:12:28.740283
¦========================================================================¦
¦========================================================================¦
time 15:13:03.100448
logit 0 is strictly smaller than the label logit (7)
logit 1 is strictly smaller than the label logit (7)
logit 2 - label logit (7) <= 1.055935610673152
can not be verified
analysis time:  731.6063361167908  seconds
epsilon is in:
[0.005, 0.01125]
try epsilon of  0.008125
time 15:13:08.059715
the number of processes used is 4
add affine layer to problem 0 strategy LP
time 15:13:08.064686
add relu layer to problem 1 strategy LP
time 15:13:08.213438
¦========================================================================¦
¦========================================================================¦
add affine layer to problem 2 strategy LP
time 15:13:11.557374
add relu layer to problem 3 strategy LP
time 15:13:11.597522
¦========================================================================¦
¦========================================================================¦
add affine layer to problem 4 strategy LP
time 15:13:18.388419
add relu layer to problem 5 strategy LP
time 15:13:18.430128
¦========================================================================¦
¦========================================================================¦
add affine layer to problem 6 strategy LP
time 15:13:29.840537
add relu layer to problem 7 strategy LP
time 15:13:29.879943
¦========================================================================¦
¦========================================================================¦
add affine layer to problem 8 strategy LP
time 15:13:48.059132
add relu layer to problem 9 strategy LP
time 15:13:48.099091
¦========================================================================¦
¦========================================================================¦
add affine layer to problem 10 strategy LP
time 15:14:17.358146
add relu layer to problem 11 strategy LP
time 15:14:17.397765
¦========================================================================¦
¦========================================================================¦
add affine layer to problem 12 strategy LP
time 15:15:00.192065
add relu layer to problem 13 strategy LP
time 15:15:00.232602
¦========================================================================¦
¦========================================================================¦
add affine layer to problem 14 strategy LP
time 15:16:01.235542
add relu layer to problem 15 strategy LP
time 15:16:01.274691
¦========================================================================¦
¦========================================================================¦
add affine layer to problem 16 strategy LP
time 15:17:10.727533
add relu layer to problem 17 strategy LP
time 15:17:10.729830
¦========================================================================¦
¦========================================================================¦
time 15:17:16.224007
logit 0 is strictly smaller than the label logit (7)
logit 1 is strictly smaller than the label logit (7)
logit 2 is strictly smaller than the label logit (7)
logit 3 is strictly smaller than the label logit (7)
logit 4 is strictly smaller than the label logit (7)
logit 5 is strictly smaller than the label logit (7)
logit 6 is strictly smaller than the label logit (7)
logit 8 is strictly smaller than the label logit (7)
logit 9 is strictly smaller than the label logit (7)
verified
analysis time:  249.83206272125244  seconds
epsilon is in:
[0.008125, 0.01125]
try epsilon of  0.0096875
time 15:17:20.791968
the number of processes used is 4
add affine layer to problem 0 strategy LP
time 15:17:20.797086
add relu layer to problem 1 strategy LP
time 15:17:20.945544
¦========================================================================¦
¦========================================================================¦
add affine layer to problem 2 strategy LP
time 15:17:24.168798
add relu layer to problem 3 strategy LP
time 15:17:24.209003
¦========================================================================¦
¦========================================================================¦
add affine layer to problem 4 strategy LP
time 15:17:31.146269
add relu layer to problem 5 strategy LP
time 15:17:31.186656
¦========================================================================¦
¦========================================================================¦
add affine layer to problem 6 strategy LP
time 15:17:43.789975
add relu layer to problem 7 strategy LP
time 15:17:43.830049
¦========================================================================¦
¦========================================================================¦
add affine layer to problem 8 strategy LP
time 15:18:08.200996
add relu layer to problem 9 strategy LP
time 15:18:08.242278
¦========================================================================¦
¦========================================================================¦
add affine layer to problem 10 strategy LP
time 15:18:52.376359
add relu layer to problem 11 strategy LP
time 15:18:52.417079
¦========================================================================¦
¦========================================================================¦
add affine layer to problem 12 strategy LP
time 15:20:06.061895
add relu layer to problem 13 strategy LP
time 15:20:06.112919
¦========================================================================¦
¦========================================================================¦
add affine layer to problem 14 strategy LP
time 15:21:59.053807
add relu layer to problem 15 strategy LP
time 15:21:59.094619
¦========================================================================¦
¦========================================================================¦
add affine layer to problem 16 strategy LP
time 15:24:26.014304
add relu layer to problem 17 strategy LP
time 15:24:26.016874
¦========================================================================¦
¦========================================================================¦
time 15:24:36.699481
logit 0 is strictly smaller than the label logit (7)
logit 1 is strictly smaller than the label logit (7)
logit 2 is strictly smaller than the label logit (7)
logit 3 is strictly smaller than the label logit (7)
logit 4 is strictly smaller than the label logit (7)
logit 5 is strictly smaller than the label logit (7)
logit 6 is strictly smaller than the label logit (7)
logit 8 is strictly smaller than the label logit (7)
logit 9 is strictly smaller than the label logit (7)
verified
analysis time:  438.11993384361267  seconds
epsilon is in:
[0.0096875, 0.01125]
try epsilon of  0.010468749999999999
time 15:24:41.842156
the number of processes used is 4
add affine layer to problem 0 strategy LP
time 15:24:41.846626
add relu layer to problem 1 strategy LP
time 15:24:41.998256
¦========================================================================¦
¦========================================================================¦
add affine layer to problem 2 strategy LP
time 15:24:45.307675
add relu layer to problem 3 strategy LP
time 15:24:45.347467
¦========================================================================¦
¦========================================================================¦
add affine layer to problem 4 strategy LP
time 15:24:52.860770
add relu layer to problem 5 strategy LP
time 15:24:52.901678
¦========================================================================¦
¦========================================================================¦
add affine layer to problem 6 strategy LP
time 15:25:06.648431
add relu layer to problem 7 strategy LP
time 15:25:06.687392
¦========================================================================¦
¦========================================================================¦
add affine layer to problem 8 strategy LP
time 15:25:33.412857
add relu layer to problem 9 strategy LP
time 15:25:33.453760
¦========================================================================¦
¦========================================================================¦
add affine layer to problem 10 strategy LP
time 15:26:22.146179
add relu layer to problem 11 strategy LP
time 15:26:22.185759
¦========================================================================¦
¦========================================================================¦
add affine layer to problem 12 strategy LP
time 15:27:43.955035
add relu layer to problem 13 strategy LP
time 15:27:43.994530
¦========================================================================¦
¦========================================================================¦
add affine layer to problem 14 strategy LP
time 15:29:56.894166
add relu layer to problem 15 strategy LP
time 15:29:56.934728
¦========================================================================¦
¦========================================================================¦
add affine layer to problem 16 strategy LP
time 15:33:05.670517
add relu layer to problem 17 strategy LP
time 15:33:05.673092
¦========================================================================¦
¦========================================================================¦
time 15:33:23.838442
logit 0 is strictly smaller than the label logit (7)
logit 1 is strictly smaller than the label logit (7)
logit 2 is strictly smaller than the label logit (7)
logit 3 is strictly smaller than the label logit (7)
logit 4 is strictly smaller than the label logit (7)
logit 5 is strictly smaller than the label logit (7)
logit 6 is strictly smaller than the label logit (7)
logit 8 is strictly smaller than the label logit (7)
logit 9 is strictly smaller than the label logit (7)
verified
analysis time:  525.7706668376923  seconds
epsilon is in:
[0.010468749999999999, 0.01125]
