../mnist_nets/mnist_relu_9_200.txt ../mnist_images/img77.txt
try epsilon of  0.017499999999999998
time 12:56:00.423861
the number of processes used is 12
add affine layer to problem 0 strategy LP
time 12:56:00.442038
add relu layer to problem 1 strategy LP
time 12:56:00.509180
¦========================================================================¦
¦========================================================================¦
add affine layer to problem 2 strategy LP
time 12:56:02.771582
add relu layer to problem 3 strategy LP
time 12:56:02.789932
¦========================================================================¦
¦========================================================================¦
add affine layer to problem 4 strategy LP
time 12:56:06.987177
add relu layer to problem 5 strategy LP
time 12:56:07.006440
¦========================================================================¦
¦========================================================================¦
add affine layer to problem 6 strategy LP
time 12:56:19.674371
add relu layer to problem 7 strategy LP
time 12:56:19.692922
¦========================================================================¦
¦========================================================================¦
add affine layer to problem 8 strategy LP
time 12:57:03.957522
add relu layer to problem 9 strategy LP
time 12:57:03.975714
¦========================================================================¦
¦========================================================================¦
add affine layer to problem 10 strategy LP
time 13:01:14.765288
add relu layer to problem 11 strategy LP
time 13:01:14.784028
¦========================================================================¦
¦========================================================================¦
add affine layer to problem 12 strategy LP
time 13:11:39.182852
add relu layer to problem 13 strategy LP
time 13:11:39.201224
¦========================================================================¦
¦========================================================================¦
add affine layer to problem 14 strategy LP
time 13:32:19.048637
add relu layer to problem 15 strategy LP
time 13:32:19.067661
¦========================================================================¦
¦========================================================================¦
add affine layer to problem 16 strategy LP
time 14:08:03.110312
add relu layer to problem 17 strategy LP
time 14:08:03.111442
¦========================================================================¦
¦========================================================================¦
time 14:09:34.909361
logit 0 - label logit (2) <= 946.4764062989263
can not be verified
analysis time:  4417.859389066696  seconds
epsilon is in:
[0.005, 0.017499999999999998]
try epsilon of  0.01125
time 14:09:39.895991
the number of processes used is 12
add affine layer to problem 0 strategy LP
time 14:09:39.898068
add relu layer to problem 1 strategy LP
time 14:09:39.965399
¦========================================================================¦
¦========================================================================¦
add affine layer to problem 2 strategy LP
time 14:09:42.404355
add relu layer to problem 3 strategy LP
time 14:09:42.422726
¦========================================================================¦
¦========================================================================¦
add affine layer to problem 4 strategy LP
time 14:09:46.424693
add relu layer to problem 5 strategy LP
time 14:09:46.443626
¦========================================================================¦
¦========================================================================¦
add affine layer to problem 6 strategy LP
time 14:09:53.938704
add relu layer to problem 7 strategy LP
time 14:09:53.957506
¦========================================================================¦
¦========================================================================¦
add affine layer to problem 8 strategy LP
time 14:10:09.481081
add relu layer to problem 9 strategy LP
time 14:10:09.499631
¦========================================================================¦
¦========================================================================¦
add affine layer to problem 10 strategy LP
time 14:10:46.307223
add relu layer to problem 11 strategy LP
time 14:10:46.326432
¦========================================================================¦
¦========================================================================¦
add affine layer to problem 12 strategy LP
time 14:13:37.463142
add relu layer to problem 13 strategy LP
time 14:13:37.481449
¦========================================================================¦
¦========================================================================¦
add affine layer to problem 14 strategy LP
time 14:19:09.855957
add relu layer to problem 15 strategy LP
time 14:19:09.874613
¦========================================================================¦
¦========================================================================¦
add affine layer to problem 16 strategy LP
time 14:34:28.397290
add relu layer to problem 17 strategy LP
time 14:34:28.398391
¦========================================================================¦
¦========================================================================¦
time 14:35:16.425372
logit 0 - label logit (2) <= 46.47585445894418
can not be verified
analysis time:  1538.7393760681152  seconds
epsilon is in:
[0.005, 0.01125]
try epsilon of  0.008125
time 14:35:20.249014
the number of processes used is 12
add affine layer to problem 0 strategy LP
time 14:35:20.251548
add relu layer to problem 1 strategy LP
time 14:35:20.318187
¦========================================================================¦
¦========================================================================¦
add affine layer to problem 2 strategy LP
time 14:35:22.756259
add relu layer to problem 3 strategy LP
time 14:35:22.774785
¦========================================================================¦
¦========================================================================¦
add affine layer to problem 4 strategy LP
time 14:35:26.578620
add relu layer to problem 5 strategy LP
time 14:35:26.598192
¦========================================================================¦
¦========================================================================¦
add affine layer to problem 6 strategy LP
time 14:35:32.767013
add relu layer to problem 7 strategy LP
time 14:35:32.785615
¦========================================================================¦
¦========================================================================¦
add affine layer to problem 8 strategy LP
time 14:35:43.262134
add relu layer to problem 9 strategy LP
time 14:35:43.280924
¦========================================================================¦
¦========================================================================¦
add affine layer to problem 10 strategy LP
time 14:35:58.996684
add relu layer to problem 11 strategy LP
time 14:35:59.015079
¦========================================================================¦
¦========================================================================¦
add affine layer to problem 12 strategy LP
time 14:36:27.342473
add relu layer to problem 13 strategy LP
time 14:36:27.361195
¦========================================================================¦
¦========================================================================¦
add affine layer to problem 14 strategy LP
time 14:37:21.697339
add relu layer to problem 15 strategy LP
time 14:37:21.715739
¦========================================================================¦
¦========================================================================¦
add affine layer to problem 16 strategy LP
time 14:40:07.246890
add relu layer to problem 17 strategy LP
time 14:40:07.248032
¦========================================================================¦
¦========================================================================¦
time 14:40:21.871751
logit 0 is strictly smaller than the label logit (2)
logit 1 - label logit (2) <= 0.1988880256005885
can not be verified
analysis time:  302.98548579216003  seconds
epsilon is in:
[0.005, 0.008125]
try epsilon of  0.006562500000000001
time 14:40:24.847823
the number of processes used is 12
add affine layer to problem 0 strategy LP
time 14:40:24.850002
add relu layer to problem 1 strategy LP
time 14:40:24.917282
¦========================================================================¦
¦========================================================================¦
add affine layer to problem 2 strategy LP
time 14:40:27.902738
add relu layer to problem 3 strategy LP
time 14:40:27.921297
¦========================================================================¦
¦========================================================================¦
add affine layer to problem 4 strategy LP
time 14:40:31.543412
add relu layer to problem 5 strategy LP
time 14:40:31.562881
¦========================================================================¦
¦========================================================================¦
add affine layer to problem 6 strategy LP
time 14:40:37.180905
add relu layer to problem 7 strategy LP
time 14:40:37.202239
¦========================================================================¦
¦========================================================================¦
add affine layer to problem 8 strategy LP
time 14:40:46.446591
add relu layer to problem 9 strategy LP
time 14:40:46.465150
¦========================================================================¦
¦========================================================================¦
add affine layer to problem 10 strategy LP
time 14:40:57.541120
add relu layer to problem 11 strategy LP
time 14:40:57.559834
¦========================================================================¦
¦========================================================================¦
add affine layer to problem 12 strategy LP
time 14:41:13.551790
add relu layer to problem 13 strategy LP
time 14:41:13.570609
¦========================================================================¦
¦========================================================================¦
add affine layer to problem 14 strategy LP
time 14:41:38.702243
add relu layer to problem 15 strategy LP
time 14:41:38.720730
¦========================================================================¦
¦========================================================================¦
add affine layer to problem 16 strategy LP
time 14:43:29.287124
add relu layer to problem 17 strategy LP
time 14:43:29.288235
¦========================================================================¦
¦========================================================================¦
time 14:43:35.350255
logit 0 is strictly smaller than the label logit (2)
logit 1 is strictly smaller than the label logit (2)
logit 3 is strictly smaller than the label logit (2)
logit 4 is strictly smaller than the label logit (2)
logit 5 is strictly smaller than the label logit (2)
logit 6 is strictly smaller than the label logit (2)
logit 7 is strictly smaller than the label logit (2)
logit 8 is strictly smaller than the label logit (2)
logit 9 is strictly smaller than the label logit (2)
verified
analysis time:  192.2255346775055  seconds
epsilon is in:
[0.006562500000000001, 0.008125]
try epsilon of  0.0073437500000000005
time 14:43:38.688375
the number of processes used is 12
add affine layer to problem 0 strategy LP
time 14:43:38.691014
add relu layer to problem 1 strategy LP
time 14:43:38.757608
¦========================================================================¦
¦========================================================================¦
add affine layer to problem 2 strategy LP
time 14:43:41.647166
add relu layer to problem 3 strategy LP
time 14:43:41.665611
¦========================================================================¦
¦========================================================================¦
add affine layer to problem 4 strategy LP
time 14:43:45.447822
add relu layer to problem 5 strategy LP
time 14:43:45.467626
¦========================================================================¦
¦========================================================================¦
add affine layer to problem 6 strategy LP
time 14:43:51.491145
add relu layer to problem 7 strategy LP
time 14:43:51.509809
¦========================================================================¦
¦========================================================================¦
add affine layer to problem 8 strategy LP
time 14:44:00.836849
add relu layer to problem 9 strategy LP
time 14:44:00.855290
¦========================================================================¦
¦========================================================================¦
add affine layer to problem 10 strategy LP
time 14:44:13.696727
add relu layer to problem 11 strategy LP
time 14:44:13.715485
¦========================================================================¦
¦========================================================================¦
add affine layer to problem 12 strategy LP
time 14:44:35.888937
add relu layer to problem 13 strategy LP
time 14:44:35.907799
¦========================================================================¦
¦========================================================================¦
add affine layer to problem 14 strategy LP
time 14:45:14.489283
add relu layer to problem 15 strategy LP
time 14:45:14.507759
¦========================================================================¦
¦========================================================================¦
add affine layer to problem 16 strategy LP
time 14:46:14.616804
add relu layer to problem 17 strategy LP
time 14:46:14.617925
¦========================================================================¦
¦========================================================================¦
time 14:46:23.721468
logit 0 is strictly smaller than the label logit (2)
logit 1 is strictly smaller than the label logit (2)
logit 3 is strictly smaller than the label logit (2)
logit 4 is strictly smaller than the label logit (2)
logit 5 is strictly smaller than the label logit (2)
logit 6 is strictly smaller than the label logit (2)
logit 7 - label logit (2) <= 0.27691569913610614
can not be verified
analysis time:  167.6210479736328  seconds
epsilon is in:
[0.006562500000000001, 0.0073437500000000005]
