../mnist_nets/mnist_relu_9_200.txt ../mnist_images/img67.txt
try epsilon of  0.017499999999999998
time 18:46:47.035114
the number of processes used is 4
add affine layer to problem 0 strategy LP
time 18:46:47.051093
add relu layer to problem 1 strategy LP
time 18:46:47.171495
¦========================================================================¦
¦========================================================================¦
add affine layer to problem 2 strategy LP
time 18:46:49.370933
add relu layer to problem 3 strategy LP
time 18:46:49.405518
¦========================================================================¦
¦========================================================================¦
add affine layer to problem 4 strategy LP
time 18:46:54.614178
add relu layer to problem 5 strategy LP
time 18:46:54.649949
¦========================================================================¦
¦========================================================================¦
add affine layer to problem 6 strategy LP
time 18:47:07.096146
add relu layer to problem 7 strategy LP
time 18:47:07.131245
¦========================================================================¦
¦========================================================================¦
add affine layer to problem 8 strategy LP
time 18:47:44.383704
add relu layer to problem 9 strategy LP
time 18:47:44.417564
¦========================================================================¦
¦========================================================================¦
add affine layer to problem 10 strategy LP
time 18:49:36.798636
add relu layer to problem 11 strategy LP
time 18:49:36.832541
¦========================================================================¦
¦========================================================================¦
add affine layer to problem 12 strategy LP
time 18:55:40.341257
add relu layer to problem 13 strategy LP
time 18:55:40.374188
¦========================================================================¦
¦========================================================================¦
add affine layer to problem 14 strategy LP
time 19:12:20.516699
add relu layer to problem 15 strategy LP
time 19:12:20.549717
¦========================================================================¦
¦========================================================================¦
add affine layer to problem 16 strategy LP
time 19:49:23.448314
add relu layer to problem 17 strategy LP
time 19:49:23.450191
¦========================================================================¦
¦========================================================================¦
time 19:51:57.372756
logit 0 - label logit (4) <= 312.1782290310382
can not be verified
analysis time:  3913.1292912960052  seconds
epsilon is in:
[0.005, 0.017499999999999998]
try epsilon of  0.01125
time 19:52:02.629169
the number of processes used is 4
add affine layer to problem 0 strategy LP
time 19:52:02.633006
add relu layer to problem 1 strategy LP
time 19:52:02.746752
¦========================================================================¦
¦========================================================================¦
add affine layer to problem 2 strategy LP
time 19:52:04.860444
add relu layer to problem 3 strategy LP
time 19:52:04.893490
¦========================================================================¦
¦========================================================================¦
add affine layer to problem 4 strategy LP
time 19:52:09.327293
add relu layer to problem 5 strategy LP
time 19:52:09.360637
¦========================================================================¦
¦========================================================================¦
add affine layer to problem 6 strategy LP
time 19:52:17.511356
add relu layer to problem 7 strategy LP
time 19:52:17.544540
¦========================================================================¦
¦========================================================================¦
add affine layer to problem 8 strategy LP
time 19:52:35.982544
add relu layer to problem 9 strategy LP
time 19:52:36.046235
¦========================================================================¦
¦========================================================================¦
add affine layer to problem 10 strategy LP
time 19:53:11.577599
add relu layer to problem 11 strategy LP
time 19:53:11.610774
¦========================================================================¦
¦========================================================================¦
add affine layer to problem 12 strategy LP
time 19:54:12.015438
add relu layer to problem 13 strategy LP
time 19:54:12.048129
¦========================================================================¦
¦========================================================================¦
add affine layer to problem 14 strategy LP
time 19:55:47.704155
add relu layer to problem 15 strategy LP
time 19:55:47.736798
¦========================================================================¦
¦========================================================================¦
add affine layer to problem 16 strategy LP
time 19:58:38.587650
add relu layer to problem 17 strategy LP
time 19:58:38.589550
¦========================================================================¦
¦========================================================================¦
time 19:58:58.581921
logit 0 is strictly smaller than the label logit (4)
logit 1 is strictly smaller than the label logit (4)
logit 2 is strictly smaller than the label logit (4)
logit 3 is strictly smaller than the label logit (4)
logit 5 is strictly smaller than the label logit (4)
logit 6 is strictly smaller than the label logit (4)
logit 7 is strictly smaller than the label logit (4)
logit 8 is strictly smaller than the label logit (4)
logit 9 is strictly smaller than the label logit (4)
verified
analysis time:  419.7254447937012  seconds
epsilon is in:
[0.01125, 0.017499999999999998]
try epsilon of  0.014374999999999999
time 19:59:04.816470
the number of processes used is 4
add affine layer to problem 0 strategy LP
time 19:59:04.819985
add relu layer to problem 1 strategy LP
time 19:59:04.933271
¦========================================================================¦
¦========================================================================¦
add affine layer to problem 2 strategy LP
time 19:59:07.056499
add relu layer to problem 3 strategy LP
time 19:59:07.089648
¦========================================================================¦
¦========================================================================¦
add affine layer to problem 4 strategy LP
time 19:59:11.583692
add relu layer to problem 5 strategy LP
time 19:59:11.617089
¦========================================================================¦
¦========================================================================¦
add affine layer to problem 6 strategy LP
time 19:59:20.662350
add relu layer to problem 7 strategy LP
time 19:59:20.725524
¦========================================================================¦
¦========================================================================¦
add affine layer to problem 8 strategy LP
time 19:59:45.127536
add relu layer to problem 9 strategy LP
time 19:59:45.160684
¦========================================================================¦
¦========================================================================¦
add affine layer to problem 10 strategy LP
time 20:00:54.132412
add relu layer to problem 11 strategy LP
time 20:00:54.165548
¦========================================================================¦
¦========================================================================¦
add affine layer to problem 12 strategy LP
time 20:03:46.978433
add relu layer to problem 13 strategy LP
time 20:03:47.011120
¦========================================================================¦
¦========================================================================¦
add affine layer to problem 14 strategy LP
time 20:13:03.713777
add relu layer to problem 15 strategy LP
time 20:13:03.746337
¦========================================================================¦
¦========================================================================¦
add affine layer to problem 16 strategy LP
time 20:32:55.347532
add relu layer to problem 17 strategy LP
time 20:32:55.349426
¦========================================================================¦
¦========================================================================¦
time 20:34:25.980284
logit 0 - label logit (4) <= 64.13350333459331
can not be verified
analysis time:  2123.3702988624573  seconds
epsilon is in:
[0.01125, 0.014374999999999999]
try epsilon of  0.0128125
time 20:34:30.664757
the number of processes used is 4
add affine layer to problem 0 strategy LP
time 20:34:30.668607
add relu layer to problem 1 strategy LP
time 20:34:30.782225
¦========================================================================¦
¦========================================================================¦
add affine layer to problem 2 strategy LP
time 20:34:32.925508
add relu layer to problem 3 strategy LP
time 20:34:32.958589
¦========================================================================¦
¦========================================================================¦
add affine layer to problem 4 strategy LP
time 20:34:37.408126
add relu layer to problem 5 strategy LP
time 20:34:37.441620
¦========================================================================¦
¦========================================================================¦
add affine layer to problem 6 strategy LP
time 20:34:46.233902
add relu layer to problem 7 strategy LP
time 20:34:46.267070
¦========================================================================¦
¦========================================================================¦
add affine layer to problem 8 strategy LP
time 20:35:06.965100
add relu layer to problem 9 strategy LP
time 20:35:06.997916
¦========================================================================¦
¦========================================================================¦
add affine layer to problem 10 strategy LP
time 20:35:53.348277
add relu layer to problem 11 strategy LP
time 20:35:53.381408
¦========================================================================¦
¦========================================================================¦
add affine layer to problem 12 strategy LP
time 20:37:28.196576
add relu layer to problem 13 strategy LP
time 20:37:28.229400
¦========================================================================¦
¦========================================================================¦
add affine layer to problem 14 strategy LP
time 20:41:06.319994
add relu layer to problem 15 strategy LP
time 20:41:06.352738
¦========================================================================¦
¦========================================================================¦
add affine layer to problem 16 strategy LP
time 20:50:32.857258
add relu layer to problem 17 strategy LP
time 20:50:32.859209
¦========================================================================¦
¦========================================================================¦
time 20:51:23.311720
logit 0 - label logit (4) <= 17.278950002610234
can not be verified
analysis time:  1014.6697750091553  seconds
epsilon is in:
[0.01125, 0.0128125]
try epsilon of  0.01203125
time 20:51:27.799628
the number of processes used is 4
add affine layer to problem 0 strategy LP
time 20:51:27.803333
add relu layer to problem 1 strategy LP
time 20:51:27.916849
¦========================================================================¦
¦========================================================================¦
add affine layer to problem 2 strategy LP
time 20:51:30.034732
add relu layer to problem 3 strategy LP
time 20:51:30.067719
¦========================================================================¦
¦========================================================================¦
add affine layer to problem 4 strategy LP
time 20:51:34.498286
add relu layer to problem 5 strategy LP
time 20:51:34.531767
¦========================================================================¦
¦========================================================================¦
add affine layer to problem 6 strategy LP
time 20:51:42.817663
add relu layer to problem 7 strategy LP
time 20:51:42.850615
¦========================================================================¦
¦========================================================================¦
add affine layer to problem 8 strategy LP
time 20:52:01.670742
add relu layer to problem 9 strategy LP
time 20:52:01.703609
¦========================================================================¦
¦========================================================================¦
add affine layer to problem 10 strategy LP
time 20:52:41.075515
add relu layer to problem 11 strategy LP
time 20:52:41.108679
¦========================================================================¦
¦========================================================================¦
add affine layer to problem 12 strategy LP
time 20:54:00.603700
add relu layer to problem 13 strategy LP
time 20:54:00.636624
¦========================================================================¦
¦========================================================================¦
add affine layer to problem 14 strategy LP
time 20:56:19.099966
add relu layer to problem 15 strategy LP
time 20:56:19.132697
¦========================================================================¦
¦========================================================================¦
add affine layer to problem 16 strategy LP
time 21:01:07.117206
add relu layer to problem 17 strategy LP
time 21:01:07.119139
¦========================================================================¦
¦========================================================================¦
time 21:01:38.451712
logit 0 - label logit (4) <= 6.819005038667013
can not be verified
analysis time:  611.9463129043579  seconds
epsilon is in:
[0.01125, 0.01203125]
