../mnist_nets/mnist_relu_9_200.txt ../mnist_images/img78.txt
try epsilon of  0.017499999999999998
time 12:56:03.956003
the number of processes used is 4
add affine layer to problem 0 strategy LP
time 12:56:03.972899
add relu layer to problem 1 strategy LP
time 12:56:04.138867
¦========================================================================¦
¦========================================================================¦
add affine layer to problem 2 strategy LP
time 12:56:07.290410
add relu layer to problem 3 strategy LP
time 12:56:07.331948
¦========================================================================¦
¦========================================================================¦
add affine layer to problem 4 strategy LP
time 12:56:14.809522
add relu layer to problem 5 strategy LP
time 12:56:14.851702
¦========================================================================¦
¦========================================================================¦
add affine layer to problem 6 strategy LP
time 12:56:33.737174
add relu layer to problem 7 strategy LP
time 12:56:33.778871
¦========================================================================¦
¦========================================================================¦
add affine layer to problem 8 strategy LP
time 12:57:34.564283
add relu layer to problem 9 strategy LP
time 12:57:34.605046
¦========================================================================¦
¦========================================================================¦
add affine layer to problem 10 strategy LP
time 13:01:44.442000
add relu layer to problem 11 strategy LP
time 13:01:44.482717
¦========================================================================¦
¦========================================================================¦
add affine layer to problem 12 strategy LP
time 13:16:34.157025
add relu layer to problem 13 strategy LP
time 13:16:34.197053
¦========================================================================¦
¦========================================================================¦
add affine layer to problem 14 strategy LP
time 13:56:19.283825
add relu layer to problem 15 strategy LP
time 13:56:19.322898
¦========================================================================¦
¦========================================================================¦
add affine layer to problem 16 strategy LP
time 14:38:08.166503
add relu layer to problem 17 strategy LP
time 14:38:08.168508
¦========================================================================¦
¦========================================================================¦
time 14:40:18.762951
logit 0 - label logit (9) <= 374.5205442674769
can not be verified
analysis time:  6257.931217908859  seconds
epsilon is in:
[0.005, 0.017499999999999998]
try epsilon of  0.01125
time 14:40:24.366577
the number of processes used is 4
add affine layer to problem 0 strategy LP
time 14:40:24.370208
add relu layer to problem 1 strategy LP
time 14:40:24.493890
¦========================================================================¦
¦========================================================================¦
add affine layer to problem 2 strategy LP
time 14:40:26.638648
add relu layer to problem 3 strategy LP
time 14:40:26.672990
¦========================================================================¦
¦========================================================================¦
add affine layer to problem 4 strategy LP
time 14:40:30.682297
add relu layer to problem 5 strategy LP
time 14:40:30.717978
¦========================================================================¦
¦========================================================================¦
add affine layer to problem 6 strategy LP
time 14:40:38.737104
add relu layer to problem 7 strategy LP
time 14:40:38.771623
¦========================================================================¦
¦========================================================================¦
add affine layer to problem 8 strategy LP
time 14:40:53.517719
add relu layer to problem 9 strategy LP
time 14:40:53.552187
¦========================================================================¦
¦========================================================================¦
add affine layer to problem 10 strategy LP
time 14:41:25.196139
add relu layer to problem 11 strategy LP
time 14:41:25.230548
¦========================================================================¦
¦========================================================================¦
add affine layer to problem 12 strategy LP
time 14:42:23.089869
add relu layer to problem 13 strategy LP
time 14:42:23.124473
¦========================================================================¦
¦========================================================================¦
add affine layer to problem 14 strategy LP
time 14:44:03.053786
add relu layer to problem 15 strategy LP
time 14:44:03.088307
¦========================================================================¦
¦========================================================================¦
add affine layer to problem 16 strategy LP
time 14:46:50.259697
add relu layer to problem 17 strategy LP
time 14:46:50.261688
¦========================================================================¦
¦========================================================================¦
time 14:47:05.696154
logit 0 is strictly smaller than the label logit (9)
logit 1 is strictly smaller than the label logit (9)
logit 2 is strictly smaller than the label logit (9)
logit 3 is strictly smaller than the label logit (9)
logit 4 - label logit (9) <= 0.6261190112463639
can not be verified
analysis time:  403.6919844150543  seconds
epsilon is in:
[0.005, 0.01125]
try epsilon of  0.008125
time 14:47:10.535654
the number of processes used is 4
add affine layer to problem 0 strategy LP
time 14:47:10.539719
add relu layer to problem 1 strategy LP
time 14:47:10.663055
¦========================================================================¦
¦========================================================================¦
add affine layer to problem 2 strategy LP
time 14:47:12.942014
add relu layer to problem 3 strategy LP
time 14:47:12.976488
¦========================================================================¦
¦========================================================================¦
add affine layer to problem 4 strategy LP
time 14:47:16.817645
add relu layer to problem 5 strategy LP
time 14:47:16.853269
¦========================================================================¦
¦========================================================================¦
add affine layer to problem 6 strategy LP
time 14:47:23.508984
add relu layer to problem 7 strategy LP
time 14:47:23.543414
¦========================================================================¦
¦========================================================================¦
add affine layer to problem 8 strategy LP
time 14:47:32.947977
add relu layer to problem 9 strategy LP
time 14:47:32.982434
¦========================================================================¦
¦========================================================================¦
add affine layer to problem 10 strategy LP
time 14:47:47.221672
add relu layer to problem 11 strategy LP
time 14:47:47.256104
¦========================================================================¦
¦========================================================================¦
add affine layer to problem 12 strategy LP
time 14:48:08.441797
add relu layer to problem 13 strategy LP
time 14:48:08.476296
¦========================================================================¦
¦========================================================================¦
add affine layer to problem 14 strategy LP
time 14:48:34.888585
add relu layer to problem 15 strategy LP
time 14:48:34.923053
¦========================================================================¦
¦========================================================================¦
add affine layer to problem 16 strategy LP
time 14:49:09.903437
add relu layer to problem 17 strategy LP
time 14:49:09.905457
¦========================================================================¦
¦========================================================================¦
time 14:49:12.844808
logit 0 is strictly smaller than the label logit (9)
logit 1 is strictly smaller than the label logit (9)
logit 2 is strictly smaller than the label logit (9)
logit 3 is strictly smaller than the label logit (9)
logit 4 is strictly smaller than the label logit (9)
logit 5 is strictly smaller than the label logit (9)
logit 6 is strictly smaller than the label logit (9)
logit 7 is strictly smaller than the label logit (9)
logit 8 is strictly smaller than the label logit (9)
verified
analysis time:  123.32837510108948  seconds
epsilon is in:
[0.008125, 0.01125]
try epsilon of  0.0096875
time 14:49:16.341275
the number of processes used is 4
add affine layer to problem 0 strategy LP
time 14:49:16.345412
add relu layer to problem 1 strategy LP
time 14:49:16.468687
¦========================================================================¦
¦========================================================================¦
add affine layer to problem 2 strategy LP
time 14:49:18.740821
add relu layer to problem 3 strategy LP
time 14:49:18.775236
¦========================================================================¦
¦========================================================================¦
add affine layer to problem 4 strategy LP
time 14:49:22.659174
add relu layer to problem 5 strategy LP
time 14:49:22.694849
¦========================================================================¦
¦========================================================================¦
add affine layer to problem 6 strategy LP
time 14:49:29.770443
add relu layer to problem 7 strategy LP
time 14:49:29.804871
¦========================================================================¦
¦========================================================================¦
add affine layer to problem 8 strategy LP
time 14:49:40.788667
add relu layer to problem 9 strategy LP
time 14:49:40.823142
¦========================================================================¦
¦========================================================================¦
add affine layer to problem 10 strategy LP
time 14:49:59.256472
add relu layer to problem 11 strategy LP
time 14:49:59.291039
¦========================================================================¦
¦========================================================================¦
add affine layer to problem 12 strategy LP
time 14:50:28.841886
add relu layer to problem 13 strategy LP
time 14:50:28.880945
¦========================================================================¦
¦========================================================================¦
add affine layer to problem 14 strategy LP
time 14:51:10.740411
add relu layer to problem 15 strategy LP
time 14:51:10.774972
¦========================================================================¦
¦========================================================================¦
add affine layer to problem 16 strategy LP
time 14:52:11.496213
add relu layer to problem 17 strategy LP
time 14:52:11.498227
¦========================================================================¦
¦========================================================================¦
time 14:52:16.242972
logit 0 is strictly smaller than the label logit (9)
logit 1 is strictly smaller than the label logit (9)
logit 2 is strictly smaller than the label logit (9)
logit 3 is strictly smaller than the label logit (9)
logit 4 is strictly smaller than the label logit (9)
logit 5 is strictly smaller than the label logit (9)
logit 6 is strictly smaller than the label logit (9)
logit 7 is strictly smaller than the label logit (9)
logit 8 is strictly smaller than the label logit (9)
verified
analysis time:  181.3319399356842  seconds
epsilon is in:
[0.0096875, 0.01125]
try epsilon of  0.010468749999999999
time 14:52:20.151863
the number of processes used is 4
add affine layer to problem 0 strategy LP
time 14:52:20.156057
add relu layer to problem 1 strategy LP
time 14:52:20.279382
¦========================================================================¦
¦========================================================================¦
add affine layer to problem 2 strategy LP
time 14:52:22.712783
add relu layer to problem 3 strategy LP
time 14:52:22.779891
¦========================================================================¦
¦========================================================================¦
add affine layer to problem 4 strategy LP
time 14:52:26.662948
add relu layer to problem 5 strategy LP
time 14:52:26.698635
¦========================================================================¦
¦========================================================================¦
add affine layer to problem 6 strategy LP
time 14:52:34.028372
add relu layer to problem 7 strategy LP
time 14:52:34.062958
¦========================================================================¦
¦========================================================================¦
add affine layer to problem 8 strategy LP
time 14:52:46.030146
add relu layer to problem 9 strategy LP
time 14:52:46.064702
¦========================================================================¦
¦========================================================================¦
add affine layer to problem 10 strategy LP
time 14:53:08.033102
add relu layer to problem 11 strategy LP
time 14:53:08.067851
¦========================================================================¦
¦========================================================================¦
add affine layer to problem 12 strategy LP
time 14:53:46.522282
add relu layer to problem 13 strategy LP
time 14:53:46.557133
¦========================================================================¦
¦========================================================================¦
add affine layer to problem 14 strategy LP
time 14:54:48.776313
add relu layer to problem 15 strategy LP
time 14:54:48.810979
¦========================================================================¦
¦========================================================================¦
add affine layer to problem 16 strategy LP
time 14:56:15.733142
add relu layer to problem 17 strategy LP
time 14:56:15.735167
¦========================================================================¦
¦========================================================================¦
time 14:56:23.195296
logit 0 is strictly smaller than the label logit (9)
logit 1 is strictly smaller than the label logit (9)
logit 2 is strictly smaller than the label logit (9)
logit 3 is strictly smaller than the label logit (9)
logit 4 is strictly smaller than the label logit (9)
logit 5 is strictly smaller than the label logit (9)
logit 6 is strictly smaller than the label logit (9)
logit 7 is strictly smaller than the label logit (9)
logit 8 is strictly smaller than the label logit (9)
verified
analysis time:  245.08011054992676  seconds
epsilon is in:
[0.010468749999999999, 0.01125]
