../mnist_nets/mnist_relu_9_200.txt ../mnist_images/img80.txt
try epsilon of  0.017499999999999998
time 12:57:37.605041
the number of processes used is 4
add affine layer to problem 0 strategy LP
time 12:57:37.621468
add relu layer to problem 1 strategy LP
time 12:57:37.786052
¦========================================================================¦
¦========================================================================¦
add affine layer to problem 2 strategy LP
time 12:57:40.856862
add relu layer to problem 3 strategy LP
time 12:57:40.898447
¦========================================================================¦
¦========================================================================¦
add affine layer to problem 4 strategy LP
time 12:57:48.565198
add relu layer to problem 5 strategy LP
time 12:57:48.609645
¦========================================================================¦
¦========================================================================¦
add affine layer to problem 6 strategy LP
time 12:58:06.447517
add relu layer to problem 7 strategy LP
time 12:58:06.490532
¦========================================================================¦
¦========================================================================¦
add affine layer to problem 8 strategy LP
time 12:59:00.474142
add relu layer to problem 9 strategy LP
time 12:59:00.516014
¦========================================================================¦
¦========================================================================¦
add affine layer to problem 10 strategy LP
time 13:01:17.736655
add relu layer to problem 11 strategy LP
time 13:01:17.778750
¦========================================================================¦
¦========================================================================¦
add affine layer to problem 12 strategy LP
time 13:08:28.933529
add relu layer to problem 13 strategy LP
time 13:08:28.973851
¦========================================================================¦
¦========================================================================¦
add affine layer to problem 14 strategy LP
time 13:29:38.954391
add relu layer to problem 15 strategy LP
time 13:29:38.995407
¦========================================================================¦
¦========================================================================¦
add affine layer to problem 16 strategy LP
time 14:25:40.609018
add relu layer to problem 17 strategy LP
time 14:25:40.611710
¦========================================================================¦
¦========================================================================¦
time 14:29:29.664920
logit 0 - label logit (7) <= 171.02000118863907
can not be verified
analysis time:  5515.998599767685  seconds
epsilon is in:
[0.005, 0.017499999999999998]
try epsilon of  0.01125
time 14:29:36.471053
the number of processes used is 4
add affine layer to problem 0 strategy LP
time 14:29:36.475921
add relu layer to problem 1 strategy LP
time 14:29:36.639569
¦========================================================================¦
¦========================================================================¦
add affine layer to problem 2 strategy LP
time 14:29:39.936280
add relu layer to problem 3 strategy LP
time 14:29:39.978690
¦========================================================================¦
¦========================================================================¦
add affine layer to problem 4 strategy LP
time 14:29:47.249334
add relu layer to problem 5 strategy LP
time 14:29:47.293186
¦========================================================================¦
¦========================================================================¦
add affine layer to problem 6 strategy LP
time 14:30:00.408622
add relu layer to problem 7 strategy LP
time 14:30:00.451292
¦========================================================================¦
¦========================================================================¦
add affine layer to problem 8 strategy LP
time 14:30:25.542415
add relu layer to problem 9 strategy LP
time 14:30:25.585808
¦========================================================================¦
¦========================================================================¦
add affine layer to problem 10 strategy LP
time 14:31:08.534025
add relu layer to problem 11 strategy LP
time 14:31:08.576677
¦========================================================================¦
¦========================================================================¦
add affine layer to problem 12 strategy LP
time 14:32:17.204204
add relu layer to problem 13 strategy LP
time 14:32:17.245684
¦========================================================================¦
¦========================================================================¦
add affine layer to problem 14 strategy LP
time 14:34:22.622870
add relu layer to problem 15 strategy LP
time 14:34:22.665064
¦========================================================================¦
¦========================================================================¦
add affine layer to problem 16 strategy LP
time 14:38:32.931642
add relu layer to problem 17 strategy LP
time 14:38:32.934242
¦========================================================================¦
¦========================================================================¦
time 14:38:55.150642
logit 0 is strictly smaller than the label logit (7)
logit 1 is strictly smaller than the label logit (7)
logit 2 is strictly smaller than the label logit (7)
logit 3 - label logit (7) <= 0.9854343290327083
can not be verified
analysis time:  560.8702623844147  seconds
epsilon is in:
[0.005, 0.01125]
try epsilon of  0.008125
time 14:39:00.197020
the number of processes used is 4
add affine layer to problem 0 strategy LP
time 14:39:00.201878
add relu layer to problem 1 strategy LP
time 14:39:00.365587
¦========================================================================¦
¦========================================================================¦
add affine layer to problem 2 strategy LP
time 14:39:03.710190
add relu layer to problem 3 strategy LP
time 14:39:03.752145
¦========================================================================¦
¦========================================================================¦
add affine layer to problem 4 strategy LP
time 14:39:10.387738
add relu layer to problem 5 strategy LP
time 14:39:10.431267
¦========================================================================¦
¦========================================================================¦
add affine layer to problem 6 strategy LP
time 14:39:20.992475
add relu layer to problem 7 strategy LP
time 14:39:21.034560
¦========================================================================¦
¦========================================================================¦
add affine layer to problem 8 strategy LP
time 14:39:36.711112
add relu layer to problem 9 strategy LP
time 14:39:36.751905
¦========================================================================¦
¦========================================================================¦
add affine layer to problem 10 strategy LP
time 14:39:59.783308
add relu layer to problem 11 strategy LP
time 14:39:59.823931
¦========================================================================¦
¦========================================================================¦
add affine layer to problem 12 strategy LP
time 14:40:34.487126
add relu layer to problem 13 strategy LP
time 14:40:34.528562
¦========================================================================¦
¦========================================================================¦
add affine layer to problem 14 strategy LP
time 14:41:28.474257
add relu layer to problem 15 strategy LP
time 14:41:28.515857
¦========================================================================¦
¦========================================================================¦
add affine layer to problem 16 strategy LP
time 14:42:55.010734
add relu layer to problem 17 strategy LP
time 14:42:55.013385
¦========================================================================¦
¦========================================================================¦
time 14:43:00.730730
logit 0 is strictly smaller than the label logit (7)
logit 1 is strictly smaller than the label logit (7)
logit 2 is strictly smaller than the label logit (7)
logit 3 is strictly smaller than the label logit (7)
logit 4 is strictly smaller than the label logit (7)
logit 5 is strictly smaller than the label logit (7)
logit 6 is strictly smaller than the label logit (7)
logit 8 is strictly smaller than the label logit (7)
logit 9 - label logit (7) <= 2.8237721341669175
can not be verified
analysis time:  242.36077618598938  seconds
epsilon is in:
[0.005, 0.008125]
try epsilon of  0.006562500000000001
time 14:43:05.414902
the number of processes used is 4
add affine layer to problem 0 strategy LP
time 14:43:05.419767
add relu layer to problem 1 strategy LP
time 14:43:05.585602
¦========================================================================¦
¦========================================================================¦
add affine layer to problem 2 strategy LP
time 14:43:08.784407
add relu layer to problem 3 strategy LP
time 14:43:08.825948
¦========================================================================¦
¦========================================================================¦
add affine layer to problem 4 strategy LP
time 14:43:14.975004
add relu layer to problem 5 strategy LP
time 14:43:15.018934
¦========================================================================¦
¦========================================================================¦
add affine layer to problem 6 strategy LP
time 14:43:24.112603
add relu layer to problem 7 strategy LP
time 14:43:24.154933
¦========================================================================¦
¦========================================================================¦
add affine layer to problem 8 strategy LP
time 14:43:37.168882
add relu layer to problem 9 strategy LP
time 14:43:37.210628
¦========================================================================¦
¦========================================================================¦
add affine layer to problem 10 strategy LP
time 14:43:55.001274
add relu layer to problem 11 strategy LP
time 14:43:55.042951
¦========================================================================¦
¦========================================================================¦
add affine layer to problem 12 strategy LP
time 14:44:20.750220
add relu layer to problem 13 strategy LP
time 14:44:20.792847
¦========================================================================¦
¦========================================================================¦
add affine layer to problem 14 strategy LP
time 14:44:56.932094
add relu layer to problem 15 strategy LP
time 14:44:56.974035
¦========================================================================¦
¦========================================================================¦
add affine layer to problem 16 strategy LP
time 14:45:53.987286
add relu layer to problem 17 strategy LP
time 14:45:53.989963
¦========================================================================¦
¦========================================================================¦
time 14:45:58.791459
logit 0 is strictly smaller than the label logit (7)
logit 1 is strictly smaller than the label logit (7)
logit 2 is strictly smaller than the label logit (7)
logit 3 is strictly smaller than the label logit (7)
logit 4 is strictly smaller than the label logit (7)
logit 5 is strictly smaller than the label logit (7)
logit 6 is strictly smaller than the label logit (7)
logit 8 is strictly smaller than the label logit (7)
logit 9 - label logit (7) <= 2.1051551656688217
can not be verified
analysis time:  174.90815663337708  seconds
epsilon is in:
[0.005, 0.006562500000000001]
try epsilon of  0.00578125
time 14:46:03.193481
the number of processes used is 4
add affine layer to problem 0 strategy LP
time 14:46:03.198562
add relu layer to problem 1 strategy LP
time 14:46:03.364683
¦========================================================================¦
¦========================================================================¦
add affine layer to problem 2 strategy LP
time 14:46:06.561230
add relu layer to problem 3 strategy LP
time 14:46:06.603712
¦========================================================================¦
¦========================================================================¦
add affine layer to problem 4 strategy LP
time 14:46:12.568053
add relu layer to problem 5 strategy LP
time 14:46:12.611691
¦========================================================================¦
¦========================================================================¦
add affine layer to problem 6 strategy LP
time 14:46:21.546467
add relu layer to problem 7 strategy LP
time 14:46:21.590630
¦========================================================================¦
¦========================================================================¦
add affine layer to problem 8 strategy LP
time 14:46:33.943660
add relu layer to problem 9 strategy LP
time 14:46:33.986273
¦========================================================================¦
¦========================================================================¦
add affine layer to problem 10 strategy LP
time 14:46:50.685350
add relu layer to problem 11 strategy LP
time 14:46:50.727650
¦========================================================================¦
¦========================================================================¦
add affine layer to problem 12 strategy LP
time 14:47:11.848852
add relu layer to problem 13 strategy LP
time 14:47:11.891114
¦========================================================================¦
¦========================================================================¦
add affine layer to problem 14 strategy LP
time 14:47:43.678859
add relu layer to problem 15 strategy LP
time 14:47:43.721219
¦========================================================================¦
¦========================================================================¦
add affine layer to problem 16 strategy LP
time 14:48:31.739562
add relu layer to problem 17 strategy LP
time 14:48:31.742302
¦========================================================================¦
¦========================================================================¦
time 14:48:35.214785
logit 0 is strictly smaller than the label logit (7)
logit 1 is strictly smaller than the label logit (7)
logit 2 is strictly smaller than the label logit (7)
logit 3 is strictly smaller than the label logit (7)
logit 4 is strictly smaller than the label logit (7)
logit 5 is strictly smaller than the label logit (7)
logit 6 is strictly smaller than the label logit (7)
logit 8 is strictly smaller than the label logit (7)
logit 9 - label logit (7) <= 1.8088170919625473
can not be verified
analysis time:  153.52190709114075  seconds
epsilon is in:
[0.005, 0.00578125]
