../mnist_nets/mnist_relu_9_200.txt ../mnist_images/img43.txt
try epsilon of  0.017499999999999998
time 18:45:42.698803
the number of processes used is 12
add affine layer to problem 0 strategy LP
time 18:45:42.715240
add relu layer to problem 1 strategy LP
time 18:45:42.790610
¦========================================================================¦
¦========================================================================¦
add affine layer to problem 2 strategy LP
time 18:45:44.531581
add relu layer to problem 3 strategy LP
time 18:45:44.552376
¦========================================================================¦
¦========================================================================¦
add affine layer to problem 4 strategy LP
time 18:45:49.275025
add relu layer to problem 5 strategy LP
time 18:45:49.296538
¦========================================================================¦
¦========================================================================¦
add affine layer to problem 6 strategy LP
time 18:46:06.809382
add relu layer to problem 7 strategy LP
time 18:46:06.831366
¦========================================================================¦
¦========================================================================¦
add affine layer to problem 8 strategy LP
time 18:47:15.676925
add relu layer to problem 9 strategy LP
time 18:47:15.698178
¦========================================================================¦
¦========================================================================¦
add affine layer to problem 10 strategy LP
time 18:54:06.688437
add relu layer to problem 11 strategy LP
time 18:54:06.709604
¦========================================================================¦
¦========================================================================¦
add affine layer to problem 12 strategy LP
time 19:13:18.118893
add relu layer to problem 13 strategy LP
time 19:13:18.138495
¦========================================================================¦
¦========================================================================¦
add affine layer to problem 14 strategy LP
time 19:40:57.944943
add relu layer to problem 15 strategy LP
time 19:40:57.965096
¦========================================================================¦
¦========================================================================¦
add affine layer to problem 16 strategy LP
time 20:26:11.903940
add relu layer to problem 17 strategy LP
time 20:26:11.905079
¦========================================================================¦
¦========================================================================¦
time 20:27:58.002992
logit 0 - label logit (2) <= 1181.4635502652093
can not be verified
analysis time:  6139.109203577042  seconds
epsilon is in:
[0.005, 0.017499999999999998]
try epsilon of  0.01125
time 20:28:03.418352
the number of processes used is 12
add affine layer to problem 0 strategy LP
time 20:28:03.420484
add relu layer to problem 1 strategy LP
time 20:28:03.491567
¦========================================================================¦
¦========================================================================¦
add affine layer to problem 2 strategy LP
time 20:28:05.534603
add relu layer to problem 3 strategy LP
time 20:28:05.554507
¦========================================================================¦
¦========================================================================¦
add affine layer to problem 4 strategy LP
time 20:28:09.792296
add relu layer to problem 5 strategy LP
time 20:28:09.812277
¦========================================================================¦
¦========================================================================¦
add affine layer to problem 6 strategy LP
time 20:28:19.912795
add relu layer to problem 7 strategy LP
time 20:28:19.932613
¦========================================================================¦
¦========================================================================¦
add affine layer to problem 8 strategy LP
time 20:28:43.529507
add relu layer to problem 9 strategy LP
time 20:28:43.549136
¦========================================================================¦
¦========================================================================¦
add affine layer to problem 10 strategy LP
time 20:30:31.496587
add relu layer to problem 11 strategy LP
time 20:30:31.516117
¦========================================================================¦
¦========================================================================¦
add affine layer to problem 12 strategy LP
time 20:32:08.319383
add relu layer to problem 13 strategy LP
time 20:32:08.338901
¦========================================================================¦
¦========================================================================¦
add affine layer to problem 14 strategy LP
time 20:37:09.229968
add relu layer to problem 15 strategy LP
time 20:37:09.249497
¦========================================================================¦
¦========================================================================¦
add affine layer to problem 16 strategy LP
time 20:50:25.150092
add relu layer to problem 17 strategy LP
time 20:50:25.151238
¦========================================================================¦
¦========================================================================¦
time 20:51:14.264245
logit 0 - label logit (2) <= 19.211737191297864
can not be verified
analysis time:  1392.7095022201538  seconds
epsilon is in:
[0.005, 0.01125]
try epsilon of  0.008125
time 20:51:17.738409
the number of processes used is 12
add affine layer to problem 0 strategy LP
time 20:51:17.740815
add relu layer to problem 1 strategy LP
time 20:51:17.812862
¦========================================================================¦
¦========================================================================¦
add affine layer to problem 2 strategy LP
time 20:51:19.909544
add relu layer to problem 3 strategy LP
time 20:51:19.929508
¦========================================================================¦
¦========================================================================¦
add affine layer to problem 4 strategy LP
time 20:51:24.317215
add relu layer to problem 5 strategy LP
time 20:51:24.349284
¦========================================================================¦
¦========================================================================¦
add affine layer to problem 6 strategy LP
time 20:51:31.843079
add relu layer to problem 7 strategy LP
time 20:51:31.862732
¦========================================================================¦
¦========================================================================¦
add affine layer to problem 8 strategy LP
time 20:51:44.096693
add relu layer to problem 9 strategy LP
time 20:51:44.116129
¦========================================================================¦
¦========================================================================¦
add affine layer to problem 10 strategy LP
time 20:52:03.648811
add relu layer to problem 11 strategy LP
time 20:52:03.668196
¦========================================================================¦
¦========================================================================¦
add affine layer to problem 12 strategy LP
time 20:52:31.569237
add relu layer to problem 13 strategy LP
time 20:52:31.588917
¦========================================================================¦
¦========================================================================¦
add affine layer to problem 14 strategy LP
time 20:53:10.047002
add relu layer to problem 15 strategy LP
time 20:53:10.066660
¦========================================================================¦
¦========================================================================¦
add affine layer to problem 16 strategy LP
time 20:54:58.969696
add relu layer to problem 17 strategy LP
time 20:54:58.970853
¦========================================================================¦
¦========================================================================¦
time 20:55:04.437640
logit 0 is strictly smaller than the label logit (2)
logit 1 is strictly smaller than the label logit (2)
logit 3 is strictly smaller than the label logit (2)
logit 4 is strictly smaller than the label logit (2)
logit 5 is strictly smaller than the label logit (2)
logit 6 is strictly smaller than the label logit (2)
logit 7 is strictly smaller than the label logit (2)
logit 8 is strictly smaller than the label logit (2)
logit 9 is strictly smaller than the label logit (2)
verified
analysis time:  228.10056161880493  seconds
epsilon is in:
[0.008125, 0.01125]
try epsilon of  0.0096875
time 20:55:07.483845
the number of processes used is 12
add affine layer to problem 0 strategy LP
time 20:55:07.486290
add relu layer to problem 1 strategy LP
time 20:55:07.556955
¦========================================================================¦
¦========================================================================¦
add affine layer to problem 2 strategy LP
time 20:55:09.712452
add relu layer to problem 3 strategy LP
time 20:55:09.731995
¦========================================================================¦
¦========================================================================¦
add affine layer to problem 4 strategy LP
time 20:55:14.064996
add relu layer to problem 5 strategy LP
time 20:55:14.085110
¦========================================================================¦
¦========================================================================¦
add affine layer to problem 6 strategy LP
time 20:55:23.026865
add relu layer to problem 7 strategy LP
time 20:55:23.046400
¦========================================================================¦
¦========================================================================¦
add affine layer to problem 8 strategy LP
time 20:55:41.494919
add relu layer to problem 9 strategy LP
time 20:55:41.514542
¦========================================================================¦
¦========================================================================¦
add affine layer to problem 10 strategy LP
time 20:56:13.126825
add relu layer to problem 11 strategy LP
time 20:56:13.146351
¦========================================================================¦
¦========================================================================¦
add affine layer to problem 12 strategy LP
time 20:57:02.673949
add relu layer to problem 13 strategy LP
time 20:57:02.693517
¦========================================================================¦
¦========================================================================¦
add affine layer to problem 14 strategy LP
time 20:59:23.966467
add relu layer to problem 15 strategy LP
time 20:59:23.986147
¦========================================================================¦
¦========================================================================¦
add affine layer to problem 16 strategy LP
time 21:01:05.699760
add relu layer to problem 17 strategy LP
time 21:01:05.700933
¦========================================================================¦
¦========================================================================¦
time 21:01:18.440406
logit 0 is strictly smaller than the label logit (2)
logit 1 is strictly smaller than the label logit (2)
logit 3 is strictly smaller than the label logit (2)
logit 4 is strictly smaller than the label logit (2)
logit 5 is strictly smaller than the label logit (2)
logit 6 is strictly smaller than the label logit (2)
logit 7 is strictly smaller than the label logit (2)
logit 8 is strictly smaller than the label logit (2)
logit 9 is strictly smaller than the label logit (2)
verified
analysis time:  374.6317708492279  seconds
epsilon is in:
[0.0096875, 0.01125]
try epsilon of  0.010468749999999999
time 21:01:23.720833
the number of processes used is 12
add affine layer to problem 0 strategy LP
time 21:01:23.722962
add relu layer to problem 1 strategy LP
time 21:01:23.794042
¦========================================================================¦
¦========================================================================¦
add affine layer to problem 2 strategy LP
time 21:01:25.933207
add relu layer to problem 3 strategy LP
time 21:01:25.953579
¦========================================================================¦
¦========================================================================¦
add affine layer to problem 4 strategy LP
time 21:01:30.193276
add relu layer to problem 5 strategy LP
time 21:01:30.213146
¦========================================================================¦
¦========================================================================¦
add affine layer to problem 6 strategy LP
time 21:01:39.508115
add relu layer to problem 7 strategy LP
time 21:01:39.527988
¦========================================================================¦
¦========================================================================¦
add affine layer to problem 8 strategy LP
time 21:01:59.216674
add relu layer to problem 9 strategy LP
time 21:01:59.236308
¦========================================================================¦
¦========================================================================¦
add affine layer to problem 10 strategy LP
time 21:03:55.673963
add relu layer to problem 11 strategy LP
time 21:03:55.693737
¦========================================================================¦
¦========================================================================¦
add affine layer to problem 12 strategy LP
time 21:04:59.616811
add relu layer to problem 13 strategy LP
time 21:04:59.636517
¦========================================================================¦
¦========================================================================¦
add affine layer to problem 14 strategy LP
time 21:07:39.512243
add relu layer to problem 15 strategy LP
time 21:07:39.531766
¦========================================================================¦
¦========================================================================¦
add affine layer to problem 16 strategy LP
time 21:12:00.959088
add relu layer to problem 17 strategy LP
time 21:12:00.960292
¦========================================================================¦
¦========================================================================¦
time 21:12:26.000032
logit 0 - label logit (2) <= 3.7285018870043203
can not be verified
analysis time:  663.8942985534668  seconds
epsilon is in:
[0.0096875, 0.010468749999999999]
