../mnist_nets/mnist_relu_9_200.txt ../mnist_images/img1.txt
try epsilon of  0.017499999999999998
time 12:28:08.869397
the number of processes used is 4
add affine layer to problem 0 strategy LP
time 12:28:08.881693
add relu layer to problem 1 strategy LP
time 12:28:09.003864
¦========================================================================¦
¦========================================================================¦
add affine layer to problem 2 strategy LP
time 12:28:12.068808
add relu layer to problem 3 strategy LP
time 12:28:12.101664
¦========================================================================¦
¦========================================================================¦
add affine layer to problem 4 strategy LP
time 12:28:19.273873
add relu layer to problem 5 strategy LP
time 12:28:19.308783
¦========================================================================¦
¦========================================================================¦
add affine layer to problem 6 strategy LP
time 12:28:31.350753
add relu layer to problem 7 strategy LP
time 12:28:31.385569
¦========================================================================¦
¦========================================================================¦
add affine layer to problem 8 strategy LP
time 12:28:59.603206
add relu layer to problem 9 strategy LP
time 12:28:59.638103
¦========================================================================¦
¦========================================================================¦
add affine layer to problem 10 strategy LP
time 12:30:05.735004
add relu layer to problem 11 strategy LP
time 12:30:05.769923
¦========================================================================¦
¦========================================================================¦
add affine layer to problem 12 strategy LP
time 12:32:22.704408
add relu layer to problem 13 strategy LP
time 12:32:22.739296
¦========================================================================¦
¦========================================================================¦
add affine layer to problem 14 strategy LP
time 12:37:14.177129
add relu layer to problem 15 strategy LP
time 12:37:14.212818
¦========================================================================¦
¦========================================================================¦
add affine layer to problem 16 strategy LP
time 12:50:51.921541
add relu layer to problem 17 strategy LP
time 12:50:51.923916
¦========================================================================¦
¦========================================================================¦
time 12:51:53.827971
logit 0 - label logit (2) <= 10.024565203908665
can not be verified
analysis time:  1427.2150645256042  seconds
epsilon is in:
[0.005, 0.017499999999999998]
try epsilon of  0.01125
time 12:51:58.975336
the number of processes used is 4
add affine layer to problem 0 strategy LP
time 12:51:58.980228
add relu layer to problem 1 strategy LP
time 12:51:59.114395
¦========================================================================¦
¦========================================================================¦
add affine layer to problem 2 strategy LP
time 12:52:02.295701
add relu layer to problem 3 strategy LP
time 12:52:02.330724
¦========================================================================¦
¦========================================================================¦
add affine layer to problem 4 strategy LP
time 12:52:08.218135
add relu layer to problem 5 strategy LP
time 12:52:08.254062
¦========================================================================¦
¦========================================================================¦
add affine layer to problem 6 strategy LP
time 12:52:16.995766
add relu layer to problem 7 strategy LP
time 12:52:17.029488
¦========================================================================¦
¦========================================================================¦
add affine layer to problem 8 strategy LP
time 12:52:30.592288
add relu layer to problem 9 strategy LP
time 12:52:30.627458
¦========================================================================¦
¦========================================================================¦
add affine layer to problem 10 strategy LP
time 12:52:52.477804
add relu layer to problem 11 strategy LP
time 12:52:52.512912
¦========================================================================¦
¦========================================================================¦
add affine layer to problem 12 strategy LP
time 12:53:24.731032
add relu layer to problem 13 strategy LP
time 12:53:24.766308
¦========================================================================¦
¦========================================================================¦
add affine layer to problem 14 strategy LP
time 12:54:09.204489
add relu layer to problem 15 strategy LP
time 12:54:09.241593
¦========================================================================¦
¦========================================================================¦
add affine layer to problem 16 strategy LP
time 12:55:15.028929
add relu layer to problem 17 strategy LP
time 12:55:15.031299
¦========================================================================¦
¦========================================================================¦
time 12:55:20.504484
logit 0 is strictly smaller than the label logit (2)
logit 1 is strictly smaller than the label logit (2)
logit 3 is strictly smaller than the label logit (2)
logit 4 is strictly smaller than the label logit (2)
logit 5 is strictly smaller than the label logit (2)
logit 6 is strictly smaller than the label logit (2)
logit 7 is strictly smaller than the label logit (2)
logit 8 is strictly smaller than the label logit (2)
logit 9 is strictly smaller than the label logit (2)
verified
analysis time:  203.03253841400146  seconds
epsilon is in:
[0.01125, 0.017499999999999998]
try epsilon of  0.014374999999999999
time 12:55:24.937457
the number of processes used is 4
add affine layer to problem 0 strategy LP
time 12:55:24.942234
add relu layer to problem 1 strategy LP
time 12:55:25.074855
¦========================================================================¦
¦========================================================================¦
add affine layer to problem 2 strategy LP
time 12:55:28.312223
add relu layer to problem 3 strategy LP
time 12:55:28.346773
¦========================================================================¦
¦========================================================================¦
add affine layer to problem 4 strategy LP
time 12:55:34.799754
add relu layer to problem 5 strategy LP
time 12:55:34.835399
¦========================================================================¦
¦========================================================================¦
add affine layer to problem 6 strategy LP
time 12:55:45.601259
add relu layer to problem 7 strategy LP
time 12:55:45.635644
¦========================================================================¦
¦========================================================================¦
add affine layer to problem 8 strategy LP
time 12:56:04.989334
add relu layer to problem 9 strategy LP
time 12:56:05.024600
¦========================================================================¦
¦========================================================================¦
add affine layer to problem 10 strategy LP
time 12:56:39.962150
add relu layer to problem 11 strategy LP
time 12:56:39.996011
¦========================================================================¦
¦========================================================================¦
add affine layer to problem 12 strategy LP
time 12:57:42.202291
add relu layer to problem 13 strategy LP
time 12:57:42.236722
¦========================================================================¦
¦========================================================================¦
add affine layer to problem 14 strategy LP
time 12:59:28.396244
add relu layer to problem 15 strategy LP
time 12:59:28.433504
¦========================================================================¦
¦========================================================================¦
add affine layer to problem 16 strategy LP
time 13:02:17.826517
add relu layer to problem 17 strategy LP
time 13:02:17.828893
¦========================================================================¦
¦========================================================================¦
time 13:02:29.891505
logit 0 is strictly smaller than the label logit (2)
logit 1 is strictly smaller than the label logit (2)
logit 3 is strictly smaller than the label logit (2)
logit 4 is strictly smaller than the label logit (2)
logit 5 is strictly smaller than the label logit (2)
logit 6 is strictly smaller than the label logit (2)
logit 7 is strictly smaller than the label logit (2)
logit 8 is strictly smaller than the label logit (2)
logit 9 is strictly smaller than the label logit (2)
verified
analysis time:  427.83162665367126  seconds
epsilon is in:
[0.014374999999999999, 0.017499999999999998]
try epsilon of  0.0159375
time 13:02:35.738252
the number of processes used is 4
add affine layer to problem 0 strategy LP
time 13:02:35.742959
add relu layer to problem 1 strategy LP
time 13:02:35.875483
¦========================================================================¦
¦========================================================================¦
add affine layer to problem 2 strategy LP
time 13:02:39.222507
add relu layer to problem 3 strategy LP
time 13:02:39.257019
¦========================================================================¦
¦========================================================================¦
add affine layer to problem 4 strategy LP
time 13:02:46.250337
add relu layer to problem 5 strategy LP
time 13:02:46.286315
¦========================================================================¦
¦========================================================================¦
add affine layer to problem 6 strategy LP
time 13:02:58.369537
add relu layer to problem 7 strategy LP
time 13:02:58.404036
¦========================================================================¦
¦========================================================================¦
add affine layer to problem 8 strategy LP
time 13:03:22.971407
add relu layer to problem 9 strategy LP
time 13:03:23.006805
¦========================================================================¦
¦========================================================================¦
add affine layer to problem 10 strategy LP
time 13:04:13.055346
add relu layer to problem 11 strategy LP
time 13:04:13.089704
¦========================================================================¦
¦========================================================================¦
add affine layer to problem 12 strategy LP
time 13:05:45.155059
add relu layer to problem 13 strategy LP
time 13:05:45.191330
¦========================================================================¦
¦========================================================================¦
add affine layer to problem 14 strategy LP
time 13:08:46.515185
add relu layer to problem 15 strategy LP
time 13:08:46.549912
¦========================================================================¦
¦========================================================================¦
add affine layer to problem 16 strategy LP
time 13:13:46.030259
add relu layer to problem 17 strategy LP
time 13:13:46.032321
¦========================================================================¦
¦========================================================================¦
time 13:14:19.885963
logit 0 is strictly smaller than the label logit (2)
logit 1 - label logit (2) <= 0.7188138827475647
can not be verified
analysis time:  705.8483238220215  seconds
epsilon is in:
[0.014374999999999999, 0.0159375]
try epsilon of  0.01515625
time 13:14:24.507597
the number of processes used is 4
add affine layer to problem 0 strategy LP
time 13:14:24.512991
add relu layer to problem 1 strategy LP
time 13:14:24.656363
¦========================================================================¦
¦========================================================================¦
add affine layer to problem 2 strategy LP
time 13:14:27.845894
add relu layer to problem 3 strategy LP
time 13:14:27.881672
¦========================================================================¦
¦========================================================================¦
add affine layer to problem 4 strategy LP
time 13:14:34.381589
add relu layer to problem 5 strategy LP
time 13:14:34.417315
¦========================================================================¦
¦========================================================================¦
add affine layer to problem 6 strategy LP
time 13:14:45.464602
add relu layer to problem 7 strategy LP
time 13:14:45.500143
¦========================================================================¦
¦========================================================================¦
add affine layer to problem 8 strategy LP
time 13:15:05.733422
add relu layer to problem 9 strategy LP
time 13:15:05.769955
¦========================================================================¦
¦========================================================================¦
add affine layer to problem 10 strategy LP
time 13:15:44.379691
add relu layer to problem 11 strategy LP
time 13:15:44.414582
¦========================================================================¦
¦========================================================================¦
add affine layer to problem 12 strategy LP
time 13:16:55.707316
add relu layer to problem 13 strategy LP
time 13:16:55.748400
¦========================================================================¦
¦========================================================================¦
add affine layer to problem 14 strategy LP
time 13:19:09.474674
add relu layer to problem 15 strategy LP
time 13:19:09.509115
¦========================================================================¦
¦========================================================================¦
add affine layer to problem 16 strategy LP
time 13:22:37.449853
add relu layer to problem 17 strategy LP
time 13:22:37.452111
¦========================================================================¦
¦========================================================================¦
time 13:22:59.482078
logit 0 is strictly smaller than the label logit (2)
logit 1 is strictly smaller than the label logit (2)
logit 3 - label logit (2) <= 0.022766285706311784
can not be verified
analysis time:  516.6281399726868  seconds
epsilon is in:
[0.014374999999999999, 0.01515625]
