../mnist_nets/mnist_relu_9_200.txt ../mnist_images/img88.txt
try epsilon of  0.017499999999999998
time 18:46:45.901917
the number of processes used is 4
add affine layer to problem 0 strategy LP
time 18:46:45.918666
add relu layer to problem 1 strategy LP
time 18:46:46.040187
¦========================================================================¦
¦========================================================================¦
add affine layer to problem 2 strategy LP
time 18:46:48.305951
add relu layer to problem 3 strategy LP
time 18:46:48.340665
¦========================================================================¦
¦========================================================================¦
add affine layer to problem 4 strategy LP
time 18:46:53.473820
add relu layer to problem 5 strategy LP
time 18:46:53.509166
¦========================================================================¦
¦========================================================================¦
add affine layer to problem 6 strategy LP
time 18:47:04.823326
add relu layer to problem 7 strategy LP
time 18:47:04.858117
¦========================================================================¦
¦========================================================================¦
add affine layer to problem 8 strategy LP
time 18:47:29.861400
add relu layer to problem 9 strategy LP
time 18:47:29.896038
¦========================================================================¦
¦========================================================================¦
add affine layer to problem 10 strategy LP
time 18:48:18.000857
add relu layer to problem 11 strategy LP
time 18:48:18.035450
¦========================================================================¦
¦========================================================================¦
add affine layer to problem 12 strategy LP
time 18:49:24.387852
add relu layer to problem 13 strategy LP
time 18:49:24.421468
¦========================================================================¦
¦========================================================================¦
add affine layer to problem 14 strategy LP
time 18:51:03.447988
add relu layer to problem 15 strategy LP
time 18:51:03.481722
¦========================================================================¦
¦========================================================================¦
add affine layer to problem 16 strategy LP
time 18:54:30.599191
add relu layer to problem 17 strategy LP
time 18:54:30.601182
¦========================================================================¦
¦========================================================================¦
time 18:54:41.169383
logit 0 is strictly smaller than the label logit (6)
logit 1 is strictly smaller than the label logit (6)
logit 2 is strictly smaller than the label logit (6)
logit 3 is strictly smaller than the label logit (6)
logit 4 is strictly smaller than the label logit (6)
logit 5 is strictly smaller than the label logit (6)
logit 7 is strictly smaller than the label logit (6)
logit 8 is strictly smaller than the label logit (6)
logit 9 is strictly smaller than the label logit (6)
verified
analysis time:  477.8598487377167  seconds
epsilon is in:
[0.017499999999999998, 0.03]
try epsilon of  0.02375
time 18:54:46.297600
the number of processes used is 4
add affine layer to problem 0 strategy LP
time 18:54:46.301424
add relu layer to problem 1 strategy LP
time 18:54:46.420001
¦========================================================================¦
¦========================================================================¦
add affine layer to problem 2 strategy LP
time 18:54:48.631094
add relu layer to problem 3 strategy LP
time 18:54:48.664986
¦========================================================================¦
¦========================================================================¦
add affine layer to problem 4 strategy LP
time 18:54:53.920528
add relu layer to problem 5 strategy LP
time 18:54:53.955066
¦========================================================================¦
¦========================================================================¦
add affine layer to problem 6 strategy LP
time 18:55:11.462807
add relu layer to problem 7 strategy LP
time 18:55:11.496357
¦========================================================================¦
¦========================================================================¦
add affine layer to problem 8 strategy LP
time 18:56:03.653194
add relu layer to problem 9 strategy LP
time 18:56:03.687007
¦========================================================================¦
¦========================================================================¦
add affine layer to problem 10 strategy LP
time 18:58:15.809852
add relu layer to problem 11 strategy LP
time 18:58:15.842767
¦========================================================================¦
¦========================================================================¦
add affine layer to problem 12 strategy LP
time 19:04:42.866289
add relu layer to problem 13 strategy LP
time 19:04:42.899083
¦========================================================================¦
¦========================================================================¦
add affine layer to problem 14 strategy LP
time 19:21:43.074284
add relu layer to problem 15 strategy LP
time 19:21:43.106929
¦========================================================================¦
¦========================================================================¦
add affine layer to problem 16 strategy LP
time 20:01:03.424335
add relu layer to problem 17 strategy LP
time 20:01:03.426207
¦========================================================================¦
¦========================================================================¦
time 20:03:26.339245
logit 0 - label logit (6) <= 342.91258025015856
can not be verified
analysis time:  4122.914178133011  seconds
epsilon is in:
[0.017499999999999998, 0.02375]
try epsilon of  0.020624999999999998
time 20:03:31.647227
the number of processes used is 4
add affine layer to problem 0 strategy LP
time 20:03:31.651214
add relu layer to problem 1 strategy LP
time 20:03:31.765927
¦========================================================================¦
¦========================================================================¦
add affine layer to problem 2 strategy LP
time 20:03:33.900433
add relu layer to problem 3 strategy LP
time 20:03:33.933106
¦========================================================================¦
¦========================================================================¦
add affine layer to problem 4 strategy LP
time 20:03:38.614708
add relu layer to problem 5 strategy LP
time 20:03:38.648158
¦========================================================================¦
¦========================================================================¦
add affine layer to problem 6 strategy LP
time 20:03:51.002053
add relu layer to problem 7 strategy LP
time 20:03:51.034533
¦========================================================================¦
¦========================================================================¦
add affine layer to problem 8 strategy LP
time 20:04:23.676355
add relu layer to problem 9 strategy LP
time 20:04:23.708990
¦========================================================================¦
¦========================================================================¦
add affine layer to problem 10 strategy LP
time 20:05:31.942768
add relu layer to problem 11 strategy LP
time 20:05:31.975808
¦========================================================================¦
¦========================================================================¦
add affine layer to problem 12 strategy LP
time 20:07:50.106782
add relu layer to problem 13 strategy LP
time 20:07:50.139398
¦========================================================================¦
¦========================================================================¦
add affine layer to problem 14 strategy LP
time 20:13:07.992854
add relu layer to problem 15 strategy LP
time 20:13:08.025520
¦========================================================================¦
¦========================================================================¦
add affine layer to problem 16 strategy LP
time 20:27:45.006755
add relu layer to problem 17 strategy LP
time 20:27:45.008872
¦========================================================================¦
¦========================================================================¦
time 20:28:54.894973
logit 0 - label logit (6) <= 40.8757185541653
can not be verified
analysis time:  1525.1904962062836  seconds
epsilon is in:
[0.017499999999999998, 0.020624999999999998]
try epsilon of  0.019062499999999996
time 20:28:59.278319
the number of processes used is 4
add affine layer to problem 0 strategy LP
time 20:28:59.282184
add relu layer to problem 1 strategy LP
time 20:28:59.396367
¦========================================================================¦
¦========================================================================¦
add affine layer to problem 2 strategy LP
time 20:29:01.501638
add relu layer to problem 3 strategy LP
time 20:29:01.534464
¦========================================================================¦
¦========================================================================¦
add affine layer to problem 4 strategy LP
time 20:29:06.228371
add relu layer to problem 5 strategy LP
time 20:29:06.261749
¦========================================================================¦
¦========================================================================¦
add affine layer to problem 6 strategy LP
time 20:29:17.343166
add relu layer to problem 7 strategy LP
time 20:29:17.375705
¦========================================================================¦
¦========================================================================¦
add affine layer to problem 8 strategy LP
time 20:29:42.874524
add relu layer to problem 9 strategy LP
time 20:29:42.911665
¦========================================================================¦
¦========================================================================¦
add affine layer to problem 10 strategy LP
time 20:30:37.096157
add relu layer to problem 11 strategy LP
time 20:30:37.128736
¦========================================================================¦
¦========================================================================¦
add affine layer to problem 12 strategy LP
time 20:31:57.515358
add relu layer to problem 13 strategy LP
time 20:31:57.547836
¦========================================================================¦
¦========================================================================¦
add affine layer to problem 14 strategy LP
time 20:34:12.203129
add relu layer to problem 15 strategy LP
time 20:34:12.235780
¦========================================================================¦
¦========================================================================¦
add affine layer to problem 16 strategy LP
time 20:38:41.209118
add relu layer to problem 17 strategy LP
time 20:38:41.211010
¦========================================================================¦
¦========================================================================¦
time 20:39:12.538505
logit 0 - label logit (6) <= 8.200944138398127
can not be verified
analysis time:  614.823540687561  seconds
epsilon is in:
[0.017499999999999998, 0.019062499999999996]
try epsilon of  0.01828125
time 20:39:16.538655
the number of processes used is 4
add affine layer to problem 0 strategy LP
time 20:39:16.543104
add relu layer to problem 1 strategy LP
time 20:39:16.657130
¦========================================================================¦
¦========================================================================¦
add affine layer to problem 2 strategy LP
time 20:39:18.892797
add relu layer to problem 3 strategy LP
time 20:39:18.955921
¦========================================================================¦
¦========================================================================¦
add affine layer to problem 4 strategy LP
time 20:39:23.616991
add relu layer to problem 5 strategy LP
time 20:39:23.650335
¦========================================================================¦
¦========================================================================¦
add affine layer to problem 6 strategy LP
time 20:39:34.657494
add relu layer to problem 7 strategy LP
time 20:39:34.690054
¦========================================================================¦
¦========================================================================¦
add affine layer to problem 8 strategy LP
time 20:40:00.169358
add relu layer to problem 9 strategy LP
time 20:40:00.201949
¦========================================================================¦
¦========================================================================¦
add affine layer to problem 10 strategy LP
time 20:40:53.717413
add relu layer to problem 11 strategy LP
time 20:40:53.750023
¦========================================================================¦
¦========================================================================¦
add affine layer to problem 12 strategy LP
time 20:42:07.752845
add relu layer to problem 13 strategy LP
time 20:42:07.785585
¦========================================================================¦
¦========================================================================¦
add affine layer to problem 14 strategy LP
time 20:44:10.361256
add relu layer to problem 15 strategy LP
time 20:44:10.393814
¦========================================================================¦
¦========================================================================¦
add affine layer to problem 16 strategy LP
time 20:47:10.754112
add relu layer to problem 17 strategy LP
time 20:47:10.756051
¦========================================================================¦
¦========================================================================¦
time 20:47:25.579552
logit 0 is strictly smaller than the label logit (6)
logit 1 is strictly smaller than the label logit (6)
logit 2 is strictly smaller than the label logit (6)
logit 3 is strictly smaller than the label logit (6)
logit 4 is strictly smaller than the label logit (6)
logit 5 is strictly smaller than the label logit (6)
logit 7 is strictly smaller than the label logit (6)
logit 8 is strictly smaller than the label logit (6)
logit 9 is strictly smaller than the label logit (6)
verified
analysis time:  492.497355222702  seconds
epsilon is in:
[0.01828125, 0.019062499999999996]
