../mnist_nets/mnist_relu_9_200.txt ../mnist_images/img3.txt
try epsilon of  0.017499999999999998
time 12:28:05.679665
the number of processes used is 4
add affine layer to problem 0 strategy LP
time 12:28:05.694478
add relu layer to problem 1 strategy LP
time 12:28:05.820463
¦========================================================================¦
¦========================================================================¦
add affine layer to problem 2 strategy LP
time 12:28:08.150302
add relu layer to problem 3 strategy LP
time 12:28:08.186495
¦========================================================================¦
¦========================================================================¦
add affine layer to problem 4 strategy LP
time 12:28:12.939553
add relu layer to problem 5 strategy LP
time 12:28:12.977216
¦========================================================================¦
¦========================================================================¦
add affine layer to problem 6 strategy LP
time 12:28:21.085881
add relu layer to problem 7 strategy LP
time 12:28:21.123804
¦========================================================================¦
¦========================================================================¦
add affine layer to problem 8 strategy LP
time 12:28:38.405594
add relu layer to problem 9 strategy LP
time 12:28:38.443792
¦========================================================================¦
¦========================================================================¦
add affine layer to problem 10 strategy LP
time 12:29:09.848692
add relu layer to problem 11 strategy LP
time 12:29:09.886789
¦========================================================================¦
¦========================================================================¦
add affine layer to problem 12 strategy LP
time 12:30:01.775704
add relu layer to problem 13 strategy LP
time 12:30:01.814606
¦========================================================================¦
¦========================================================================¦
add affine layer to problem 14 strategy LP
time 12:31:14.082441
add relu layer to problem 15 strategy LP
time 12:31:14.120880
¦========================================================================¦
¦========================================================================¦
add affine layer to problem 16 strategy LP
time 12:32:07.350902
add relu layer to problem 17 strategy LP
time 12:32:07.353034
¦========================================================================¦
¦========================================================================¦
time 12:32:11.923276
logit 1 is strictly smaller than the label logit (0)
logit 2 is strictly smaller than the label logit (0)
logit 3 is strictly smaller than the label logit (0)
logit 4 is strictly smaller than the label logit (0)
logit 5 is strictly smaller than the label logit (0)
logit 6 is strictly smaller than the label logit (0)
logit 7 is strictly smaller than the label logit (0)
logit 8 is strictly smaller than the label logit (0)
logit 9 is strictly smaller than the label logit (0)
verified
analysis time:  247.68740034103394  seconds
epsilon is in:
[0.017499999999999998, 0.03]
try epsilon of  0.02375
time 12:32:15.924932
the number of processes used is 4
add affine layer to problem 0 strategy LP
time 12:32:15.929472
add relu layer to problem 1 strategy LP
time 12:32:16.057713
¦========================================================================¦
¦========================================================================¦
add affine layer to problem 2 strategy LP
time 12:32:18.384311
add relu layer to problem 3 strategy LP
time 12:32:18.420268
¦========================================================================¦
¦========================================================================¦
add affine layer to problem 4 strategy LP
time 12:32:23.407351
add relu layer to problem 5 strategy LP
time 12:32:23.444773
¦========================================================================¦
¦========================================================================¦
add affine layer to problem 6 strategy LP
time 12:32:33.631748
add relu layer to problem 7 strategy LP
time 12:32:33.668010
¦========================================================================¦
¦========================================================================¦
add affine layer to problem 8 strategy LP
time 12:32:59.863657
add relu layer to problem 9 strategy LP
time 12:32:59.898878
¦========================================================================¦
¦========================================================================¦
add affine layer to problem 10 strategy LP
time 12:34:08.103416
add relu layer to problem 11 strategy LP
time 12:34:08.139702
¦========================================================================¦
¦========================================================================¦
add affine layer to problem 12 strategy LP
time 12:37:32.207206
add relu layer to problem 13 strategy LP
time 12:37:32.243142
¦========================================================================¦
¦========================================================================¦
add affine layer to problem 14 strategy LP
time 12:46:17.194208
add relu layer to problem 15 strategy LP
time 12:46:17.229887
¦========================================================================¦
¦========================================================================¦
add affine layer to problem 16 strategy LP
time 13:10:42.205979
add relu layer to problem 17 strategy LP
time 13:10:42.208038
¦========================================================================¦
¦========================================================================¦
time 13:12:48.209376
logit 1 - label logit (0) <= 275.4739138381241
can not be verified
analysis time:  2434.7293388843536  seconds
epsilon is in:
[0.017499999999999998, 0.02375]
try epsilon of  0.020624999999999998
time 13:12:53.242113
the number of processes used is 4
add affine layer to problem 0 strategy LP
time 13:12:53.246111
add relu layer to problem 1 strategy LP
time 13:12:53.374209
¦========================================================================¦
¦========================================================================¦
add affine layer to problem 2 strategy LP
time 13:12:55.724250
add relu layer to problem 3 strategy LP
time 13:12:55.760146
¦========================================================================¦
¦========================================================================¦
add affine layer to problem 4 strategy LP
time 13:13:00.547596
add relu layer to problem 5 strategy LP
time 13:13:00.584615
¦========================================================================¦
¦========================================================================¦
add affine layer to problem 6 strategy LP
time 13:13:09.189443
add relu layer to problem 7 strategy LP
time 13:13:09.226377
¦========================================================================¦
¦========================================================================¦
add affine layer to problem 8 strategy LP
time 13:13:28.537683
add relu layer to problem 9 strategy LP
time 13:13:28.573673
¦========================================================================¦
¦========================================================================¦
add affine layer to problem 10 strategy LP
time 13:14:43.333195
add relu layer to problem 11 strategy LP
time 13:14:43.369154
¦========================================================================¦
¦========================================================================¦
add affine layer to problem 12 strategy LP
time 13:15:55.372205
add relu layer to problem 13 strategy LP
time 13:15:55.407993
¦========================================================================¦
¦========================================================================¦
add affine layer to problem 14 strategy LP
time 13:18:16.090312
add relu layer to problem 15 strategy LP
time 13:18:16.126615
¦========================================================================¦
¦========================================================================¦
add affine layer to problem 16 strategy LP
time 13:22:17.345716
add relu layer to problem 17 strategy LP
time 13:22:17.347810
¦========================================================================¦
¦========================================================================¦
time 13:22:48.770079
logit 1 - label logit (0) <= 11.507721446763636
can not be verified
analysis time:  596.5749614238739  seconds
epsilon is in:
[0.017499999999999998, 0.020624999999999998]
try epsilon of  0.019062499999999996
time 13:22:52.314708
the number of processes used is 4
add affine layer to problem 0 strategy LP
time 13:22:52.318545
add relu layer to problem 1 strategy LP
time 13:22:52.442006
¦========================================================================¦
¦========================================================================¦
add affine layer to problem 2 strategy LP
time 13:22:54.616965
add relu layer to problem 3 strategy LP
time 13:22:54.652392
¦========================================================================¦
¦========================================================================¦
add affine layer to problem 4 strategy LP
time 13:22:58.991926
add relu layer to problem 5 strategy LP
time 13:22:59.028193
¦========================================================================¦
¦========================================================================¦
add affine layer to problem 6 strategy LP
time 13:23:06.522921
add relu layer to problem 7 strategy LP
time 13:23:06.558559
¦========================================================================¦
¦========================================================================¦
add affine layer to problem 8 strategy LP
time 13:23:22.581180
add relu layer to problem 9 strategy LP
time 13:23:22.616857
¦========================================================================¦
¦========================================================================¦
add affine layer to problem 10 strategy LP
time 13:23:54.067616
add relu layer to problem 11 strategy LP
time 13:23:54.103445
¦========================================================================¦
¦========================================================================¦
add affine layer to problem 12 strategy LP
time 13:24:48.518126
add relu layer to problem 13 strategy LP
time 13:24:48.558657
¦========================================================================¦
¦========================================================================¦
add affine layer to problem 14 strategy LP
time 13:26:07.401449
add relu layer to problem 15 strategy LP
time 13:26:07.437421
¦========================================================================¦
¦========================================================================¦
add affine layer to problem 16 strategy LP
time 13:27:33.798915
add relu layer to problem 17 strategy LP
time 13:27:33.800974
¦========================================================================¦
¦========================================================================¦
time 13:27:41.180114
logit 1 is strictly smaller than the label logit (0)
logit 2 is strictly smaller than the label logit (0)
logit 3 is strictly smaller than the label logit (0)
logit 4 is strictly smaller than the label logit (0)
logit 5 is strictly smaller than the label logit (0)
logit 6 is strictly smaller than the label logit (0)
logit 7 is strictly smaller than the label logit (0)
logit 8 is strictly smaller than the label logit (0)
logit 9 is strictly smaller than the label logit (0)
verified
analysis time:  290.97429060935974  seconds
epsilon is in:
[0.019062499999999996, 0.020624999999999998]
try epsilon of  0.019843749999999997
time 13:27:45.803495
the number of processes used is 4
add affine layer to problem 0 strategy LP
time 13:27:45.807486
add relu layer to problem 1 strategy LP
time 13:27:45.931669
¦========================================================================¦
¦========================================================================¦
add affine layer to problem 2 strategy LP
time 13:27:48.144353
add relu layer to problem 3 strategy LP
time 13:27:48.179396
¦========================================================================¦
¦========================================================================¦
add affine layer to problem 4 strategy LP
time 13:27:52.503524
add relu layer to problem 5 strategy LP
time 13:27:52.540233
¦========================================================================¦
¦========================================================================¦
add affine layer to problem 6 strategy LP
time 13:27:59.995973
add relu layer to problem 7 strategy LP
time 13:28:00.032115
¦========================================================================¦
¦========================================================================¦
add affine layer to problem 8 strategy LP
time 13:28:17.389187
add relu layer to problem 9 strategy LP
time 13:28:17.424567
¦========================================================================¦
¦========================================================================¦
add affine layer to problem 10 strategy LP
time 13:28:52.417261
add relu layer to problem 11 strategy LP
time 13:28:52.453089
¦========================================================================¦
¦========================================================================¦
add affine layer to problem 12 strategy LP
time 13:29:58.503450
add relu layer to problem 13 strategy LP
time 13:29:58.538770
¦========================================================================¦
¦========================================================================¦
add affine layer to problem 14 strategy LP
time 13:31:47.730751
add relu layer to problem 15 strategy LP
time 13:31:47.766515
¦========================================================================¦
¦========================================================================¦
add affine layer to problem 16 strategy LP
time 13:34:19.120266
add relu layer to problem 17 strategy LP
time 13:34:19.122316
¦========================================================================¦
¦========================================================================¦
time 13:34:34.663953
logit 1 is strictly smaller than the label logit (0)
logit 2 - label logit (0) <= 1.2240641951920375
can not be verified
analysis time:  409.91063356399536  seconds
epsilon is in:
[0.019062499999999996, 0.019843749999999997]
