../mnist_nets/mnist_relu_9_200.txt ../mnist_images/img6.txt
try epsilon of  0.017499999999999998
time 15:01:23.125306
the number of processes used is 4
add affine layer to problem 0 strategy LP
time 15:01:23.139725
add relu layer to problem 1 strategy LP
time 15:01:23.256268
¦========================================================================¦
¦========================================================================¦
add affine layer to problem 2 strategy LP
time 15:01:25.501389
add relu layer to problem 3 strategy LP
time 15:01:25.536044
¦========================================================================¦
¦========================================================================¦
add affine layer to problem 4 strategy LP
time 15:01:30.743379
add relu layer to problem 5 strategy LP
time 15:01:30.777169
¦========================================================================¦
¦========================================================================¦
add affine layer to problem 6 strategy LP
time 15:01:43.434899
add relu layer to problem 7 strategy LP
time 15:01:43.468906
¦========================================================================¦
¦========================================================================¦
add affine layer to problem 8 strategy LP
time 15:02:30.858279
add relu layer to problem 9 strategy LP
time 15:02:30.892123
¦========================================================================¦
¦========================================================================¦
add affine layer to problem 10 strategy LP
time 15:05:16.825908
add relu layer to problem 11 strategy LP
time 15:05:16.859102
¦========================================================================¦
¦========================================================================¦
add affine layer to problem 12 strategy LP
time 15:13:30.717151
add relu layer to problem 13 strategy LP
time 15:13:30.751666
¦========================================================================¦
¦========================================================================¦
add affine layer to problem 14 strategy LP
time 15:33:52.326574
add relu layer to problem 15 strategy LP
time 15:33:52.360605
¦========================================================================¦
¦========================================================================¦
add affine layer to problem 16 strategy LP
time 16:14:00.778799
add relu layer to problem 17 strategy LP
time 16:14:00.780717
¦========================================================================¦
¦========================================================================¦
time 16:16:35.602819
logit 0 - label logit (4) <= 491.54573503748713
can not be verified
analysis time:  4516.231552124023  seconds
epsilon is in:
[0.005, 0.017499999999999998]
try epsilon of  0.01125
time 16:16:41.876518
the number of processes used is 4
add affine layer to problem 0 strategy LP
time 16:16:41.880159
add relu layer to problem 1 strategy LP
time 16:16:41.995506
¦========================================================================¦
¦========================================================================¦
add affine layer to problem 2 strategy LP
time 16:16:44.265331
add relu layer to problem 3 strategy LP
time 16:16:44.298526
¦========================================================================¦
¦========================================================================¦
add affine layer to problem 4 strategy LP
time 16:16:48.444995
add relu layer to problem 5 strategy LP
time 16:16:48.478959
¦========================================================================¦
¦========================================================================¦
add affine layer to problem 6 strategy LP
time 16:16:55.891787
add relu layer to problem 7 strategy LP
time 16:16:55.925148
¦========================================================================¦
¦========================================================================¦
add affine layer to problem 8 strategy LP
time 16:17:12.577734
add relu layer to problem 9 strategy LP
time 16:17:12.611177
¦========================================================================¦
¦========================================================================¦
add affine layer to problem 10 strategy LP
time 16:17:54.520995
add relu layer to problem 11 strategy LP
time 16:17:54.554422
¦========================================================================¦
¦========================================================================¦
add affine layer to problem 12 strategy LP
time 16:19:24.980083
add relu layer to problem 13 strategy LP
time 16:19:25.014556
¦========================================================================¦
¦========================================================================¦
add affine layer to problem 14 strategy LP
time 16:23:13.617784
add relu layer to problem 15 strategy LP
time 16:23:13.651107
¦========================================================================¦
¦========================================================================¦
add affine layer to problem 16 strategy LP
time 16:33:25.113927
add relu layer to problem 17 strategy LP
time 16:33:25.115851
¦========================================================================¦
¦========================================================================¦
time 16:34:21.799664
logit 0 - label logit (4) <= 22.368940496856922
can not be verified
analysis time:  1061.8957858085632  seconds
epsilon is in:
[0.005, 0.01125]
try epsilon of  0.008125
time 16:34:26.294092
the number of processes used is 4
add affine layer to problem 0 strategy LP
time 16:34:26.298450
add relu layer to problem 1 strategy LP
time 16:34:26.413543
¦========================================================================¦
¦========================================================================¦
add affine layer to problem 2 strategy LP
time 16:34:28.684841
add relu layer to problem 3 strategy LP
time 16:34:28.718012
¦========================================================================¦
¦========================================================================¦
add affine layer to problem 4 strategy LP
time 16:34:32.675724
add relu layer to problem 5 strategy LP
time 16:34:32.709744
¦========================================================================¦
¦========================================================================¦
add affine layer to problem 6 strategy LP
time 16:34:38.791922
add relu layer to problem 7 strategy LP
time 16:34:38.825274
¦========================================================================¦
¦========================================================================¦
add affine layer to problem 8 strategy LP
time 16:34:49.960882
add relu layer to problem 9 strategy LP
time 16:34:49.994299
¦========================================================================¦
¦========================================================================¦
add affine layer to problem 10 strategy LP
time 16:35:10.985646
add relu layer to problem 11 strategy LP
time 16:35:11.019110
¦========================================================================¦
¦========================================================================¦
add affine layer to problem 12 strategy LP
time 16:35:47.523999
add relu layer to problem 13 strategy LP
time 16:35:47.557511
¦========================================================================¦
¦========================================================================¦
add affine layer to problem 14 strategy LP
time 16:36:45.155211
add relu layer to problem 15 strategy LP
time 16:36:45.189050
¦========================================================================¦
¦========================================================================¦
add affine layer to problem 16 strategy LP
time 16:38:17.978057
add relu layer to problem 17 strategy LP
time 16:38:17.980016
¦========================================================================¦
¦========================================================================¦
time 16:38:27.858193
logit 0 is strictly smaller than the label logit (4)
logit 1 is strictly smaller than the label logit (4)
logit 2 is strictly smaller than the label logit (4)
logit 3 is strictly smaller than the label logit (4)
logit 5 is strictly smaller than the label logit (4)
logit 6 is strictly smaller than the label logit (4)
logit 7 is strictly smaller than the label logit (4)
logit 8 is strictly smaller than the label logit (4)
logit 9 is strictly smaller than the label logit (4)
verified
analysis time:  243.7875680923462  seconds
epsilon is in:
[0.008125, 0.01125]
try epsilon of  0.0096875
time 16:38:32.601557
the number of processes used is 4
add affine layer to problem 0 strategy LP
time 16:38:32.605443
add relu layer to problem 1 strategy LP
time 16:38:32.720722
¦========================================================================¦
¦========================================================================¦
add affine layer to problem 2 strategy LP
time 16:38:34.982621
add relu layer to problem 3 strategy LP
time 16:38:35.015977
¦========================================================================¦
¦========================================================================¦
add affine layer to problem 4 strategy LP
time 16:38:39.006266
add relu layer to problem 5 strategy LP
time 16:38:39.040310
¦========================================================================¦
¦========================================================================¦
add affine layer to problem 6 strategy LP
time 16:38:45.879721
add relu layer to problem 7 strategy LP
time 16:38:45.912958
¦========================================================================¦
¦========================================================================¦
add affine layer to problem 8 strategy LP
time 16:39:00.108730
add relu layer to problem 9 strategy LP
time 16:39:00.142301
¦========================================================================¦
¦========================================================================¦
add affine layer to problem 10 strategy LP
time 16:39:29.846374
add relu layer to problem 11 strategy LP
time 16:39:29.879961
¦========================================================================¦
¦========================================================================¦
add affine layer to problem 12 strategy LP
time 16:40:31.459432
add relu layer to problem 13 strategy LP
time 16:40:31.492800
¦========================================================================¦
¦========================================================================¦
add affine layer to problem 14 strategy LP
time 16:42:31.367511
add relu layer to problem 15 strategy LP
time 16:42:31.401379
¦========================================================================¦
¦========================================================================¦
add affine layer to problem 16 strategy LP
time 16:46:27.956861
add relu layer to problem 17 strategy LP
time 16:46:27.958787
¦========================================================================¦
¦========================================================================¦
time 16:46:53.174949
logit 0 - label logit (4) <= 4.359026353304034
can not be verified
analysis time:  502.0665545463562  seconds
epsilon is in:
[0.008125, 0.0096875]
try epsilon of  0.008906250000000001
time 16:46:57.190252
the number of processes used is 4
add affine layer to problem 0 strategy LP
time 16:46:57.194129
add relu layer to problem 1 strategy LP
time 16:46:57.309321
¦========================================================================¦
¦========================================================================¦
add affine layer to problem 2 strategy LP
time 16:46:59.594407
add relu layer to problem 3 strategy LP
time 16:46:59.627729
¦========================================================================¦
¦========================================================================¦
add affine layer to problem 4 strategy LP
time 16:47:03.569807
add relu layer to problem 5 strategy LP
time 16:47:03.603750
¦========================================================================¦
¦========================================================================¦
add affine layer to problem 6 strategy LP
time 16:47:09.982457
add relu layer to problem 7 strategy LP
time 16:47:10.015878
¦========================================================================¦
¦========================================================================¦
add affine layer to problem 8 strategy LP
time 16:47:22.265969
add relu layer to problem 9 strategy LP
time 16:47:22.299366
¦========================================================================¦
¦========================================================================¦
add affine layer to problem 10 strategy LP
time 16:47:46.329218
add relu layer to problem 11 strategy LP
time 16:47:46.362544
¦========================================================================¦
¦========================================================================¦
add affine layer to problem 12 strategy LP
time 16:48:31.859551
add relu layer to problem 13 strategy LP
time 16:48:31.893273
¦========================================================================¦
¦========================================================================¦
add affine layer to problem 14 strategy LP
time 16:49:46.691433
add relu layer to problem 15 strategy LP
time 16:49:46.725179
¦========================================================================¦
¦========================================================================¦
add affine layer to problem 16 strategy LP
time 16:51:52.348237
add relu layer to problem 17 strategy LP
time 16:51:52.350185
¦========================================================================¦
¦========================================================================¦
time 16:52:07.166923
logit 0 is strictly smaller than the label logit (4)
logit 1 is strictly smaller than the label logit (4)
logit 2 is strictly smaller than the label logit (4)
logit 3 is strictly smaller than the label logit (4)
logit 5 is strictly smaller than the label logit (4)
logit 6 is strictly smaller than the label logit (4)
logit 7 is strictly smaller than the label logit (4)
logit 8 is strictly smaller than the label logit (4)
logit 9 is strictly smaller than the label logit (4)
verified
analysis time:  313.5100157260895  seconds
epsilon is in:
[0.008906250000000001, 0.0096875]
