../mnist_nets/mnist_relu_9_200.txt ../mnist_images/img29.txt
try epsilon of  0.017499999999999998
time 12:37:30.997835
the number of processes used is 12
add affine layer to problem 0 strategy LP
time 12:37:31.014727
add relu layer to problem 1 strategy LP
time 12:37:31.082062
¦========================================================================¦
¦========================================================================¦
add affine layer to problem 2 strategy LP
time 12:37:32.705923
add relu layer to problem 3 strategy LP
time 12:37:32.724586
¦========================================================================¦
¦========================================================================¦
add affine layer to problem 4 strategy LP
time 12:37:37.023211
add relu layer to problem 5 strategy LP
time 12:37:37.042554
¦========================================================================¦
¦========================================================================¦
add affine layer to problem 6 strategy LP
time 12:37:52.562145
add relu layer to problem 7 strategy LP
time 12:37:52.581369
¦========================================================================¦
¦========================================================================¦
add affine layer to problem 8 strategy LP
time 12:38:56.796050
add relu layer to problem 9 strategy LP
time 12:38:56.814559
¦========================================================================¦
¦========================================================================¦
add affine layer to problem 10 strategy LP
time 12:43:53.513482
add relu layer to problem 11 strategy LP
time 12:43:53.532023
¦========================================================================¦
¦========================================================================¦
add affine layer to problem 12 strategy LP
time 12:59:03.402410
add relu layer to problem 13 strategy LP
time 12:59:03.421232
¦========================================================================¦
¦========================================================================¦
add affine layer to problem 14 strategy LP
time 13:28:38.829096
add relu layer to problem 15 strategy LP
time 13:28:38.847724
¦========================================================================¦
¦========================================================================¦
add affine layer to problem 16 strategy LP
time 14:17:16.555889
add relu layer to problem 17 strategy LP
time 14:17:16.556985
¦========================================================================¦
¦========================================================================¦
time 14:19:12.895698
logit 0 - label logit (1) <= 1421.5213644271523
can not be verified
analysis time:  6106.128213405609  seconds
epsilon is in:
[0.005, 0.017499999999999998]
try epsilon of  0.01125
time 14:19:18.790308
the number of processes used is 12
add affine layer to problem 0 strategy LP
time 14:19:18.792762
add relu layer to problem 1 strategy LP
time 14:19:18.862490
¦========================================================================¦
¦========================================================================¦
add affine layer to problem 2 strategy LP
time 14:19:21.091139
add relu layer to problem 3 strategy LP
time 14:19:21.110450
¦========================================================================¦
¦========================================================================¦
add affine layer to problem 4 strategy LP
time 14:19:25.449502
add relu layer to problem 5 strategy LP
time 14:19:25.469363
¦========================================================================¦
¦========================================================================¦
add affine layer to problem 6 strategy LP
time 14:19:35.646407
add relu layer to problem 7 strategy LP
time 14:19:35.665823
¦========================================================================¦
¦========================================================================¦
add affine layer to problem 8 strategy LP
time 14:20:00.976443
add relu layer to problem 9 strategy LP
time 14:20:00.995664
¦========================================================================¦
¦========================================================================¦
add affine layer to problem 10 strategy LP
time 14:22:35.744888
add relu layer to problem 11 strategy LP
time 14:22:35.763525
¦========================================================================¦
¦========================================================================¦
add affine layer to problem 12 strategy LP
time 14:24:31.855902
add relu layer to problem 13 strategy LP
time 14:24:31.874462
¦========================================================================¦
¦========================================================================¦
add affine layer to problem 14 strategy LP
time 14:31:02.963434
add relu layer to problem 15 strategy LP
time 14:31:02.981991
¦========================================================================¦
¦========================================================================¦
add affine layer to problem 16 strategy LP
time 14:42:58.260960
add relu layer to problem 17 strategy LP
time 14:42:58.262061
¦========================================================================¦
¦========================================================================¦
time 14:43:36.646102
logit 0 - label logit (1) <= 32.10449843018832
can not be verified
analysis time:  1459.7650544643402  seconds
epsilon is in:
[0.005, 0.01125]
try epsilon of  0.008125
time 14:43:40.602966
the number of processes used is 12
add affine layer to problem 0 strategy LP
time 14:43:40.605502
add relu layer to problem 1 strategy LP
time 14:43:40.674007
¦========================================================================¦
¦========================================================================¦
add affine layer to problem 2 strategy LP
time 14:43:42.884937
add relu layer to problem 3 strategy LP
time 14:43:42.910348
¦========================================================================¦
¦========================================================================¦
add affine layer to problem 4 strategy LP
time 14:43:46.867890
add relu layer to problem 5 strategy LP
time 14:43:46.887045
¦========================================================================¦
¦========================================================================¦
add affine layer to problem 6 strategy LP
time 14:43:54.349423
add relu layer to problem 7 strategy LP
time 14:43:54.368225
¦========================================================================¦
¦========================================================================¦
add affine layer to problem 8 strategy LP
time 14:44:06.441648
add relu layer to problem 9 strategy LP
time 14:44:06.460465
¦========================================================================¦
¦========================================================================¦
add affine layer to problem 10 strategy LP
time 14:44:28.784116
add relu layer to problem 11 strategy LP
time 14:44:28.802784
¦========================================================================¦
¦========================================================================¦
add affine layer to problem 12 strategy LP
time 14:45:05.277614
add relu layer to problem 13 strategy LP
time 14:45:05.296472
¦========================================================================¦
¦========================================================================¦
add affine layer to problem 14 strategy LP
time 14:45:53.353610
add relu layer to problem 15 strategy LP
time 14:45:53.372367
¦========================================================================¦
¦========================================================================¦
add affine layer to problem 16 strategy LP
time 14:47:48.441629
add relu layer to problem 17 strategy LP
time 14:47:48.443154
¦========================================================================¦
¦========================================================================¦
time 14:47:53.486449
logit 0 is strictly smaller than the label logit (1)
logit 2 is strictly smaller than the label logit (1)
logit 3 is strictly smaller than the label logit (1)
logit 4 is strictly smaller than the label logit (1)
logit 5 is strictly smaller than the label logit (1)
logit 6 is strictly smaller than the label logit (1)
logit 7 is strictly smaller than the label logit (1)
logit 8 is strictly smaller than the label logit (1)
logit 9 is strictly smaller than the label logit (1)
verified
analysis time:  254.25529551506042  seconds
epsilon is in:
[0.008125, 0.01125]
try epsilon of  0.0096875
time 14:47:56.478195
the number of processes used is 12
add affine layer to problem 0 strategy LP
time 14:47:56.480434
add relu layer to problem 1 strategy LP
time 14:47:56.548279
¦========================================================================¦
¦========================================================================¦
add affine layer to problem 2 strategy LP
time 14:47:58.704409
add relu layer to problem 3 strategy LP
time 14:47:58.723132
¦========================================================================¦
¦========================================================================¦
add affine layer to problem 4 strategy LP
time 14:48:02.874876
add relu layer to problem 5 strategy LP
time 14:48:02.894070
¦========================================================================¦
¦========================================================================¦
add affine layer to problem 6 strategy LP
time 14:48:11.510743
add relu layer to problem 7 strategy LP
time 14:48:11.529642
¦========================================================================¦
¦========================================================================¦
add affine layer to problem 8 strategy LP
time 14:48:29.697475
add relu layer to problem 9 strategy LP
time 14:48:29.716294
¦========================================================================¦
¦========================================================================¦
add affine layer to problem 10 strategy LP
time 14:49:07.013587
add relu layer to problem 11 strategy LP
time 14:49:07.038989
¦========================================================================¦
¦========================================================================¦
add affine layer to problem 12 strategy LP
time 14:50:12.659183
add relu layer to problem 13 strategy LP
time 14:50:12.677737
¦========================================================================¦
¦========================================================================¦
add affine layer to problem 14 strategy LP
time 14:53:00.758430
add relu layer to problem 15 strategy LP
time 14:53:00.777030
¦========================================================================¦
¦========================================================================¦
add affine layer to problem 16 strategy LP
time 14:55:58.119564
add relu layer to problem 17 strategy LP
time 14:55:58.120687
¦========================================================================¦
¦========================================================================¦
time 14:56:13.614645
logit 0 is strictly smaller than the label logit (1)
logit 2 is strictly smaller than the label logit (1)
logit 3 is strictly smaller than the label logit (1)
logit 4 is strictly smaller than the label logit (1)
logit 5 is strictly smaller than the label logit (1)
logit 6 is strictly smaller than the label logit (1)
logit 7 is strictly smaller than the label logit (1)
logit 8 is strictly smaller than the label logit (1)
logit 9 is strictly smaller than the label logit (1)
verified
analysis time:  501.5193667411804  seconds
epsilon is in:
[0.0096875, 0.01125]
try epsilon of  0.010468749999999999
time 14:56:19.613429
the number of processes used is 12
add affine layer to problem 0 strategy LP
time 14:56:19.615599
add relu layer to problem 1 strategy LP
time 14:56:19.682940
¦========================================================================¦
¦========================================================================¦
add affine layer to problem 2 strategy LP
time 14:56:21.821509
add relu layer to problem 3 strategy LP
time 14:56:21.840111
¦========================================================================¦
¦========================================================================¦
add affine layer to problem 4 strategy LP
time 14:56:25.889473
add relu layer to problem 5 strategy LP
time 14:56:25.908834
¦========================================================================¦
¦========================================================================¦
add affine layer to problem 6 strategy LP
time 14:56:35.084090
add relu layer to problem 7 strategy LP
time 14:56:35.103029
¦========================================================================¦
¦========================================================================¦
add affine layer to problem 8 strategy LP
time 14:56:56.127936
add relu layer to problem 9 strategy LP
time 14:56:56.146736
¦========================================================================¦
¦========================================================================¦
add affine layer to problem 10 strategy LP
time 14:57:41.098129
add relu layer to problem 11 strategy LP
time 14:57:41.116818
¦========================================================================¦
¦========================================================================¦
add affine layer to problem 12 strategy LP
time 15:00:01.874331
add relu layer to problem 13 strategy LP
time 15:00:01.893237
¦========================================================================¦
¦========================================================================¦
add affine layer to problem 14 strategy LP
time 15:02:51.382104
add relu layer to problem 15 strategy LP
time 15:02:51.407494
¦========================================================================¦
¦========================================================================¦
add affine layer to problem 16 strategy LP
time 15:09:50.898495
add relu layer to problem 17 strategy LP
time 15:09:50.899605
¦========================================================================¦
¦========================================================================¦
time 15:10:15.964010
logit 0 - label logit (1) <= 8.79330024471055
can not be verified
analysis time:  837.9003794193268  seconds
epsilon is in:
[0.0096875, 0.010468749999999999]
