../mnist_nets/mnist_relu_9_200.txt ../mnist_images/img33.txt
try epsilon of  0.017499999999999998
time 18:44:44.196791
the number of processes used is 4
add affine layer to problem 0 strategy LP
time 18:44:44.213517
add relu layer to problem 1 strategy LP
time 18:44:44.344232
¦========================================================================¦
¦========================================================================¦
add affine layer to problem 2 strategy LP
time 18:44:46.562700
add relu layer to problem 3 strategy LP
time 18:44:46.600012
¦========================================================================¦
¦========================================================================¦
add affine layer to problem 4 strategy LP
time 18:44:52.517574
add relu layer to problem 5 strategy LP
time 18:44:52.555508
¦========================================================================¦
¦========================================================================¦
add affine layer to problem 6 strategy LP
time 18:45:11.314866
add relu layer to problem 7 strategy LP
time 18:45:11.352925
¦========================================================================¦
¦========================================================================¦
add affine layer to problem 8 strategy LP
time 18:46:21.115618
add relu layer to problem 9 strategy LP
time 18:46:21.152586
¦========================================================================¦
¦========================================================================¦
add affine layer to problem 10 strategy LP
time 18:50:53.718576
add relu layer to problem 11 strategy LP
time 18:50:53.756598
¦========================================================================¦
¦========================================================================¦
add affine layer to problem 12 strategy LP
time 19:06:06.991022
add relu layer to problem 13 strategy LP
time 19:06:07.027198
¦========================================================================¦
¦========================================================================¦
add affine layer to problem 14 strategy LP
time 19:38:29.144924
add relu layer to problem 15 strategy LP
time 19:38:29.180651
¦========================================================================¦
¦========================================================================¦
add affine layer to problem 16 strategy LP
time 20:27:43.692823
add relu layer to problem 17 strategy LP
time 20:27:43.694810
¦========================================================================¦
¦========================================================================¦
time 20:30:28.009645
logit 0 - label logit (4) <= 994.3082622087782
can not be verified
analysis time:  6347.7749745845795  seconds
epsilon is in:
[0.005, 0.017499999999999998]
try epsilon of  0.01125
time 20:30:34.433531
the number of processes used is 4
add affine layer to problem 0 strategy LP
time 20:30:34.437130
add relu layer to problem 1 strategy LP
time 20:30:34.560065
¦========================================================================¦
¦========================================================================¦
add affine layer to problem 2 strategy LP
time 20:30:36.794647
add relu layer to problem 3 strategy LP
time 20:30:36.829699
¦========================================================================¦
¦========================================================================¦
add affine layer to problem 4 strategy LP
time 20:30:41.393890
add relu layer to problem 5 strategy LP
time 20:30:41.462658
¦========================================================================¦
¦========================================================================¦
add affine layer to problem 6 strategy LP
time 20:30:50.490754
add relu layer to problem 7 strategy LP
time 20:30:50.525842
¦========================================================================¦
¦========================================================================¦
add affine layer to problem 8 strategy LP
time 20:31:14.075154
add relu layer to problem 9 strategy LP
time 20:31:14.110127
¦========================================================================¦
¦========================================================================¦
add affine layer to problem 10 strategy LP
time 20:32:28.992212
add relu layer to problem 11 strategy LP
time 20:32:29.027275
¦========================================================================¦
¦========================================================================¦
add affine layer to problem 12 strategy LP
time 20:36:35.232625
add relu layer to problem 13 strategy LP
time 20:36:35.267559
¦========================================================================¦
¦========================================================================¦
add affine layer to problem 14 strategy LP
time 20:48:45.949154
add relu layer to problem 15 strategy LP
time 20:48:45.984024
¦========================================================================¦
¦========================================================================¦
add affine layer to problem 16 strategy LP
time 21:19:34.376577
add relu layer to problem 17 strategy LP
time 21:19:34.378571
¦========================================================================¦
¦========================================================================¦
time 21:21:48.411041
logit 0 - label logit (4) <= 144.13046232867558
can not be verified
analysis time:  3076.6786901950836  seconds
epsilon is in:
[0.005, 0.01125]
try epsilon of  0.008125
time 21:21:53.584136
the number of processes used is 4
add affine layer to problem 0 strategy LP
time 21:21:53.588304
add relu layer to problem 1 strategy LP
time 21:21:53.711252
¦========================================================================¦
¦========================================================================¦
add affine layer to problem 2 strategy LP
time 21:21:56.020624
add relu layer to problem 3 strategy LP
time 21:21:56.055746
¦========================================================================¦
¦========================================================================¦
add affine layer to problem 4 strategy LP
time 21:22:00.227252
add relu layer to problem 5 strategy LP
time 21:22:00.262917
¦========================================================================¦
¦========================================================================¦
add affine layer to problem 6 strategy LP
time 21:22:07.240329
add relu layer to problem 7 strategy LP
time 21:22:07.275300
¦========================================================================¦
¦========================================================================¦
add affine layer to problem 8 strategy LP
time 21:22:20.992261
add relu layer to problem 9 strategy LP
time 21:22:21.027261
¦========================================================================¦
¦========================================================================¦
add affine layer to problem 10 strategy LP
time 21:22:55.978251
add relu layer to problem 11 strategy LP
time 21:22:56.013500
¦========================================================================¦
¦========================================================================¦
add affine layer to problem 12 strategy LP
time 21:24:30.877880
add relu layer to problem 13 strategy LP
time 21:24:30.912975
¦========================================================================¦
¦========================================================================¦
add affine layer to problem 14 strategy LP
time 21:29:31.418166
add relu layer to problem 15 strategy LP
time 21:29:31.453139
¦========================================================================¦
¦========================================================================¦
add affine layer to problem 16 strategy LP
time 21:42:25.230966
add relu layer to problem 17 strategy LP
time 21:42:25.232966
¦========================================================================¦
¦========================================================================¦
time 21:43:37.124745
logit 0 - label logit (4) <= 23.34144040957501
can not be verified
analysis time:  1305.399723291397  seconds
epsilon is in:
[0.005, 0.008125]
try epsilon of  0.006562500000000001
time 21:43:41.447061
the number of processes used is 4
add affine layer to problem 0 strategy LP
time 21:43:41.451295
add relu layer to problem 1 strategy LP
time 21:43:41.573834
¦========================================================================¦
¦========================================================================¦
add affine layer to problem 2 strategy LP
time 21:43:43.884886
add relu layer to problem 3 strategy LP
time 21:43:43.919886
¦========================================================================¦
¦========================================================================¦
add affine layer to problem 4 strategy LP
time 21:43:48.031140
add relu layer to problem 5 strategy LP
time 21:43:48.070866
¦========================================================================¦
¦========================================================================¦
add affine layer to problem 6 strategy LP
time 21:43:54.633733
add relu layer to problem 7 strategy LP
time 21:43:54.668538
¦========================================================================¦
¦========================================================================¦
add affine layer to problem 8 strategy LP
time 21:44:05.081280
add relu layer to problem 9 strategy LP
time 21:44:05.116015
¦========================================================================¦
¦========================================================================¦
add affine layer to problem 10 strategy LP
time 21:44:25.229098
add relu layer to problem 11 strategy LP
time 21:44:25.263909
¦========================================================================¦
¦========================================================================¦
add affine layer to problem 12 strategy LP
time 21:45:13.234487
add relu layer to problem 13 strategy LP
time 21:45:13.269311
¦========================================================================¦
¦========================================================================¦
add affine layer to problem 14 strategy LP
time 21:47:07.935910
add relu layer to problem 15 strategy LP
time 21:47:07.971053
¦========================================================================¦
¦========================================================================¦
add affine layer to problem 16 strategy LP
time 21:52:19.510533
add relu layer to problem 17 strategy LP
time 21:52:19.512526
¦========================================================================¦
¦========================================================================¦
time 21:52:52.723161
logit 0 - label logit (4) <= 6.258858732875751
can not be verified
analysis time:  552.839672088623  seconds
epsilon is in:
[0.005, 0.006562500000000001]
try epsilon of  0.00578125
time 21:52:56.749336
the number of processes used is 4
add affine layer to problem 0 strategy LP
time 21:52:56.753404
add relu layer to problem 1 strategy LP
time 21:52:56.876444
¦========================================================================¦
¦========================================================================¦
add affine layer to problem 2 strategy LP
time 21:52:59.192671
add relu layer to problem 3 strategy LP
time 21:52:59.227795
¦========================================================================¦
¦========================================================================¦
add affine layer to problem 4 strategy LP
time 21:53:03.303874
add relu layer to problem 5 strategy LP
time 21:53:03.339481
¦========================================================================¦
¦========================================================================¦
add affine layer to problem 6 strategy LP
time 21:53:09.611467
add relu layer to problem 7 strategy LP
time 21:53:09.646394
¦========================================================================¦
¦========================================================================¦
add affine layer to problem 8 strategy LP
time 21:53:19.222284
add relu layer to problem 9 strategy LP
time 21:53:19.257158
¦========================================================================¦
¦========================================================================¦
add affine layer to problem 10 strategy LP
time 21:53:36.381539
add relu layer to problem 11 strategy LP
time 21:53:36.416392
¦========================================================================¦
¦========================================================================¦
add affine layer to problem 12 strategy LP
time 21:54:14.582116
add relu layer to problem 13 strategy LP
time 21:54:14.617047
¦========================================================================¦
¦========================================================================¦
add affine layer to problem 14 strategy LP
time 21:55:41.698318
add relu layer to problem 15 strategy LP
time 21:55:41.733295
¦========================================================================¦
¦========================================================================¦
add affine layer to problem 16 strategy LP
time 21:59:26.838393
add relu layer to problem 17 strategy LP
time 21:59:26.840415
¦========================================================================¦
¦========================================================================¦
time 21:59:51.003808
logit 0 - label logit (4) <= 2.9132275547451387
can not be verified
analysis time:  415.58519101142883  seconds
epsilon is in:
[0.005, 0.00578125]
