../mnist_nets/mnist_relu_9_200.txt ../mnist_images/img60.txt
try epsilon of  0.017499999999999998
time 15:41:28.349287
the number of processes used is 4
add affine layer to problem 0 strategy LP
time 15:41:28.367916
add relu layer to problem 1 strategy LP
time 15:41:28.481270
¦========================================================================¦
¦========================================================================¦
add affine layer to problem 2 strategy LP
time 15:41:30.608505
add relu layer to problem 3 strategy LP
time 15:41:30.640966
¦========================================================================¦
¦========================================================================¦
add affine layer to problem 4 strategy LP
time 15:41:35.344667
add relu layer to problem 5 strategy LP
time 15:41:35.378222
¦========================================================================¦
¦========================================================================¦
add affine layer to problem 6 strategy LP
time 15:41:45.852396
add relu layer to problem 7 strategy LP
time 15:41:45.885211
¦========================================================================¦
¦========================================================================¦
add affine layer to problem 8 strategy LP
time 15:42:08.899523
add relu layer to problem 9 strategy LP
time 15:42:08.931980
¦========================================================================¦
¦========================================================================¦
add affine layer to problem 10 strategy LP
time 15:42:44.832847
add relu layer to problem 11 strategy LP
time 15:42:44.865223
¦========================================================================¦
¦========================================================================¦
add affine layer to problem 12 strategy LP
time 15:43:33.718446
add relu layer to problem 13 strategy LP
time 15:43:33.750780
¦========================================================================¦
¦========================================================================¦
add affine layer to problem 14 strategy LP
time 15:44:40.803235
add relu layer to problem 15 strategy LP
time 15:44:40.835803
¦========================================================================¦
¦========================================================================¦
add affine layer to problem 16 strategy LP
time 15:45:52.436183
add relu layer to problem 17 strategy LP
time 15:45:52.438077
¦========================================================================¦
¦========================================================================¦
time 15:45:59.561275
logit 0 is strictly smaller than the label logit (7)
logit 1 is strictly smaller than the label logit (7)
logit 2 is strictly smaller than the label logit (7)
logit 3 is strictly smaller than the label logit (7)
logit 4 is strictly smaller than the label logit (7)
logit 5 is strictly smaller than the label logit (7)
logit 6 is strictly smaller than the label logit (7)
logit 8 is strictly smaller than the label logit (7)
logit 9 is strictly smaller than the label logit (7)
verified
analysis time:  272.81951665878296  seconds
epsilon is in:
[0.017499999999999998, 0.03]
try epsilon of  0.02375
time 15:46:03.708536
the number of processes used is 4
add affine layer to problem 0 strategy LP
time 15:46:03.712144
add relu layer to problem 1 strategy LP
time 15:46:03.825302
¦========================================================================¦
¦========================================================================¦
add affine layer to problem 2 strategy LP
time 15:46:05.930723
add relu layer to problem 3 strategy LP
time 15:46:05.963285
¦========================================================================¦
¦========================================================================¦
add affine layer to problem 4 strategy LP
time 15:46:11.153056
add relu layer to problem 5 strategy LP
time 15:46:11.186572
¦========================================================================¦
¦========================================================================¦
add affine layer to problem 6 strategy LP
time 15:46:28.119810
add relu layer to problem 7 strategy LP
time 15:46:28.152629
¦========================================================================¦
¦========================================================================¦
add affine layer to problem 8 strategy LP
time 15:47:11.949614
add relu layer to problem 9 strategy LP
time 15:47:11.981931
¦========================================================================¦
¦========================================================================¦
add affine layer to problem 10 strategy LP
time 15:48:50.484059
add relu layer to problem 11 strategy LP
time 15:48:50.516551
¦========================================================================¦
¦========================================================================¦
add affine layer to problem 12 strategy LP
time 15:53:32.301390
add relu layer to problem 13 strategy LP
time 15:53:32.334166
¦========================================================================¦
¦========================================================================¦
add affine layer to problem 14 strategy LP
time 16:07:05.318125
add relu layer to problem 15 strategy LP
time 16:07:05.350598
¦========================================================================¦
¦========================================================================¦
add affine layer to problem 16 strategy LP
time 16:39:25.319794
add relu layer to problem 17 strategy LP
time 16:39:25.321674
¦========================================================================¦
¦========================================================================¦
time 16:41:39.819533
logit 0 - label logit (7) <= 222.2744339169834
can not be verified
analysis time:  3338.3439576625824  seconds
epsilon is in:
[0.017499999999999998, 0.02375]
try epsilon of  0.020624999999999998
time 16:41:44.589232
the number of processes used is 4
add affine layer to problem 0 strategy LP
time 16:41:44.593214
add relu layer to problem 1 strategy LP
time 16:41:44.706282
¦========================================================================¦
¦========================================================================¦
add affine layer to problem 2 strategy LP
time 16:41:46.819903
add relu layer to problem 3 strategy LP
time 16:41:46.852384
¦========================================================================¦
¦========================================================================¦
add affine layer to problem 4 strategy LP
time 16:41:51.837817
add relu layer to problem 5 strategy LP
time 16:41:51.871446
¦========================================================================¦
¦========================================================================¦
add affine layer to problem 6 strategy LP
time 16:42:05.889642
add relu layer to problem 7 strategy LP
time 16:42:05.922437
¦========================================================================¦
¦========================================================================¦
add affine layer to problem 8 strategy LP
time 16:42:41.208101
add relu layer to problem 9 strategy LP
time 16:42:41.240440
¦========================================================================¦
¦========================================================================¦
add affine layer to problem 10 strategy LP
time 16:43:48.967393
add relu layer to problem 11 strategy LP
time 16:43:48.999915
¦========================================================================¦
¦========================================================================¦
add affine layer to problem 12 strategy LP
time 16:45:53.868606
add relu layer to problem 13 strategy LP
time 16:45:53.901028
¦========================================================================¦
¦========================================================================¦
add affine layer to problem 14 strategy LP
time 16:50:16.214526
add relu layer to problem 15 strategy LP
time 16:50:16.274581
¦========================================================================¦
¦========================================================================¦
add affine layer to problem 16 strategy LP
time 17:01:33.211056
add relu layer to problem 17 strategy LP
time 17:01:33.212923
¦========================================================================¦
¦========================================================================¦
time 17:02:34.054378
logit 0 - label logit (7) <= 15.562004489115974
can not be verified
analysis time:  1251.2780420780182  seconds
epsilon is in:
[0.017499999999999998, 0.020624999999999998]
try epsilon of  0.019062499999999996
time 17:02:38.404204
the number of processes used is 4
add affine layer to problem 0 strategy LP
time 17:02:38.408242
add relu layer to problem 1 strategy LP
time 17:02:38.521181
¦========================================================================¦
¦========================================================================¦
add affine layer to problem 2 strategy LP
time 17:02:40.639850
add relu layer to problem 3 strategy LP
time 17:02:40.672363
¦========================================================================¦
¦========================================================================¦
add affine layer to problem 4 strategy LP
time 17:02:45.651293
add relu layer to problem 5 strategy LP
time 17:02:45.684762
¦========================================================================¦
¦========================================================================¦
add affine layer to problem 6 strategy LP
time 17:02:58.384170
add relu layer to problem 7 strategy LP
time 17:02:58.416893
¦========================================================================¦
¦========================================================================¦
add affine layer to problem 8 strategy LP
time 17:03:28.857706
add relu layer to problem 9 strategy LP
time 17:03:28.890259
¦========================================================================¦
¦========================================================================¦
add affine layer to problem 10 strategy LP
time 17:04:19.927179
add relu layer to problem 11 strategy LP
time 17:04:19.963973
¦========================================================================¦
¦========================================================================¦
add affine layer to problem 12 strategy LP
time 17:05:39.263322
add relu layer to problem 13 strategy LP
time 17:05:39.295699
¦========================================================================¦
¦========================================================================¦
add affine layer to problem 14 strategy LP
time 17:07:34.571022
add relu layer to problem 15 strategy LP
time 17:07:34.604165
¦========================================================================¦
¦========================================================================¦
add affine layer to problem 16 strategy LP
time 17:10:20.255385
add relu layer to problem 17 strategy LP
time 17:10:20.257284
¦========================================================================¦
¦========================================================================¦
time 17:10:35.262035
logit 0 is strictly smaller than the label logit (7)
logit 1 is strictly smaller than the label logit (7)
logit 2 is strictly smaller than the label logit (7)
logit 3 is strictly smaller than the label logit (7)
logit 4 is strictly smaller than the label logit (7)
logit 5 is strictly smaller than the label logit (7)
logit 6 is strictly smaller than the label logit (7)
logit 8 is strictly smaller than the label logit (7)
logit 9 is strictly smaller than the label logit (7)
verified
analysis time:  480.2319049835205  seconds
epsilon is in:
[0.019062499999999996, 0.020624999999999998]
try epsilon of  0.019843749999999997
time 17:10:41.187014
the number of processes used is 4
add affine layer to problem 0 strategy LP
time 17:10:41.190858
add relu layer to problem 1 strategy LP
time 17:10:41.304401
¦========================================================================¦
¦========================================================================¦
add affine layer to problem 2 strategy LP
time 17:10:43.423920
add relu layer to problem 3 strategy LP
time 17:10:43.456634
¦========================================================================¦
¦========================================================================¦
add affine layer to problem 4 strategy LP
time 17:10:48.466996
add relu layer to problem 5 strategy LP
time 17:10:48.500643
¦========================================================================¦
¦========================================================================¦
add affine layer to problem 6 strategy LP
time 17:11:01.688376
add relu layer to problem 7 strategy LP
time 17:11:01.721402
¦========================================================================¦
¦========================================================================¦
add affine layer to problem 8 strategy LP
time 17:11:34.072108
add relu layer to problem 9 strategy LP
time 17:11:34.104535
¦========================================================================¦
¦========================================================================¦
add affine layer to problem 10 strategy LP
time 17:12:32.354494
add relu layer to problem 11 strategy LP
time 17:12:32.386984
¦========================================================================¦
¦========================================================================¦
add affine layer to problem 12 strategy LP
time 17:14:02.209895
add relu layer to problem 13 strategy LP
time 17:14:02.242399
¦========================================================================¦
¦========================================================================¦
add affine layer to problem 14 strategy LP
time 17:16:36.427593
add relu layer to problem 15 strategy LP
time 17:16:36.460638
¦========================================================================¦
¦========================================================================¦
add affine layer to problem 16 strategy LP
time 17:20:25.459433
add relu layer to problem 17 strategy LP
time 17:20:25.461323
¦========================================================================¦
¦========================================================================¦
time 17:20:52.566249
logit 0 - label logit (7) <= 3.296460587294929
can not be verified
analysis time:  612.7305424213409  seconds
epsilon is in:
[0.019062499999999996, 0.019843749999999997]
