../mnist_nets/mnist_relu_9_200.txt ../mnist_images/img19.txt
try epsilon of  0.017499999999999998
time 12:47:13.263530
the number of processes used is 4
add affine layer to problem 0 strategy LP
time 12:47:13.279758
add relu layer to problem 1 strategy LP
time 12:47:13.388620
¦========================================================================¦
¦========================================================================¦
add affine layer to problem 2 strategy LP
time 12:47:15.532438
add relu layer to problem 3 strategy LP
time 12:47:15.564055
¦========================================================================¦
¦========================================================================¦
add affine layer to problem 4 strategy LP
time 12:47:20.783414
add relu layer to problem 5 strategy LP
time 12:47:20.815996
¦========================================================================¦
¦========================================================================¦
add affine layer to problem 6 strategy LP
time 12:47:36.270763
add relu layer to problem 7 strategy LP
time 12:47:36.302675
¦========================================================================¦
¦========================================================================¦
add affine layer to problem 8 strategy LP
time 12:48:24.370745
add relu layer to problem 9 strategy LP
time 12:48:24.402461
¦========================================================================¦
¦========================================================================¦
add affine layer to problem 10 strategy LP
time 12:50:36.569489
add relu layer to problem 11 strategy LP
time 12:50:36.601237
¦========================================================================¦
¦========================================================================¦
add affine layer to problem 12 strategy LP
time 12:57:48.981217
add relu layer to problem 13 strategy LP
time 12:57:49.012984
¦========================================================================¦
¦========================================================================¦
add affine layer to problem 14 strategy LP
time 13:16:08.820484
add relu layer to problem 15 strategy LP
time 13:16:08.852476
¦========================================================================¦
¦========================================================================¦
add affine layer to problem 16 strategy LP
time 13:56:23.452791
add relu layer to problem 17 strategy LP
time 13:56:23.454666
¦========================================================================¦
¦========================================================================¦
time 13:58:50.980760
logit 0 - label logit (4) <= 266.0576052495086
can not be verified
analysis time:  4301.207953929901  seconds
epsilon is in:
[0.005, 0.017499999999999998]
try epsilon of  0.01125
time 13:58:56.929078
the number of processes used is 4
add affine layer to problem 0 strategy LP
time 13:58:56.932493
add relu layer to problem 1 strategy LP
time 13:58:57.040844
¦========================================================================¦
¦========================================================================¦
add affine layer to problem 2 strategy LP
time 13:58:59.228197
add relu layer to problem 3 strategy LP
time 13:58:59.259807
¦========================================================================¦
¦========================================================================¦
add affine layer to problem 4 strategy LP
time 13:59:03.685028
add relu layer to problem 5 strategy LP
time 13:59:03.716826
¦========================================================================¦
¦========================================================================¦
add affine layer to problem 6 strategy LP
time 13:59:11.701396
add relu layer to problem 7 strategy LP
time 13:59:11.733185
¦========================================================================¦
¦========================================================================¦
add affine layer to problem 8 strategy LP
time 13:59:26.934866
add relu layer to problem 9 strategy LP
time 13:59:26.966488
¦========================================================================¦
¦========================================================================¦
add affine layer to problem 10 strategy LP
time 14:00:10.057575
add relu layer to problem 11 strategy LP
time 14:00:10.089395
¦========================================================================¦
¦========================================================================¦
add affine layer to problem 12 strategy LP
time 14:00:54.235946
add relu layer to problem 13 strategy LP
time 14:00:54.267641
¦========================================================================¦
¦========================================================================¦
add affine layer to problem 14 strategy LP
time 14:01:57.594930
add relu layer to problem 15 strategy LP
time 14:01:57.627122
¦========================================================================¦
¦========================================================================¦
add affine layer to problem 16 strategy LP
time 14:03:13.266271
add relu layer to problem 17 strategy LP
time 14:03:13.268121
¦========================================================================¦
¦========================================================================¦
time 14:03:19.844418
logit 0 is strictly smaller than the label logit (4)
logit 1 is strictly smaller than the label logit (4)
logit 2 is strictly smaller than the label logit (4)
logit 3 is strictly smaller than the label logit (4)
logit 5 is strictly smaller than the label logit (4)
logit 6 is strictly smaller than the label logit (4)
logit 7 is strictly smaller than the label logit (4)
logit 8 is strictly smaller than the label logit (4)
logit 9 is strictly smaller than the label logit (4)
verified
analysis time:  264.3635504245758  seconds
epsilon is in:
[0.01125, 0.017499999999999998]
try epsilon of  0.014374999999999999
time 14:03:23.749304
the number of processes used is 4
add affine layer to problem 0 strategy LP
time 14:03:23.753218
add relu layer to problem 1 strategy LP
time 14:03:23.861516
¦========================================================================¦
¦========================================================================¦
add affine layer to problem 2 strategy LP
time 14:03:26.043957
add relu layer to problem 3 strategy LP
time 14:03:26.075675
¦========================================================================¦
¦========================================================================¦
add affine layer to problem 4 strategy LP
time 14:03:30.875062
add relu layer to problem 5 strategy LP
time 14:03:30.907137
¦========================================================================¦
¦========================================================================¦
add affine layer to problem 6 strategy LP
time 14:03:42.114427
add relu layer to problem 7 strategy LP
time 14:03:42.146079
¦========================================================================¦
¦========================================================================¦
add affine layer to problem 8 strategy LP
time 14:04:10.017999
add relu layer to problem 9 strategy LP
time 14:04:10.049771
¦========================================================================¦
¦========================================================================¦
add affine layer to problem 10 strategy LP
time 14:05:13.817407
add relu layer to problem 11 strategy LP
time 14:05:13.849068
¦========================================================================¦
¦========================================================================¦
add affine layer to problem 12 strategy LP
time 14:07:17.810230
add relu layer to problem 13 strategy LP
time 14:07:17.842001
¦========================================================================¦
¦========================================================================¦
add affine layer to problem 14 strategy LP
time 14:11:54.896616
add relu layer to problem 15 strategy LP
time 14:11:54.928843
¦========================================================================¦
¦========================================================================¦
add affine layer to problem 16 strategy LP
time 14:24:31.848908
add relu layer to problem 17 strategy LP
time 14:24:31.850735
¦========================================================================¦
¦========================================================================¦
time 14:25:39.149380
logit 0 - label logit (4) <= 19.14159108183831
can not be verified
analysis time:  1337.3633098602295  seconds
epsilon is in:
[0.01125, 0.014374999999999999]
try epsilon of  0.0128125
time 14:25:43.569836
the number of processes used is 4
add affine layer to problem 0 strategy LP
time 14:25:43.573622
add relu layer to problem 1 strategy LP
time 14:25:43.682438
¦========================================================================¦
¦========================================================================¦
add affine layer to problem 2 strategy LP
time 14:25:45.864057
add relu layer to problem 3 strategy LP
time 14:25:45.895569
¦========================================================================¦
¦========================================================================¦
add affine layer to problem 4 strategy LP
time 14:25:50.471103
add relu layer to problem 5 strategy LP
time 14:25:50.503024
¦========================================================================¦
¦========================================================================¦
add affine layer to problem 6 strategy LP
time 14:25:59.882049
add relu layer to problem 7 strategy LP
time 14:25:59.913841
¦========================================================================¦
¦========================================================================¦
add affine layer to problem 8 strategy LP
time 14:26:18.375344
add relu layer to problem 9 strategy LP
time 14:26:18.407123
¦========================================================================¦
¦========================================================================¦
add affine layer to problem 10 strategy LP
time 14:26:55.419229
add relu layer to problem 11 strategy LP
time 14:26:55.455756
¦========================================================================¦
¦========================================================================¦
add affine layer to problem 12 strategy LP
time 14:27:58.417257
add relu layer to problem 13 strategy LP
time 14:27:58.449121
¦========================================================================¦
¦========================================================================¦
add affine layer to problem 14 strategy LP
time 14:29:54.276682
add relu layer to problem 15 strategy LP
time 14:29:54.309042
¦========================================================================¦
¦========================================================================¦
add affine layer to problem 16 strategy LP
time 14:33:02.019139
add relu layer to problem 17 strategy LP
time 14:33:02.021022
¦========================================================================¦
¦========================================================================¦
time 14:33:22.059265
logit 0 is strictly smaller than the label logit (4)
logit 1 is strictly smaller than the label logit (4)
logit 2 is strictly smaller than the label logit (4)
logit 3 is strictly smaller than the label logit (4)
logit 5 is strictly smaller than the label logit (4)
logit 6 is strictly smaller than the label logit (4)
logit 7 is strictly smaller than the label logit (4)
logit 8 is strictly smaller than the label logit (4)
logit 9 is strictly smaller than the label logit (4)
verified
analysis time:  461.76351141929626  seconds
epsilon is in:
[0.0128125, 0.014374999999999999]
try epsilon of  0.013593749999999998
time 14:33:27.790258
the number of processes used is 4
add affine layer to problem 0 strategy LP
time 14:33:27.793870
add relu layer to problem 1 strategy LP
time 14:33:27.902673
¦========================================================================¦
¦========================================================================¦
add affine layer to problem 2 strategy LP
time 14:33:30.075749
add relu layer to problem 3 strategy LP
time 14:33:30.107475
¦========================================================================¦
¦========================================================================¦
add affine layer to problem 4 strategy LP
time 14:33:34.784535
add relu layer to problem 5 strategy LP
time 14:33:34.816653
¦========================================================================¦
¦========================================================================¦
add affine layer to problem 6 strategy LP
time 14:33:45.067287
add relu layer to problem 7 strategy LP
time 14:33:45.098992
¦========================================================================¦
¦========================================================================¦
add affine layer to problem 8 strategy LP
time 14:34:08.296604
add relu layer to problem 9 strategy LP
time 14:34:08.328514
¦========================================================================¦
¦========================================================================¦
add affine layer to problem 10 strategy LP
time 14:34:57.675775
add relu layer to problem 11 strategy LP
time 14:34:57.707479
¦========================================================================¦
¦========================================================================¦
add affine layer to problem 12 strategy LP
time 14:36:32.242481
add relu layer to problem 13 strategy LP
time 14:36:32.274257
¦========================================================================¦
¦========================================================================¦
add affine layer to problem 14 strategy LP
time 14:39:19.629423
add relu layer to problem 15 strategy LP
time 14:39:19.661667
¦========================================================================¦
¦========================================================================¦
add affine layer to problem 16 strategy LP
time 14:45:06.301966
add relu layer to problem 17 strategy LP
time 14:45:06.303836
¦========================================================================¦
¦========================================================================¦
time 14:45:35.777682
logit 0 - label logit (4) <= 6.8757801928210505
can not be verified
analysis time:  729.5786302089691  seconds
epsilon is in:
[0.0128125, 0.013593749999999998]
