../mnist_nets/mnist_relu_9_200.txt ../mnist_images/img4.txt
try epsilon of  0.017499999999999998
time 12:28:06.861081
the number of processes used is 4
add affine layer to problem 0 strategy LP
time 12:28:06.875968
add relu layer to problem 1 strategy LP
time 12:28:07.003125
¦========================================================================¦
¦========================================================================¦
add affine layer to problem 2 strategy LP
time 12:28:09.183291
add relu layer to problem 3 strategy LP
time 12:28:09.219347
¦========================================================================¦
¦========================================================================¦
add affine layer to problem 4 strategy LP
time 12:28:15.088441
add relu layer to problem 5 strategy LP
time 12:28:15.125013
¦========================================================================¦
¦========================================================================¦
add affine layer to problem 6 strategy LP
time 12:28:34.750449
add relu layer to problem 7 strategy LP
time 12:28:34.788588
¦========================================================================¦
¦========================================================================¦
add affine layer to problem 8 strategy LP
time 12:29:46.898032
add relu layer to problem 9 strategy LP
time 12:29:46.936177
¦========================================================================¦
¦========================================================================¦
add affine layer to problem 10 strategy LP
time 12:33:51.658549
add relu layer to problem 11 strategy LP
time 12:33:51.693896
¦========================================================================¦
¦========================================================================¦
add affine layer to problem 12 strategy LP
time 12:44:09.950314
add relu layer to problem 13 strategy LP
time 12:44:09.985639
¦========================================================================¦
¦========================================================================¦
add affine layer to problem 14 strategy LP
time 13:09:21.223679
add relu layer to problem 15 strategy LP
time 13:09:21.259592
¦========================================================================¦
¦========================================================================¦
add affine layer to problem 16 strategy LP
time 13:56:41.233260
add relu layer to problem 17 strategy LP
time 13:56:41.235373
¦========================================================================¦
¦========================================================================¦
time 13:59:39.177205
logit 0 - label logit (4) <= 622.3212619526921
can not be verified
analysis time:  5495.760324001312  seconds
epsilon is in:
[0.005, 0.017499999999999998]
try epsilon of  0.01125
time 13:59:45.109028
the number of processes used is 4
add affine layer to problem 0 strategy LP
time 13:59:45.112623
add relu layer to problem 1 strategy LP
time 13:59:45.238776
¦========================================================================¦
¦========================================================================¦
add affine layer to problem 2 strategy LP
time 13:59:47.331698
add relu layer to problem 3 strategy LP
time 13:59:47.367119
¦========================================================================¦
¦========================================================================¦
add affine layer to problem 4 strategy LP
time 13:59:51.898212
add relu layer to problem 5 strategy LP
time 13:59:51.934017
¦========================================================================¦
¦========================================================================¦
add affine layer to problem 6 strategy LP
time 14:00:15.407326
add relu layer to problem 7 strategy LP
time 14:00:15.442882
¦========================================================================¦
¦========================================================================¦
add affine layer to problem 8 strategy LP
time 14:00:35.760815
add relu layer to problem 9 strategy LP
time 14:00:35.796571
¦========================================================================¦
¦========================================================================¦
add affine layer to problem 10 strategy LP
time 14:01:24.462729
add relu layer to problem 11 strategy LP
time 14:01:24.498261
¦========================================================================¦
¦========================================================================¦
add affine layer to problem 12 strategy LP
time 14:03:01.650818
add relu layer to problem 13 strategy LP
time 14:03:01.686933
¦========================================================================¦
¦========================================================================¦
add affine layer to problem 14 strategy LP
time 14:06:29.824641
add relu layer to problem 15 strategy LP
time 14:06:29.860240
¦========================================================================¦
¦========================================================================¦
add affine layer to problem 16 strategy LP
time 14:15:17.746748
add relu layer to problem 17 strategy LP
time 14:15:17.748785
¦========================================================================¦
¦========================================================================¦
time 14:16:11.868919
logit 0 - label logit (4) <= 11.075108424869093
can not be verified
analysis time:  988.6852788925171  seconds
epsilon is in:
[0.005, 0.01125]
try epsilon of  0.008125
time 14:16:16.309071
the number of processes used is 4
add affine layer to problem 0 strategy LP
time 14:16:16.313075
add relu layer to problem 1 strategy LP
time 14:16:16.441492
¦========================================================================¦
¦========================================================================¦
add affine layer to problem 2 strategy LP
time 14:16:18.671618
add relu layer to problem 3 strategy LP
time 14:16:18.707470
¦========================================================================¦
¦========================================================================¦
add affine layer to problem 4 strategy LP
time 14:16:23.243771
add relu layer to problem 5 strategy LP
time 14:16:23.279873
¦========================================================================¦
¦========================================================================¦
add affine layer to problem 6 strategy LP
time 14:16:30.263269
add relu layer to problem 7 strategy LP
time 14:16:30.299092
¦========================================================================¦
¦========================================================================¦
add affine layer to problem 8 strategy LP
time 14:16:42.742743
add relu layer to problem 9 strategy LP
time 14:16:42.778635
¦========================================================================¦
¦========================================================================¦
add affine layer to problem 10 strategy LP
time 14:17:04.744493
add relu layer to problem 11 strategy LP
time 14:17:04.780545
¦========================================================================¦
¦========================================================================¦
add affine layer to problem 12 strategy LP
time 14:17:42.865106
add relu layer to problem 13 strategy LP
time 14:17:42.901368
¦========================================================================¦
¦========================================================================¦
add affine layer to problem 14 strategy LP
time 14:18:43.001588
add relu layer to problem 15 strategy LP
time 14:18:43.037632
¦========================================================================¦
¦========================================================================¦
add affine layer to problem 16 strategy LP
time 14:19:47.831621
add relu layer to problem 17 strategy LP
time 14:19:47.833697
¦========================================================================¦
¦========================================================================¦
time 14:19:54.633053
logit 0 is strictly smaller than the label logit (4)
logit 1 is strictly smaller than the label logit (4)
logit 2 is strictly smaller than the label logit (4)
logit 3 is strictly smaller than the label logit (4)
logit 5 is strictly smaller than the label logit (4)
logit 6 is strictly smaller than the label logit (4)
logit 7 is strictly smaller than the label logit (4)
logit 8 is strictly smaller than the label logit (4)
logit 9 is strictly smaller than the label logit (4)
verified
analysis time:  219.85670471191406  seconds
epsilon is in:
[0.008125, 0.01125]
try epsilon of  0.0096875
time 14:19:58.654944
the number of processes used is 4
add affine layer to problem 0 strategy LP
time 14:19:58.658985
add relu layer to problem 1 strategy LP
time 14:19:58.785139
¦========================================================================¦
¦========================================================================¦
add affine layer to problem 2 strategy LP
time 14:20:00.905493
add relu layer to problem 3 strategy LP
time 14:20:00.941089
¦========================================================================¦
¦========================================================================¦
add affine layer to problem 4 strategy LP
time 14:20:05.369270
add relu layer to problem 5 strategy LP
time 14:20:05.405053
¦========================================================================¦
¦========================================================================¦
add affine layer to problem 6 strategy LP
time 14:20:12.606869
add relu layer to problem 7 strategy LP
time 14:20:12.642344
¦========================================================================¦
¦========================================================================¦
add affine layer to problem 8 strategy LP
time 14:20:47.139934
add relu layer to problem 9 strategy LP
time 14:20:47.175704
¦========================================================================¦
¦========================================================================¦
add affine layer to problem 10 strategy LP
time 14:21:17.967601
add relu layer to problem 11 strategy LP
time 14:21:18.003182
¦========================================================================¦
¦========================================================================¦
add affine layer to problem 12 strategy LP
time 14:22:13.151582
add relu layer to problem 13 strategy LP
time 14:22:13.187174
¦========================================================================¦
¦========================================================================¦
add affine layer to problem 14 strategy LP
time 14:23:35.145581
add relu layer to problem 15 strategy LP
time 14:23:35.181612
¦========================================================================¦
¦========================================================================¦
add affine layer to problem 16 strategy LP
time 14:25:34.039206
add relu layer to problem 17 strategy LP
time 14:25:34.041257
¦========================================================================¦
¦========================================================================¦
time 14:25:45.644711
logit 0 is strictly smaller than the label logit (4)
logit 1 is strictly smaller than the label logit (4)
logit 2 is strictly smaller than the label logit (4)
logit 3 is strictly smaller than the label logit (4)
logit 5 is strictly smaller than the label logit (4)
logit 6 is strictly smaller than the label logit (4)
logit 7 is strictly smaller than the label logit (4)
logit 8 is strictly smaller than the label logit (4)
logit 9 is strictly smaller than the label logit (4)
verified
analysis time:  350.2973983287811  seconds
epsilon is in:
[0.0096875, 0.01125]
try epsilon of  0.010468749999999999
time 14:25:51.441758
the number of processes used is 4
add affine layer to problem 0 strategy LP
time 14:25:51.445370
add relu layer to problem 1 strategy LP
time 14:25:51.571864
¦========================================================================¦
¦========================================================================¦
add affine layer to problem 2 strategy LP
time 14:25:53.658084
add relu layer to problem 3 strategy LP
time 14:25:53.693667
¦========================================================================¦
¦========================================================================¦
add affine layer to problem 4 strategy LP
time 14:25:58.157591
add relu layer to problem 5 strategy LP
time 14:25:58.193517
¦========================================================================¦
¦========================================================================¦
add affine layer to problem 6 strategy LP
time 14:26:05.841556
add relu layer to problem 7 strategy LP
time 14:26:05.877156
¦========================================================================¦
¦========================================================================¦
add affine layer to problem 8 strategy LP
time 14:26:21.688434
add relu layer to problem 9 strategy LP
time 14:26:21.724156
¦========================================================================¦
¦========================================================================¦
add affine layer to problem 10 strategy LP
time 14:26:57.014230
add relu layer to problem 11 strategy LP
time 14:26:57.049953
¦========================================================================¦
¦========================================================================¦
add affine layer to problem 12 strategy LP
time 14:28:01.411822
add relu layer to problem 13 strategy LP
time 14:28:01.448073
¦========================================================================¦
¦========================================================================¦
add affine layer to problem 14 strategy LP
time 14:29:53.867203
add relu layer to problem 15 strategy LP
time 14:29:53.902963
¦========================================================================¦
¦========================================================================¦
add affine layer to problem 16 strategy LP
time 14:33:21.622784
add relu layer to problem 17 strategy LP
time 14:33:21.624835
¦========================================================================¦
¦========================================================================¦
time 14:33:45.969848
logit 0 - label logit (4) <= 2.819881245429732
can not be verified
analysis time:  475.37147521972656  seconds
epsilon is in:
[0.0096875, 0.010468749999999999]
