../mnist_nets/mnist_relu_9_200.txt ../mnist_images/img82.txt
try epsilon of  0.017499999999999998
time 13:54:51.792829
the number of processes used is 4
add affine layer to problem 0 strategy LP
time 13:54:51.810636
add relu layer to problem 1 strategy LP
time 13:54:51.944956
¦========================================================================¦
¦========================================================================¦
add affine layer to problem 2 strategy LP
time 13:54:55.193729
add relu layer to problem 3 strategy LP
time 13:54:55.230411
¦========================================================================¦
¦========================================================================¦
add affine layer to problem 4 strategy LP
time 13:55:02.216758
add relu layer to problem 5 strategy LP
time 13:55:02.254293
¦========================================================================¦
¦========================================================================¦
add affine layer to problem 6 strategy LP
time 13:55:13.201459
add relu layer to problem 7 strategy LP
time 13:55:13.237973
¦========================================================================¦
¦========================================================================¦
add affine layer to problem 8 strategy LP
time 13:55:30.521483
add relu layer to problem 9 strategy LP
time 13:55:30.558485
¦========================================================================¦
¦========================================================================¦
add affine layer to problem 10 strategy LP
time 13:55:56.468233
add relu layer to problem 11 strategy LP
time 13:55:56.504248
¦========================================================================¦
¦========================================================================¦
add affine layer to problem 12 strategy LP
time 13:56:28.828693
add relu layer to problem 13 strategy LP
time 13:56:28.865337
¦========================================================================¦
¦========================================================================¦
add affine layer to problem 14 strategy LP
time 13:57:08.614314
add relu layer to problem 15 strategy LP
time 13:57:08.650529
¦========================================================================¦
¦========================================================================¦
add affine layer to problem 16 strategy LP
time 13:57:47.958850
add relu layer to problem 17 strategy LP
time 13:57:47.961207
¦========================================================================¦
¦========================================================================¦
time 13:57:51.176219
logit 0 is strictly smaller than the label logit (2)
logit 1 is strictly smaller than the label logit (2)
logit 3 is strictly smaller than the label logit (2)
logit 4 is strictly smaller than the label logit (2)
logit 5 is strictly smaller than the label logit (2)
logit 6 is strictly smaller than the label logit (2)
logit 7 is strictly smaller than the label logit (2)
logit 8 is strictly smaller than the label logit (2)
logit 9 is strictly smaller than the label logit (2)
verified
analysis time:  180.87290167808533  seconds
epsilon is in:
[0.017499999999999998, 0.03]
try epsilon of  0.02375
time 13:57:55.521703
the number of processes used is 4
add affine layer to problem 0 strategy LP
time 13:57:55.526257
add relu layer to problem 1 strategy LP
time 13:57:55.661363
¦========================================================================¦
¦========================================================================¦
add affine layer to problem 2 strategy LP
time 13:57:59.105645
add relu layer to problem 3 strategy LP
time 13:57:59.142470
¦========================================================================¦
¦========================================================================¦
add affine layer to problem 4 strategy LP
time 13:58:06.760491
add relu layer to problem 5 strategy LP
time 13:58:06.797687
¦========================================================================¦
¦========================================================================¦
add affine layer to problem 6 strategy LP
time 13:58:20.641321
add relu layer to problem 7 strategy LP
time 13:58:20.678192
¦========================================================================¦
¦========================================================================¦
add affine layer to problem 8 strategy LP
time 13:58:46.434961
add relu layer to problem 9 strategy LP
time 13:58:46.470904
¦========================================================================¦
¦========================================================================¦
add affine layer to problem 10 strategy LP
time 13:59:33.293108
add relu layer to problem 11 strategy LP
time 13:59:33.329241
¦========================================================================¦
¦========================================================================¦
add affine layer to problem 12 strategy LP
time 14:00:40.302718
add relu layer to problem 13 strategy LP
time 14:00:40.338939
¦========================================================================¦
¦========================================================================¦
add affine layer to problem 14 strategy LP
time 14:02:18.944128
add relu layer to problem 15 strategy LP
time 14:02:18.980458
¦========================================================================¦
¦========================================================================¦
add affine layer to problem 16 strategy LP
time 14:04:13.703296
add relu layer to problem 17 strategy LP
time 14:04:13.705600
¦========================================================================¦
¦========================================================================¦
time 14:04:20.878641
logit 0 is strictly smaller than the label logit (2)
logit 1 is strictly smaller than the label logit (2)
logit 3 is strictly smaller than the label logit (2)
logit 4 is strictly smaller than the label logit (2)
logit 5 is strictly smaller than the label logit (2)
logit 6 is strictly smaller than the label logit (2)
logit 7 is strictly smaller than the label logit (2)
logit 8 is strictly smaller than the label logit (2)
logit 9 is strictly smaller than the label logit (2)
verified
analysis time:  387.14388155937195  seconds
epsilon is in:
[0.02375, 0.03]
try epsilon of  0.026875
time 14:04:25.499987
the number of processes used is 4
add affine layer to problem 0 strategy LP
time 14:04:25.504745
add relu layer to problem 1 strategy LP
time 14:04:25.639377
¦========================================================================¦
¦========================================================================¦
add affine layer to problem 2 strategy LP
time 14:04:28.955109
add relu layer to problem 3 strategy LP
time 14:04:28.991958
¦========================================================================¦
¦========================================================================¦
add affine layer to problem 4 strategy LP
time 14:04:37.016588
add relu layer to problem 5 strategy LP
time 14:04:37.055092
¦========================================================================¦
¦========================================================================¦
add affine layer to problem 6 strategy LP
time 14:04:54.536082
add relu layer to problem 7 strategy LP
time 14:04:54.572719
¦========================================================================¦
¦========================================================================¦
add affine layer to problem 8 strategy LP
time 14:05:35.901653
add relu layer to problem 9 strategy LP
time 14:05:35.937542
¦========================================================================¦
¦========================================================================¦
add affine layer to problem 10 strategy LP
time 14:06:54.151288
add relu layer to problem 11 strategy LP
time 14:06:54.187388
¦========================================================================¦
¦========================================================================¦
add affine layer to problem 12 strategy LP
time 14:08:58.595217
add relu layer to problem 13 strategy LP
time 14:08:58.632278
¦========================================================================¦
¦========================================================================¦
add affine layer to problem 14 strategy LP
time 14:12:23.669645
add relu layer to problem 15 strategy LP
time 14:12:23.705779
¦========================================================================¦
¦========================================================================¦
add affine layer to problem 16 strategy LP
time 14:17:07.389635
add relu layer to problem 17 strategy LP
time 14:17:07.391929
¦========================================================================¦
¦========================================================================¦
time 14:17:30.075024
logit 0 is strictly smaller than the label logit (2)
logit 1 is strictly smaller than the label logit (2)
logit 3 is strictly smaller than the label logit (2)
logit 4 is strictly smaller than the label logit (2)
logit 5 is strictly smaller than the label logit (2)
logit 6 is strictly smaller than the label logit (2)
logit 7 is strictly smaller than the label logit (2)
logit 8 is strictly smaller than the label logit (2)
logit 9 is strictly smaller than the label logit (2)
verified
analysis time:  787.2908315658569  seconds
epsilon is in:
[0.026875, 0.03]
try epsilon of  0.028437499999999998
time 14:17:35.611176
the number of processes used is 4
add affine layer to problem 0 strategy LP
time 14:17:35.615948
add relu layer to problem 1 strategy LP
time 14:17:35.751959
¦========================================================================¦
¦========================================================================¦
add affine layer to problem 2 strategy LP
time 14:17:38.890806
add relu layer to problem 3 strategy LP
time 14:17:38.926714
¦========================================================================¦
¦========================================================================¦
add affine layer to problem 4 strategy LP
time 14:17:47.052020
add relu layer to problem 5 strategy LP
time 14:17:47.090568
¦========================================================================¦
¦========================================================================¦
add affine layer to problem 6 strategy LP
time 14:18:05.381542
add relu layer to problem 7 strategy LP
time 14:18:05.417891
¦========================================================================¦
¦========================================================================¦
add affine layer to problem 8 strategy LP
time 14:18:47.774406
add relu layer to problem 9 strategy LP
time 14:18:47.810252
¦========================================================================¦
¦========================================================================¦
add affine layer to problem 10 strategy LP
time 14:20:16.158125
add relu layer to problem 11 strategy LP
time 14:20:16.194731
¦========================================================================¦
¦========================================================================¦
add affine layer to problem 12 strategy LP
time 14:22:57.156656
add relu layer to problem 13 strategy LP
time 14:22:57.192538
¦========================================================================¦
¦========================================================================¦
add affine layer to problem 14 strategy LP
time 14:27:35.006497
add relu layer to problem 15 strategy LP
time 14:27:35.042744
¦========================================================================¦
¦========================================================================¦
add affine layer to problem 16 strategy LP
time 14:34:53.322290
add relu layer to problem 17 strategy LP
time 14:34:53.324672
¦========================================================================¦
¦========================================================================¦
time 14:35:37.732462
logit 0 is strictly smaller than the label logit (2)
logit 1 - label logit (2) <= 1.721687981957765
can not be verified
analysis time:  1083.877735376358  seconds
epsilon is in:
[0.026875, 0.028437499999999998]
try epsilon of  0.02765625
time 14:35:42.319042
the number of processes used is 4
add affine layer to problem 0 strategy LP
time 14:35:42.323710
add relu layer to problem 1 strategy LP
time 14:35:42.474806
¦========================================================================¦
¦========================================================================¦
add affine layer to problem 2 strategy LP
time 14:35:45.654832
add relu layer to problem 3 strategy LP
time 14:35:45.691333
¦========================================================================¦
¦========================================================================¦
add affine layer to problem 4 strategy LP
time 14:35:53.471107
add relu layer to problem 5 strategy LP
time 14:35:53.509854
¦========================================================================¦
¦========================================================================¦
add affine layer to problem 6 strategy LP
time 14:36:11.856811
add relu layer to problem 7 strategy LP
time 14:36:11.893183
¦========================================================================¦
¦========================================================================¦
add affine layer to problem 8 strategy LP
time 14:36:53.132706
add relu layer to problem 9 strategy LP
time 14:36:53.169173
¦========================================================================¦
¦========================================================================¦
add affine layer to problem 10 strategy LP
time 14:38:10.826195
add relu layer to problem 11 strategy LP
time 14:38:10.863315
¦========================================================================¦
¦========================================================================¦
add affine layer to problem 12 strategy LP
time 14:40:29.092060
add relu layer to problem 13 strategy LP
time 14:40:29.129785
¦========================================================================¦
¦========================================================================¦
add affine layer to problem 14 strategy LP
time 14:44:02.175692
add relu layer to problem 15 strategy LP
time 14:44:02.211609
¦========================================================================¦
¦========================================================================¦
add affine layer to problem 16 strategy LP
time 14:49:27.120227
add relu layer to problem 17 strategy LP
time 14:49:27.122574
¦========================================================================¦
¦========================================================================¦
time 14:49:48.081899
logit 0 is strictly smaller than the label logit (2)
logit 1 is strictly smaller than the label logit (2)
logit 3 is strictly smaller than the label logit (2)
logit 4 is strictly smaller than the label logit (2)
logit 5 is strictly smaller than the label logit (2)
logit 6 is strictly smaller than the label logit (2)
logit 7 is strictly smaller than the label logit (2)
logit 8 is strictly smaller than the label logit (2)
logit 9 is strictly smaller than the label logit (2)
verified
analysis time:  850.1969165802002  seconds
epsilon is in:
[0.02765625, 0.028437499999999998]
