../mnist_nets/mnist_relu_9_200.txt ../mnist_images/img8.txt
try epsilon of  0.017499999999999998
time 12:28:07.794006
the number of processes used is 4
add affine layer to problem 0 strategy LP
time 12:28:07.805895
add relu layer to problem 1 strategy LP
time 12:28:07.933943
¦========================================================================¦
¦========================================================================¦
add affine layer to problem 2 strategy LP
time 12:28:10.407274
add relu layer to problem 3 strategy LP
time 12:28:10.441816
¦========================================================================¦
¦========================================================================¦
add affine layer to problem 4 strategy LP
time 12:28:15.991223
add relu layer to problem 5 strategy LP
time 12:28:16.026343
¦========================================================================¦
¦========================================================================¦
add affine layer to problem 6 strategy LP
time 12:28:32.562275
add relu layer to problem 7 strategy LP
time 12:28:32.596816
¦========================================================================¦
¦========================================================================¦
add affine layer to problem 8 strategy LP
time 12:29:51.618124
add relu layer to problem 9 strategy LP
time 12:29:51.652801
¦========================================================================¦
¦========================================================================¦
add affine layer to problem 10 strategy LP
time 12:34:43.476847
add relu layer to problem 11 strategy LP
time 12:34:43.509363
¦========================================================================¦
¦========================================================================¦
add affine layer to problem 12 strategy LP
time 12:46:30.028245
add relu layer to problem 13 strategy LP
time 12:46:30.060692
¦========================================================================¦
¦========================================================================¦
add affine layer to problem 14 strategy LP
time 13:11:27.567388
add relu layer to problem 15 strategy LP
time 13:11:27.600362
¦========================================================================¦
¦========================================================================¦
add affine layer to problem 16 strategy LP
time 13:57:40.074135
add relu layer to problem 17 strategy LP
time 13:57:40.076023
¦========================================================================¦
¦========================================================================¦
time 14:00:51.818713
logit 0 - label logit (5) <= 1344.0899548575967
can not be verified
analysis time:  5568.023413896561  seconds
epsilon is in:
[0.005, 0.017499999999999998]
try epsilon of  0.01125
time 14:00:58.281639
the number of processes used is 4
add affine layer to problem 0 strategy LP
time 14:00:58.284955
add relu layer to problem 1 strategy LP
time 14:00:58.400793
¦========================================================================¦
¦========================================================================¦
add affine layer to problem 2 strategy LP
time 14:01:00.599284
add relu layer to problem 3 strategy LP
time 14:01:00.632474
¦========================================================================¦
¦========================================================================¦
add affine layer to problem 4 strategy LP
time 14:01:04.470485
add relu layer to problem 5 strategy LP
time 14:01:04.503838
¦========================================================================¦
¦========================================================================¦
add affine layer to problem 6 strategy LP
time 14:01:12.831198
add relu layer to problem 7 strategy LP
time 14:01:12.864047
¦========================================================================¦
¦========================================================================¦
add affine layer to problem 8 strategy LP
time 14:01:40.482808
add relu layer to problem 9 strategy LP
time 14:01:40.515210
¦========================================================================¦
¦========================================================================¦
add affine layer to problem 10 strategy LP
time 14:03:28.406440
add relu layer to problem 11 strategy LP
time 14:03:28.439708
¦========================================================================¦
¦========================================================================¦
add affine layer to problem 12 strategy LP
time 14:09:09.835908
add relu layer to problem 13 strategy LP
time 14:09:09.868924
¦========================================================================¦
¦========================================================================¦
add affine layer to problem 14 strategy LP
time 14:24:57.995253
add relu layer to problem 15 strategy LP
time 14:24:58.027708
¦========================================================================¦
¦========================================================================¦
add affine layer to problem 16 strategy LP
time 14:57:42.434116
add relu layer to problem 17 strategy LP
time 14:57:42.436000
¦========================================================================¦
¦========================================================================¦
time 14:59:50.095667
logit 0 - label logit (5) <= 355.89047653719155
can not be verified
analysis time:  3534.4939634799957  seconds
epsilon is in:
[0.005, 0.01125]
try epsilon of  0.008125
time 14:59:55.242423
the number of processes used is 4
add affine layer to problem 0 strategy LP
time 14:59:55.246133
add relu layer to problem 1 strategy LP
time 14:59:55.361679
¦========================================================================¦
¦========================================================================¦
add affine layer to problem 2 strategy LP
time 14:59:57.766208
add relu layer to problem 3 strategy LP
time 14:59:57.799404
¦========================================================================¦
¦========================================================================¦
add affine layer to problem 4 strategy LP
time 15:00:01.362534
add relu layer to problem 5 strategy LP
time 15:00:01.395790
¦========================================================================¦
¦========================================================================¦
add affine layer to problem 6 strategy LP
time 15:00:08.209349
add relu layer to problem 7 strategy LP
time 15:00:08.242179
¦========================================================================¦
¦========================================================================¦
add affine layer to problem 8 strategy LP
time 15:00:26.573027
add relu layer to problem 9 strategy LP
time 15:00:26.605536
¦========================================================================¦
¦========================================================================¦
add affine layer to problem 10 strategy LP
time 15:01:30.828899
add relu layer to problem 11 strategy LP
time 15:01:30.862145
¦========================================================================¦
¦========================================================================¦
add affine layer to problem 12 strategy LP
time 15:05:09.525266
add relu layer to problem 13 strategy LP
time 15:05:09.557801
¦========================================================================¦
¦========================================================================¦
add affine layer to problem 14 strategy LP
time 15:14:47.242266
add relu layer to problem 15 strategy LP
time 15:14:47.274821
¦========================================================================¦
¦========================================================================¦
add affine layer to problem 16 strategy LP
time 15:39:25.774534
add relu layer to problem 17 strategy LP
time 15:39:25.776422
¦========================================================================¦
¦========================================================================¦
time 15:41:17.008850
logit 0 - label logit (5) <= 112.40558619659518
can not be verified
analysis time:  2484.0134155750275  seconds
epsilon is in:
[0.005, 0.008125]
try epsilon of  0.006562500000000001
time 15:41:21.720242
the number of processes used is 4
add affine layer to problem 0 strategy LP
time 15:41:21.724018
add relu layer to problem 1 strategy LP
time 15:41:21.839623
¦========================================================================¦
¦========================================================================¦
add affine layer to problem 2 strategy LP
time 15:41:24.216723
add relu layer to problem 3 strategy LP
time 15:41:24.254009
¦========================================================================¦
¦========================================================================¦
add affine layer to problem 4 strategy LP
time 15:41:27.713734
add relu layer to problem 5 strategy LP
time 15:41:27.747123
¦========================================================================¦
¦========================================================================¦
add affine layer to problem 6 strategy LP
time 15:41:33.865421
add relu layer to problem 7 strategy LP
time 15:41:33.898377
¦========================================================================¦
¦========================================================================¦
add affine layer to problem 8 strategy LP
time 15:41:47.253467
add relu layer to problem 9 strategy LP
time 15:41:47.286024
¦========================================================================¦
¦========================================================================¦
add affine layer to problem 10 strategy LP
time 15:42:28.829929
add relu layer to problem 11 strategy LP
time 15:42:28.863294
¦========================================================================¦
¦========================================================================¦
add affine layer to problem 12 strategy LP
time 15:44:41.721066
add relu layer to problem 13 strategy LP
time 15:44:41.753753
¦========================================================================¦
¦========================================================================¦
add affine layer to problem 14 strategy LP
time 15:51:28.407602
add relu layer to problem 15 strategy LP
time 15:51:28.440125
¦========================================================================¦
¦========================================================================¦
add affine layer to problem 16 strategy LP
time 16:10:06.202226
add relu layer to problem 17 strategy LP
time 16:10:06.204126
¦========================================================================¦
¦========================================================================¦
time 16:11:26.574896
logit 0 - label logit (5) <= 43.700590138492416
can not be verified
analysis time:  1806.8433742523193  seconds
epsilon is in:
[0.005, 0.006562500000000001]
try epsilon of  0.00578125
time 16:11:31.030909
the number of processes used is 4
add affine layer to problem 0 strategy LP
time 16:11:31.034464
add relu layer to problem 1 strategy LP
time 16:11:31.150141
¦========================================================================¦
¦========================================================================¦
add affine layer to problem 2 strategy LP
time 16:11:33.522165
add relu layer to problem 3 strategy LP
time 16:11:33.555541
¦========================================================================¦
¦========================================================================¦
add affine layer to problem 4 strategy LP
time 16:11:36.961487
add relu layer to problem 5 strategy LP
time 16:11:36.994727
¦========================================================================¦
¦========================================================================¦
add affine layer to problem 6 strategy LP
time 16:11:42.922588
add relu layer to problem 7 strategy LP
time 16:11:42.955561
¦========================================================================¦
¦========================================================================¦
add affine layer to problem 8 strategy LP
time 16:11:54.401629
add relu layer to problem 9 strategy LP
time 16:11:54.434269
¦========================================================================¦
¦========================================================================¦
add affine layer to problem 10 strategy LP
time 16:12:25.765088
add relu layer to problem 11 strategy LP
time 16:12:25.798468
¦========================================================================¦
¦========================================================================¦
add affine layer to problem 12 strategy LP
time 16:13:57.899612
add relu layer to problem 13 strategy LP
time 16:13:57.932005
¦========================================================================¦
¦========================================================================¦
add affine layer to problem 14 strategy LP
time 16:18:39.212309
add relu layer to problem 15 strategy LP
time 16:18:39.244854
¦========================================================================¦
¦========================================================================¦
add affine layer to problem 16 strategy LP
time 16:31:14.973638
add relu layer to problem 17 strategy LP
time 16:31:14.975544
¦========================================================================¦
¦========================================================================¦
time 16:32:23.749117
logit 0 - label logit (5) <= 21.711284474969634
can not be verified
analysis time:  1254.9279119968414  seconds
epsilon is in:
[0.005, 0.00578125]
