../mnist_nets/mnist_relu_9_200.txt ../mnist_images/img96.txt
try epsilon of  0.017499999999999998
time 18:46:43.029268
the number of processes used is 12
add affine layer to problem 0 strategy LP
time 18:46:43.044785
add relu layer to problem 1 strategy LP
time 18:46:43.117498
¦========================================================================¦
¦========================================================================¦
add affine layer to problem 2 strategy LP
time 18:46:45.246704
add relu layer to problem 3 strategy LP
time 18:46:45.266475
¦========================================================================¦
¦========================================================================¦
add affine layer to problem 4 strategy LP
time 18:46:50.482246
add relu layer to problem 5 strategy LP
time 18:46:50.503843
¦========================================================================¦
¦========================================================================¦
add affine layer to problem 6 strategy LP
time 18:47:18.292974
add relu layer to problem 7 strategy LP
time 18:47:18.313747
¦========================================================================¦
¦========================================================================¦
add affine layer to problem 8 strategy LP
time 18:49:37.826794
add relu layer to problem 9 strategy LP
time 18:49:37.847163
¦========================================================================¦
¦========================================================================¦
add affine layer to problem 10 strategy LP
time 19:05:19.367963
add relu layer to problem 11 strategy LP
time 19:05:19.388212
¦========================================================================¦
¦========================================================================¦
add affine layer to problem 12 strategy LP
time 19:33:37.012234
add relu layer to problem 13 strategy LP
time 19:33:37.030840
¦========================================================================¦
¦========================================================================¦
add affine layer to problem 14 strategy LP
time 20:12:57.734607
add relu layer to problem 15 strategy LP
time 20:12:57.753272
¦========================================================================¦
¦========================================================================¦
add affine layer to problem 16 strategy LP
time 21:13:36.899768
add relu layer to problem 17 strategy LP
time 21:13:36.900872
¦========================================================================¦
¦========================================================================¦
time 21:16:11.952665
logit 0 - label logit (1) <= 2606.0502215008332
can not be verified
analysis time:  8973.269027471542  seconds
epsilon is in:
[0.005, 0.017499999999999998]
try epsilon of  0.01125
time 21:16:17.928507
the number of processes used is 12
add affine layer to problem 0 strategy LP
time 21:16:17.930616
add relu layer to problem 1 strategy LP
time 21:16:18.000163
¦========================================================================¦
¦========================================================================¦
add affine layer to problem 2 strategy LP
time 21:16:20.192858
add relu layer to problem 3 strategy LP
time 21:16:20.211481
¦========================================================================¦
¦========================================================================¦
add affine layer to problem 4 strategy LP
time 21:16:24.386244
add relu layer to problem 5 strategy LP
time 21:16:24.405580
¦========================================================================¦
¦========================================================================¦
add affine layer to problem 6 strategy LP
time 21:16:35.006328
add relu layer to problem 7 strategy LP
time 21:16:35.025121
¦========================================================================¦
¦========================================================================¦
add affine layer to problem 8 strategy LP
time 21:18:14.486527
add relu layer to problem 9 strategy LP
time 21:18:14.505161
¦========================================================================¦
¦========================================================================¦
add affine layer to problem 10 strategy LP
time 21:20:23.375815
add relu layer to problem 11 strategy LP
time 21:20:23.394386
¦========================================================================¦
¦========================================================================¦
add affine layer to problem 12 strategy LP
time 21:29:16.238119
add relu layer to problem 13 strategy LP
time 21:29:16.256805
¦========================================================================¦
¦========================================================================¦
add affine layer to problem 14 strategy LP
time 21:49:49.177705
add relu layer to problem 15 strategy LP
time 21:49:49.196423
¦========================================================================¦
¦========================================================================¦
add affine layer to problem 16 strategy LP
time 22:25:50.562306
add relu layer to problem 17 strategy LP
time 22:25:50.563452
¦========================================================================¦
¦========================================================================¦
time 22:27:13.461115
logit 0 - label logit (1) <= 402.2075605428168
can not be verified
analysis time:  4259.921763420105  seconds
epsilon is in:
[0.005, 0.01125]
try epsilon of  0.008125
time 22:27:19.469878
the number of processes used is 12
add affine layer to problem 0 strategy LP
time 22:27:19.472263
add relu layer to problem 1 strategy LP
time 22:27:19.540586
¦========================================================================¦
¦========================================================================¦
add affine layer to problem 2 strategy LP
time 22:27:21.762759
add relu layer to problem 3 strategy LP
time 22:27:21.781352
¦========================================================================¦
¦========================================================================¦
add affine layer to problem 4 strategy LP
time 22:27:25.522581
add relu layer to problem 5 strategy LP
time 22:27:25.541484
¦========================================================================¦
¦========================================================================¦
add affine layer to problem 6 strategy LP
time 22:27:32.483798
add relu layer to problem 7 strategy LP
time 22:27:32.502549
¦========================================================================¦
¦========================================================================¦
add affine layer to problem 8 strategy LP
time 22:27:49.507281
add relu layer to problem 9 strategy LP
time 22:27:49.526633
¦========================================================================¦
¦========================================================================¦
add affine layer to problem 10 strategy LP
time 22:28:37.777054
add relu layer to problem 11 strategy LP
time 22:28:37.796525
¦========================================================================¦
¦========================================================================¦
add affine layer to problem 12 strategy LP
time 22:32:08.329172
add relu layer to problem 13 strategy LP
time 22:32:08.347824
¦========================================================================¦
¦========================================================================¦
add affine layer to problem 14 strategy LP
time 22:39:48.831903
add relu layer to problem 15 strategy LP
time 22:39:48.850487
¦========================================================================¦
¦========================================================================¦
add affine layer to problem 16 strategy LP
time 23:00:07.209489
add relu layer to problem 17 strategy LP
time 23:00:07.210605
¦========================================================================¦
¦========================================================================¦
time 23:01:05.372757
logit 0 - label logit (1) <= 69.23173328425953
can not be verified
analysis time:  2028.2293617725372  seconds
epsilon is in:
[0.005, 0.008125]
try epsilon of  0.006562500000000001
time 23:01:09.321931
the number of processes used is 12
add affine layer to problem 0 strategy LP
time 23:01:09.324577
add relu layer to problem 1 strategy LP
time 23:01:09.395570
¦========================================================================¦
¦========================================================================¦
add affine layer to problem 2 strategy LP
time 23:01:11.577604
add relu layer to problem 3 strategy LP
time 23:01:11.596336
¦========================================================================¦
¦========================================================================¦
add affine layer to problem 4 strategy LP
time 23:01:15.075926
add relu layer to problem 5 strategy LP
time 23:01:15.094672
¦========================================================================¦
¦========================================================================¦
add affine layer to problem 6 strategy LP
time 23:01:21.515831
add relu layer to problem 7 strategy LP
time 23:01:21.534512
¦========================================================================¦
¦========================================================================¦
add affine layer to problem 8 strategy LP
time 23:01:31.975904
add relu layer to problem 9 strategy LP
time 23:01:31.995211
¦========================================================================¦
¦========================================================================¦
add affine layer to problem 10 strategy LP
time 23:01:58.023435
add relu layer to problem 11 strategy LP
time 23:01:58.042095
¦========================================================================¦
¦========================================================================¦
add affine layer to problem 12 strategy LP
time 23:02:59.217451
add relu layer to problem 13 strategy LP
time 23:02:59.236596
¦========================================================================¦
¦========================================================================¦
add affine layer to problem 14 strategy LP
time 23:07:05.792505
add relu layer to problem 15 strategy LP
time 23:07:05.811219
¦========================================================================¦
¦========================================================================¦
add affine layer to problem 16 strategy LP
time 23:16:56.671630
add relu layer to problem 17 strategy LP
time 23:16:56.672746
¦========================================================================¦
¦========================================================================¦
time 23:17:34.082809
logit 0 - label logit (1) <= 15.861866991091178
can not be verified
analysis time:  986.4120924472809  seconds
epsilon is in:
[0.005, 0.006562500000000001]
try epsilon of  0.00578125
time 23:17:37.356159
the number of processes used is 12
add affine layer to problem 0 strategy LP
time 23:17:37.358500
add relu layer to problem 1 strategy LP
time 23:17:37.426780
¦========================================================================¦
¦========================================================================¦
add affine layer to problem 2 strategy LP
time 23:17:39.614821
add relu layer to problem 3 strategy LP
time 23:17:39.633525
¦========================================================================¦
¦========================================================================¦
add affine layer to problem 4 strategy LP
time 23:17:43.264182
add relu layer to problem 5 strategy LP
time 23:17:43.295272
¦========================================================================¦
¦========================================================================¦
add affine layer to problem 6 strategy LP
time 23:17:49.368225
add relu layer to problem 7 strategy LP
time 23:17:49.399646
¦========================================================================¦
¦========================================================================¦
add affine layer to problem 8 strategy LP
time 23:17:59.186391
add relu layer to problem 9 strategy LP
time 23:17:59.205617
¦========================================================================¦
¦========================================================================¦
add affine layer to problem 10 strategy LP
time 23:18:21.354184
add relu layer to problem 11 strategy LP
time 23:18:21.372907
¦========================================================================¦
¦========================================================================¦
add affine layer to problem 12 strategy LP
time 23:19:08.104478
add relu layer to problem 13 strategy LP
time 23:19:08.123440
¦========================================================================¦
¦========================================================================¦
add affine layer to problem 14 strategy LP
time 23:21:45.096119
add relu layer to problem 15 strategy LP
time 23:21:45.114967
¦========================================================================¦
¦========================================================================¦
add affine layer to problem 16 strategy LP
time 23:26:46.306666
add relu layer to problem 17 strategy LP
time 23:26:46.307823
¦========================================================================¦
¦========================================================================¦
time 23:27:12.135708
logit 0 - label logit (1) <= 5.137174689236364
can not be verified
analysis time:  576.366667509079  seconds
epsilon is in:
[0.005, 0.00578125]
