../mnist_nets/mnist_relu_9_200.txt ../mnist_images/img74.txt
try epsilon of  0.017499999999999998
time 12:51:45.113572
the number of processes used is 4
add affine layer to problem 0 strategy LP
time 12:51:45.131197
add relu layer to problem 1 strategy LP
time 12:51:45.283420
¦========================================================================¦
¦========================================================================¦
add affine layer to problem 2 strategy LP
time 12:51:48.500295
add relu layer to problem 3 strategy LP
time 12:51:48.538136
¦========================================================================¦
¦========================================================================¦
add affine layer to problem 4 strategy LP
time 12:51:56.594854
add relu layer to problem 5 strategy LP
time 12:51:56.632167
¦========================================================================¦
¦========================================================================¦
add affine layer to problem 6 strategy LP
time 12:52:20.781317
add relu layer to problem 7 strategy LP
time 12:52:20.818083
¦========================================================================¦
¦========================================================================¦
add affine layer to problem 8 strategy LP
time 12:53:55.806893
add relu layer to problem 9 strategy LP
time 12:53:55.843104
¦========================================================================¦
¦========================================================================¦
add affine layer to problem 10 strategy LP
time 12:59:35.803126
add relu layer to problem 11 strategy LP
time 12:59:35.840433
¦========================================================================¦
¦========================================================================¦
add affine layer to problem 12 strategy LP
time 13:16:35.464147
add relu layer to problem 13 strategy LP
time 13:16:35.501344
¦========================================================================¦
¦========================================================================¦
add affine layer to problem 14 strategy LP
time 13:58:43.190197
add relu layer to problem 15 strategy LP
time 13:58:43.227672
¦========================================================================¦
¦========================================================================¦
add affine layer to problem 16 strategy LP
time 15:31:44.911805
add relu layer to problem 17 strategy LP
time 15:31:44.914292
¦========================================================================¦
¦========================================================================¦
time 15:37:25.440237
logit 0 - label logit (1) <= 556.8840412911992
can not be verified
analysis time:  9945.343100309372  seconds
epsilon is in:
[0.005, 0.017499999999999998]
try epsilon of  0.01125
time 15:37:33.250107
the number of processes used is 4
add affine layer to problem 0 strategy LP
time 15:37:33.254431
add relu layer to problem 1 strategy LP
time 15:37:33.408889
¦========================================================================¦
¦========================================================================¦
add affine layer to problem 2 strategy LP
time 15:37:36.627380
add relu layer to problem 3 strategy LP
time 15:37:36.665474
¦========================================================================¦
¦========================================================================¦
add affine layer to problem 4 strategy LP
time 15:37:43.401470
add relu layer to problem 5 strategy LP
time 15:37:43.439849
¦========================================================================¦
¦========================================================================¦
add affine layer to problem 6 strategy LP
time 15:37:57.873191
add relu layer to problem 7 strategy LP
time 15:37:57.911598
¦========================================================================¦
¦========================================================================¦
add affine layer to problem 8 strategy LP
time 15:38:32.584819
add relu layer to problem 9 strategy LP
time 15:38:32.622959
¦========================================================================¦
¦========================================================================¦
add affine layer to problem 10 strategy LP
time 15:39:50.145071
add relu layer to problem 11 strategy LP
time 15:39:50.183355
¦========================================================================¦
¦========================================================================¦
add affine layer to problem 12 strategy LP
time 15:42:13.617725
add relu layer to problem 13 strategy LP
time 15:42:13.655583
¦========================================================================¦
¦========================================================================¦
add affine layer to problem 14 strategy LP
time 15:46:20.440143
add relu layer to problem 15 strategy LP
time 15:46:20.478994
¦========================================================================¦
¦========================================================================¦
add affine layer to problem 16 strategy LP
time 15:52:27.353770
add relu layer to problem 17 strategy LP
time 15:52:27.356238
¦========================================================================¦
¦========================================================================¦
time 15:53:05.253991
logit 0 - label logit (1) <= 0.9893383719723368
can not be verified
analysis time:  932.961347579956  seconds
epsilon is in:
[0.005, 0.01125]
try epsilon of  0.008125
time 15:53:09.011723
the number of processes used is 4
add affine layer to problem 0 strategy LP
time 15:53:09.016562
add relu layer to problem 1 strategy LP
time 15:53:09.170316
¦========================================================================¦
¦========================================================================¦
add affine layer to problem 2 strategy LP
time 15:53:12.368409
add relu layer to problem 3 strategy LP
time 15:53:12.407075
¦========================================================================¦
¦========================================================================¦
add affine layer to problem 4 strategy LP
time 15:53:18.661775
add relu layer to problem 5 strategy LP
time 15:53:18.699854
¦========================================================================¦
¦========================================================================¦
add affine layer to problem 6 strategy LP
time 15:53:31.056748
add relu layer to problem 7 strategy LP
time 15:53:31.094118
¦========================================================================¦
¦========================================================================¦
add affine layer to problem 8 strategy LP
time 15:53:52.235725
add relu layer to problem 9 strategy LP
time 15:53:52.273684
¦========================================================================¦
¦========================================================================¦
add affine layer to problem 10 strategy LP
time 15:54:27.672889
add relu layer to problem 11 strategy LP
time 15:54:27.711336
¦========================================================================¦
¦========================================================================¦
add affine layer to problem 12 strategy LP
time 15:55:20.121599
add relu layer to problem 13 strategy LP
time 15:55:20.159280
¦========================================================================¦
¦========================================================================¦
add affine layer to problem 14 strategy LP
time 15:56:33.340724
add relu layer to problem 15 strategy LP
time 15:56:33.378200
¦========================================================================¦
¦========================================================================¦
add affine layer to problem 16 strategy LP
time 15:57:44.234428
add relu layer to problem 17 strategy LP
time 15:57:44.236997
¦========================================================================¦
¦========================================================================¦
time 15:57:50.589695
logit 0 is strictly smaller than the label logit (1)
logit 2 is strictly smaller than the label logit (1)
logit 3 is strictly smaller than the label logit (1)
logit 4 is strictly smaller than the label logit (1)
logit 5 is strictly smaller than the label logit (1)
logit 6 is strictly smaller than the label logit (1)
logit 7 is strictly smaller than the label logit (1)
logit 8 is strictly smaller than the label logit (1)
logit 9 is strictly smaller than the label logit (1)
verified
analysis time:  283.0601074695587  seconds
epsilon is in:
[0.008125, 0.01125]
try epsilon of  0.0096875
time 15:57:54.915135
the number of processes used is 4
add affine layer to problem 0 strategy LP
time 15:57:54.920092
add relu layer to problem 1 strategy LP
time 15:57:55.070359
¦========================================================================¦
¦========================================================================¦
add affine layer to problem 2 strategy LP
time 15:57:58.365975
add relu layer to problem 3 strategy LP
time 15:57:58.404459
¦========================================================================¦
¦========================================================================¦
add affine layer to problem 4 strategy LP
time 15:58:05.080682
add relu layer to problem 5 strategy LP
time 15:58:05.119306
¦========================================================================¦
¦========================================================================¦
add affine layer to problem 6 strategy LP
time 15:58:18.403768
add relu layer to problem 7 strategy LP
time 15:58:18.440572
¦========================================================================¦
¦========================================================================¦
add affine layer to problem 8 strategy LP
time 15:58:44.091420
add relu layer to problem 9 strategy LP
time 15:58:44.129354
¦========================================================================¦
¦========================================================================¦
add affine layer to problem 10 strategy LP
time 15:59:33.892553
add relu layer to problem 11 strategy LP
time 15:59:33.930472
¦========================================================================¦
¦========================================================================¦
add affine layer to problem 12 strategy LP
time 16:00:58.169041
add relu layer to problem 13 strategy LP
time 16:00:58.216599
¦========================================================================¦
¦========================================================================¦
add affine layer to problem 14 strategy LP
time 16:02:59.673826
add relu layer to problem 15 strategy LP
time 16:02:59.713116
¦========================================================================¦
¦========================================================================¦
add affine layer to problem 16 strategy LP
time 16:05:03.864853
add relu layer to problem 17 strategy LP
time 16:05:03.867349
¦========================================================================¦
¦========================================================================¦
time 16:05:13.984133
logit 0 is strictly smaller than the label logit (1)
logit 2 is strictly smaller than the label logit (1)
logit 3 is strictly smaller than the label logit (1)
logit 4 is strictly smaller than the label logit (1)
logit 5 is strictly smaller than the label logit (1)
logit 6 is strictly smaller than the label logit (1)
logit 7 is strictly smaller than the label logit (1)
logit 8 is strictly smaller than the label logit (1)
logit 9 is strictly smaller than the label logit (1)
verified
analysis time:  441.1723220348358  seconds
epsilon is in:
[0.0096875, 0.01125]
try epsilon of  0.010468749999999999
time 16:05:18.916486
the number of processes used is 4
add affine layer to problem 0 strategy LP
time 16:05:18.921402
add relu layer to problem 1 strategy LP
time 16:05:19.077712
¦========================================================================¦
¦========================================================================¦
add affine layer to problem 2 strategy LP
time 16:05:22.323136
add relu layer to problem 3 strategy LP
time 16:05:22.361028
¦========================================================================¦
¦========================================================================¦
add affine layer to problem 4 strategy LP
time 16:05:29.117366
add relu layer to problem 5 strategy LP
time 16:05:29.155687
¦========================================================================¦
¦========================================================================¦
add affine layer to problem 6 strategy LP
time 16:05:43.216784
add relu layer to problem 7 strategy LP
time 16:05:43.255157
¦========================================================================¦
¦========================================================================¦
add affine layer to problem 8 strategy LP
time 16:06:13.597378
add relu layer to problem 9 strategy LP
time 16:06:13.635510
¦========================================================================¦
¦========================================================================¦
add affine layer to problem 10 strategy LP
time 16:07:18.809008
add relu layer to problem 11 strategy LP
time 16:07:18.847208
¦========================================================================¦
¦========================================================================¦
add affine layer to problem 12 strategy LP
time 16:09:12.934932
add relu layer to problem 13 strategy LP
time 16:09:12.973347
¦========================================================================¦
¦========================================================================¦
add affine layer to problem 14 strategy LP
time 16:12:30.153117
add relu layer to problem 15 strategy LP
time 16:12:30.192247
¦========================================================================¦
¦========================================================================¦
add affine layer to problem 16 strategy LP
time 16:15:58.040048
add relu layer to problem 17 strategy LP
time 16:15:58.042444
¦========================================================================¦
¦========================================================================¦
time 16:16:17.218267
logit 0 is strictly smaller than the label logit (1)
logit 2 is strictly smaller than the label logit (1)
logit 3 is strictly smaller than the label logit (1)
logit 4 is strictly smaller than the label logit (1)
logit 5 is strictly smaller than the label logit (1)
logit 6 is strictly smaller than the label logit (1)
logit 7 is strictly smaller than the label logit (1)
logit 8 is strictly smaller than the label logit (1)
logit 9 is strictly smaller than the label logit (1)
verified
analysis time:  661.908341884613  seconds
epsilon is in:
[0.010468749999999999, 0.01125]
