../mnist_nets/mnist_relu_9_200.txt ../mnist_images/img85.txt
try epsilon of  0.017499999999999998
time 13:03:37.651151
the number of processes used is 4
add affine layer to problem 0 strategy LP
time 13:03:37.666116
add relu layer to problem 1 strategy LP
time 13:03:37.790899
¦========================================================================¦
¦========================================================================¦
add affine layer to problem 2 strategy LP
time 13:03:40.487778
add relu layer to problem 3 strategy LP
time 13:03:40.521714
¦========================================================================¦
¦========================================================================¦
add affine layer to problem 4 strategy LP
time 13:03:45.623833
add relu layer to problem 5 strategy LP
time 13:03:45.658196
¦========================================================================¦
¦========================================================================¦
add affine layer to problem 6 strategy LP
time 13:03:54.705635
add relu layer to problem 7 strategy LP
time 13:03:54.741256
¦========================================================================¦
¦========================================================================¦
add affine layer to problem 8 strategy LP
time 13:04:17.874917
add relu layer to problem 9 strategy LP
time 13:04:17.910421
¦========================================================================¦
¦========================================================================¦
add affine layer to problem 10 strategy LP
time 13:05:25.619664
add relu layer to problem 11 strategy LP
time 13:05:25.655068
¦========================================================================¦
¦========================================================================¦
add affine layer to problem 12 strategy LP
time 13:07:59.840615
add relu layer to problem 13 strategy LP
time 13:07:59.872764
¦========================================================================¦
¦========================================================================¦
add affine layer to problem 14 strategy LP
time 13:14:34.913043
add relu layer to problem 15 strategy LP
time 13:14:34.944650
¦========================================================================¦
¦========================================================================¦
add affine layer to problem 16 strategy LP
time 13:30:01.449860
add relu layer to problem 17 strategy LP
time 13:30:01.451766
¦========================================================================¦
¦========================================================================¦
time 13:31:36.949537
logit 0 - label logit (4) <= 76.1161996417548
can not be verified
analysis time:  1681.582118988037  seconds
epsilon is in:
[0.005, 0.017499999999999998]
try epsilon of  0.01125
time 13:31:41.745859
the number of processes used is 4
add affine layer to problem 0 strategy LP
time 13:31:41.749823
add relu layer to problem 1 strategy LP
time 13:31:41.864719
¦========================================================================¦
¦========================================================================¦
add affine layer to problem 2 strategy LP
time 13:31:44.351118
add relu layer to problem 3 strategy LP
time 13:31:44.383158
¦========================================================================¦
¦========================================================================¦
add affine layer to problem 4 strategy LP
time 13:31:48.536698
add relu layer to problem 5 strategy LP
time 13:31:48.569872
¦========================================================================¦
¦========================================================================¦
add affine layer to problem 6 strategy LP
time 13:31:55.026909
add relu layer to problem 7 strategy LP
time 13:31:55.059323
¦========================================================================¦
¦========================================================================¦
add affine layer to problem 8 strategy LP
time 13:32:06.849473
add relu layer to problem 9 strategy LP
time 13:32:06.881720
¦========================================================================¦
¦========================================================================¦
add affine layer to problem 10 strategy LP
time 13:32:28.284942
add relu layer to problem 11 strategy LP
time 13:32:28.318104
¦========================================================================¦
¦========================================================================¦
add affine layer to problem 12 strategy LP
time 13:33:03.708623
add relu layer to problem 13 strategy LP
time 13:33:03.740897
¦========================================================================¦
¦========================================================================¦
add affine layer to problem 14 strategy LP
time 13:34:39.073887
add relu layer to problem 15 strategy LP
time 13:34:39.105771
¦========================================================================¦
¦========================================================================¦
add affine layer to problem 16 strategy LP
time 13:35:44.004012
add relu layer to problem 17 strategy LP
time 13:35:44.005887
¦========================================================================¦
¦========================================================================¦
time 13:35:49.539301
logit 0 is strictly smaller than the label logit (4)
logit 1 is strictly smaller than the label logit (4)
logit 2 is strictly smaller than the label logit (4)
logit 3 is strictly smaller than the label logit (4)
logit 5 is strictly smaller than the label logit (4)
logit 6 is strictly smaller than the label logit (4)
logit 7 is strictly smaller than the label logit (4)
logit 8 is strictly smaller than the label logit (4)
logit 9 is strictly smaller than the label logit (4)
verified
analysis time:  249.40861868858337  seconds
epsilon is in:
[0.01125, 0.017499999999999998]
try epsilon of  0.014374999999999999
time 13:35:53.637603
the number of processes used is 4
add affine layer to problem 0 strategy LP
time 13:35:53.641644
add relu layer to problem 1 strategy LP
time 13:35:53.753801
¦========================================================================¦
¦========================================================================¦
add affine layer to problem 2 strategy LP
time 13:35:56.081460
add relu layer to problem 3 strategy LP
time 13:35:56.113379
¦========================================================================¦
¦========================================================================¦
add affine layer to problem 4 strategy LP
time 13:36:00.037709
add relu layer to problem 5 strategy LP
time 13:36:00.070381
¦========================================================================¦
¦========================================================================¦
add affine layer to problem 6 strategy LP
time 13:36:06.624364
add relu layer to problem 7 strategy LP
time 13:36:06.656438
¦========================================================================¦
¦========================================================================¦
add affine layer to problem 8 strategy LP
time 13:36:21.784306
add relu layer to problem 9 strategy LP
time 13:36:21.815964
¦========================================================================¦
¦========================================================================¦
add affine layer to problem 10 strategy LP
time 13:36:57.001216
add relu layer to problem 11 strategy LP
time 13:36:57.033707
¦========================================================================¦
¦========================================================================¦
add affine layer to problem 12 strategy LP
time 13:38:05.576758
add relu layer to problem 13 strategy LP
time 13:38:05.608555
¦========================================================================¦
¦========================================================================¦
add affine layer to problem 14 strategy LP
time 13:40:17.161742
add relu layer to problem 15 strategy LP
time 13:40:17.193444
¦========================================================================¦
¦========================================================================¦
add affine layer to problem 16 strategy LP
time 13:45:33.806525
add relu layer to problem 17 strategy LP
time 13:45:33.808350
¦========================================================================¦
¦========================================================================¦
time 13:46:07.244030
logit 0 - label logit (4) <= 7.786146063123424
can not be verified
analysis time:  614.9040997028351  seconds
epsilon is in:
[0.01125, 0.014374999999999999]
try epsilon of  0.0128125
time 13:46:11.027325
the number of processes used is 4
add affine layer to problem 0 strategy LP
time 13:46:11.031205
add relu layer to problem 1 strategy LP
time 13:46:11.143343
¦========================================================================¦
¦========================================================================¦
add affine layer to problem 2 strategy LP
time 13:46:13.496817
add relu layer to problem 3 strategy LP
time 13:46:13.528800
¦========================================================================¦
¦========================================================================¦
add affine layer to problem 4 strategy LP
time 13:46:17.457114
add relu layer to problem 5 strategy LP
time 13:46:17.489806
¦========================================================================¦
¦========================================================================¦
add affine layer to problem 6 strategy LP
time 13:46:23.725587
add relu layer to problem 7 strategy LP
time 13:46:23.757537
¦========================================================================¦
¦========================================================================¦
add affine layer to problem 8 strategy LP
time 13:46:36.327860
add relu layer to problem 9 strategy LP
time 13:46:36.359653
¦========================================================================¦
¦========================================================================¦
add affine layer to problem 10 strategy LP
time 13:47:01.353175
add relu layer to problem 11 strategy LP
time 13:47:01.385647
¦========================================================================¦
¦========================================================================¦
add affine layer to problem 12 strategy LP
time 13:47:44.872492
add relu layer to problem 13 strategy LP
time 13:47:44.908624
¦========================================================================¦
¦========================================================================¦
add affine layer to problem 14 strategy LP
time 13:48:56.813200
add relu layer to problem 15 strategy LP
time 13:48:56.845034
¦========================================================================¦
¦========================================================================¦
add affine layer to problem 16 strategy LP
time 13:50:48.827614
add relu layer to problem 17 strategy LP
time 13:50:48.829500
¦========================================================================¦
¦========================================================================¦
time 13:51:00.330558
logit 0 is strictly smaller than the label logit (4)
logit 1 is strictly smaller than the label logit (4)
logit 2 is strictly smaller than the label logit (4)
logit 3 is strictly smaller than the label logit (4)
logit 5 is strictly smaller than the label logit (4)
logit 6 is strictly smaller than the label logit (4)
logit 7 is strictly smaller than the label logit (4)
logit 8 is strictly smaller than the label logit (4)
logit 9 is strictly smaller than the label logit (4)
verified
analysis time:  292.17277669906616  seconds
epsilon is in:
[0.0128125, 0.014374999999999999]
try epsilon of  0.013593749999999998
time 13:51:05.684465
the number of processes used is 4
add affine layer to problem 0 strategy LP
time 13:51:05.688484
add relu layer to problem 1 strategy LP
time 13:51:05.800994
¦========================================================================¦
¦========================================================================¦
add affine layer to problem 2 strategy LP
time 13:51:08.138209
add relu layer to problem 3 strategy LP
time 13:51:08.170067
¦========================================================================¦
¦========================================================================¦
add affine layer to problem 4 strategy LP
time 13:51:12.145640
add relu layer to problem 5 strategy LP
time 13:51:12.178337
¦========================================================================¦
¦========================================================================¦
add affine layer to problem 6 strategy LP
time 13:51:18.543530
add relu layer to problem 7 strategy LP
time 13:51:18.575477
¦========================================================================¦
¦========================================================================¦
add affine layer to problem 8 strategy LP
time 13:51:31.984317
add relu layer to problem 9 strategy LP
time 13:51:32.016085
¦========================================================================¦
¦========================================================================¦
add affine layer to problem 10 strategy LP
time 13:52:01.572150
add relu layer to problem 11 strategy LP
time 13:52:01.604817
¦========================================================================¦
¦========================================================================¦
add affine layer to problem 12 strategy LP
time 13:52:53.299156
add relu layer to problem 13 strategy LP
time 13:52:53.330936
¦========================================================================¦
¦========================================================================¦
add affine layer to problem 14 strategy LP
time 13:54:30.273848
add relu layer to problem 15 strategy LP
time 13:54:30.305659
¦========================================================================¦
¦========================================================================¦
add affine layer to problem 16 strategy LP
time 13:57:34.291647
add relu layer to problem 17 strategy LP
time 13:57:34.293515
¦========================================================================¦
¦========================================================================¦
time 13:57:58.229743
logit 0 - label logit (4) <= 2.0030605633491145
can not be verified
analysis time:  413.27747917175293  seconds
epsilon is in:
[0.0128125, 0.013593749999999998]
