../mnist_nets/mnist_relu_6_200.txt ../mnist_images/img99.txt
try epsilon of  0.017499999999999998
time 13:39:20.098669
the number of processes used is 4
add affine layer to problem 0 strategy LP
time 13:39:20.114790
add relu layer to problem 1 strategy LP
time 13:39:20.229999
¦========================================================================¦
¦========================================================================¦
add affine layer to problem 2 strategy LP
time 13:39:22.440896
add relu layer to problem 3 strategy LP
time 13:39:22.473665
¦========================================================================¦
¦========================================================================¦
add affine layer to problem 4 strategy LP
time 13:39:26.525233
add relu layer to problem 5 strategy LP
time 13:39:26.559341
¦========================================================================¦
¦========================================================================¦
add affine layer to problem 6 strategy LP
time 13:39:33.341817
add relu layer to problem 7 strategy LP
time 13:39:33.374799
¦========================================================================¦
¦========================================================================¦
add affine layer to problem 8 strategy LP
time 13:39:47.455315
add relu layer to problem 9 strategy LP
time 13:39:47.488008
¦========================================================================¦
¦========================================================================¦
add affine layer to problem 10 strategy LP
time 13:40:18.040398
add relu layer to problem 11 strategy LP
time 13:40:18.042304
¦========================================================================¦
¦========================================================================¦
time 13:40:20.658695
logit 0 is strictly smaller than the label logit (9)
logit 1 is strictly smaller than the label logit (9)
logit 2 is strictly smaller than the label logit (9)
logit 3 is strictly smaller than the label logit (9)
logit 4 is strictly smaller than the label logit (9)
logit 5 is strictly smaller than the label logit (9)
logit 6 is strictly smaller than the label logit (9)
logit 7 is strictly smaller than the label logit (9)
logit 8 is strictly smaller than the label logit (9)
verified
analysis time:  61.59436321258545  seconds
epsilon is in:
[0.017499999999999998, 0.03]
try epsilon of  0.02375
time 13:40:23.492117
the number of processes used is 4
add affine layer to problem 0 strategy LP
time 13:40:23.495604
add relu layer to problem 1 strategy LP
time 13:40:23.610157
¦========================================================================¦
¦========================================================================¦
add affine layer to problem 2 strategy LP
time 13:40:25.666885
add relu layer to problem 3 strategy LP
time 13:40:25.699608
¦========================================================================¦
¦========================================================================¦
add affine layer to problem 4 strategy LP
time 13:40:30.260124
add relu layer to problem 5 strategy LP
time 13:40:30.292812
¦========================================================================¦
¦========================================================================¦
add affine layer to problem 6 strategy LP
time 13:40:40.703009
add relu layer to problem 7 strategy LP
time 13:40:40.736031
¦========================================================================¦
¦========================================================================¦
add affine layer to problem 8 strategy LP
time 13:41:12.975446
add relu layer to problem 9 strategy LP
time 13:41:13.008786
¦========================================================================¦
¦========================================================================¦
add affine layer to problem 10 strategy LP
time 13:42:38.706510
add relu layer to problem 11 strategy LP
time 13:42:38.708417
¦========================================================================¦
¦========================================================================¦
time 13:42:48.615760
logit 0 - label logit (9) <= 1.3608961275343203
can not be verified
analysis time:  145.70751237869263  seconds
epsilon is in:
[0.017499999999999998, 0.02375]
try epsilon of  0.020624999999999998
time 13:42:51.001266
the number of processes used is 4
add affine layer to problem 0 strategy LP
time 13:42:51.004792
add relu layer to problem 1 strategy LP
time 13:42:51.119216
¦========================================================================¦
¦========================================================================¦
add affine layer to problem 2 strategy LP
time 13:42:53.341214
add relu layer to problem 3 strategy LP
time 13:42:53.373919
¦========================================================================¦
¦========================================================================¦
add affine layer to problem 4 strategy LP
time 13:42:57.636104
add relu layer to problem 5 strategy LP
time 13:42:57.668939
¦========================================================================¦
¦========================================================================¦
add affine layer to problem 6 strategy LP
time 13:43:06.328824
add relu layer to problem 7 strategy LP
time 13:43:06.362027
¦========================================================================¦
¦========================================================================¦
add affine layer to problem 8 strategy LP
time 13:43:27.594002
add relu layer to problem 9 strategy LP
time 13:43:27.627500
¦========================================================================¦
¦========================================================================¦
add affine layer to problem 10 strategy LP
time 13:44:18.667233
add relu layer to problem 11 strategy LP
time 13:44:18.669170
¦========================================================================¦
¦========================================================================¦
time 13:44:23.711553
logit 0 is strictly smaller than the label logit (9)
logit 1 is strictly smaller than the label logit (9)
logit 2 is strictly smaller than the label logit (9)
logit 3 is strictly smaller than the label logit (9)
logit 4 is strictly smaller than the label logit (9)
logit 5 is strictly smaller than the label logit (9)
logit 6 is strictly smaller than the label logit (9)
logit 7 is strictly smaller than the label logit (9)
logit 8 is strictly smaller than the label logit (9)
verified
analysis time:  94.09794092178345  seconds
epsilon is in:
[0.020624999999999998, 0.02375]
try epsilon of  0.0221875
time 13:44:26.899645
the number of processes used is 4
add affine layer to problem 0 strategy LP
time 13:44:26.903324
add relu layer to problem 1 strategy LP
time 13:44:27.018101
¦========================================================================¦
¦========================================================================¦
add affine layer to problem 2 strategy LP
time 13:44:29.063711
add relu layer to problem 3 strategy LP
time 13:44:29.096540
¦========================================================================¦
¦========================================================================¦
add affine layer to problem 4 strategy LP
time 13:44:33.578160
add relu layer to problem 5 strategy LP
time 13:44:33.610859
¦========================================================================¦
¦========================================================================¦
add affine layer to problem 6 strategy LP
time 13:44:43.560641
add relu layer to problem 7 strategy LP
time 13:44:43.593876
¦========================================================================¦
¦========================================================================¦
add affine layer to problem 8 strategy LP
time 13:45:10.296298
add relu layer to problem 9 strategy LP
time 13:45:10.329809
¦========================================================================¦
¦========================================================================¦
add affine layer to problem 10 strategy LP
time 13:46:18.741434
add relu layer to problem 11 strategy LP
time 13:46:18.743363
¦========================================================================¦
¦========================================================================¦
time 13:46:26.652421
logit 0 is strictly smaller than the label logit (9)
logit 1 is strictly smaller than the label logit (9)
logit 2 is strictly smaller than the label logit (9)
logit 3 is strictly smaller than the label logit (9)
logit 4 is strictly smaller than the label logit (9)
logit 5 is strictly smaller than the label logit (9)
logit 6 is strictly smaller than the label logit (9)
logit 7 is strictly smaller than the label logit (9)
logit 8 is strictly smaller than the label logit (9)
verified
analysis time:  122.22945642471313  seconds
epsilon is in:
[0.0221875, 0.02375]
try epsilon of  0.02296875
time 13:46:30.933937
the number of processes used is 4
add affine layer to problem 0 strategy LP
time 13:46:30.937459
add relu layer to problem 1 strategy LP
time 13:46:31.052446
¦========================================================================¦
¦========================================================================¦
add affine layer to problem 2 strategy LP
time 13:46:33.105292
add relu layer to problem 3 strategy LP
time 13:46:33.138153
¦========================================================================¦
¦========================================================================¦
add affine layer to problem 4 strategy LP
time 13:46:37.653805
add relu layer to problem 5 strategy LP
time 13:46:37.686521
¦========================================================================¦
¦========================================================================¦
add affine layer to problem 6 strategy LP
time 13:46:47.605745
add relu layer to problem 7 strategy LP
time 13:46:47.638993
¦========================================================================¦
¦========================================================================¦
add affine layer to problem 8 strategy LP
time 13:47:16.245494
add relu layer to problem 9 strategy LP
time 13:47:16.279056
¦========================================================================¦
¦========================================================================¦
add affine layer to problem 10 strategy LP
time 13:48:30.007629
add relu layer to problem 11 strategy LP
time 13:48:30.009548
¦========================================================================¦
¦========================================================================¦
time 13:48:37.909139
logit 0 is strictly smaller than the label logit (9)
logit 1 is strictly smaller than the label logit (9)
logit 2 is strictly smaller than the label logit (9)
logit 3 is strictly smaller than the label logit (9)
logit 4 is strictly smaller than the label logit (9)
logit 5 is strictly smaller than the label logit (9)
logit 6 is strictly smaller than the label logit (9)
logit 7 - label logit (9) <= 0.9961113099881533
can not be verified
analysis time:  129.72208738327026  seconds
epsilon is in:
[0.0221875, 0.02296875]
