../mnist_nets/mnist_relu_6_200.txt ../mnist_images/img89.txt
try epsilon of  0.017499999999999998
time 12:28:03.674113
the number of processes used is 4
add affine layer to problem 0 strategy LP
time 12:28:03.859490
add relu layer to problem 1 strategy LP
time 12:28:04.033971
¦========================================================================¦
¦========================================================================¦
add affine layer to problem 2 strategy LP
time 12:28:07.139459
add relu layer to problem 3 strategy LP
time 12:28:07.176270
¦========================================================================¦
¦========================================================================¦
add affine layer to problem 4 strategy LP
time 12:28:15.761990
add relu layer to problem 5 strategy LP
time 12:28:15.801879
¦========================================================================¦
¦========================================================================¦
add affine layer to problem 6 strategy LP
time 12:28:53.358463
add relu layer to problem 7 strategy LP
time 12:28:53.399068
¦========================================================================¦
¦========================================================================¦
add affine layer to problem 8 strategy LP
time 12:32:25.709266
add relu layer to problem 9 strategy LP
time 12:32:25.748997
¦========================================================================¦
¦========================================================================¦
add affine layer to problem 10 strategy LP
time 12:47:51.421968
add relu layer to problem 11 strategy LP
time 12:47:51.424453
¦========================================================================¦
¦========================================================================¦
time 12:49:37.119058
logit 0 - label logit (1) <= 50.233204618365
can not be verified
analysis time:  1295.728387594223  seconds
epsilon is in:
[0.005, 0.017499999999999998]
try epsilon of  0.01125
time 12:49:41.528158
the number of processes used is 4
add affine layer to problem 0 strategy LP
time 12:49:41.533067
add relu layer to problem 1 strategy LP
time 12:49:41.691729
¦========================================================================¦
¦========================================================================¦
add affine layer to problem 2 strategy LP
time 12:49:44.675800
add relu layer to problem 3 strategy LP
time 12:49:44.716324
¦========================================================================¦
¦========================================================================¦
add affine layer to problem 4 strategy LP
time 12:49:52.096720
add relu layer to problem 5 strategy LP
time 12:49:52.136190
¦========================================================================¦
¦========================================================================¦
add affine layer to problem 6 strategy LP
time 12:50:11.823774
add relu layer to problem 7 strategy LP
time 12:50:11.862336
¦========================================================================¦
¦========================================================================¦
add affine layer to problem 8 strategy LP
time 12:51:26.693751
add relu layer to problem 9 strategy LP
time 12:51:26.732726
¦========================================================================¦
¦========================================================================¦
add affine layer to problem 10 strategy LP
time 12:56:07.975880
add relu layer to problem 11 strategy LP
time 12:56:07.978381
¦========================================================================¦
¦========================================================================¦
time 12:56:39.208611
logit 0 - label logit (1) <= 8.088991286566861
can not be verified
analysis time:  419.1568899154663  seconds
epsilon is in:
[0.005, 0.01125]
try epsilon of  0.008125
time 12:56:42.823931
the number of processes used is 4
add affine layer to problem 0 strategy LP
time 12:56:42.833529
add relu layer to problem 1 strategy LP
time 12:56:42.987226
¦========================================================================¦
¦========================================================================¦
add affine layer to problem 2 strategy LP
time 12:56:46.117805
add relu layer to problem 3 strategy LP
time 12:56:46.157333
¦========================================================================¦
¦========================================================================¦
add affine layer to problem 4 strategy LP
time 12:56:53.120379
add relu layer to problem 5 strategy LP
time 12:56:53.161673
¦========================================================================¦
¦========================================================================¦
add affine layer to problem 6 strategy LP
time 12:57:08.284711
add relu layer to problem 7 strategy LP
time 12:57:08.325534
¦========================================================================¦
¦========================================================================¦
add affine layer to problem 8 strategy LP
time 12:57:45.978320
add relu layer to problem 9 strategy LP
time 12:57:46.018470
¦========================================================================¦
¦========================================================================¦
add affine layer to problem 10 strategy LP
time 12:59:37.906730
add relu layer to problem 11 strategy LP
time 12:59:37.909363
¦========================================================================¦
¦========================================================================¦
time 12:59:49.200725
logit 0 is strictly smaller than the label logit (1)
logit 2 - label logit (1) <= 0.1349476509136922
can not be verified
analysis time:  187.42590713500977  seconds
epsilon is in:
[0.005, 0.008125]
try epsilon of  0.006562500000000001
time 12:59:52.396003
the number of processes used is 4
add affine layer to problem 0 strategy LP
time 12:59:52.401095
add relu layer to problem 1 strategy LP
time 12:59:52.554949
¦========================================================================¦
¦========================================================================¦
add affine layer to problem 2 strategy LP
time 12:59:55.765908
add relu layer to problem 3 strategy LP
time 12:59:55.806140
¦========================================================================¦
¦========================================================================¦
add affine layer to problem 4 strategy LP
time 13:00:02.492642
add relu layer to problem 5 strategy LP
time 13:00:02.533915
¦========================================================================¦
¦========================================================================¦
add affine layer to problem 6 strategy LP
time 13:00:15.682003
add relu layer to problem 7 strategy LP
time 13:00:15.722279
¦========================================================================¦
¦========================================================================¦
add affine layer to problem 8 strategy LP
time 13:00:41.122682
add relu layer to problem 9 strategy LP
time 13:00:41.162068
¦========================================================================¦
¦========================================================================¦
add affine layer to problem 10 strategy LP
time 13:01:45.864696
add relu layer to problem 11 strategy LP
time 13:01:45.867283
¦========================================================================¦
¦========================================================================¦
time 13:01:51.090306
logit 0 is strictly smaller than the label logit (1)
logit 2 is strictly smaller than the label logit (1)
logit 3 is strictly smaller than the label logit (1)
logit 4 is strictly smaller than the label logit (1)
logit 5 is strictly smaller than the label logit (1)
logit 6 is strictly smaller than the label logit (1)
logit 7 is strictly smaller than the label logit (1)
logit 8 is strictly smaller than the label logit (1)
logit 9 is strictly smaller than the label logit (1)
verified
analysis time:  120.28811407089233  seconds
epsilon is in:
[0.006562500000000001, 0.008125]
try epsilon of  0.0073437500000000005
time 13:01:54.825612
the number of processes used is 4
add affine layer to problem 0 strategy LP
time 13:01:54.830803
add relu layer to problem 1 strategy LP
time 13:01:54.986381
¦========================================================================¦
¦========================================================================¦
add affine layer to problem 2 strategy LP
time 13:01:58.171989
add relu layer to problem 3 strategy LP
time 13:01:58.211683
¦========================================================================¦
¦========================================================================¦
add affine layer to problem 4 strategy LP
time 13:02:05.146371
add relu layer to problem 5 strategy LP
time 13:02:05.187456
¦========================================================================¦
¦========================================================================¦
add affine layer to problem 6 strategy LP
time 13:02:17.771298
add relu layer to problem 7 strategy LP
time 13:02:17.811765
¦========================================================================¦
¦========================================================================¦
add affine layer to problem 8 strategy LP
time 13:02:47.342707
add relu layer to problem 9 strategy LP
time 13:02:47.381799
¦========================================================================¦
¦========================================================================¦
add affine layer to problem 10 strategy LP
time 13:04:00.513440
add relu layer to problem 11 strategy LP
time 13:04:00.516079
¦========================================================================¦
¦========================================================================¦
time 13:04:07.152260
logit 0 is strictly smaller than the label logit (1)
logit 2 is strictly smaller than the label logit (1)
logit 3 is strictly smaller than the label logit (1)
logit 4 is strictly smaller than the label logit (1)
logit 5 is strictly smaller than the label logit (1)
logit 6 is strictly smaller than the label logit (1)
logit 7 is strictly smaller than the label logit (1)
logit 8 is strictly smaller than the label logit (1)
logit 9 is strictly smaller than the label logit (1)
verified
analysis time:  134.4763114452362  seconds
epsilon is in:
[0.0073437500000000005, 0.008125]
