../mnist_nets/mnist_relu_6_200.txt ../mnist_images/img34.txt
try epsilon of  0.017499999999999998
time 12:28:05.376740
the number of processes used is 4
add affine layer to problem 0 strategy LP
time 12:28:05.390887
add relu layer to problem 1 strategy LP
time 12:28:05.513451
¦========================================================================¦
¦========================================================================¦
add affine layer to problem 2 strategy LP
time 12:28:08.751161
add relu layer to problem 3 strategy LP
time 12:28:08.786684
¦========================================================================¦
¦========================================================================¦
add affine layer to problem 4 strategy LP
time 12:28:16.378592
add relu layer to problem 5 strategy LP
time 12:28:16.416112
¦========================================================================¦
¦========================================================================¦
add affine layer to problem 6 strategy LP
time 12:28:37.677073
add relu layer to problem 7 strategy LP
time 12:28:37.715860
¦========================================================================¦
¦========================================================================¦
add affine layer to problem 8 strategy LP
time 12:29:55.749982
add relu layer to problem 9 strategy LP
time 12:29:55.788696
¦========================================================================¦
¦========================================================================¦
add affine layer to problem 10 strategy LP
time 12:34:13.939354
add relu layer to problem 11 strategy LP
time 12:34:13.941777
¦========================================================================¦
¦========================================================================¦
time 12:34:39.339012
logit 0 - label logit (7) <= 9.04123679966453
can not be verified
analysis time:  395.7046070098877  seconds
epsilon is in:
[0.005, 0.017499999999999998]
try epsilon of  0.01125
time 12:34:43.164345
the number of processes used is 4
add affine layer to problem 0 strategy LP
time 12:34:43.168958
add relu layer to problem 1 strategy LP
time 12:34:43.320298
¦========================================================================¦
¦========================================================================¦
add affine layer to problem 2 strategy LP
time 12:34:46.505106
add relu layer to problem 3 strategy LP
time 12:34:46.542383
¦========================================================================¦
¦========================================================================¦
add affine layer to problem 4 strategy LP
time 12:34:52.625333
add relu layer to problem 5 strategy LP
time 12:34:52.665169
¦========================================================================¦
¦========================================================================¦
add affine layer to problem 6 strategy LP
time 12:35:06.343735
add relu layer to problem 7 strategy LP
time 12:35:06.382216
¦========================================================================¦
¦========================================================================¦
add affine layer to problem 8 strategy LP
time 12:35:35.474583
add relu layer to problem 9 strategy LP
time 12:35:35.512976
¦========================================================================¦
¦========================================================================¦
add affine layer to problem 10 strategy LP
time 12:36:41.414720
add relu layer to problem 11 strategy LP
time 12:36:41.417351
¦========================================================================¦
¦========================================================================¦
time 12:36:47.283696
logit 0 is strictly smaller than the label logit (7)
logit 1 is strictly smaller than the label logit (7)
logit 2 is strictly smaller than the label logit (7)
logit 3 is strictly smaller than the label logit (7)
logit 4 is strictly smaller than the label logit (7)
logit 5 is strictly smaller than the label logit (7)
logit 6 is strictly smaller than the label logit (7)
logit 8 is strictly smaller than the label logit (7)
logit 9 is strictly smaller than the label logit (7)
verified
analysis time:  125.37688374519348  seconds
epsilon is in:
[0.01125, 0.017499999999999998]
try epsilon of  0.014374999999999999
time 12:36:50.617632
the number of processes used is 4
add affine layer to problem 0 strategy LP
time 12:36:50.621807
add relu layer to problem 1 strategy LP
time 12:36:50.775136
¦========================================================================¦
¦========================================================================¦
add affine layer to problem 2 strategy LP
time 12:36:54.037977
add relu layer to problem 3 strategy LP
time 12:36:54.078866
¦========================================================================¦
¦========================================================================¦
add affine layer to problem 4 strategy LP
time 12:37:01.247444
add relu layer to problem 5 strategy LP
time 12:37:01.287437
¦========================================================================¦
¦========================================================================¦
add affine layer to problem 6 strategy LP
time 12:37:18.574382
add relu layer to problem 7 strategy LP
time 12:37:18.612935
¦========================================================================¦
¦========================================================================¦
add affine layer to problem 8 strategy LP
time 12:38:04.263399
add relu layer to problem 9 strategy LP
time 12:38:04.302205
¦========================================================================¦
¦========================================================================¦
add affine layer to problem 10 strategy LP
time 12:40:08.377623
add relu layer to problem 11 strategy LP
time 12:40:08.380086
¦========================================================================¦
¦========================================================================¦
time 12:40:23.098279
logit 0 is strictly smaller than the label logit (7)
logit 1 is strictly smaller than the label logit (7)
logit 2 is strictly smaller than the label logit (7)
logit 3 is strictly smaller than the label logit (7)
logit 4 is strictly smaller than the label logit (7)
logit 5 is strictly smaller than the label logit (7)
logit 6 is strictly smaller than the label logit (7)
logit 8 is strictly smaller than the label logit (7)
logit 9 is strictly smaller than the label logit (7)
verified
analysis time:  215.8243169784546  seconds
epsilon is in:
[0.014374999999999999, 0.017499999999999998]
try epsilon of  0.0159375
time 12:40:28.527833
the number of processes used is 4
add affine layer to problem 0 strategy LP
time 12:40:28.532936
add relu layer to problem 1 strategy LP
time 12:40:28.686379
¦========================================================================¦
¦========================================================================¦
add affine layer to problem 2 strategy LP
time 12:40:31.670727
add relu layer to problem 3 strategy LP
time 12:40:31.708278
¦========================================================================¦
¦========================================================================¦
add affine layer to problem 4 strategy LP
time 12:40:38.541462
add relu layer to problem 5 strategy LP
time 12:40:38.581265
¦========================================================================¦
¦========================================================================¦
add affine layer to problem 6 strategy LP
time 12:40:57.480706
add relu layer to problem 7 strategy LP
time 12:40:57.517191
¦========================================================================¦
¦========================================================================¦
add affine layer to problem 8 strategy LP
time 12:41:59.605227
add relu layer to problem 9 strategy LP
time 12:41:59.644406
¦========================================================================¦
¦========================================================================¦
add affine layer to problem 10 strategy LP
time 12:45:15.488979
add relu layer to problem 11 strategy LP
time 12:45:15.491396
¦========================================================================¦
¦========================================================================¦
time 12:45:37.306578
logit 0 - label logit (7) <= 1.7646549588275993
can not be verified
analysis time:  309.7268011569977  seconds
epsilon is in:
[0.014374999999999999, 0.0159375]
try epsilon of  0.01515625
time 12:45:40.339202
the number of processes used is 4
add affine layer to problem 0 strategy LP
time 12:45:40.343601
add relu layer to problem 1 strategy LP
time 12:45:40.485330
¦========================================================================¦
¦========================================================================¦
add affine layer to problem 2 strategy LP
time 12:45:43.469571
add relu layer to problem 3 strategy LP
time 12:45:43.506086
¦========================================================================¦
¦========================================================================¦
add affine layer to problem 4 strategy LP
time 12:45:50.445451
add relu layer to problem 5 strategy LP
time 12:45:50.485054
¦========================================================================¦
¦========================================================================¦
add affine layer to problem 6 strategy LP
time 12:46:08.904210
add relu layer to problem 7 strategy LP
time 12:46:08.942726
¦========================================================================¦
¦========================================================================¦
add affine layer to problem 8 strategy LP
time 12:47:08.012006
add relu layer to problem 9 strategy LP
time 12:47:08.052042
¦========================================================================¦
¦========================================================================¦
add affine layer to problem 10 strategy LP
time 12:49:46.344378
add relu layer to problem 11 strategy LP
time 12:49:46.346968
¦========================================================================¦
¦========================================================================¦
time 12:50:05.027438
logit 0 is strictly smaller than the label logit (7)
logit 1 - label logit (7) <= 0.6745966751924852
can not be verified
analysis time:  266.0458905696869  seconds
epsilon is in:
[0.014374999999999999, 0.01515625]
