../mnist_nets/mnist_relu_6_200.txt ../mnist_images/img98.txt
try epsilon of  0.017499999999999998
time 12:46:56.514062
the number of processes used is 4
add affine layer to problem 0 strategy LP
time 12:46:56.529728
add relu layer to problem 1 strategy LP
time 12:46:56.693459
¦========================================================================¦
¦========================================================================¦
add affine layer to problem 2 strategy LP
time 12:46:59.785534
add relu layer to problem 3 strategy LP
time 12:46:59.827282
¦========================================================================¦
¦========================================================================¦
add affine layer to problem 4 strategy LP
time 12:47:07.265712
add relu layer to problem 5 strategy LP
time 12:47:07.310482
¦========================================================================¦
¦========================================================================¦
add affine layer to problem 6 strategy LP
time 12:47:26.201632
add relu layer to problem 7 strategy LP
time 12:47:26.243669
¦========================================================================¦
¦========================================================================¦
add affine layer to problem 8 strategy LP
time 12:48:35.748722
add relu layer to problem 9 strategy LP
time 12:48:35.790194
¦========================================================================¦
¦========================================================================¦
add affine layer to problem 10 strategy LP
time 12:52:38.498357
add relu layer to problem 11 strategy LP
time 12:52:38.501010
¦========================================================================¦
¦========================================================================¦
time 12:53:06.303928
logit 0 - label logit (6) <= 9.195605355524503
can not be verified
analysis time:  371.3892979621887  seconds
epsilon is in:
[0.005, 0.017499999999999998]
try epsilon of  0.01125
time 12:53:10.027481
the number of processes used is 4
add affine layer to problem 0 strategy LP
time 12:53:10.032531
add relu layer to problem 1 strategy LP
time 12:53:10.193782
¦========================================================================¦
¦========================================================================¦
add affine layer to problem 2 strategy LP
time 12:53:13.424399
add relu layer to problem 3 strategy LP
time 12:53:13.466113
¦========================================================================¦
¦========================================================================¦
add affine layer to problem 4 strategy LP
time 12:53:20.167930
add relu layer to problem 5 strategy LP
time 12:53:20.209522
¦========================================================================¦
¦========================================================================¦
add affine layer to problem 6 strategy LP
time 12:53:31.909470
add relu layer to problem 7 strategy LP
time 12:53:31.950605
¦========================================================================¦
¦========================================================================¦
add affine layer to problem 8 strategy LP
time 12:53:55.070022
add relu layer to problem 9 strategy LP
time 12:53:55.111590
¦========================================================================¦
¦========================================================================¦
add affine layer to problem 10 strategy LP
time 12:54:46.049231
add relu layer to problem 11 strategy LP
time 12:54:46.051851
¦========================================================================¦
¦========================================================================¦
time 12:54:50.504622
logit 0 is strictly smaller than the label logit (6)
logit 1 is strictly smaller than the label logit (6)
logit 2 is strictly smaller than the label logit (6)
logit 3 is strictly smaller than the label logit (6)
logit 4 is strictly smaller than the label logit (6)
logit 5 is strictly smaller than the label logit (6)
logit 7 is strictly smaller than the label logit (6)
logit 8 is strictly smaller than the label logit (6)
logit 9 is strictly smaller than the label logit (6)
verified
analysis time:  101.91194725036621  seconds
epsilon is in:
[0.01125, 0.017499999999999998]
try epsilon of  0.014374999999999999
time 12:54:54.077465
the number of processes used is 4
add affine layer to problem 0 strategy LP
time 12:54:54.082183
add relu layer to problem 1 strategy LP
time 12:54:54.247047
¦========================================================================¦
¦========================================================================¦
add affine layer to problem 2 strategy LP
time 12:54:57.394746
add relu layer to problem 3 strategy LP
time 12:54:57.436990
¦========================================================================¦
¦========================================================================¦
add affine layer to problem 4 strategy LP
time 12:55:04.863614
add relu layer to problem 5 strategy LP
time 12:55:04.906185
¦========================================================================¦
¦========================================================================¦
add affine layer to problem 6 strategy LP
time 12:55:20.696958
add relu layer to problem 7 strategy LP
time 12:55:20.738488
¦========================================================================¦
¦========================================================================¦
add affine layer to problem 8 strategy LP
time 12:56:03.905741
add relu layer to problem 9 strategy LP
time 12:56:03.946371
¦========================================================================¦
¦========================================================================¦
add affine layer to problem 10 strategy LP
time 12:58:15.390936
add relu layer to problem 11 strategy LP
time 12:58:15.393700
¦========================================================================¦
¦========================================================================¦
time 12:58:29.859798
logit 0 is strictly smaller than the label logit (6)
logit 1 is strictly smaller than the label logit (6)
logit 2 - label logit (6) <= 2.7875350795566534
can not be verified
analysis time:  217.47004961967468  seconds
epsilon is in:
[0.01125, 0.014374999999999999]
try epsilon of  0.0128125
time 12:58:33.679579
the number of processes used is 4
add affine layer to problem 0 strategy LP
time 12:58:33.684672
add relu layer to problem 1 strategy LP
time 12:58:33.850425
¦========================================================================¦
¦========================================================================¦
add affine layer to problem 2 strategy LP
time 12:58:37.006357
add relu layer to problem 3 strategy LP
time 12:58:37.047550
¦========================================================================¦
¦========================================================================¦
add affine layer to problem 4 strategy LP
time 12:58:44.100000
add relu layer to problem 5 strategy LP
time 12:58:44.142081
¦========================================================================¦
¦========================================================================¦
add affine layer to problem 6 strategy LP
time 12:58:57.274616
add relu layer to problem 7 strategy LP
time 12:58:57.316197
¦========================================================================¦
¦========================================================================¦
add affine layer to problem 8 strategy LP
time 12:59:26.544533
add relu layer to problem 9 strategy LP
time 12:59:26.584912
¦========================================================================¦
¦========================================================================¦
add affine layer to problem 10 strategy LP
time 13:00:47.626602
add relu layer to problem 11 strategy LP
time 13:00:47.629286
¦========================================================================¦
¦========================================================================¦
time 13:00:55.444080
logit 0 is strictly smaller than the label logit (6)
logit 1 is strictly smaller than the label logit (6)
logit 2 is strictly smaller than the label logit (6)
logit 3 is strictly smaller than the label logit (6)
logit 4 is strictly smaller than the label logit (6)
logit 5 is strictly smaller than the label logit (6)
logit 7 is strictly smaller than the label logit (6)
logit 8 is strictly smaller than the label logit (6)
logit 9 is strictly smaller than the label logit (6)
verified
analysis time:  143.66597318649292  seconds
epsilon is in:
[0.0128125, 0.014374999999999999]
try epsilon of  0.013593749999999998
time 13:00:59.480573
the number of processes used is 4
add affine layer to problem 0 strategy LP
time 13:00:59.485580
add relu layer to problem 1 strategy LP
time 13:00:59.649426
¦========================================================================¦
¦========================================================================¦
add affine layer to problem 2 strategy LP
time 13:01:02.881064
add relu layer to problem 3 strategy LP
time 13:01:02.923304
¦========================================================================¦
¦========================================================================¦
add affine layer to problem 4 strategy LP
time 13:01:09.987356
add relu layer to problem 5 strategy LP
time 13:01:10.029580
¦========================================================================¦
¦========================================================================¦
add affine layer to problem 6 strategy LP
time 13:01:24.707605
add relu layer to problem 7 strategy LP
time 13:01:24.749800
¦========================================================================¦
¦========================================================================¦
add affine layer to problem 8 strategy LP
time 13:02:02.837736
add relu layer to problem 9 strategy LP
time 13:02:02.879257
¦========================================================================¦
¦========================================================================¦
add affine layer to problem 10 strategy LP
time 13:03:49.937270
add relu layer to problem 11 strategy LP
time 13:03:49.939854
¦========================================================================¦
¦========================================================================¦
time 13:04:01.079423
logit 0 is strictly smaller than the label logit (6)
logit 1 is strictly smaller than the label logit (6)
logit 2 - label logit (6) <= 1.1410374588893584
can not be verified
analysis time:  182.87954139709473  seconds
epsilon is in:
[0.0128125, 0.013593749999999998]
