../mnist_nets/mnist_relu_6_200.txt ../mnist_images/img28.txt
try epsilon of  0.017499999999999998
time 12:28:00.947729
the number of processes used is 4
add affine layer to problem 0 strategy LP
time 12:28:00.976066
add relu layer to problem 1 strategy LP
time 12:28:01.090823
¦========================================================================¦
¦========================================================================¦
add affine layer to problem 2 strategy LP
time 12:28:04.262597
add relu layer to problem 3 strategy LP
time 12:28:04.295578
¦========================================================================¦
¦========================================================================¦
add affine layer to problem 4 strategy LP
time 12:28:11.170147
add relu layer to problem 5 strategy LP
time 12:28:11.206492
¦========================================================================¦
¦========================================================================¦
add affine layer to problem 6 strategy LP
time 12:28:23.801119
add relu layer to problem 7 strategy LP
time 12:28:23.837476
¦========================================================================¦
¦========================================================================¦
add affine layer to problem 8 strategy LP
time 12:28:51.822274
add relu layer to problem 9 strategy LP
time 12:28:51.858258
¦========================================================================¦
¦========================================================================¦
add affine layer to problem 10 strategy LP
time 12:29:57.742141
add relu layer to problem 11 strategy LP
time 12:29:57.744379
¦========================================================================¦
¦========================================================================¦
time 12:30:02.447892
logit 1 is strictly smaller than the label logit (0)
logit 2 is strictly smaller than the label logit (0)
logit 3 is strictly smaller than the label logit (0)
logit 4 is strictly smaller than the label logit (0)
logit 5 is strictly smaller than the label logit (0)
logit 6 is strictly smaller than the label logit (0)
logit 7 is strictly smaller than the label logit (0)
logit 8 is strictly smaller than the label logit (0)
logit 9 is strictly smaller than the label logit (0)
verified
analysis time:  122.84583640098572  seconds
epsilon is in:
[0.017499999999999998, 0.03]
try epsilon of  0.02375
time 12:30:05.912631
the number of processes used is 4
add affine layer to problem 0 strategy LP
time 12:30:05.917126
add relu layer to problem 1 strategy LP
time 12:30:06.058552
¦========================================================================¦
¦========================================================================¦
add affine layer to problem 2 strategy LP
time 12:30:09.233800
add relu layer to problem 3 strategy LP
time 12:30:09.269489
¦========================================================================¦
¦========================================================================¦
add affine layer to problem 4 strategy LP
time 12:30:16.352497
add relu layer to problem 5 strategy LP
time 12:30:16.389693
¦========================================================================¦
¦========================================================================¦
add affine layer to problem 6 strategy LP
time 12:30:32.769028
add relu layer to problem 7 strategy LP
time 12:30:32.804170
¦========================================================================¦
¦========================================================================¦
add affine layer to problem 8 strategy LP
time 12:31:28.296842
add relu layer to problem 9 strategy LP
time 12:31:28.333113
¦========================================================================¦
¦========================================================================¦
add affine layer to problem 10 strategy LP
time 12:34:30.637775
add relu layer to problem 11 strategy LP
time 12:34:30.640076
¦========================================================================¦
¦========================================================================¦
time 12:34:53.117480
logit 1 - label logit (0) <= 6.503029643880465
can not be verified
analysis time:  288.41106939315796  seconds
epsilon is in:
[0.017499999999999998, 0.02375]
try epsilon of  0.020624999999999998
time 12:34:56.430068
the number of processes used is 4
add affine layer to problem 0 strategy LP
time 12:34:56.434788
add relu layer to problem 1 strategy LP
time 12:34:56.572244
¦========================================================================¦
¦========================================================================¦
add affine layer to problem 2 strategy LP
time 12:34:59.746683
add relu layer to problem 3 strategy LP
time 12:34:59.782195
¦========================================================================¦
¦========================================================================¦
add affine layer to problem 4 strategy LP
time 12:35:06.574216
add relu layer to problem 5 strategy LP
time 12:35:06.608941
¦========================================================================¦
¦========================================================================¦
add affine layer to problem 6 strategy LP
time 12:35:22.151332
add relu layer to problem 7 strategy LP
time 12:35:22.186774
¦========================================================================¦
¦========================================================================¦
add affine layer to problem 8 strategy LP
time 12:36:05.553308
add relu layer to problem 9 strategy LP
time 12:36:05.589339
¦========================================================================¦
¦========================================================================¦
add affine layer to problem 10 strategy LP
time 12:38:01.501142
add relu layer to problem 11 strategy LP
time 12:38:01.503497
¦========================================================================¦
¦========================================================================¦
time 12:38:12.095968
logit 1 is strictly smaller than the label logit (0)
logit 2 is strictly smaller than the label logit (0)
logit 3 is strictly smaller than the label logit (0)
logit 4 is strictly smaller than the label logit (0)
logit 5 is strictly smaller than the label logit (0)
logit 6 is strictly smaller than the label logit (0)
logit 7 is strictly smaller than the label logit (0)
logit 8 is strictly smaller than the label logit (0)
logit 9 is strictly smaller than the label logit (0)
verified
analysis time:  198.62183737754822  seconds
epsilon is in:
[0.020624999999999998, 0.02375]
try epsilon of  0.0221875
time 12:38:17.148216
the number of processes used is 4
add affine layer to problem 0 strategy LP
time 12:38:17.152555
add relu layer to problem 1 strategy LP
time 12:38:17.290082
¦========================================================================¦
¦========================================================================¦
add affine layer to problem 2 strategy LP
time 12:38:20.580787
add relu layer to problem 3 strategy LP
time 12:38:20.616243
¦========================================================================¦
¦========================================================================¦
add affine layer to problem 4 strategy LP
time 12:38:27.609821
add relu layer to problem 5 strategy LP
time 12:38:27.647333
¦========================================================================¦
¦========================================================================¦
add affine layer to problem 6 strategy LP
time 12:38:44.294827
add relu layer to problem 7 strategy LP
time 12:38:44.330865
¦========================================================================¦
¦========================================================================¦
add affine layer to problem 8 strategy LP
time 12:39:33.290287
add relu layer to problem 9 strategy LP
time 12:39:33.325613
¦========================================================================¦
¦========================================================================¦
add affine layer to problem 10 strategy LP
time 12:41:57.035644
add relu layer to problem 11 strategy LP
time 12:41:57.037998
¦========================================================================¦
¦========================================================================¦
time 12:42:13.032479
logit 1 - label logit (0) <= 1.3155713816967078
can not be verified
analysis time:  236.7068121433258  seconds
epsilon is in:
[0.020624999999999998, 0.0221875]
try epsilon of  0.021406249999999998
time 12:42:15.958411
the number of processes used is 4
add affine layer to problem 0 strategy LP
time 12:42:15.962663
add relu layer to problem 1 strategy LP
time 12:42:16.100023
¦========================================================================¦
¦========================================================================¦
add affine layer to problem 2 strategy LP
time 12:42:19.327034
add relu layer to problem 3 strategy LP
time 12:42:19.362131
¦========================================================================¦
¦========================================================================¦
add affine layer to problem 4 strategy LP
time 12:42:26.554025
add relu layer to problem 5 strategy LP
time 12:42:26.591066
¦========================================================================¦
¦========================================================================¦
add affine layer to problem 6 strategy LP
time 12:42:42.919050
add relu layer to problem 7 strategy LP
time 12:42:42.954735
¦========================================================================¦
¦========================================================================¦
add affine layer to problem 8 strategy LP
time 12:43:29.735682
add relu layer to problem 9 strategy LP
time 12:43:29.770454
¦========================================================================¦
¦========================================================================¦
add affine layer to problem 10 strategy LP
time 12:45:06.098235
add relu layer to problem 11 strategy LP
time 12:45:06.100408
¦========================================================================¦
¦========================================================================¦
time 12:45:16.078368
logit 1 is strictly smaller than the label logit (0)
logit 2 - label logit (0) <= 0.6569313052209176
can not be verified
analysis time:  181.10134530067444  seconds
epsilon is in:
[0.020624999999999998, 0.021406249999999998]
