../mnist_nets/mnist_relu_6_200.txt ../mnist_images/img37.txt
try epsilon of  0.017499999999999998
time 12:28:00.679816
the number of processes used is 4
add affine layer to problem 0 strategy LP
time 12:28:00.712438
add relu layer to problem 1 strategy LP
time 12:28:00.831330
¦========================================================================¦
¦========================================================================¦
add affine layer to problem 2 strategy LP
time 12:28:04.004455
add relu layer to problem 3 strategy LP
time 12:28:04.038887
¦========================================================================¦
¦========================================================================¦
add affine layer to problem 4 strategy LP
time 12:28:12.751697
add relu layer to problem 5 strategy LP
time 12:28:12.787876
¦========================================================================¦
¦========================================================================¦
add affine layer to problem 6 strategy LP
time 12:28:48.592821
add relu layer to problem 7 strategy LP
time 12:28:48.630249
¦========================================================================¦
¦========================================================================¦
add affine layer to problem 8 strategy LP
time 12:31:41.301507
add relu layer to problem 9 strategy LP
time 12:31:41.337775
¦========================================================================¦
¦========================================================================¦
add affine layer to problem 10 strategy LP
time 12:43:17.988209
add relu layer to problem 11 strategy LP
time 12:43:17.990427
¦========================================================================¦
¦========================================================================¦
time 12:44:22.471606
logit 0 - label logit (1) <= 24.696633912315143
can not be verified
analysis time:  983.8104808330536  seconds
epsilon is in:
[0.005, 0.017499999999999998]
try epsilon of  0.01125
time 12:44:26.501104
the number of processes used is 4
add affine layer to problem 0 strategy LP
time 12:44:26.505720
add relu layer to problem 1 strategy LP
time 12:44:26.647373
¦========================================================================¦
¦========================================================================¦
add affine layer to problem 2 strategy LP
time 12:44:30.027442
add relu layer to problem 3 strategy LP
time 12:44:30.066089
¦========================================================================¦
¦========================================================================¦
add affine layer to problem 4 strategy LP
time 12:44:37.498341
add relu layer to problem 5 strategy LP
time 12:44:37.537355
¦========================================================================¦
¦========================================================================¦
add affine layer to problem 6 strategy LP
time 12:44:54.372762
add relu layer to problem 7 strategy LP
time 12:44:54.411048
¦========================================================================¦
¦========================================================================¦
add affine layer to problem 8 strategy LP
time 12:45:46.275138
add relu layer to problem 9 strategy LP
time 12:45:46.312108
¦========================================================================¦
¦========================================================================¦
add affine layer to problem 10 strategy LP
time 12:48:05.127207
add relu layer to problem 11 strategy LP
time 12:48:05.129716
¦========================================================================¦
¦========================================================================¦
time 12:48:16.434415
logit 0 is strictly smaller than the label logit (1)
logit 2 is strictly smaller than the label logit (1)
logit 3 is strictly smaller than the label logit (1)
logit 4 is strictly smaller than the label logit (1)
logit 5 is strictly smaller than the label logit (1)
logit 6 is strictly smaller than the label logit (1)
logit 7 is strictly smaller than the label logit (1)
logit 8 is strictly smaller than the label logit (1)
logit 9 is strictly smaller than the label logit (1)
verified
analysis time:  232.52128314971924  seconds
epsilon is in:
[0.01125, 0.017499999999999998]
try epsilon of  0.014374999999999999
time 12:48:21.044933
the number of processes used is 4
add affine layer to problem 0 strategy LP
time 12:48:21.049542
add relu layer to problem 1 strategy LP
time 12:48:21.190654
¦========================================================================¦
¦========================================================================¦
add affine layer to problem 2 strategy LP
time 12:48:24.077209
add relu layer to problem 3 strategy LP
time 12:48:24.112925
¦========================================================================¦
¦========================================================================¦
add affine layer to problem 4 strategy LP
time 12:48:32.352620
add relu layer to problem 5 strategy LP
time 12:48:32.391721
¦========================================================================¦
¦========================================================================¦
add affine layer to problem 6 strategy LP
time 12:48:55.756976
add relu layer to problem 7 strategy LP
time 12:48:55.794668
¦========================================================================¦
¦========================================================================¦
add affine layer to problem 8 strategy LP
time 12:50:23.448328
add relu layer to problem 9 strategy LP
time 12:50:23.487145
¦========================================================================¦
¦========================================================================¦
add affine layer to problem 10 strategy LP
time 12:55:16.812004
add relu layer to problem 11 strategy LP
time 12:55:16.814324
¦========================================================================¦
¦========================================================================¦
time 12:55:49.392137
logit 0 - label logit (1) <= 6.694935502189442
can not be verified
analysis time:  450.06626439094543  seconds
epsilon is in:
[0.01125, 0.014374999999999999]
try epsilon of  0.0128125
time 12:55:53.139575
the number of processes used is 4
add affine layer to problem 0 strategy LP
time 12:55:53.143862
add relu layer to problem 1 strategy LP
time 12:55:53.293378
¦========================================================================¦
¦========================================================================¦
add affine layer to problem 2 strategy LP
time 12:55:56.358113
add relu layer to problem 3 strategy LP
time 12:55:56.395213
¦========================================================================¦
¦========================================================================¦
add affine layer to problem 4 strategy LP
time 12:56:04.370112
add relu layer to problem 5 strategy LP
time 12:56:04.409777
¦========================================================================¦
¦========================================================================¦
add affine layer to problem 6 strategy LP
time 12:56:24.682858
add relu layer to problem 7 strategy LP
time 12:56:24.721109
¦========================================================================¦
¦========================================================================¦
add affine layer to problem 8 strategy LP
time 12:57:34.079765
add relu layer to problem 9 strategy LP
time 12:57:34.119249
¦========================================================================¦
¦========================================================================¦
add affine layer to problem 10 strategy LP
time 13:00:47.578857
add relu layer to problem 11 strategy LP
time 13:00:47.581286
¦========================================================================¦
¦========================================================================¦
time 13:01:09.702392
logit 0 - label logit (1) <= 0.006997103668174631
can not be verified
analysis time:  317.5347797870636  seconds
epsilon is in:
[0.01125, 0.0128125]
try epsilon of  0.01203125
time 13:01:12.711243
the number of processes used is 4
add affine layer to problem 0 strategy LP
time 13:01:12.715756
add relu layer to problem 1 strategy LP
time 13:01:12.866480
¦========================================================================¦
¦========================================================================¦
add affine layer to problem 2 strategy LP
time 13:01:16.063695
add relu layer to problem 3 strategy LP
time 13:01:16.100952
¦========================================================================¦
¦========================================================================¦
add affine layer to problem 4 strategy LP
time 13:01:23.744192
add relu layer to problem 5 strategy LP
time 13:01:23.783879
¦========================================================================¦
¦========================================================================¦
add affine layer to problem 6 strategy LP
time 13:01:42.948038
add relu layer to problem 7 strategy LP
time 13:01:42.985888
¦========================================================================¦
¦========================================================================¦
add affine layer to problem 8 strategy LP
time 13:02:46.935555
add relu layer to problem 9 strategy LP
time 13:02:46.974513
¦========================================================================¦
¦========================================================================¦
add affine layer to problem 10 strategy LP
time 13:05:25.003073
add relu layer to problem 11 strategy LP
time 13:05:25.005483
¦========================================================================¦
¦========================================================================¦
time 13:05:38.464778
logit 0 is strictly smaller than the label logit (1)
logit 2 is strictly smaller than the label logit (1)
logit 3 is strictly smaller than the label logit (1)
logit 4 is strictly smaller than the label logit (1)
logit 5 is strictly smaller than the label logit (1)
logit 6 is strictly smaller than the label logit (1)
logit 7 is strictly smaller than the label logit (1)
logit 8 is strictly smaller than the label logit (1)
logit 9 is strictly smaller than the label logit (1)
verified
analysis time:  270.10529232025146  seconds
epsilon is in:
[0.01203125, 0.0128125]
