../mnist_nets/mnist_relu_6_200.txt ../mnist_images/img33.txt
try epsilon of  0.017499999999999998
time 12:28:06.577754
the number of processes used is 4
add affine layer to problem 0 strategy LP
time 12:28:06.591413
add relu layer to problem 1 strategy LP
time 12:28:06.711403
¦========================================================================¦
¦========================================================================¦
add affine layer to problem 2 strategy LP
time 12:28:10.078470
add relu layer to problem 3 strategy LP
time 12:28:10.113119
¦========================================================================¦
¦========================================================================¦
add affine layer to problem 4 strategy LP
time 12:28:18.383526
add relu layer to problem 5 strategy LP
time 12:28:18.421416
¦========================================================================¦
¦========================================================================¦
add affine layer to problem 6 strategy LP
time 12:28:42.693972
add relu layer to problem 7 strategy LP
time 12:28:42.732110
¦========================================================================¦
¦========================================================================¦
add affine layer to problem 8 strategy LP
time 12:30:24.868768
add relu layer to problem 9 strategy LP
time 12:30:24.907468
¦========================================================================¦
¦========================================================================¦
add affine layer to problem 10 strategy LP
time 12:37:19.410513
add relu layer to problem 11 strategy LP
time 12:37:19.412889
¦========================================================================¦
¦========================================================================¦
time 12:38:02.245249
logit 0 - label logit (4) <= 23.408762095529674
can not be verified
analysis time:  597.1133439540863  seconds
epsilon is in:
[0.005, 0.017499999999999998]
try epsilon of  0.01125
time 12:38:05.757631
the number of processes used is 4
add affine layer to problem 0 strategy LP
time 12:38:05.762210
add relu layer to problem 1 strategy LP
time 12:38:05.912737
¦========================================================================¦
¦========================================================================¦
add affine layer to problem 2 strategy LP
time 12:38:08.891483
add relu layer to problem 3 strategy LP
time 12:38:08.928601
¦========================================================================¦
¦========================================================================¦
add affine layer to problem 4 strategy LP
time 12:38:14.599839
add relu layer to problem 5 strategy LP
time 12:38:14.636471
¦========================================================================¦
¦========================================================================¦
add affine layer to problem 6 strategy LP
time 12:38:28.504031
add relu layer to problem 7 strategy LP
time 12:38:28.543420
¦========================================================================¦
¦========================================================================¦
add affine layer to problem 8 strategy LP
time 12:39:06.528705
add relu layer to problem 9 strategy LP
time 12:39:06.567734
¦========================================================================¦
¦========================================================================¦
add affine layer to problem 10 strategy LP
time 12:41:03.346351
add relu layer to problem 11 strategy LP
time 12:41:03.348802
¦========================================================================¦
¦========================================================================¦
time 12:41:18.277237
logit 0 - label logit (4) <= 5.0353733917414125
can not be verified
analysis time:  193.14325070381165  seconds
epsilon is in:
[0.005, 0.01125]
try epsilon of  0.008125
time 12:41:20.967513
the number of processes used is 4
add affine layer to problem 0 strategy LP
time 12:41:20.972182
add relu layer to problem 1 strategy LP
time 12:41:21.121702
¦========================================================================¦
¦========================================================================¦
add affine layer to problem 2 strategy LP
time 12:41:24.281718
add relu layer to problem 3 strategy LP
time 12:41:24.320565
¦========================================================================¦
¦========================================================================¦
add affine layer to problem 4 strategy LP
time 12:41:30.349823
add relu layer to problem 5 strategy LP
time 12:41:30.388481
¦========================================================================¦
¦========================================================================¦
add affine layer to problem 6 strategy LP
time 12:41:41.104260
add relu layer to problem 7 strategy LP
time 12:41:41.142825
¦========================================================================¦
¦========================================================================¦
add affine layer to problem 8 strategy LP
time 12:42:01.531000
add relu layer to problem 9 strategy LP
time 12:42:01.569650
¦========================================================================¦
¦========================================================================¦
add affine layer to problem 10 strategy LP
time 12:42:50.235854
add relu layer to problem 11 strategy LP
time 12:42:50.238366
¦========================================================================¦
¦========================================================================¦
time 12:42:54.831103
logit 0 - label logit (4) <= 0.9021974165715931
can not be verified
analysis time:  94.32270169258118  seconds
epsilon is in:
[0.005, 0.008125]
try epsilon of  0.006562500000000001
time 12:42:57.600073
the number of processes used is 4
add affine layer to problem 0 strategy LP
time 12:42:57.604531
add relu layer to problem 1 strategy LP
time 12:42:57.753743
¦========================================================================¦
¦========================================================================¦
add affine layer to problem 2 strategy LP
time 12:43:00.949103
add relu layer to problem 3 strategy LP
time 12:43:00.987085
¦========================================================================¦
¦========================================================================¦
add affine layer to problem 4 strategy LP
time 12:43:06.739456
add relu layer to problem 5 strategy LP
time 12:43:06.777586
¦========================================================================¦
¦========================================================================¦
add affine layer to problem 6 strategy LP
time 12:43:16.307352
add relu layer to problem 7 strategy LP
time 12:43:16.346260
¦========================================================================¦
¦========================================================================¦
add affine layer to problem 8 strategy LP
time 12:43:32.362256
add relu layer to problem 9 strategy LP
time 12:43:32.400398
¦========================================================================¦
¦========================================================================¦
add affine layer to problem 10 strategy LP
time 12:44:01.758796
add relu layer to problem 11 strategy LP
time 12:44:01.761256
¦========================================================================¦
¦========================================================================¦
time 12:44:04.918665
logit 0 is strictly smaller than the label logit (4)
logit 1 is strictly smaller than the label logit (4)
logit 2 is strictly smaller than the label logit (4)
logit 3 is strictly smaller than the label logit (4)
logit 5 is strictly smaller than the label logit (4)
logit 6 is strictly smaller than the label logit (4)
logit 7 is strictly smaller than the label logit (4)
logit 8 is strictly smaller than the label logit (4)
logit 9 is strictly smaller than the label logit (4)
verified
analysis time:  68.97114181518555  seconds
epsilon is in:
[0.006562500000000001, 0.008125]
try epsilon of  0.0073437500000000005
time 12:44:08.664464
the number of processes used is 4
add affine layer to problem 0 strategy LP
time 12:44:08.669233
add relu layer to problem 1 strategy LP
time 12:44:08.818256
¦========================================================================¦
¦========================================================================¦
add affine layer to problem 2 strategy LP
time 12:44:11.952259
add relu layer to problem 3 strategy LP
time 12:44:11.989779
¦========================================================================¦
¦========================================================================¦
add affine layer to problem 4 strategy LP
time 12:44:17.481649
add relu layer to problem 5 strategy LP
time 12:44:17.518554
¦========================================================================¦
¦========================================================================¦
add affine layer to problem 6 strategy LP
time 12:44:27.628994
add relu layer to problem 7 strategy LP
time 12:44:27.666248
¦========================================================================¦
¦========================================================================¦
add affine layer to problem 8 strategy LP
time 12:44:45.714457
add relu layer to problem 9 strategy LP
time 12:44:45.753180
¦========================================================================¦
¦========================================================================¦
add affine layer to problem 10 strategy LP
time 12:45:21.800676
add relu layer to problem 11 strategy LP
time 12:45:21.803206
¦========================================================================¦
¦========================================================================¦
time 12:45:25.457550
logit 0 - label logit (4) <= 0.3052109371075371
can not be verified
analysis time:  77.09371185302734  seconds
epsilon is in:
[0.006562500000000001, 0.0073437500000000005]
