../mnist_nets/mnist_relu_6_200.txt ../mnist_images/img8.txt
try epsilon of  0.017499999999999998
time 14:26:21.550057
the number of processes used is 12
add affine layer to problem 0 strategy LP
time 14:26:21.564617
add relu layer to problem 1 strategy LP
time 14:26:21.634277
¦========================================================================¦
¦========================================================================¦
add affine layer to problem 2 strategy LP
time 14:26:24.173872
add relu layer to problem 3 strategy LP
time 14:26:24.193364
¦========================================================================¦
¦========================================================================¦
add affine layer to problem 4 strategy LP
time 14:26:28.710860
add relu layer to problem 5 strategy LP
time 14:26:28.731197
¦========================================================================¦
¦========================================================================¦
add affine layer to problem 6 strategy LP
time 14:26:37.776290
add relu layer to problem 7 strategy LP
time 14:26:37.795731
¦========================================================================¦
¦========================================================================¦
add affine layer to problem 8 strategy LP
time 14:27:09.198362
add relu layer to problem 9 strategy LP
time 14:27:09.217413
¦========================================================================¦
¦========================================================================¦
add affine layer to problem 10 strategy LP
time 14:29:16.000101
add relu layer to problem 11 strategy LP
time 14:29:16.001224
¦========================================================================¦
¦========================================================================¦
time 14:31:40.110175
logit 0 - label logit (5) <= 15.633948998152675
can not be verified
analysis time:  319.5364031791687  seconds
epsilon is in:
[0.005, 0.017499999999999998]
try epsilon of  0.01125
time 14:31:42.290190
the number of processes used is 12
add affine layer to problem 0 strategy LP
time 14:31:42.292365
add relu layer to problem 1 strategy LP
time 14:31:42.359783
¦========================================================================¦
¦========================================================================¦
add affine layer to problem 2 strategy LP
time 14:31:44.876046
add relu layer to problem 3 strategy LP
time 14:31:44.894604
¦========================================================================¦
¦========================================================================¦
add affine layer to problem 4 strategy LP
time 14:31:48.730324
add relu layer to problem 5 strategy LP
time 14:31:48.749496
¦========================================================================¦
¦========================================================================¦
add affine layer to problem 6 strategy LP
time 14:31:54.900236
add relu layer to problem 7 strategy LP
time 14:31:54.919091
¦========================================================================¦
¦========================================================================¦
add affine layer to problem 8 strategy LP
time 14:32:07.546052
add relu layer to problem 9 strategy LP
time 14:32:07.565312
¦========================================================================¦
¦========================================================================¦
add affine layer to problem 10 strategy LP
time 14:32:45.440608
add relu layer to problem 11 strategy LP
time 14:32:45.441766
¦========================================================================¦
¦========================================================================¦
time 14:32:53.123611
logit 0 is strictly smaller than the label logit (5)
logit 1 is strictly smaller than the label logit (5)
logit 2 is strictly smaller than the label logit (5)
logit 3 is strictly smaller than the label logit (5)
logit 4 is strictly smaller than the label logit (5)
logit 6 - label logit (5) <= 0.5084676254340033
can not be verified
analysis time:  72.8751106262207  seconds
epsilon is in:
[0.005, 0.01125]
try epsilon of  0.008125
time 14:32:56.338643
the number of processes used is 12
add affine layer to problem 0 strategy LP
time 14:32:56.341427
add relu layer to problem 1 strategy LP
time 14:32:56.408997
¦========================================================================¦
¦========================================================================¦
add affine layer to problem 2 strategy LP
time 14:32:58.956823
add relu layer to problem 3 strategy LP
time 14:32:58.975535
¦========================================================================¦
¦========================================================================¦
add affine layer to problem 4 strategy LP
time 14:33:02.792598
add relu layer to problem 5 strategy LP
time 14:33:02.811826
¦========================================================================¦
¦========================================================================¦
add affine layer to problem 6 strategy LP
time 14:33:08.212083
add relu layer to problem 7 strategy LP
time 14:33:08.231003
¦========================================================================¦
¦========================================================================¦
add affine layer to problem 8 strategy LP
time 14:33:17.367375
add relu layer to problem 9 strategy LP
time 14:33:17.386418
¦========================================================================¦
¦========================================================================¦
add affine layer to problem 10 strategy LP
time 14:33:37.098058
add relu layer to problem 11 strategy LP
time 14:33:37.099227
¦========================================================================¦
¦========================================================================¦
time 14:33:39.809945
logit 0 is strictly smaller than the label logit (5)
logit 1 is strictly smaller than the label logit (5)
logit 2 is strictly smaller than the label logit (5)
logit 3 is strictly smaller than the label logit (5)
logit 4 is strictly smaller than the label logit (5)
logit 6 is strictly smaller than the label logit (5)
logit 7 is strictly smaller than the label logit (5)
logit 8 is strictly smaller than the label logit (5)
logit 9 is strictly smaller than the label logit (5)
verified
analysis time:  44.5322744846344  seconds
epsilon is in:
[0.008125, 0.01125]
try epsilon of  0.0096875
time 14:33:42.038433
the number of processes used is 12
add affine layer to problem 0 strategy LP
time 14:33:42.040460
add relu layer to problem 1 strategy LP
time 14:33:42.108033
¦========================================================================¦
¦========================================================================¦
add affine layer to problem 2 strategy LP
time 14:33:44.650464
add relu layer to problem 3 strategy LP
time 14:33:44.669159
¦========================================================================¦
¦========================================================================¦
add affine layer to problem 4 strategy LP
time 14:33:48.408296
add relu layer to problem 5 strategy LP
time 14:33:48.427487
¦========================================================================¦
¦========================================================================¦
add affine layer to problem 6 strategy LP
time 14:33:54.205825
add relu layer to problem 7 strategy LP
time 14:33:54.224562
¦========================================================================¦
¦========================================================================¦
add affine layer to problem 8 strategy LP
time 14:34:04.558002
add relu layer to problem 9 strategy LP
time 14:34:04.577039
¦========================================================================¦
¦========================================================================¦
add affine layer to problem 10 strategy LP
time 14:34:27.687869
add relu layer to problem 11 strategy LP
time 14:34:27.688990
¦========================================================================¦
¦========================================================================¦
time 14:34:32.014540
logit 0 is strictly smaller than the label logit (5)
logit 1 is strictly smaller than the label logit (5)
logit 2 is strictly smaller than the label logit (5)
logit 3 is strictly smaller than the label logit (5)
logit 4 is strictly smaller than the label logit (5)
logit 6 is strictly smaller than the label logit (5)
logit 7 is strictly smaller than the label logit (5)
logit 8 is strictly smaller than the label logit (5)
logit 9 is strictly smaller than the label logit (5)
verified
analysis time:  51.360992193222046  seconds
epsilon is in:
[0.0096875, 0.01125]
try epsilon of  0.010468749999999999
time 14:34:34.594414
the number of processes used is 12
add affine layer to problem 0 strategy LP
time 14:34:34.596461
add relu layer to problem 1 strategy LP
time 14:34:34.665566
¦========================================================================¦
¦========================================================================¦
add affine layer to problem 2 strategy LP
time 14:34:37.205795
add relu layer to problem 3 strategy LP
time 14:34:37.224470
¦========================================================================¦
¦========================================================================¦
add affine layer to problem 4 strategy LP
time 14:34:40.986234
add relu layer to problem 5 strategy LP
time 14:34:41.005463
¦========================================================================¦
¦========================================================================¦
add affine layer to problem 6 strategy LP
time 14:34:46.759894
add relu layer to problem 7 strategy LP
time 14:34:46.778536
¦========================================================================¦
¦========================================================================¦
add affine layer to problem 8 strategy LP
time 14:36:08.262620
add relu layer to problem 9 strategy LP
time 14:36:08.281837
¦========================================================================¦
¦========================================================================¦
add affine layer to problem 10 strategy LP
time 14:36:37.436083
add relu layer to problem 11 strategy LP
time 14:36:37.437296
¦========================================================================¦
¦========================================================================¦
time 14:36:43.331230
logit 0 is strictly smaller than the label logit (5)
logit 1 is strictly smaller than the label logit (5)
logit 2 is strictly smaller than the label logit (5)
logit 3 is strictly smaller than the label logit (5)
logit 4 is strictly smaller than the label logit (5)
logit 6 is strictly smaller than the label logit (5)
logit 7 is strictly smaller than the label logit (5)
logit 8 is strictly smaller than the label logit (5)
logit 9 is strictly smaller than the label logit (5)
verified
analysis time:  130.8927276134491  seconds
epsilon is in:
[0.010468749999999999, 0.01125]
