../mnist_nets/mnist_relu_6_200.txt ../mnist_images/img60.txt
try epsilon of  0.017499999999999998
time 12:28:03.975358
the number of processes used is 4
add affine layer to problem 0 strategy LP
time 12:28:04.000624
add relu layer to problem 1 strategy LP
time 12:28:04.122599
¦========================================================================¦
¦========================================================================¦
add affine layer to problem 2 strategy LP
time 12:28:07.458669
add relu layer to problem 3 strategy LP
time 12:28:07.493527
¦========================================================================¦
¦========================================================================¦
add affine layer to problem 4 strategy LP
time 12:28:15.130734
add relu layer to problem 5 strategy LP
time 12:28:15.168754
¦========================================================================¦
¦========================================================================¦
add affine layer to problem 6 strategy LP
time 12:28:32.263100
add relu layer to problem 7 strategy LP
time 12:28:32.300163
¦========================================================================¦
¦========================================================================¦
add affine layer to problem 8 strategy LP
time 12:29:14.356901
add relu layer to problem 9 strategy LP
time 12:29:14.392897
¦========================================================================¦
¦========================================================================¦
add affine layer to problem 10 strategy LP
time 12:30:53.392866
add relu layer to problem 11 strategy LP
time 12:30:53.395330
¦========================================================================¦
¦========================================================================¦
time 12:31:02.028959
logit 0 is strictly smaller than the label logit (7)
logit 1 is strictly smaller than the label logit (7)
logit 2 is strictly smaller than the label logit (7)
logit 3 is strictly smaller than the label logit (7)
logit 4 is strictly smaller than the label logit (7)
logit 5 is strictly smaller than the label logit (7)
logit 6 is strictly smaller than the label logit (7)
logit 8 is strictly smaller than the label logit (7)
logit 9 is strictly smaller than the label logit (7)
verified
analysis time:  179.81035923957825  seconds
epsilon is in:
[0.017499999999999998, 0.03]
try epsilon of  0.02375
time 12:31:05.917957
the number of processes used is 4
add affine layer to problem 0 strategy LP
time 12:31:05.922615
add relu layer to problem 1 strategy LP
time 12:31:06.071609
¦========================================================================¦
¦========================================================================¦
add affine layer to problem 2 strategy LP
time 12:31:09.024356
add relu layer to problem 3 strategy LP
time 12:31:09.063624
¦========================================================================¦
¦========================================================================¦
add affine layer to problem 4 strategy LP
time 12:31:16.966167
add relu layer to problem 5 strategy LP
time 12:31:17.003060
¦========================================================================¦
¦========================================================================¦
add affine layer to problem 6 strategy LP
time 12:31:45.661803
add relu layer to problem 7 strategy LP
time 12:31:45.700072
¦========================================================================¦
¦========================================================================¦
add affine layer to problem 8 strategy LP
time 12:33:11.136779
add relu layer to problem 9 strategy LP
time 12:33:11.173393
¦========================================================================¦
¦========================================================================¦
add affine layer to problem 10 strategy LP
time 12:37:11.973920
add relu layer to problem 11 strategy LP
time 12:37:11.976275
¦========================================================================¦
¦========================================================================¦
time 12:37:44.162822
logit 0 - label logit (7) <= 12.952566608288201
can not be verified
analysis time:  399.685177564621  seconds
epsilon is in:
[0.017499999999999998, 0.02375]
try epsilon of  0.020624999999999998
time 12:37:47.723424
the number of processes used is 4
add affine layer to problem 0 strategy LP
time 12:37:47.727887
add relu layer to problem 1 strategy LP
time 12:37:47.879500
¦========================================================================¦
¦========================================================================¦
add affine layer to problem 2 strategy LP
time 12:37:50.673320
add relu layer to problem 3 strategy LP
time 12:37:50.712369
¦========================================================================¦
¦========================================================================¦
add affine layer to problem 4 strategy LP
time 12:37:58.288822
add relu layer to problem 5 strategy LP
time 12:37:58.326160
¦========================================================================¦
¦========================================================================¦
add affine layer to problem 6 strategy LP
time 12:38:20.667012
add relu layer to problem 7 strategy LP
time 12:38:20.704392
¦========================================================================¦
¦========================================================================¦
add affine layer to problem 8 strategy LP
time 12:39:23.346007
add relu layer to problem 9 strategy LP
time 12:39:23.383936
¦========================================================================¦
¦========================================================================¦
add affine layer to problem 10 strategy LP
time 12:41:54.102759
add relu layer to problem 11 strategy LP
time 12:41:54.105157
¦========================================================================¦
¦========================================================================¦
time 12:42:10.955465
logit 0 is strictly smaller than the label logit (7)
logit 1 is strictly smaller than the label logit (7)
logit 2 is strictly smaller than the label logit (7)
logit 3 - label logit (7) <= 0.7549437583323995
can not be verified
analysis time:  265.54686427116394  seconds
epsilon is in:
[0.017499999999999998, 0.020624999999999998]
try epsilon of  0.019062499999999996
time 12:42:15.395560
the number of processes used is 4
add affine layer to problem 0 strategy LP
time 12:42:15.400339
add relu layer to problem 1 strategy LP
time 12:42:15.548351
¦========================================================================¦
¦========================================================================¦
add affine layer to problem 2 strategy LP
time 12:42:18.486321
add relu layer to problem 3 strategy LP
time 12:42:18.522692
¦========================================================================¦
¦========================================================================¦
add affine layer to problem 4 strategy LP
time 12:42:26.123323
add relu layer to problem 5 strategy LP
time 12:42:26.161034
¦========================================================================¦
¦========================================================================¦
add affine layer to problem 6 strategy LP
time 12:42:43.565468
add relu layer to problem 7 strategy LP
time 12:42:43.601262
¦========================================================================¦
¦========================================================================¦
add affine layer to problem 8 strategy LP
time 12:43:29.716684
add relu layer to problem 9 strategy LP
time 12:43:29.753750
¦========================================================================¦
¦========================================================================¦
add affine layer to problem 10 strategy LP
time 12:45:24.117963
add relu layer to problem 11 strategy LP
time 12:45:24.120361
¦========================================================================¦
¦========================================================================¦
time 12:45:36.731139
logit 0 is strictly smaller than the label logit (7)
logit 1 is strictly smaller than the label logit (7)
logit 2 is strictly smaller than the label logit (7)
logit 3 is strictly smaller than the label logit (7)
logit 4 is strictly smaller than the label logit (7)
logit 5 is strictly smaller than the label logit (7)
logit 6 is strictly smaller than the label logit (7)
logit 8 is strictly smaller than the label logit (7)
logit 9 is strictly smaller than the label logit (7)
verified
analysis time:  204.00801348686218  seconds
epsilon is in:
[0.019062499999999996, 0.020624999999999998]
try epsilon of  0.019843749999999997
time 12:45:41.525300
the number of processes used is 4
add affine layer to problem 0 strategy LP
time 12:45:41.530235
add relu layer to problem 1 strategy LP
time 12:45:41.684715
¦========================================================================¦
¦========================================================================¦
add affine layer to problem 2 strategy LP
time 12:45:44.726071
add relu layer to problem 3 strategy LP
time 12:45:44.764101
¦========================================================================¦
¦========================================================================¦
add affine layer to problem 4 strategy LP
time 12:45:52.488858
add relu layer to problem 5 strategy LP
time 12:45:52.525899
¦========================================================================¦
¦========================================================================¦
add affine layer to problem 6 strategy LP
time 12:46:12.639282
add relu layer to problem 7 strategy LP
time 12:46:12.676950
¦========================================================================¦
¦========================================================================¦
add affine layer to problem 8 strategy LP
time 12:47:04.778696
add relu layer to problem 9 strategy LP
time 12:47:04.816288
¦========================================================================¦
¦========================================================================¦
add affine layer to problem 10 strategy LP
time 12:49:17.025182
add relu layer to problem 11 strategy LP
time 12:49:17.027542
¦========================================================================¦
¦========================================================================¦
time 12:49:30.895651
logit 0 is strictly smaller than the label logit (7)
logit 1 is strictly smaller than the label logit (7)
logit 2 is strictly smaller than the label logit (7)
logit 3 is strictly smaller than the label logit (7)
logit 4 is strictly smaller than the label logit (7)
logit 5 is strictly smaller than the label logit (7)
logit 6 is strictly smaller than the label logit (7)
logit 8 is strictly smaller than the label logit (7)
logit 9 is strictly smaller than the label logit (7)
verified
analysis time:  232.77180433273315  seconds
epsilon is in:
[0.019843749999999997, 0.020624999999999998]
