../mnist_nets/mnist_relu_6_200.txt ../mnist_images/img53.txt
try epsilon of  0.017499999999999998
time 13:46:52.385205
the number of processes used is 4
add affine layer to problem 0 strategy LP
time 13:46:52.401821
add relu layer to problem 1 strategy LP
time 13:46:52.521844
¦========================================================================¦
¦========================================================================¦
add affine layer to problem 2 strategy LP
time 13:46:54.522897
add relu layer to problem 3 strategy LP
time 13:46:54.556242
¦========================================================================¦
¦========================================================================¦
add affine layer to problem 4 strategy LP
time 13:46:59.927853
add relu layer to problem 5 strategy LP
time 13:46:59.962532
¦========================================================================¦
¦========================================================================¦
add affine layer to problem 6 strategy LP
time 13:47:25.013210
add relu layer to problem 7 strategy LP
time 13:47:25.046464
¦========================================================================¦
¦========================================================================¦
add affine layer to problem 8 strategy LP
time 13:49:14.242977
add relu layer to problem 9 strategy LP
time 13:49:14.276014
¦========================================================================¦
¦========================================================================¦
add affine layer to problem 10 strategy LP
time 13:56:36.874247
add relu layer to problem 11 strategy LP
time 13:56:36.876171
¦========================================================================¦
¦========================================================================¦
time 13:57:32.174804
logit 0 - label logit (5) <= 38.417012997355066
can not be verified
analysis time:  641.1758048534393  seconds
epsilon is in:
[0.005, 0.017499999999999998]
try epsilon of  0.01125
time 13:57:35.377616
the number of processes used is 4
add affine layer to problem 0 strategy LP
time 13:57:35.381770
add relu layer to problem 1 strategy LP
time 13:57:35.500190
¦========================================================================¦
¦========================================================================¦
add affine layer to problem 2 strategy LP
time 13:57:37.591293
add relu layer to problem 3 strategy LP
time 13:57:37.624573
¦========================================================================¦
¦========================================================================¦
add affine layer to problem 4 strategy LP
time 13:57:42.644983
add relu layer to problem 5 strategy LP
time 13:57:42.679362
¦========================================================================¦
¦========================================================================¦
add affine layer to problem 6 strategy LP
time 13:57:54.311381
add relu layer to problem 7 strategy LP
time 13:57:54.345233
¦========================================================================¦
¦========================================================================¦
add affine layer to problem 8 strategy LP
time 13:58:28.586899
add relu layer to problem 9 strategy LP
time 13:58:28.649488
¦========================================================================¦
¦========================================================================¦
add affine layer to problem 10 strategy LP
time 13:59:58.277951
add relu layer to problem 11 strategy LP
time 13:59:58.279884
¦========================================================================¦
¦========================================================================¦
time 14:00:08.226161
logit 0 - label logit (5) <= 1.113530052574983
can not be verified
analysis time:  153.54563927650452  seconds
epsilon is in:
[0.005, 0.01125]
try epsilon of  0.008125
time 14:00:10.740333
the number of processes used is 4
add affine layer to problem 0 strategy LP
time 14:00:10.743713
add relu layer to problem 1 strategy LP
time 14:00:10.862200
¦========================================================================¦
¦========================================================================¦
add affine layer to problem 2 strategy LP
time 14:00:13.002862
add relu layer to problem 3 strategy LP
time 14:00:13.036541
¦========================================================================¦
¦========================================================================¦
add affine layer to problem 4 strategy LP
time 14:00:17.603353
add relu layer to problem 5 strategy LP
time 14:00:17.637638
¦========================================================================¦
¦========================================================================¦
add affine layer to problem 6 strategy LP
time 14:00:25.462407
add relu layer to problem 7 strategy LP
time 14:00:25.496086
¦========================================================================¦
¦========================================================================¦
add affine layer to problem 8 strategy LP
time 14:00:41.734563
add relu layer to problem 9 strategy LP
time 14:00:41.768473
¦========================================================================¦
¦========================================================================¦
add affine layer to problem 10 strategy LP
time 14:01:16.969610
add relu layer to problem 11 strategy LP
time 14:01:16.971577
¦========================================================================¦
¦========================================================================¦
time 14:01:20.062750
logit 0 is strictly smaller than the label logit (5)
logit 1 is strictly smaller than the label logit (5)
logit 2 is strictly smaller than the label logit (5)
logit 3 is strictly smaller than the label logit (5)
logit 4 is strictly smaller than the label logit (5)
logit 6 is strictly smaller than the label logit (5)
logit 7 is strictly smaller than the label logit (5)
logit 8 is strictly smaller than the label logit (5)
logit 9 is strictly smaller than the label logit (5)
verified
analysis time:  70.3972020149231  seconds
epsilon is in:
[0.008125, 0.01125]
try epsilon of  0.0096875
time 14:01:22.955088
the number of processes used is 4
add affine layer to problem 0 strategy LP
time 14:01:22.958411
add relu layer to problem 1 strategy LP
time 14:01:23.077352
¦========================================================================¦
¦========================================================================¦
add affine layer to problem 2 strategy LP
time 14:01:25.131170
add relu layer to problem 3 strategy LP
time 14:01:25.164524
¦========================================================================¦
¦========================================================================¦
add affine layer to problem 4 strategy LP
time 14:01:29.999467
add relu layer to problem 5 strategy LP
time 14:01:30.033949
¦========================================================================¦
¦========================================================================¦
add affine layer to problem 6 strategy LP
time 14:01:39.499192
add relu layer to problem 7 strategy LP
time 14:01:39.533094
¦========================================================================¦
¦========================================================================¦
add affine layer to problem 8 strategy LP
time 14:02:03.773986
add relu layer to problem 9 strategy LP
time 14:02:03.808070
¦========================================================================¦
¦========================================================================¦
add affine layer to problem 10 strategy LP
time 14:03:05.440951
add relu layer to problem 11 strategy LP
time 14:03:05.442893
¦========================================================================¦
¦========================================================================¦
time 14:03:11.903012
logit 0 is strictly smaller than the label logit (5)
logit 1 is strictly smaller than the label logit (5)
logit 2 is strictly smaller than the label logit (5)
logit 3 is strictly smaller than the label logit (5)
logit 4 is strictly smaller than the label logit (5)
logit 6 is strictly smaller than the label logit (5)
logit 7 is strictly smaller than the label logit (5)
logit 8 is strictly smaller than the label logit (5)
logit 9 is strictly smaller than the label logit (5)
verified
analysis time:  110.90089535713196  seconds
epsilon is in:
[0.0096875, 0.01125]
try epsilon of  0.010468749999999999
time 14:03:15.671687
the number of processes used is 4
add affine layer to problem 0 strategy LP
time 14:03:15.675455
add relu layer to problem 1 strategy LP
time 14:03:15.794149
¦========================================================================¦
¦========================================================================¦
add affine layer to problem 2 strategy LP
time 14:03:17.867525
add relu layer to problem 3 strategy LP
time 14:03:17.900813
¦========================================================================¦
¦========================================================================¦
add affine layer to problem 4 strategy LP
time 14:03:22.954178
add relu layer to problem 5 strategy LP
time 14:03:22.988573
¦========================================================================¦
¦========================================================================¦
add affine layer to problem 6 strategy LP
time 14:03:33.517484
add relu layer to problem 7 strategy LP
time 14:03:33.550991
¦========================================================================¦
¦========================================================================¦
add affine layer to problem 8 strategy LP
time 14:04:04.045862
add relu layer to problem 9 strategy LP
time 14:04:04.079293
¦========================================================================¦
¦========================================================================¦
add affine layer to problem 10 strategy LP
time 14:05:22.635358
add relu layer to problem 11 strategy LP
time 14:05:22.637284
¦========================================================================¦
¦========================================================================¦
time 14:05:31.157540
logit 0 is strictly smaller than the label logit (5)
logit 1 is strictly smaller than the label logit (5)
logit 2 is strictly smaller than the label logit (5)
logit 3 is strictly smaller than the label logit (5)
logit 4 is strictly smaller than the label logit (5)
logit 6 is strictly smaller than the label logit (5)
logit 7 is strictly smaller than the label logit (5)
logit 8 is strictly smaller than the label logit (5)
logit 9 - label logit (5) <= 1.3142392165692982
can not be verified
analysis time:  138.72730588912964  seconds
epsilon is in:
[0.0096875, 0.010468749999999999]
