../mnist_nets/mnist_relu_6_200.txt ../mnist_images/img67.txt
try epsilon of  0.017499999999999998
time 12:28:06.048000
the number of processes used is 4
add affine layer to problem 0 strategy LP
time 12:28:06.061907
add relu layer to problem 1 strategy LP
time 12:28:06.182932
¦========================================================================¦
¦========================================================================¦
add affine layer to problem 2 strategy LP
time 12:28:09.170987
add relu layer to problem 3 strategy LP
time 12:28:09.208354
¦========================================================================¦
¦========================================================================¦
add affine layer to problem 4 strategy LP
time 12:28:17.370104
add relu layer to problem 5 strategy LP
time 12:28:17.404802
¦========================================================================¦
¦========================================================================¦
add affine layer to problem 6 strategy LP
time 12:28:35.934852
add relu layer to problem 7 strategy LP
time 12:28:35.971859
¦========================================================================¦
¦========================================================================¦
add affine layer to problem 8 strategy LP
time 12:29:27.430019
add relu layer to problem 9 strategy LP
time 12:29:27.469318
¦========================================================================¦
¦========================================================================¦
add affine layer to problem 10 strategy LP
time 12:31:41.823269
add relu layer to problem 11 strategy LP
time 12:31:41.825570
¦========================================================================¦
¦========================================================================¦
time 12:31:56.843537
logit 0 is strictly smaller than the label logit (4)
logit 1 is strictly smaller than the label logit (4)
logit 2 is strictly smaller than the label logit (4)
logit 3 is strictly smaller than the label logit (4)
logit 5 is strictly smaller than the label logit (4)
logit 6 is strictly smaller than the label logit (4)
logit 7 - label logit (4) <= 0.5197932083033301
can not be verified
analysis time:  233.85668325424194  seconds
epsilon is in:
[0.005, 0.017499999999999998]
try epsilon of  0.01125
time 12:32:01.955965
the number of processes used is 4
add affine layer to problem 0 strategy LP
time 12:32:01.960406
add relu layer to problem 1 strategy LP
time 12:32:02.107843
¦========================================================================¦
¦========================================================================¦
add affine layer to problem 2 strategy LP
time 12:32:05.018266
add relu layer to problem 3 strategy LP
time 12:32:05.055065
¦========================================================================¦
¦========================================================================¦
add affine layer to problem 4 strategy LP
time 12:32:12.331770
add relu layer to problem 5 strategy LP
time 12:32:12.370360
¦========================================================================¦
¦========================================================================¦
add affine layer to problem 6 strategy LP
time 12:32:24.853426
add relu layer to problem 7 strategy LP
time 12:32:24.891124
¦========================================================================¦
¦========================================================================¦
add affine layer to problem 8 strategy LP
time 12:32:48.513941
add relu layer to problem 9 strategy LP
time 12:32:48.551308
¦========================================================================¦
¦========================================================================¦
add affine layer to problem 10 strategy LP
time 12:33:25.246852
add relu layer to problem 11 strategy LP
time 12:33:25.249154
¦========================================================================¦
¦========================================================================¦
time 12:33:28.332573
logit 0 is strictly smaller than the label logit (4)
logit 1 is strictly smaller than the label logit (4)
logit 2 is strictly smaller than the label logit (4)
logit 3 is strictly smaller than the label logit (4)
logit 5 is strictly smaller than the label logit (4)
logit 6 is strictly smaller than the label logit (4)
logit 7 is strictly smaller than the label logit (4)
logit 8 is strictly smaller than the label logit (4)
logit 9 is strictly smaller than the label logit (4)
verified
analysis time:  87.6740415096283  seconds
epsilon is in:
[0.01125, 0.017499999999999998]
try epsilon of  0.014374999999999999
time 12:33:31.686446
the number of processes used is 4
add affine layer to problem 0 strategy LP
time 12:33:31.691291
add relu layer to problem 1 strategy LP
time 12:33:31.839518
¦========================================================================¦
¦========================================================================¦
add affine layer to problem 2 strategy LP
time 12:33:34.920598
add relu layer to problem 3 strategy LP
time 12:33:34.958311
¦========================================================================¦
¦========================================================================¦
add affine layer to problem 4 strategy LP
time 12:33:43.058877
add relu layer to problem 5 strategy LP
time 12:33:43.097641
¦========================================================================¦
¦========================================================================¦
add affine layer to problem 6 strategy LP
time 12:33:58.701170
add relu layer to problem 7 strategy LP
time 12:33:58.741424
¦========================================================================¦
¦========================================================================¦
add affine layer to problem 8 strategy LP
time 12:34:34.270612
add relu layer to problem 9 strategy LP
time 12:34:34.309959
¦========================================================================¦
¦========================================================================¦
add affine layer to problem 10 strategy LP
time 12:35:29.751144
add relu layer to problem 11 strategy LP
time 12:35:29.753233
¦========================================================================¦
¦========================================================================¦
time 12:35:33.383977
logit 0 is strictly smaller than the label logit (4)
logit 1 is strictly smaller than the label logit (4)
logit 2 is strictly smaller than the label logit (4)
logit 3 is strictly smaller than the label logit (4)
logit 5 is strictly smaller than the label logit (4)
logit 6 is strictly smaller than the label logit (4)
logit 7 is strictly smaller than the label logit (4)
logit 8 is strictly smaller than the label logit (4)
logit 9 is strictly smaller than the label logit (4)
verified
analysis time:  122.90131402015686  seconds
epsilon is in:
[0.014374999999999999, 0.017499999999999998]
try epsilon of  0.0159375
time 12:35:36.507707
the number of processes used is 4
add affine layer to problem 0 strategy LP
time 12:35:36.511948
add relu layer to problem 1 strategy LP
time 12:35:36.639611
¦========================================================================¦
¦========================================================================¦
add affine layer to problem 2 strategy LP
time 12:35:39.033414
add relu layer to problem 3 strategy LP
time 12:35:39.066700
¦========================================================================¦
¦========================================================================¦
add affine layer to problem 4 strategy LP
time 12:35:45.200468
add relu layer to problem 5 strategy LP
time 12:35:45.235138
¦========================================================================¦
¦========================================================================¦
add affine layer to problem 6 strategy LP
time 12:35:58.409830
add relu layer to problem 7 strategy LP
time 12:35:58.445201
¦========================================================================¦
¦========================================================================¦
add affine layer to problem 8 strategy LP
time 12:36:30.048069
add relu layer to problem 9 strategy LP
time 12:36:30.082729
¦========================================================================¦
¦========================================================================¦
add affine layer to problem 10 strategy LP
time 12:37:34.724857
add relu layer to problem 11 strategy LP
time 12:37:34.726844
¦========================================================================¦
¦========================================================================¦
time 12:37:40.755504
logit 0 is strictly smaller than the label logit (4)
logit 1 is strictly smaller than the label logit (4)
logit 2 is strictly smaller than the label logit (4)
logit 3 is strictly smaller than the label logit (4)
logit 5 is strictly smaller than the label logit (4)
logit 6 is strictly smaller than the label logit (4)
logit 7 is strictly smaller than the label logit (4)
logit 8 is strictly smaller than the label logit (4)
logit 9 is strictly smaller than the label logit (4)
verified
analysis time:  125.67653965950012  seconds
epsilon is in:
[0.0159375, 0.017499999999999998]
try epsilon of  0.016718749999999998
time 12:37:44.115228
the number of processes used is 4
add affine layer to problem 0 strategy LP
time 12:37:44.119068
add relu layer to problem 1 strategy LP
time 12:37:44.248164
¦========================================================================¦
¦========================================================================¦
add affine layer to problem 2 strategy LP
time 12:37:46.652635
add relu layer to problem 3 strategy LP
time 12:37:46.686689
¦========================================================================¦
¦========================================================================¦
add affine layer to problem 4 strategy LP
time 12:37:52.834616
add relu layer to problem 5 strategy LP
time 12:37:52.869516
¦========================================================================¦
¦========================================================================¦
add affine layer to problem 6 strategy LP
time 12:38:06.799041
add relu layer to problem 7 strategy LP
time 12:38:06.834687
¦========================================================================¦
¦========================================================================¦
add affine layer to problem 8 strategy LP
time 12:38:40.492913
add relu layer to problem 9 strategy LP
time 12:38:40.525795
¦========================================================================¦
¦========================================================================¦
add affine layer to problem 10 strategy LP
time 12:39:34.793543
add relu layer to problem 11 strategy LP
time 12:39:34.795494
¦========================================================================¦
¦========================================================================¦
time 12:39:41.035142
logit 0 is strictly smaller than the label logit (4)
logit 1 is strictly smaller than the label logit (4)
logit 2 is strictly smaller than the label logit (4)
logit 3 is strictly smaller than the label logit (4)
logit 5 is strictly smaller than the label logit (4)
logit 6 is strictly smaller than the label logit (4)
logit 7 is strictly smaller than the label logit (4)
logit 8 is strictly smaller than the label logit (4)
logit 9 is strictly smaller than the label logit (4)
verified
analysis time:  118.54472327232361  seconds
epsilon is in:
[0.016718749999999998, 0.017499999999999998]
