../mnist_nets/mnist_relu_6_200.txt ../mnist_images/img50.txt
try epsilon of  0.017499999999999998
time 13:46:45.558268
the number of processes used is 4
add affine layer to problem 0 strategy LP
time 13:46:45.574415
add relu layer to problem 1 strategy LP
time 13:46:45.698776
¦========================================================================¦
¦========================================================================¦
add affine layer to problem 2 strategy LP
time 13:46:47.786053
add relu layer to problem 3 strategy LP
time 13:46:47.820170
¦========================================================================¦
¦========================================================================¦
add affine layer to problem 4 strategy LP
time 13:46:52.453386
add relu layer to problem 5 strategy LP
time 13:46:52.488237
¦========================================================================¦
¦========================================================================¦
add affine layer to problem 6 strategy LP
time 13:47:06.053291
add relu layer to problem 7 strategy LP
time 13:47:06.087629
¦========================================================================¦
¦========================================================================¦
add affine layer to problem 8 strategy LP
time 13:47:52.801840
add relu layer to problem 9 strategy LP
time 13:47:52.835856
¦========================================================================¦
¦========================================================================¦
add affine layer to problem 10 strategy LP
time 13:50:13.576589
add relu layer to problem 11 strategy LP
time 13:50:13.578546
¦========================================================================¦
¦========================================================================¦
time 13:50:30.781225
logit 0 - label logit (6) <= 12.090357092069052
can not be verified
analysis time:  226.37633228302002  seconds
epsilon is in:
[0.005, 0.017499999999999998]
try epsilon of  0.01125
time 13:50:33.762916
the number of processes used is 4
add affine layer to problem 0 strategy LP
time 13:50:33.766402
add relu layer to problem 1 strategy LP
time 13:50:33.891009
¦========================================================================¦
¦========================================================================¦
add affine layer to problem 2 strategy LP
time 13:50:36.043109
add relu layer to problem 3 strategy LP
time 13:50:36.077326
¦========================================================================¦
¦========================================================================¦
add affine layer to problem 4 strategy LP
time 13:50:40.278084
add relu layer to problem 5 strategy LP
time 13:50:40.313140
¦========================================================================¦
¦========================================================================¦
add affine layer to problem 6 strategy LP
time 13:50:49.178605
add relu layer to problem 7 strategy LP
time 13:50:49.212775
¦========================================================================¦
¦========================================================================¦
add affine layer to problem 8 strategy LP
time 13:51:06.141679
add relu layer to problem 9 strategy LP
time 13:51:06.175837
¦========================================================================¦
¦========================================================================¦
add affine layer to problem 10 strategy LP
time 13:51:39.005563
add relu layer to problem 11 strategy LP
time 13:51:39.007561
¦========================================================================¦
¦========================================================================¦
time 13:51:41.666588
logit 0 is strictly smaller than the label logit (6)
logit 1 is strictly smaller than the label logit (6)
logit 2 is strictly smaller than the label logit (6)
logit 3 is strictly smaller than the label logit (6)
logit 4 is strictly smaller than the label logit (6)
logit 5 is strictly smaller than the label logit (6)
logit 7 is strictly smaller than the label logit (6)
logit 8 is strictly smaller than the label logit (6)
logit 9 is strictly smaller than the label logit (6)
verified
analysis time:  68.89250636100769  seconds
epsilon is in:
[0.01125, 0.017499999999999998]
try epsilon of  0.014374999999999999
time 13:51:44.482775
the number of processes used is 4
add affine layer to problem 0 strategy LP
time 13:51:44.486292
add relu layer to problem 1 strategy LP
time 13:51:44.610636
¦========================================================================¦
¦========================================================================¦
add affine layer to problem 2 strategy LP
time 13:51:46.776018
add relu layer to problem 3 strategy LP
time 13:51:46.810230
¦========================================================================¦
¦========================================================================¦
add affine layer to problem 4 strategy LP
time 13:51:51.312995
add relu layer to problem 5 strategy LP
time 13:51:51.348092
¦========================================================================¦
¦========================================================================¦
add affine layer to problem 6 strategy LP
time 13:52:02.304457
add relu layer to problem 7 strategy LP
time 13:52:02.338746
¦========================================================================¦
¦========================================================================¦
add affine layer to problem 8 strategy LP
time 13:52:31.876460
add relu layer to problem 9 strategy LP
time 13:52:31.910746
¦========================================================================¦
¦========================================================================¦
add affine layer to problem 10 strategy LP
time 13:53:39.484777
add relu layer to problem 11 strategy LP
time 13:53:39.486759
¦========================================================================¦
¦========================================================================¦
time 13:53:45.549058
logit 0 is strictly smaller than the label logit (6)
logit 1 is strictly smaller than the label logit (6)
logit 2 is strictly smaller than the label logit (6)
logit 3 is strictly smaller than the label logit (6)
logit 4 is strictly smaller than the label logit (6)
logit 5 is strictly smaller than the label logit (6)
logit 7 is strictly smaller than the label logit (6)
logit 8 is strictly smaller than the label logit (6)
logit 9 is strictly smaller than the label logit (6)
verified
analysis time:  122.9816460609436  seconds
epsilon is in:
[0.014374999999999999, 0.017499999999999998]
try epsilon of  0.0159375
time 13:53:49.294095
the number of processes used is 4
add affine layer to problem 0 strategy LP
time 13:53:49.298134
add relu layer to problem 1 strategy LP
time 13:53:49.422394
¦========================================================================¦
¦========================================================================¦
add affine layer to problem 2 strategy LP
time 13:53:51.590922
add relu layer to problem 3 strategy LP
time 13:53:51.624976
¦========================================================================¦
¦========================================================================¦
add affine layer to problem 4 strategy LP
time 13:53:56.244889
add relu layer to problem 5 strategy LP
time 13:53:56.280002
¦========================================================================¦
¦========================================================================¦
add affine layer to problem 6 strategy LP
time 13:54:09.020635
add relu layer to problem 7 strategy LP
time 13:54:09.054909
¦========================================================================¦
¦========================================================================¦
add affine layer to problem 8 strategy LP
time 13:54:46.591720
add relu layer to problem 9 strategy LP
time 13:54:46.625828
¦========================================================================¦
¦========================================================================¦
add affine layer to problem 10 strategy LP
time 13:56:28.487355
add relu layer to problem 11 strategy LP
time 13:56:28.489356
¦========================================================================¦
¦========================================================================¦
time 13:56:39.900067
logit 0 - label logit (6) <= 3.7047480123952905
can not be verified
analysis time:  171.26885604858398  seconds
epsilon is in:
[0.014374999999999999, 0.0159375]
try epsilon of  0.01515625
time 13:56:42.393311
the number of processes used is 4
add affine layer to problem 0 strategy LP
time 13:56:42.396819
add relu layer to problem 1 strategy LP
time 13:56:42.520696
¦========================================================================¦
¦========================================================================¦
add affine layer to problem 2 strategy LP
time 13:56:44.673147
add relu layer to problem 3 strategy LP
time 13:56:44.707338
¦========================================================================¦
¦========================================================================¦
add affine layer to problem 4 strategy LP
time 13:56:49.228253
add relu layer to problem 5 strategy LP
time 13:56:49.263586
¦========================================================================¦
¦========================================================================¦
add affine layer to problem 6 strategy LP
time 13:57:00.932246
add relu layer to problem 7 strategy LP
time 13:57:00.966396
¦========================================================================¦
¦========================================================================¦
add affine layer to problem 8 strategy LP
time 13:57:32.113901
add relu layer to problem 9 strategy LP
time 13:57:32.148082
¦========================================================================¦
¦========================================================================¦
add affine layer to problem 10 strategy LP
time 13:58:51.287127
add relu layer to problem 11 strategy LP
time 13:58:51.289137
¦========================================================================¦
¦========================================================================¦
time 13:59:01.761034
logit 0 is strictly smaller than the label logit (6)
logit 1 is strictly smaller than the label logit (6)
logit 2 - label logit (6) <= 0.09880914716800415
can not be verified
analysis time:  140.69559979438782  seconds
epsilon is in:
[0.014374999999999999, 0.01515625]
