../mnist_nets/mnist_relu_6_200.txt ../mnist_images/img21.txt
try epsilon of  0.017499999999999998
time 12:27:59.805395
the number of processes used is 4
add affine layer to problem 0 strategy LP
time 12:28:00.055552
add relu layer to problem 1 strategy LP
time 12:28:00.241572
¦========================================================================¦
¦========================================================================¦
add affine layer to problem 2 strategy LP
time 12:28:03.303948
add relu layer to problem 3 strategy LP
time 12:28:03.340306
¦========================================================================¦
¦========================================================================¦
add affine layer to problem 4 strategy LP
time 12:28:10.906468
add relu layer to problem 5 strategy LP
time 12:28:10.943991
¦========================================================================¦
¦========================================================================¦
add affine layer to problem 6 strategy LP
time 12:28:29.720154
add relu layer to problem 7 strategy LP
time 12:28:29.760119
¦========================================================================¦
¦========================================================================¦
add affine layer to problem 8 strategy LP
time 12:29:45.730427
add relu layer to problem 9 strategy LP
time 12:29:45.769785
¦========================================================================¦
¦========================================================================¦
add affine layer to problem 10 strategy LP
time 12:34:36.067749
add relu layer to problem 11 strategy LP
time 12:34:36.070218
¦========================================================================¦
¦========================================================================¦
time 12:35:17.175910
logit 0 - label logit (6) <= 10.578114880426968
can not be verified
analysis time:  439.19722056388855  seconds
epsilon is in:
[0.005, 0.017499999999999998]
try epsilon of  0.01125
time 12:35:21.088995
the number of processes used is 4
add affine layer to problem 0 strategy LP
time 12:35:21.093657
add relu layer to problem 1 strategy LP
time 12:35:21.248604
¦========================================================================¦
¦========================================================================¦
add affine layer to problem 2 strategy LP
time 12:35:24.248755
add relu layer to problem 3 strategy LP
time 12:35:24.288454
¦========================================================================¦
¦========================================================================¦
add affine layer to problem 4 strategy LP
time 12:35:30.706401
add relu layer to problem 5 strategy LP
time 12:35:30.746380
¦========================================================================¦
¦========================================================================¦
add affine layer to problem 6 strategy LP
time 12:35:42.957690
add relu layer to problem 7 strategy LP
time 12:35:42.996879
¦========================================================================¦
¦========================================================================¦
add affine layer to problem 8 strategy LP
time 12:36:07.065110
add relu layer to problem 9 strategy LP
time 12:36:07.103243
¦========================================================================¦
¦========================================================================¦
add affine layer to problem 10 strategy LP
time 12:37:00.161167
add relu layer to problem 11 strategy LP
time 12:37:00.163618
¦========================================================================¦
¦========================================================================¦
time 12:37:05.356154
logit 0 is strictly smaller than the label logit (6)
logit 1 is strictly smaller than the label logit (6)
logit 2 is strictly smaller than the label logit (6)
logit 3 is strictly smaller than the label logit (6)
logit 4 is strictly smaller than the label logit (6)
logit 5 is strictly smaller than the label logit (6)
logit 7 is strictly smaller than the label logit (6)
logit 8 is strictly smaller than the label logit (6)
logit 9 is strictly smaller than the label logit (6)
verified
analysis time:  105.60440826416016  seconds
epsilon is in:
[0.01125, 0.017499999999999998]
try epsilon of  0.014374999999999999
time 12:37:08.789841
the number of processes used is 4
add affine layer to problem 0 strategy LP
time 12:37:08.794704
add relu layer to problem 1 strategy LP
time 12:37:08.952549
¦========================================================================¦
¦========================================================================¦
add affine layer to problem 2 strategy LP
time 12:37:12.000392
add relu layer to problem 3 strategy LP
time 12:37:12.040075
¦========================================================================¦
¦========================================================================¦
add affine layer to problem 4 strategy LP
time 12:37:19.051411
add relu layer to problem 5 strategy LP
time 12:37:19.092157
¦========================================================================¦
¦========================================================================¦
add affine layer to problem 6 strategy LP
time 12:37:35.479177
add relu layer to problem 7 strategy LP
time 12:37:35.518481
¦========================================================================¦
¦========================================================================¦
add affine layer to problem 8 strategy LP
time 12:38:17.667876
add relu layer to problem 9 strategy LP
time 12:38:17.706402
¦========================================================================¦
¦========================================================================¦
add affine layer to problem 10 strategy LP
time 12:40:18.317072
add relu layer to problem 11 strategy LP
time 12:40:18.319578
¦========================================================================¦
¦========================================================================¦
time 12:40:31.634972
logit 0 is strictly smaller than the label logit (6)
logit 1 is strictly smaller than the label logit (6)
logit 2 is strictly smaller than the label logit (6)
logit 3 is strictly smaller than the label logit (6)
logit 4 is strictly smaller than the label logit (6)
logit 5 - label logit (6) <= 1.2832525108875563
can not be verified
analysis time:  205.4841742515564  seconds
epsilon is in:
[0.01125, 0.014374999999999999]
try epsilon of  0.0128125
time 12:40:36.339681
the number of processes used is 4
add affine layer to problem 0 strategy LP
time 12:40:36.344322
add relu layer to problem 1 strategy LP
time 12:40:36.496712
¦========================================================================¦
¦========================================================================¦
add affine layer to problem 2 strategy LP
time 12:40:39.568668
add relu layer to problem 3 strategy LP
time 12:40:39.608362
¦========================================================================¦
¦========================================================================¦
add affine layer to problem 4 strategy LP
time 12:40:46.272636
add relu layer to problem 5 strategy LP
time 12:40:46.313411
¦========================================================================¦
¦========================================================================¦
add affine layer to problem 6 strategy LP
time 12:41:00.132395
add relu layer to problem 7 strategy LP
time 12:41:00.172794
¦========================================================================¦
¦========================================================================¦
add affine layer to problem 8 strategy LP
time 12:41:29.843734
add relu layer to problem 9 strategy LP
time 12:41:29.880907
¦========================================================================¦
¦========================================================================¦
add affine layer to problem 10 strategy LP
time 12:42:50.491682
add relu layer to problem 11 strategy LP
time 12:42:50.494087
¦========================================================================¦
¦========================================================================¦
time 12:42:56.829317
logit 0 is strictly smaller than the label logit (6)
logit 1 is strictly smaller than the label logit (6)
logit 2 is strictly smaller than the label logit (6)
logit 3 is strictly smaller than the label logit (6)
logit 4 is strictly smaller than the label logit (6)
logit 5 is strictly smaller than the label logit (6)
logit 7 is strictly smaller than the label logit (6)
logit 8 is strictly smaller than the label logit (6)
logit 9 is strictly smaller than the label logit (6)
verified
analysis time:  142.14867329597473  seconds
epsilon is in:
[0.0128125, 0.014374999999999999]
try epsilon of  0.013593749999999998
time 12:43:00.543729
the number of processes used is 4
add affine layer to problem 0 strategy LP
time 12:43:00.548285
add relu layer to problem 1 strategy LP
time 12:43:00.702761
¦========================================================================¦
¦========================================================================¦
add affine layer to problem 2 strategy LP
time 12:43:03.576727
add relu layer to problem 3 strategy LP
time 12:43:03.617397
¦========================================================================¦
¦========================================================================¦
add affine layer to problem 4 strategy LP
time 12:43:10.238596
add relu layer to problem 5 strategy LP
time 12:43:10.279620
¦========================================================================¦
¦========================================================================¦
add affine layer to problem 6 strategy LP
time 12:43:24.430233
add relu layer to problem 7 strategy LP
time 12:43:24.470205
¦========================================================================¦
¦========================================================================¦
add affine layer to problem 8 strategy LP
time 12:43:57.171407
add relu layer to problem 9 strategy LP
time 12:43:57.209789
¦========================================================================¦
¦========================================================================¦
add affine layer to problem 10 strategy LP
time 12:45:25.097833
add relu layer to problem 11 strategy LP
time 12:45:25.100314
¦========================================================================¦
¦========================================================================¦
time 12:45:33.775473
logit 0 is strictly smaller than the label logit (6)
logit 1 is strictly smaller than the label logit (6)
logit 2 is strictly smaller than the label logit (6)
logit 3 is strictly smaller than the label logit (6)
logit 4 is strictly smaller than the label logit (6)
logit 5 is strictly smaller than the label logit (6)
logit 7 is strictly smaller than the label logit (6)
logit 8 is strictly smaller than the label logit (6)
logit 9 is strictly smaller than the label logit (6)
verified
analysis time:  155.5325837135315  seconds
epsilon is in:
[0.013593749999999998, 0.014374999999999999]
