../mnist_nets/mnist_relu_6_200.txt ../mnist_images/img45.txt
try epsilon of  0.017499999999999998
time 12:28:00.693156
the number of processes used is 4
add affine layer to problem 0 strategy LP
time 12:28:00.722494
add relu layer to problem 1 strategy LP
time 12:28:00.836421
¦========================================================================¦
¦========================================================================¦
add affine layer to problem 2 strategy LP
time 12:28:04.001612
add relu layer to problem 3 strategy LP
time 12:28:04.033966
¦========================================================================¦
¦========================================================================¦
add affine layer to problem 4 strategy LP
time 12:28:12.453227
add relu layer to problem 5 strategy LP
time 12:28:12.487915
¦========================================================================¦
¦========================================================================¦
add affine layer to problem 6 strategy LP
time 12:28:43.150947
add relu layer to problem 7 strategy LP
time 12:28:43.185994
¦========================================================================¦
¦========================================================================¦
add affine layer to problem 8 strategy LP
time 12:31:28.114083
add relu layer to problem 9 strategy LP
time 12:31:28.151115
¦========================================================================¦
¦========================================================================¦
add affine layer to problem 10 strategy LP
time 12:42:59.405106
add relu layer to problem 11 strategy LP
time 12:42:59.407451
¦========================================================================¦
¦========================================================================¦
time 12:44:19.709274
logit 0 - label logit (5) <= 29.053551191224244
can not be verified
analysis time:  980.9168350696564  seconds
epsilon is in:
[0.005, 0.017499999999999998]
try epsilon of  0.01125
time 12:44:23.628997
the number of processes used is 4
add affine layer to problem 0 strategy LP
time 12:44:23.633302
add relu layer to problem 1 strategy LP
time 12:44:23.766137
¦========================================================================¦
¦========================================================================¦
add affine layer to problem 2 strategy LP
time 12:44:26.394069
add relu layer to problem 3 strategy LP
time 12:44:26.427166
¦========================================================================¦
¦========================================================================¦
add affine layer to problem 4 strategy LP
time 12:44:33.316799
add relu layer to problem 5 strategy LP
time 12:44:33.353445
¦========================================================================¦
¦========================================================================¦
add affine layer to problem 6 strategy LP
time 12:44:49.411651
add relu layer to problem 7 strategy LP
time 12:44:49.446895
¦========================================================================¦
¦========================================================================¦
add affine layer to problem 8 strategy LP
time 12:45:44.603891
add relu layer to problem 9 strategy LP
time 12:45:44.640535
¦========================================================================¦
¦========================================================================¦
add affine layer to problem 10 strategy LP
time 12:48:22.151280
add relu layer to problem 11 strategy LP
time 12:48:22.153445
¦========================================================================¦
¦========================================================================¦
time 12:48:40.499580
logit 0 is strictly smaller than the label logit (5)
logit 1 is strictly smaller than the label logit (5)
logit 2 is strictly smaller than the label logit (5)
logit 3 - label logit (5) <= 0.46498879501863133
can not be verified
analysis time:  258.8555245399475  seconds
epsilon is in:
[0.005, 0.01125]
try epsilon of  0.008125
time 12:48:44.521453
the number of processes used is 4
add affine layer to problem 0 strategy LP
time 12:48:44.526315
add relu layer to problem 1 strategy LP
time 12:48:44.666446
¦========================================================================¦
¦========================================================================¦
add affine layer to problem 2 strategy LP
time 12:48:47.711643
add relu layer to problem 3 strategy LP
time 12:48:47.747179
¦========================================================================¦
¦========================================================================¦
add affine layer to problem 4 strategy LP
time 12:48:54.358206
add relu layer to problem 5 strategy LP
time 12:48:54.395830
¦========================================================================¦
¦========================================================================¦
add affine layer to problem 6 strategy LP
time 12:49:07.478245
add relu layer to problem 7 strategy LP
time 12:49:07.513771
¦========================================================================¦
¦========================================================================¦
add affine layer to problem 8 strategy LP
time 12:49:40.166523
add relu layer to problem 9 strategy LP
time 12:49:40.201522
¦========================================================================¦
¦========================================================================¦
add affine layer to problem 10 strategy LP
time 12:50:47.912299
add relu layer to problem 11 strategy LP
time 12:50:47.914606
¦========================================================================¦
¦========================================================================¦
time 12:50:53.210553
logit 0 is strictly smaller than the label logit (5)
logit 1 is strictly smaller than the label logit (5)
logit 2 is strictly smaller than the label logit (5)
logit 3 is strictly smaller than the label logit (5)
logit 4 is strictly smaller than the label logit (5)
logit 6 is strictly smaller than the label logit (5)
logit 7 is strictly smaller than the label logit (5)
logit 8 is strictly smaller than the label logit (5)
logit 9 is strictly smaller than the label logit (5)
verified
analysis time:  129.93316388130188  seconds
epsilon is in:
[0.008125, 0.01125]
try epsilon of  0.0096875
time 12:50:56.521747
the number of processes used is 4
add affine layer to problem 0 strategy LP
time 12:50:56.526776
add relu layer to problem 1 strategy LP
time 12:50:56.673547
¦========================================================================¦
¦========================================================================¦
add affine layer to problem 2 strategy LP
time 12:50:59.732353
add relu layer to problem 3 strategy LP
time 12:50:59.767994
¦========================================================================¦
¦========================================================================¦
add affine layer to problem 4 strategy LP
time 12:51:06.427690
add relu layer to problem 5 strategy LP
time 12:51:06.465345
¦========================================================================¦
¦========================================================================¦
add affine layer to problem 6 strategy LP
time 12:51:21.082872
add relu layer to problem 7 strategy LP
time 12:51:21.118971
¦========================================================================¦
¦========================================================================¦
add affine layer to problem 8 strategy LP
time 12:52:03.276898
add relu layer to problem 9 strategy LP
time 12:52:03.313912
¦========================================================================¦
¦========================================================================¦
add affine layer to problem 10 strategy LP
time 12:53:40.646308
add relu layer to problem 11 strategy LP
time 12:53:40.648444
¦========================================================================¦
¦========================================================================¦
time 12:53:49.578549
logit 0 is strictly smaller than the label logit (5)
logit 1 is strictly smaller than the label logit (5)
logit 2 is strictly smaller than the label logit (5)
logit 3 is strictly smaller than the label logit (5)
logit 4 is strictly smaller than the label logit (5)
logit 6 is strictly smaller than the label logit (5)
logit 7 is strictly smaller than the label logit (5)
logit 8 is strictly smaller than the label logit (5)
logit 9 is strictly smaller than the label logit (5)
verified
analysis time:  174.98870611190796  seconds
epsilon is in:
[0.0096875, 0.01125]
try epsilon of  0.010468749999999999
time 12:53:53.572350
the number of processes used is 4
add affine layer to problem 0 strategy LP
time 12:53:53.577262
add relu layer to problem 1 strategy LP
time 12:53:53.722871
¦========================================================================¦
¦========================================================================¦
add affine layer to problem 2 strategy LP
time 12:53:56.779886
add relu layer to problem 3 strategy LP
time 12:53:56.815770
¦========================================================================¦
¦========================================================================¦
add affine layer to problem 4 strategy LP
time 12:54:03.714078
add relu layer to problem 5 strategy LP
time 12:54:03.752033
¦========================================================================¦
¦========================================================================¦
add affine layer to problem 6 strategy LP
time 12:54:19.743463
add relu layer to problem 7 strategy LP
time 12:54:19.779519
¦========================================================================¦
¦========================================================================¦
add affine layer to problem 8 strategy LP
time 12:55:09.333108
add relu layer to problem 9 strategy LP
time 12:55:09.369463
¦========================================================================¦
¦========================================================================¦
add affine layer to problem 10 strategy LP
time 12:57:24.754415
add relu layer to problem 11 strategy LP
time 12:57:24.756799
¦========================================================================¦
¦========================================================================¦
time 12:57:38.373123
logit 0 is strictly smaller than the label logit (5)
logit 1 is strictly smaller than the label logit (5)
logit 2 is strictly smaller than the label logit (5)
logit 3 is strictly smaller than the label logit (5)
logit 4 is strictly smaller than the label logit (5)
logit 6 is strictly smaller than the label logit (5)
logit 7 is strictly smaller than the label logit (5)
logit 8 is strictly smaller than the label logit (5)
logit 9 is strictly smaller than the label logit (5)
verified
analysis time:  227.43267679214478  seconds
epsilon is in:
[0.010468749999999999, 0.01125]
