../mnist_nets/mnist_relu_6_200.txt ../mnist_images/img29.txt
try epsilon of  0.017499999999999998
time 12:28:00.732534
the number of processes used is 4
add affine layer to problem 0 strategy LP
time 12:28:00.766268
add relu layer to problem 1 strategy LP
time 12:28:00.880961
¦========================================================================¦
¦========================================================================¦
add affine layer to problem 2 strategy LP
time 12:28:04.225419
add relu layer to problem 3 strategy LP
time 12:28:04.259205
¦========================================================================¦
¦========================================================================¦
add affine layer to problem 4 strategy LP
time 12:28:13.665922
add relu layer to problem 5 strategy LP
time 12:28:13.703540
¦========================================================================¦
¦========================================================================¦
add affine layer to problem 6 strategy LP
time 12:28:57.610173
add relu layer to problem 7 strategy LP
time 12:28:57.647707
¦========================================================================¦
¦========================================================================¦
add affine layer to problem 8 strategy LP
time 12:32:26.421191
add relu layer to problem 9 strategy LP
time 12:32:26.456943
¦========================================================================¦
¦========================================================================¦
add affine layer to problem 10 strategy LP
time 12:46:32.500013
add relu layer to problem 11 strategy LP
time 12:46:32.502572
¦========================================================================¦
¦========================================================================¦
time 12:48:06.413171
logit 0 - label logit (1) <= 38.16650245973103
can not be verified
analysis time:  1207.8225424289703  seconds
epsilon is in:
[0.005, 0.017499999999999998]
try epsilon of  0.01125
time 12:48:10.678009
the number of processes used is 4
add affine layer to problem 0 strategy LP
time 12:48:10.682372
add relu layer to problem 1 strategy LP
time 12:48:10.822100
¦========================================================================¦
¦========================================================================¦
add affine layer to problem 2 strategy LP
time 12:48:14.004480
add relu layer to problem 3 strategy LP
time 12:48:14.040884
¦========================================================================¦
¦========================================================================¦
add affine layer to problem 4 strategy LP
time 12:48:21.475881
add relu layer to problem 5 strategy LP
time 12:48:21.512554
¦========================================================================¦
¦========================================================================¦
add affine layer to problem 6 strategy LP
time 12:48:41.681331
add relu layer to problem 7 strategy LP
time 12:48:41.716323
¦========================================================================¦
¦========================================================================¦
add affine layer to problem 8 strategy LP
time 12:49:42.091756
add relu layer to problem 9 strategy LP
time 12:49:42.125856
¦========================================================================¦
¦========================================================================¦
add affine layer to problem 10 strategy LP
time 12:52:30.372266
add relu layer to problem 11 strategy LP
time 12:52:30.374599
¦========================================================================¦
¦========================================================================¦
time 12:52:49.707415
logit 0 is strictly smaller than the label logit (1)
logit 2 is strictly smaller than the label logit (1)
logit 3 is strictly smaller than the label logit (1)
logit 4 is strictly smaller than the label logit (1)
logit 5 is strictly smaller than the label logit (1)
logit 6 is strictly smaller than the label logit (1)
logit 7 is strictly smaller than the label logit (1)
logit 8 is strictly smaller than the label logit (1)
logit 9 is strictly smaller than the label logit (1)
verified
analysis time:  283.3548069000244  seconds
epsilon is in:
[0.01125, 0.017499999999999998]
try epsilon of  0.014374999999999999
time 12:52:56.137138
the number of processes used is 4
add affine layer to problem 0 strategy LP
time 12:52:56.141265
add relu layer to problem 1 strategy LP
time 12:52:56.283537
¦========================================================================¦
¦========================================================================¦
add affine layer to problem 2 strategy LP
time 12:52:59.427550
add relu layer to problem 3 strategy LP
time 12:52:59.465078
¦========================================================================¦
¦========================================================================¦
add affine layer to problem 4 strategy LP
time 12:53:08.378772
add relu layer to problem 5 strategy LP
time 12:53:08.414820
¦========================================================================¦
¦========================================================================¦
add affine layer to problem 6 strategy LP
time 12:53:40.065681
add relu layer to problem 7 strategy LP
time 12:53:40.102131
¦========================================================================¦
¦========================================================================¦
add affine layer to problem 8 strategy LP
time 12:55:41.916788
add relu layer to problem 9 strategy LP
time 12:55:41.953631
¦========================================================================¦
¦========================================================================¦
add affine layer to problem 10 strategy LP
time 13:03:12.249152
add relu layer to problem 11 strategy LP
time 13:03:12.251415
¦========================================================================¦
¦========================================================================¦
time 13:04:02.173674
logit 0 - label logit (1) <= 13.080723411540808
can not be verified
analysis time:  667.8410391807556  seconds
epsilon is in:
[0.01125, 0.014374999999999999]
try epsilon of  0.0128125
time 13:04:06.065137
the number of processes used is 4
add affine layer to problem 0 strategy LP
time 13:04:06.069672
add relu layer to problem 1 strategy LP
time 13:04:06.211635
¦========================================================================¦
¦========================================================================¦
add affine layer to problem 2 strategy LP
time 13:04:09.330952
add relu layer to problem 3 strategy LP
time 13:04:09.368805
¦========================================================================¦
¦========================================================================¦
add affine layer to problem 4 strategy LP
time 13:04:17.764865
add relu layer to problem 5 strategy LP
time 13:04:17.799956
¦========================================================================¦
¦========================================================================¦
add affine layer to problem 6 strategy LP
time 13:04:44.075300
add relu layer to problem 7 strategy LP
time 13:04:44.111647
¦========================================================================¦
¦========================================================================¦
add affine layer to problem 8 strategy LP
time 13:06:14.750101
add relu layer to problem 9 strategy LP
time 13:06:14.787284
¦========================================================================¦
¦========================================================================¦
add affine layer to problem 10 strategy LP
time 13:11:33.706019
add relu layer to problem 11 strategy LP
time 13:11:33.708274
¦========================================================================¦
¦========================================================================¦
time 13:12:10.486597
logit 0 - label logit (1) <= 4.464396927199361
can not be verified
analysis time:  486.18466234207153  seconds
epsilon is in:
[0.01125, 0.0128125]
try epsilon of  0.01203125
time 13:12:14.362455
the number of processes used is 4
add affine layer to problem 0 strategy LP
time 13:12:14.368702
add relu layer to problem 1 strategy LP
time 13:12:14.508132
¦========================================================================¦
¦========================================================================¦
add affine layer to problem 2 strategy LP
time 13:12:18.157884
add relu layer to problem 3 strategy LP
time 13:12:18.195183
¦========================================================================¦
¦========================================================================¦
add affine layer to problem 4 strategy LP
time 13:12:26.953070
add relu layer to problem 5 strategy LP
time 13:12:26.990084
¦========================================================================¦
¦========================================================================¦
add affine layer to problem 6 strategy LP
time 13:12:50.097276
add relu layer to problem 7 strategy LP
time 13:12:50.133767
¦========================================================================¦
¦========================================================================¦
add affine layer to problem 8 strategy LP
time 13:14:08.803788
add relu layer to problem 9 strategy LP
time 13:14:08.841423
¦========================================================================¦
¦========================================================================¦
add affine layer to problem 10 strategy LP
time 13:17:57.067814
add relu layer to problem 11 strategy LP
time 13:17:57.070073
¦========================================================================¦
¦========================================================================¦
time 13:18:25.911915
logit 0 - label logit (1) <= 0.886430821400543
can not be verified
analysis time:  372.67662739753723  seconds
epsilon is in:
[0.01125, 0.01203125]
