../mnist_nets/mnist_relu_6_200.txt ../mnist_images/img5.txt
try epsilon of  0.017499999999999998
time 15:04:22.843504
the number of processes used is 12
add affine layer to problem 0 strategy LP
time 15:04:22.862550
add relu layer to problem 1 strategy LP
time 15:04:22.930523
¦========================================================================¦
¦========================================================================¦
add affine layer to problem 2 strategy LP
time 15:04:25.043026
add relu layer to problem 3 strategy LP
time 15:04:25.061993
¦========================================================================¦
¦========================================================================¦
add affine layer to problem 4 strategy LP
time 15:04:29.382302
add relu layer to problem 5 strategy LP
time 15:04:29.402215
¦========================================================================¦
¦========================================================================¦
add affine layer to problem 6 strategy LP
time 15:04:44.224921
add relu layer to problem 7 strategy LP
time 15:04:44.244251
¦========================================================================¦
¦========================================================================¦
add affine layer to problem 8 strategy LP
time 15:05:41.734855
add relu layer to problem 9 strategy LP
time 15:05:41.753618
¦========================================================================¦
¦========================================================================¦
add affine layer to problem 10 strategy LP
time 15:10:06.106235
add relu layer to problem 11 strategy LP
time 15:10:06.107378
¦========================================================================¦
¦========================================================================¦
time 15:10:33.772130
logit 0 - label logit (1) <= 27.24293683082122
can not be verified
analysis time:  372.3780462741852  seconds
epsilon is in:
[0.005, 0.017499999999999998]
try epsilon of  0.01125
time 15:10:36.395250
the number of processes used is 12
add affine layer to problem 0 strategy LP
time 15:10:36.397607
add relu layer to problem 1 strategy LP
time 15:10:36.465782
¦========================================================================¦
¦========================================================================¦
add affine layer to problem 2 strategy LP
time 15:10:38.673270
add relu layer to problem 3 strategy LP
time 15:10:38.692350
¦========================================================================¦
¦========================================================================¦
add affine layer to problem 4 strategy LP
time 15:10:42.757208
add relu layer to problem 5 strategy LP
time 15:10:42.776908
¦========================================================================¦
¦========================================================================¦
add affine layer to problem 6 strategy LP
time 15:10:51.314997
add relu layer to problem 7 strategy LP
time 15:10:51.333909
¦========================================================================¦
¦========================================================================¦
add affine layer to problem 8 strategy LP
time 15:11:11.930828
add relu layer to problem 9 strategy LP
time 15:11:11.949954
¦========================================================================¦
¦========================================================================¦
add affine layer to problem 10 strategy LP
time 15:11:59.669716
add relu layer to problem 11 strategy LP
time 15:11:59.670851
¦========================================================================¦
¦========================================================================¦
time 15:12:07.658244
logit 0 is strictly smaller than the label logit (1)
logit 2 is strictly smaller than the label logit (1)
logit 3 is strictly smaller than the label logit (1)
logit 4 is strictly smaller than the label logit (1)
logit 5 is strictly smaller than the label logit (1)
logit 6 is strictly smaller than the label logit (1)
logit 7 is strictly smaller than the label logit (1)
logit 8 is strictly smaller than the label logit (1)
logit 9 is strictly smaller than the label logit (1)
verified
analysis time:  93.9397382736206  seconds
epsilon is in:
[0.01125, 0.017499999999999998]
try epsilon of  0.014374999999999999
time 15:12:11.508509
the number of processes used is 12
add affine layer to problem 0 strategy LP
time 15:12:11.511044
add relu layer to problem 1 strategy LP
time 15:13:21.769936
¦========================================================================¦
¦========================================================================¦
add affine layer to problem 2 strategy LP
time 15:13:23.938728
add relu layer to problem 3 strategy LP
time 15:13:23.957982
¦========================================================================¦
¦========================================================================¦
add affine layer to problem 4 strategy LP
time 15:13:28.185529
add relu layer to problem 5 strategy LP
time 15:13:28.205226
¦========================================================================¦
¦========================================================================¦
add affine layer to problem 6 strategy LP
time 15:13:39.586795
add relu layer to problem 7 strategy LP
time 15:13:39.605600
¦========================================================================¦
¦========================================================================¦
add affine layer to problem 8 strategy LP
time 15:14:17.005317
add relu layer to problem 9 strategy LP
time 15:14:17.024170
¦========================================================================¦
¦========================================================================¦
add affine layer to problem 10 strategy LP
time 15:16:05.434448
add relu layer to problem 11 strategy LP
time 15:16:05.435581
¦========================================================================¦
¦========================================================================¦
time 15:16:24.032351
logit 0 - label logit (1) <= 7.454959132597967
can not be verified
analysis time:  253.55294847488403  seconds
epsilon is in:
[0.01125, 0.014374999999999999]
try epsilon of  0.0128125
time 15:16:26.234891
the number of processes used is 12
add affine layer to problem 0 strategy LP
time 15:16:26.237016
add relu layer to problem 1 strategy LP
time 15:16:26.304848
¦========================================================================¦
¦========================================================================¦
add affine layer to problem 2 strategy LP
time 15:16:28.185480
add relu layer to problem 3 strategy LP
time 15:16:28.204482
¦========================================================================¦
¦========================================================================¦
add affine layer to problem 4 strategy LP
time 15:17:47.474241
add relu layer to problem 5 strategy LP
time 15:17:47.494777
¦========================================================================¦
¦========================================================================¦
add affine layer to problem 6 strategy LP
time 15:17:56.757767
add relu layer to problem 7 strategy LP
time 15:17:56.776863
¦========================================================================¦
¦========================================================================¦
add affine layer to problem 8 strategy LP
time 15:18:23.021099
add relu layer to problem 9 strategy LP
time 15:18:23.039956
¦========================================================================¦
¦========================================================================¦
add affine layer to problem 10 strategy LP
time 15:19:34.424366
add relu layer to problem 11 strategy LP
time 15:19:34.425502
¦========================================================================¦
¦========================================================================¦
time 15:19:48.882026
logit 0 - label logit (1) <= 1.238954621035216
can not be verified
analysis time:  203.5206069946289  seconds
epsilon is in:
[0.01125, 0.0128125]
try epsilon of  0.01203125
time 15:19:50.941305
the number of processes used is 12
add affine layer to problem 0 strategy LP
time 15:19:50.943429
add relu layer to problem 1 strategy LP
time 15:19:51.011457
¦========================================================================¦
¦========================================================================¦
add affine layer to problem 2 strategy LP
time 15:19:53.260873
add relu layer to problem 3 strategy LP
time 15:19:53.292550
¦========================================================================¦
¦========================================================================¦
add affine layer to problem 4 strategy LP
time 15:19:57.435015
add relu layer to problem 5 strategy LP
time 15:19:57.454992
¦========================================================================¦
¦========================================================================¦
add affine layer to problem 6 strategy LP
time 15:20:06.937996
add relu layer to problem 7 strategy LP
time 15:20:06.957102
¦========================================================================¦
¦========================================================================¦
add affine layer to problem 8 strategy LP
time 15:20:31.408570
add relu layer to problem 9 strategy LP
time 15:20:31.427532
¦========================================================================¦
¦========================================================================¦
add affine layer to problem 10 strategy LP
time 15:22:33.781234
add relu layer to problem 11 strategy LP
time 15:22:33.782368
¦========================================================================¦
¦========================================================================¦
time 15:22:44.771347
logit 0 is strictly smaller than the label logit (1)
logit 2 - label logit (1) <= 1.0379826052424277
can not be verified
analysis time:  174.90657949447632  seconds
epsilon is in:
[0.01125, 0.01203125]
