../mnist_nets/mnist_relu_6_200.txt ../mnist_images/img55.txt
try epsilon of  0.017499999999999998
time 12:28:03.630845
the number of processes used is 4
add affine layer to problem 0 strategy LP
time 12:28:03.650826
add relu layer to problem 1 strategy LP
time 12:28:03.769404
¦========================================================================¦
¦========================================================================¦
add affine layer to problem 2 strategy LP
time 12:28:07.013720
add relu layer to problem 3 strategy LP
time 12:28:07.049234
¦========================================================================¦
¦========================================================================¦
add affine layer to problem 4 strategy LP
time 12:28:14.459908
add relu layer to problem 5 strategy LP
time 12:28:14.498537
¦========================================================================¦
¦========================================================================¦
add affine layer to problem 6 strategy LP
time 12:28:30.770489
add relu layer to problem 7 strategy LP
time 12:28:30.808639
¦========================================================================¦
¦========================================================================¦
add affine layer to problem 8 strategy LP
time 12:29:25.651852
add relu layer to problem 9 strategy LP
time 12:29:25.689910
¦========================================================================¦
¦========================================================================¦
add affine layer to problem 10 strategy LP
time 12:32:02.264075
add relu layer to problem 11 strategy LP
time 12:32:02.266521
¦========================================================================¦
¦========================================================================¦
time 12:32:19.365524
logit 1 - label logit (0) <= 1.8066287783382249
can not be verified
analysis time:  256.89832305908203  seconds
epsilon is in:
[0.005, 0.017499999999999998]
try epsilon of  0.01125
time 12:32:22.590733
the number of processes used is 4
add affine layer to problem 0 strategy LP
time 12:32:22.595668
add relu layer to problem 1 strategy LP
time 12:32:22.748491
¦========================================================================¦
¦========================================================================¦
add affine layer to problem 2 strategy LP
time 12:32:26.136908
add relu layer to problem 3 strategy LP
time 12:32:26.173114
¦========================================================================¦
¦========================================================================¦
add affine layer to problem 4 strategy LP
time 12:32:31.934891
add relu layer to problem 5 strategy LP
time 12:32:31.973777
¦========================================================================¦
¦========================================================================¦
add affine layer to problem 6 strategy LP
time 12:32:42.945039
add relu layer to problem 7 strategy LP
time 12:32:42.983913
¦========================================================================¦
¦========================================================================¦
add affine layer to problem 8 strategy LP
time 12:33:02.869511
add relu layer to problem 9 strategy LP
time 12:33:02.909530
¦========================================================================¦
¦========================================================================¦
add affine layer to problem 10 strategy LP
time 12:33:41.568409
add relu layer to problem 11 strategy LP
time 12:33:41.570865
¦========================================================================¦
¦========================================================================¦
time 12:33:44.587095
logit 1 is strictly smaller than the label logit (0)
logit 2 is strictly smaller than the label logit (0)
logit 3 is strictly smaller than the label logit (0)
logit 4 is strictly smaller than the label logit (0)
logit 5 is strictly smaller than the label logit (0)
logit 6 is strictly smaller than the label logit (0)
logit 7 is strictly smaller than the label logit (0)
logit 8 is strictly smaller than the label logit (0)
logit 9 is strictly smaller than the label logit (0)
verified
analysis time:  83.12770628929138  seconds
epsilon is in:
[0.01125, 0.017499999999999998]
try epsilon of  0.014374999999999999
time 12:33:47.773971
the number of processes used is 4
add affine layer to problem 0 strategy LP
time 12:33:47.778742
add relu layer to problem 1 strategy LP
time 12:33:47.933257
¦========================================================================¦
¦========================================================================¦
add affine layer to problem 2 strategy LP
time 12:33:51.013940
add relu layer to problem 3 strategy LP
time 12:33:51.052615
¦========================================================================¦
¦========================================================================¦
add affine layer to problem 4 strategy LP
time 12:33:57.928637
add relu layer to problem 5 strategy LP
time 12:33:57.967765
¦========================================================================¦
¦========================================================================¦
add affine layer to problem 6 strategy LP
time 12:34:11.448557
add relu layer to problem 7 strategy LP
time 12:34:11.488015
¦========================================================================¦
¦========================================================================¦
add affine layer to problem 8 strategy LP
time 12:34:45.194256
add relu layer to problem 9 strategy LP
time 12:34:45.234045
¦========================================================================¦
¦========================================================================¦
add affine layer to problem 10 strategy LP
time 12:36:02.859430
add relu layer to problem 11 strategy LP
time 12:36:02.861800
¦========================================================================¦
¦========================================================================¦
time 12:36:09.009725
logit 1 is strictly smaller than the label logit (0)
logit 2 is strictly smaller than the label logit (0)
logit 3 is strictly smaller than the label logit (0)
logit 4 is strictly smaller than the label logit (0)
logit 5 is strictly smaller than the label logit (0)
logit 6 is strictly smaller than the label logit (0)
logit 7 is strictly smaller than the label logit (0)
logit 8 is strictly smaller than the label logit (0)
logit 9 is strictly smaller than the label logit (0)
verified
analysis time:  142.65781331062317  seconds
epsilon is in:
[0.014374999999999999, 0.017499999999999998]
try epsilon of  0.0159375
time 12:36:12.496309
the number of processes used is 4
add affine layer to problem 0 strategy LP
time 12:36:12.501050
add relu layer to problem 1 strategy LP
time 12:36:12.654941
¦========================================================================¦
¦========================================================================¦
add affine layer to problem 2 strategy LP
time 12:36:15.722731
add relu layer to problem 3 strategy LP
time 12:36:15.761283
¦========================================================================¦
¦========================================================================¦
add affine layer to problem 4 strategy LP
time 12:36:22.838633
add relu layer to problem 5 strategy LP
time 12:36:22.878237
¦========================================================================¦
¦========================================================================¦
add affine layer to problem 6 strategy LP
time 12:36:37.906526
add relu layer to problem 7 strategy LP
time 12:36:37.946579
¦========================================================================¦
¦========================================================================¦
add affine layer to problem 8 strategy LP
time 12:37:19.846368
add relu layer to problem 9 strategy LP
time 12:37:19.886005
¦========================================================================¦
¦========================================================================¦
add affine layer to problem 10 strategy LP
time 12:39:11.416149
add relu layer to problem 11 strategy LP
time 12:39:11.418656
¦========================================================================¦
¦========================================================================¦
time 12:39:20.732404
logit 1 is strictly smaller than the label logit (0)
logit 2 is strictly smaller than the label logit (0)
logit 3 is strictly smaller than the label logit (0)
logit 4 is strictly smaller than the label logit (0)
logit 5 is strictly smaller than the label logit (0)
logit 6 is strictly smaller than the label logit (0)
logit 7 is strictly smaller than the label logit (0)
logit 8 is strictly smaller than the label logit (0)
logit 9 is strictly smaller than the label logit (0)
verified
analysis time:  190.78389739990234  seconds
epsilon is in:
[0.0159375, 0.017499999999999998]
try epsilon of  0.016718749999999998
time 12:39:25.343130
the number of processes used is 4
add affine layer to problem 0 strategy LP
time 12:39:25.348068
add relu layer to problem 1 strategy LP
time 12:39:25.502349
¦========================================================================¦
¦========================================================================¦
add affine layer to problem 2 strategy LP
time 12:39:28.720886
add relu layer to problem 3 strategy LP
time 12:39:28.759881
¦========================================================================¦
¦========================================================================¦
add affine layer to problem 4 strategy LP
time 12:39:36.081556
add relu layer to problem 5 strategy LP
time 12:39:36.121949
¦========================================================================¦
¦========================================================================¦
add affine layer to problem 6 strategy LP
time 12:39:51.989772
add relu layer to problem 7 strategy LP
time 12:39:52.028524
¦========================================================================¦
¦========================================================================¦
add affine layer to problem 8 strategy LP
time 12:40:41.058278
add relu layer to problem 9 strategy LP
time 12:40:41.097181
¦========================================================================¦
¦========================================================================¦
add affine layer to problem 10 strategy LP
time 12:43:15.071667
add relu layer to problem 11 strategy LP
time 12:43:15.073997
¦========================================================================¦
¦========================================================================¦
time 12:43:31.828084
logit 1 is strictly smaller than the label logit (0)
logit 2 is strictly smaller than the label logit (0)
logit 3 is strictly smaller than the label logit (0)
logit 4 is strictly smaller than the label logit (0)
logit 5 is strictly smaller than the label logit (0)
logit 6 - label logit (0) <= 0.3996113713862024
can not be verified
analysis time:  249.3513114452362  seconds
epsilon is in:
[0.0159375, 0.016718749999999998]
